Starting time: Thu Aug 22 19:44:37 CEST 2024
no change     /proj/gaia/RayDT/mamba_ray/condabin/conda
no change     /proj/gaia/RayDT/mamba_ray/bin/conda
no change     /proj/gaia/RayDT/mamba_ray/bin/conda-env
no change     /proj/gaia/RayDT/mamba_ray/bin/activate
no change     /proj/gaia/RayDT/mamba_ray/bin/deactivate
no change     /proj/gaia/RayDT/mamba_ray/etc/profile.d/conda.sh
no change     /proj/gaia/RayDT/mamba_ray/etc/fish/conf.d/conda.fish
no change     /proj/gaia/RayDT/mamba_ray/shell/condabin/Conda.psm1
no change     /proj/gaia/RayDT/mamba_ray/shell/condabin/conda-hook.ps1
no change     /proj/gaia/RayDT/mamba_ray/lib/python3.10/site-packages/xontrib/conda.xsh
no change     /proj/gaia/RayDT/mamba_ray/etc/profile.d/conda.csh
no change     /home/x_yifji/.bashrc
No action taken.
config =  {'env_index': 1, 'add_surface_index': False, 'eval_from': None, 'test_seed': 42, 'test_data': 'test', 'Tx_id': 0, 'allTx': True, 'Rx_id': None, 'Rx1_id': None, 'Rx2_id': None, 'debug_path_flag': False, 'path_id': 6, 'add_noise': False, 'optim_load': False, 'small_batch': False, 'big_batch': False, 'debug': False, 'produce_fig': False, 'wandb': True, 'replot_baseline_only': False, 'Ofunc': False, 'noise_sample': 20, 'path': None, 'data_postfix': '', 'data_prefix': 'allTx', 'gen_func': <function gen_data_sample_across_rx at 0x15513f7d8d30>}
========== Training config ==========
Found matching repo for training dataset: allTx_HFds__noise_20__20240821_021540_env_index_1
========== loading Data from /proj/gaia/RayDT/dataset/processed_data/trainwoAug/all_Tx_data/allTx_HFds__noise_20__20240821_021540_env_index_1 ==========
========== Training Data is loaded ==========
========== Model is initialized ==========
{'loss': -0.1944, 'grad_norm': 2.3692562580108643, 'learning_rate': 2.0000000000000003e-06, 'epoch': 1.0}
{'loss': -0.2092, 'grad_norm': 2.3133647441864014, 'learning_rate': 4.000000000000001e-06, 'epoch': 2.0}
{'loss': -0.2376, 'grad_norm': 2.226684808731079, 'learning_rate': 6e-06, 'epoch': 3.0}
{'loss': -0.2789, 'grad_norm': 2.089881181716919, 'learning_rate': 8.000000000000001e-06, 'epoch': 4.0}
{'loss': -0.3364, 'grad_norm': 1.8770387172698975, 'learning_rate': 1e-05, 'epoch': 5.0}
{'loss': -0.4168, 'grad_norm': 1.3041210174560547, 'learning_rate': 1.2e-05, 'epoch': 6.0}
{'loss': -0.5091, 'grad_norm': 0.521403968334198, 'learning_rate': 1.4000000000000001e-05, 'epoch': 7.0}
{'loss': -0.6016, 'grad_norm': 0.530769944190979, 'learning_rate': 1.6000000000000003e-05, 'epoch': 8.0}
{'loss': -0.7104, 'grad_norm': 0.7989037036895752, 'learning_rate': 1.8e-05, 'epoch': 9.0}
{'loss': -0.8346, 'grad_norm': 0.9375198483467102, 'learning_rate': 2e-05, 'epoch': 10.0}
{'loss': -0.9558, 'grad_norm': 0.7417376637458801, 'learning_rate': 2.2000000000000003e-05, 'epoch': 11.0}
{'loss': -1.0703, 'grad_norm': 0.7659634351730347, 'learning_rate': 2.4e-05, 'epoch': 12.0}
{'loss': -1.1868, 'grad_norm': 0.7861984968185425, 'learning_rate': 2.6000000000000002e-05, 'epoch': 13.0}
{'loss': -1.33, 'grad_norm': 0.8688645362854004, 'learning_rate': 2.8000000000000003e-05, 'epoch': 14.0}
{'loss': -1.4855, 'grad_norm': 0.8787073493003845, 'learning_rate': 3e-05, 'epoch': 15.0}
{'loss': -1.605, 'grad_norm': 1.4616281986236572, 'learning_rate': 3.2000000000000005e-05, 'epoch': 16.0}
{'loss': -1.6939, 'grad_norm': 1.367010235786438, 'learning_rate': 3.4000000000000007e-05, 'epoch': 17.0}
{'loss': -1.7782, 'grad_norm': 1.454905390739441, 'learning_rate': 3.6e-05, 'epoch': 18.0}
{'loss': -1.8623, 'grad_norm': 1.429120421409607, 'learning_rate': 3.8e-05, 'epoch': 19.0}
{'loss': -1.9441, 'grad_norm': 2.50765323638916, 'learning_rate': 4e-05, 'epoch': 20.0}
{'loss': -2.0117, 'grad_norm': 2.873358726501465, 'learning_rate': 4.2e-05, 'epoch': 21.0}
{'loss': -2.0728, 'grad_norm': 2.7638063430786133, 'learning_rate': 4.4000000000000006e-05, 'epoch': 22.0}
{'loss': -2.1319, 'grad_norm': 2.1919591426849365, 'learning_rate': 4.600000000000001e-05, 'epoch': 23.0}
{'loss': -2.198, 'grad_norm': 3.3010878562927246, 'learning_rate': 4.8e-05, 'epoch': 24.0}
{'loss': -2.2537, 'grad_norm': 6.313797950744629, 'learning_rate': 5e-05, 'epoch': 25.0}
{'loss': -2.296, 'grad_norm': 4.597066879272461, 'learning_rate': 5.2000000000000004e-05, 'epoch': 26.0}
{'loss': -2.3374, 'grad_norm': 4.671361923217773, 'learning_rate': 5.4000000000000005e-05, 'epoch': 27.0}
{'loss': -2.3764, 'grad_norm': 6.197638988494873, 'learning_rate': 5.6000000000000006e-05, 'epoch': 28.0}
{'loss': -2.4024, 'grad_norm': 11.0914888381958, 'learning_rate': 5.8e-05, 'epoch': 29.0}
{'loss': -2.4305, 'grad_norm': 4.702162742614746, 'learning_rate': 6e-05, 'epoch': 30.0}
{'loss': -2.4603, 'grad_norm': 6.693572044372559, 'learning_rate': 6.2e-05, 'epoch': 31.0}
{'loss': -2.4863, 'grad_norm': 5.244460582733154, 'learning_rate': 6.400000000000001e-05, 'epoch': 32.0}
{'loss': -2.5075, 'grad_norm': 7.483219623565674, 'learning_rate': 6.6e-05, 'epoch': 33.0}
{'loss': -2.5327, 'grad_norm': 6.677361488342285, 'learning_rate': 6.800000000000001e-05, 'epoch': 34.0}
{'loss': -2.5553, 'grad_norm': 5.9019551277160645, 'learning_rate': 7e-05, 'epoch': 35.0}
{'loss': -2.572, 'grad_norm': 4.765507698059082, 'learning_rate': 7.2e-05, 'epoch': 36.0}
{'loss': -2.5904, 'grad_norm': 6.929470539093018, 'learning_rate': 7.4e-05, 'epoch': 37.0}
{'loss': -2.6091, 'grad_norm': 8.692556381225586, 'learning_rate': 7.6e-05, 'epoch': 38.0}
{'loss': -2.6255, 'grad_norm': 10.015297889709473, 'learning_rate': 7.800000000000001e-05, 'epoch': 39.0}
{'loss': -2.6407, 'grad_norm': 6.164618968963623, 'learning_rate': 8e-05, 'epoch': 40.0}
{'loss': -2.6573, 'grad_norm': 6.666789531707764, 'learning_rate': 8.2e-05, 'epoch': 41.0}
{'loss': -2.6733, 'grad_norm': 7.268630027770996, 'learning_rate': 8.4e-05, 'epoch': 42.0}
{'loss': -2.687, 'grad_norm': 10.848034858703613, 'learning_rate': 8.6e-05, 'epoch': 43.0}
{'loss': -2.7044, 'grad_norm': 8.261558532714844, 'learning_rate': 8.800000000000001e-05, 'epoch': 44.0}
{'loss': -2.7194, 'grad_norm': 9.44038200378418, 'learning_rate': 9e-05, 'epoch': 45.0}
{'loss': -2.7321, 'grad_norm': 7.180427551269531, 'learning_rate': 9.200000000000001e-05, 'epoch': 46.0}
{'loss': -2.7467, 'grad_norm': 14.729998588562012, 'learning_rate': 9.4e-05, 'epoch': 47.0}
{'loss': -2.7627, 'grad_norm': 9.610726356506348, 'learning_rate': 9.6e-05, 'epoch': 48.0}
{'loss': -2.7772, 'grad_norm': 10.465784072875977, 'learning_rate': 9.8e-05, 'epoch': 49.0}
{'loss': -2.7863, 'grad_norm': 11.393365859985352, 'learning_rate': 0.0001, 'epoch': 50.0}
{'loss': -2.7951, 'grad_norm': 11.598855018615723, 'learning_rate': 9.977777777777779e-05, 'epoch': 51.0}
{'loss': -2.8041, 'grad_norm': 12.55470085144043, 'learning_rate': 9.955555555555556e-05, 'epoch': 52.0}
{'loss': -2.8171, 'grad_norm': 12.568594932556152, 'learning_rate': 9.933333333333334e-05, 'epoch': 53.0}
{'loss': -2.8259, 'grad_norm': 11.640569686889648, 'learning_rate': 9.911111111111112e-05, 'epoch': 54.0}
{'loss': -2.8381, 'grad_norm': 15.31737995147705, 'learning_rate': 9.888888888888889e-05, 'epoch': 55.0}
{'loss': -2.8473, 'grad_norm': 6.620182991027832, 'learning_rate': 9.866666666666668e-05, 'epoch': 56.0}
{'loss': -2.8554, 'grad_norm': 10.926492691040039, 'learning_rate': 9.844444444444444e-05, 'epoch': 57.0}
{'loss': -2.8701, 'grad_norm': 13.695917129516602, 'learning_rate': 9.822222222222223e-05, 'epoch': 58.0}
{'loss': -2.8842, 'grad_norm': 12.076009750366211, 'learning_rate': 9.8e-05, 'epoch': 59.0}
{'loss': -2.8914, 'grad_norm': 15.333211898803711, 'learning_rate': 9.777777777777778e-05, 'epoch': 60.0}
{'loss': -2.8987, 'grad_norm': 14.585969924926758, 'learning_rate': 9.755555555555555e-05, 'epoch': 61.0}
{'loss': -2.9082, 'grad_norm': 13.591476440429688, 'learning_rate': 9.733333333333335e-05, 'epoch': 62.0}
{'loss': -2.9201, 'grad_norm': 10.692647933959961, 'learning_rate': 9.711111111111111e-05, 'epoch': 63.0}
{'loss': -2.929, 'grad_norm': 11.789261817932129, 'learning_rate': 9.68888888888889e-05, 'epoch': 64.0}
{'loss': -2.9373, 'grad_norm': 13.769867897033691, 'learning_rate': 9.666666666666667e-05, 'epoch': 65.0}
{'loss': -2.9474, 'grad_norm': 6.594096660614014, 'learning_rate': 9.644444444444445e-05, 'epoch': 66.0}
{'loss': -2.9579, 'grad_norm': 10.222168922424316, 'learning_rate': 9.622222222222222e-05, 'epoch': 67.0}
{'loss': -2.9668, 'grad_norm': 9.762937545776367, 'learning_rate': 9.6e-05, 'epoch': 68.0}
{'loss': -2.977, 'grad_norm': 18.027963638305664, 'learning_rate': 9.577777777777777e-05, 'epoch': 69.0}
{'loss': -2.975, 'grad_norm': 18.26869010925293, 'learning_rate': 9.555555555555557e-05, 'epoch': 70.0}
{'loss': -2.9934, 'grad_norm': 16.538677215576172, 'learning_rate': 9.533333333333334e-05, 'epoch': 71.0}
{'loss': -2.9992, 'grad_norm': 12.36851978302002, 'learning_rate': 9.511111111111112e-05, 'epoch': 72.0}
{'loss': -3.0074, 'grad_norm': 15.24426555633545, 'learning_rate': 9.488888888888889e-05, 'epoch': 73.0}
{'loss': -3.0128, 'grad_norm': 17.020395278930664, 'learning_rate': 9.466666666666667e-05, 'epoch': 74.0}
{'loss': -3.0247, 'grad_norm': 12.23424243927002, 'learning_rate': 9.444444444444444e-05, 'epoch': 75.0}
{'loss': -3.0288, 'grad_norm': 17.015525817871094, 'learning_rate': 9.422222222222223e-05, 'epoch': 76.0}
{'loss': -3.0388, 'grad_norm': 18.20005989074707, 'learning_rate': 9.4e-05, 'epoch': 77.0}
{'loss': -3.0457, 'grad_norm': 22.870962142944336, 'learning_rate': 9.377777777777779e-05, 'epoch': 78.0}
{'loss': -3.0508, 'grad_norm': 18.78951644897461, 'learning_rate': 9.355555555555556e-05, 'epoch': 79.0}
{'loss': -3.0606, 'grad_norm': 18.96965217590332, 'learning_rate': 9.333333333333334e-05, 'epoch': 80.0}
{'loss': -3.0682, 'grad_norm': 21.52751350402832, 'learning_rate': 9.311111111111111e-05, 'epoch': 81.0}
{'loss': -3.0738, 'grad_norm': 16.43592643737793, 'learning_rate': 9.28888888888889e-05, 'epoch': 82.0}
{'loss': -3.0813, 'grad_norm': 14.391484260559082, 'learning_rate': 9.266666666666666e-05, 'epoch': 83.0}
{'loss': -3.0836, 'grad_norm': 19.327911376953125, 'learning_rate': 9.244444444444445e-05, 'epoch': 84.0}
{'loss': -3.0918, 'grad_norm': 18.726972579956055, 'learning_rate': 9.222222222222223e-05, 'epoch': 85.0}
{'loss': -3.0994, 'grad_norm': 18.30927085876465, 'learning_rate': 9.200000000000001e-05, 'epoch': 86.0}
{'loss': -3.1033, 'grad_norm': 19.574234008789062, 'learning_rate': 9.177777777777778e-05, 'epoch': 87.0}
{'loss': -3.1097, 'grad_norm': 19.09861946105957, 'learning_rate': 9.155555555555557e-05, 'epoch': 88.0}
{'loss': -3.1119, 'grad_norm': 18.83292007446289, 'learning_rate': 9.133333333333334e-05, 'epoch': 89.0}
{'loss': -3.1208, 'grad_norm': 23.10247039794922, 'learning_rate': 9.111111111111112e-05, 'epoch': 90.0}
{'loss': -3.1223, 'grad_norm': 22.804819107055664, 'learning_rate': 9.088888888888889e-05, 'epoch': 91.0}
{'loss': -3.1284, 'grad_norm': 15.668516159057617, 'learning_rate': 9.066666666666667e-05, 'epoch': 92.0}
{'loss': -3.1287, 'grad_norm': 28.150527954101562, 'learning_rate': 9.044444444444445e-05, 'epoch': 93.0}
{'loss': -3.138, 'grad_norm': 16.206096649169922, 'learning_rate': 9.022222222222224e-05, 'epoch': 94.0}
{'loss': -3.1449, 'grad_norm': 17.438373565673828, 'learning_rate': 9e-05, 'epoch': 95.0}
{'loss': -3.1535, 'grad_norm': 18.397857666015625, 'learning_rate': 8.977777777777779e-05, 'epoch': 96.0}
{'loss': -3.1537, 'grad_norm': 15.910306930541992, 'learning_rate': 8.955555555555556e-05, 'epoch': 97.0}
{'loss': -3.1614, 'grad_norm': 21.68243980407715, 'learning_rate': 8.933333333333334e-05, 'epoch': 98.0}
{'loss': -3.169, 'grad_norm': 16.71035385131836, 'learning_rate': 8.911111111111111e-05, 'epoch': 99.0}
{'loss': -3.1712, 'grad_norm': 20.181720733642578, 'learning_rate': 8.888888888888889e-05, 'epoch': 100.0}
{'loss': -3.1762, 'grad_norm': 13.6638822555542, 'learning_rate': 8.866666666666668e-05, 'epoch': 101.0}
{'loss': -3.1788, 'grad_norm': 17.574989318847656, 'learning_rate': 8.844444444444445e-05, 'epoch': 102.0}
{'loss': -3.1853, 'grad_norm': 26.879058837890625, 'learning_rate': 8.822222222222223e-05, 'epoch': 103.0}
{'loss': -3.1882, 'grad_norm': 18.027250289916992, 'learning_rate': 8.800000000000001e-05, 'epoch': 104.0}
{'loss': -3.1932, 'grad_norm': 27.01573944091797, 'learning_rate': 8.777777777777778e-05, 'epoch': 105.0}
{'loss': -3.1995, 'grad_norm': 14.576079368591309, 'learning_rate': 8.755555555555556e-05, 'epoch': 106.0}
{'loss': -3.1887, 'grad_norm': 46.18737030029297, 'learning_rate': 8.733333333333333e-05, 'epoch': 107.0}
{'loss': -3.1943, 'grad_norm': 33.499481201171875, 'learning_rate': 8.711111111111112e-05, 'epoch': 108.0}
{'loss': -3.2053, 'grad_norm': 11.041450500488281, 'learning_rate': 8.68888888888889e-05, 'epoch': 109.0}
{'loss': -3.2125, 'grad_norm': 23.940420150756836, 'learning_rate': 8.666666666666667e-05, 'epoch': 110.0}
{'loss': -3.2163, 'grad_norm': 9.66263198852539, 'learning_rate': 8.644444444444445e-05, 'epoch': 111.0}
{'loss': -3.2261, 'grad_norm': 18.401342391967773, 'learning_rate': 8.622222222222222e-05, 'epoch': 112.0}
{'loss': -3.2272, 'grad_norm': 18.730411529541016, 'learning_rate': 8.6e-05, 'epoch': 113.0}
{'loss': -3.2372, 'grad_norm': 10.340250015258789, 'learning_rate': 8.577777777777777e-05, 'epoch': 114.0}
{'loss': -3.2366, 'grad_norm': 18.94550323486328, 'learning_rate': 8.555555555555556e-05, 'epoch': 115.0}
{'loss': -3.2415, 'grad_norm': 26.684282302856445, 'learning_rate': 8.533333333333334e-05, 'epoch': 116.0}
{'loss': -3.2452, 'grad_norm': 25.767255783081055, 'learning_rate': 8.511111111111112e-05, 'epoch': 117.0}
{'loss': -3.2513, 'grad_norm': 29.437374114990234, 'learning_rate': 8.488888888888889e-05, 'epoch': 118.0}
{'loss': -3.256, 'grad_norm': 23.49813461303711, 'learning_rate': 8.466666666666667e-05, 'epoch': 119.0}
{'loss': -3.2596, 'grad_norm': 24.760921478271484, 'learning_rate': 8.444444444444444e-05, 'epoch': 120.0}
{'loss': -3.265, 'grad_norm': 23.688074111938477, 'learning_rate': 8.422222222222223e-05, 'epoch': 121.0}
{'loss': -3.2656, 'grad_norm': 19.030027389526367, 'learning_rate': 8.4e-05, 'epoch': 122.0}
{'loss': -3.2664, 'grad_norm': 20.33023452758789, 'learning_rate': 8.377777777777778e-05, 'epoch': 123.0}
{'loss': -3.2785, 'grad_norm': 20.159770965576172, 'learning_rate': 8.355555555555556e-05, 'epoch': 124.0}
{'loss': -3.2739, 'grad_norm': 18.217559814453125, 'learning_rate': 8.333333333333334e-05, 'epoch': 125.0}
{'loss': -3.2803, 'grad_norm': 21.11294174194336, 'learning_rate': 8.311111111111111e-05, 'epoch': 126.0}
{'loss': -3.2864, 'grad_norm': 22.68032455444336, 'learning_rate': 8.28888888888889e-05, 'epoch': 127.0}
{'loss': -3.2892, 'grad_norm': 14.320837020874023, 'learning_rate': 8.266666666666667e-05, 'epoch': 128.0}
{'loss': -3.2864, 'grad_norm': 32.5331916809082, 'learning_rate': 8.244444444444445e-05, 'epoch': 129.0}
{'loss': -3.2949, 'grad_norm': 22.705442428588867, 'learning_rate': 8.222222222222222e-05, 'epoch': 130.0}
{'loss': -3.296, 'grad_norm': 31.285547256469727, 'learning_rate': 8.2e-05, 'epoch': 131.0}
{'loss': -3.2999, 'grad_norm': 30.496055603027344, 'learning_rate': 8.177777777777778e-05, 'epoch': 132.0}
{'loss': -3.3036, 'grad_norm': 28.79153823852539, 'learning_rate': 8.155555555555557e-05, 'epoch': 133.0}
{'loss': -3.3055, 'grad_norm': 30.48969268798828, 'learning_rate': 8.133333333333334e-05, 'epoch': 134.0}
{'loss': -3.3088, 'grad_norm': 26.562942504882812, 'learning_rate': 8.111111111111112e-05, 'epoch': 135.0}
{'loss': -3.311, 'grad_norm': 26.63546371459961, 'learning_rate': 8.088888888888889e-05, 'epoch': 136.0}
{'loss': -3.3156, 'grad_norm': 26.54096031188965, 'learning_rate': 8.066666666666667e-05, 'epoch': 137.0}
{'loss': -3.3203, 'grad_norm': 23.844568252563477, 'learning_rate': 8.044444444444444e-05, 'epoch': 138.0}
{'loss': -3.3253, 'grad_norm': 29.83431053161621, 'learning_rate': 8.022222222222222e-05, 'epoch': 139.0}
{'loss': -3.3253, 'grad_norm': 22.618364334106445, 'learning_rate': 8e-05, 'epoch': 140.0}
{'loss': -3.3284, 'grad_norm': 32.13135528564453, 'learning_rate': 7.977777777777779e-05, 'epoch': 141.0}
{'loss': -3.3308, 'grad_norm': 20.006370544433594, 'learning_rate': 7.955555555555556e-05, 'epoch': 142.0}
{'loss': -3.3382, 'grad_norm': 26.59748077392578, 'learning_rate': 7.933333333333334e-05, 'epoch': 143.0}
{'loss': -3.3454, 'grad_norm': 20.921722412109375, 'learning_rate': 7.911111111111111e-05, 'epoch': 144.0}
{'loss': -3.3449, 'grad_norm': 12.687865257263184, 'learning_rate': 7.88888888888889e-05, 'epoch': 145.0}
{'loss': -3.3491, 'grad_norm': 30.504962921142578, 'learning_rate': 7.866666666666666e-05, 'epoch': 146.0}
{'loss': -3.3469, 'grad_norm': 19.587568283081055, 'learning_rate': 7.844444444444446e-05, 'epoch': 147.0}
{'loss': -3.3542, 'grad_norm': 19.325254440307617, 'learning_rate': 7.822222222222223e-05, 'epoch': 148.0}
{'loss': -3.3567, 'grad_norm': 28.882661819458008, 'learning_rate': 7.800000000000001e-05, 'epoch': 149.0}
{'loss': -3.3579, 'grad_norm': 27.971525192260742, 'learning_rate': 7.777777777777778e-05, 'epoch': 150.0}
{'loss': -3.3637, 'grad_norm': 26.603134155273438, 'learning_rate': 7.755555555555556e-05, 'epoch': 151.0}
{'loss': -3.3628, 'grad_norm': 27.914268493652344, 'learning_rate': 7.733333333333333e-05, 'epoch': 152.0}
{'loss': -3.3681, 'grad_norm': 25.537235260009766, 'learning_rate': 7.711111111111112e-05, 'epoch': 153.0}
{'loss': -3.3695, 'grad_norm': 25.91481590270996, 'learning_rate': 7.688888888888889e-05, 'epoch': 154.0}
{'loss': -3.3746, 'grad_norm': 25.202852249145508, 'learning_rate': 7.666666666666667e-05, 'epoch': 155.0}
{'loss': -3.378, 'grad_norm': 27.084449768066406, 'learning_rate': 7.644444444444445e-05, 'epoch': 156.0}
{'loss': -3.3802, 'grad_norm': 36.14360809326172, 'learning_rate': 7.622222222222223e-05, 'epoch': 157.0}
{'loss': -3.379, 'grad_norm': 23.049901962280273, 'learning_rate': 7.6e-05, 'epoch': 158.0}
{'loss': -3.3863, 'grad_norm': 29.86197853088379, 'learning_rate': 7.577777777777779e-05, 'epoch': 159.0}
{'loss': -3.3894, 'grad_norm': 26.295454025268555, 'learning_rate': 7.555555555555556e-05, 'epoch': 160.0}
{'loss': -3.3895, 'grad_norm': 28.66499137878418, 'learning_rate': 7.533333333333334e-05, 'epoch': 161.0}
{'loss': -3.399, 'grad_norm': 25.32349967956543, 'learning_rate': 7.511111111111111e-05, 'epoch': 162.0}
{'loss': -3.3994, 'grad_norm': 25.330699920654297, 'learning_rate': 7.488888888888889e-05, 'epoch': 163.0}
{'loss': -3.3969, 'grad_norm': 24.976673126220703, 'learning_rate': 7.466666666666667e-05, 'epoch': 164.0}
{'loss': -3.4071, 'grad_norm': 10.691263198852539, 'learning_rate': 7.444444444444444e-05, 'epoch': 165.0}
{'loss': -3.4078, 'grad_norm': 17.671804428100586, 'learning_rate': 7.422222222222223e-05, 'epoch': 166.0}
{'loss': -3.4089, 'grad_norm': 27.138381958007812, 'learning_rate': 7.4e-05, 'epoch': 167.0}
{'loss': -3.4123, 'grad_norm': 30.90156364440918, 'learning_rate': 7.377777777777778e-05, 'epoch': 168.0}
{'loss': -3.412, 'grad_norm': 29.805330276489258, 'learning_rate': 7.355555555555556e-05, 'epoch': 169.0}
{'loss': -3.4176, 'grad_norm': 27.489524841308594, 'learning_rate': 7.333333333333333e-05, 'epoch': 170.0}
{'loss': -3.4052, 'grad_norm': 21.013566970825195, 'learning_rate': 7.311111111111111e-05, 'epoch': 171.0}
{'loss': -3.4199, 'grad_norm': 29.24970245361328, 'learning_rate': 7.28888888888889e-05, 'epoch': 172.0}
{'loss': -3.4222, 'grad_norm': 21.392141342163086, 'learning_rate': 7.266666666666667e-05, 'epoch': 173.0}
{'loss': -3.4288, 'grad_norm': 26.616533279418945, 'learning_rate': 7.244444444444445e-05, 'epoch': 174.0}
{'loss': -3.435, 'grad_norm': 23.31061553955078, 'learning_rate': 7.222222222222222e-05, 'epoch': 175.0}
{'loss': -3.4362, 'grad_norm': 23.641338348388672, 'learning_rate': 7.2e-05, 'epoch': 176.0}
{'loss': -3.4347, 'grad_norm': 22.219802856445312, 'learning_rate': 7.177777777777777e-05, 'epoch': 177.0}
{'loss': -3.4285, 'grad_norm': 36.71442794799805, 'learning_rate': 7.155555555555555e-05, 'epoch': 178.0}
{'loss': -3.4313, 'grad_norm': 56.513851165771484, 'learning_rate': 7.133333333333334e-05, 'epoch': 179.0}
{'loss': -3.419, 'grad_norm': 28.232162475585938, 'learning_rate': 7.111111111111112e-05, 'epoch': 180.0}
{'loss': -3.4454, 'grad_norm': 29.509164810180664, 'learning_rate': 7.088888888888889e-05, 'epoch': 181.0}
{'loss': -3.4442, 'grad_norm': 33.627655029296875, 'learning_rate': 7.066666666666667e-05, 'epoch': 182.0}
{'loss': -3.4479, 'grad_norm': 26.642597198486328, 'learning_rate': 7.044444444444444e-05, 'epoch': 183.0}
{'loss': -3.4513, 'grad_norm': 31.625757217407227, 'learning_rate': 7.022222222222222e-05, 'epoch': 184.0}
{'loss': -3.4526, 'grad_norm': 20.727174758911133, 'learning_rate': 7e-05, 'epoch': 185.0}
{'loss': -3.4528, 'grad_norm': 28.512405395507812, 'learning_rate': 6.977777777777779e-05, 'epoch': 186.0}
{'loss': -3.4569, 'grad_norm': 25.103961944580078, 'learning_rate': 6.955555555555556e-05, 'epoch': 187.0}
{'loss': -3.4598, 'grad_norm': 36.00584030151367, 'learning_rate': 6.933333333333334e-05, 'epoch': 188.0}
{'loss': -3.4628, 'grad_norm': 29.923852920532227, 'learning_rate': 6.911111111111111e-05, 'epoch': 189.0}
{'loss': -3.4669, 'grad_norm': 38.372989654541016, 'learning_rate': 6.88888888888889e-05, 'epoch': 190.0}
{'loss': -3.4672, 'grad_norm': 36.35190963745117, 'learning_rate': 6.866666666666666e-05, 'epoch': 191.0}
{'loss': -3.47, 'grad_norm': 38.307334899902344, 'learning_rate': 6.844444444444445e-05, 'epoch': 192.0}
{'loss': -3.4686, 'grad_norm': 26.952838897705078, 'learning_rate': 6.822222222222222e-05, 'epoch': 193.0}
{'loss': -3.4756, 'grad_norm': 31.88284683227539, 'learning_rate': 6.800000000000001e-05, 'epoch': 194.0}
{'loss': -3.4828, 'grad_norm': 23.94563865661621, 'learning_rate': 6.777777777777778e-05, 'epoch': 195.0}
{'loss': -3.4792, 'grad_norm': 34.38880157470703, 'learning_rate': 6.755555555555557e-05, 'epoch': 196.0}
{'loss': -3.4757, 'grad_norm': 45.79608917236328, 'learning_rate': 6.733333333333333e-05, 'epoch': 197.0}
{'loss': -3.4732, 'grad_norm': 34.46601104736328, 'learning_rate': 6.711111111111112e-05, 'epoch': 198.0}
{'loss': -3.482, 'grad_norm': 20.94047737121582, 'learning_rate': 6.688888888888889e-05, 'epoch': 199.0}
{'loss': -3.4897, 'grad_norm': 23.015230178833008, 'learning_rate': 6.666666666666667e-05, 'epoch': 200.0}
{'loss': -3.4937, 'grad_norm': 24.939777374267578, 'learning_rate': 6.644444444444444e-05, 'epoch': 201.0}
{'loss': -3.4935, 'grad_norm': 26.788589477539062, 'learning_rate': 6.622222222222224e-05, 'epoch': 202.0}
{'loss': -3.4955, 'grad_norm': 14.840310096740723, 'learning_rate': 6.6e-05, 'epoch': 203.0}
{'loss': -3.4947, 'grad_norm': 17.05178451538086, 'learning_rate': 6.577777777777779e-05, 'epoch': 204.0}
{'loss': -3.4923, 'grad_norm': 26.595870971679688, 'learning_rate': 6.555555555555556e-05, 'epoch': 205.0}
{'loss': -3.5024, 'grad_norm': 32.508670806884766, 'learning_rate': 6.533333333333334e-05, 'epoch': 206.0}
{'loss': -3.5008, 'grad_norm': 19.9273738861084, 'learning_rate': 6.511111111111111e-05, 'epoch': 207.0}
{'loss': -3.5057, 'grad_norm': 41.227081298828125, 'learning_rate': 6.488888888888889e-05, 'epoch': 208.0}
{'loss': -3.501, 'grad_norm': 25.83291244506836, 'learning_rate': 6.466666666666666e-05, 'epoch': 209.0}
{'loss': -3.5097, 'grad_norm': 21.68793296813965, 'learning_rate': 6.444444444444446e-05, 'epoch': 210.0}
{'loss': -3.5092, 'grad_norm': 23.24924087524414, 'learning_rate': 6.422222222222223e-05, 'epoch': 211.0}
{'loss': -3.5134, 'grad_norm': 24.531572341918945, 'learning_rate': 6.400000000000001e-05, 'epoch': 212.0}
{'loss': -3.5153, 'grad_norm': 35.47782897949219, 'learning_rate': 6.377777777777778e-05, 'epoch': 213.0}
{'loss': -3.5062, 'grad_norm': 27.956701278686523, 'learning_rate': 6.355555555555556e-05, 'epoch': 214.0}
{'loss': -3.5149, 'grad_norm': 35.32746505737305, 'learning_rate': 6.333333333333333e-05, 'epoch': 215.0}
{'loss': -3.514, 'grad_norm': 38.08692169189453, 'learning_rate': 6.311111111111112e-05, 'epoch': 216.0}
{'loss': -3.5195, 'grad_norm': 20.725122451782227, 'learning_rate': 6.28888888888889e-05, 'epoch': 217.0}
{'loss': -3.5222, 'grad_norm': 43.08371353149414, 'learning_rate': 6.266666666666667e-05, 'epoch': 218.0}
{'loss': -3.5248, 'grad_norm': 28.35828971862793, 'learning_rate': 6.244444444444445e-05, 'epoch': 219.0}
{'loss': -3.5324, 'grad_norm': 23.12552261352539, 'learning_rate': 6.222222222222222e-05, 'epoch': 220.0}
{'loss': -3.5313, 'grad_norm': 23.75853157043457, 'learning_rate': 6.2e-05, 'epoch': 221.0}
{'loss': -3.529, 'grad_norm': 35.91769790649414, 'learning_rate': 6.177777777777779e-05, 'epoch': 222.0}
{'loss': -3.5313, 'grad_norm': 39.26874923706055, 'learning_rate': 6.155555555555555e-05, 'epoch': 223.0}
{'loss': -3.529, 'grad_norm': 40.63425827026367, 'learning_rate': 6.133333333333334e-05, 'epoch': 224.0}
{'loss': -3.5331, 'grad_norm': 32.615291595458984, 'learning_rate': 6.111111111111112e-05, 'epoch': 225.0}
{'loss': -3.5416, 'grad_norm': 24.73944854736328, 'learning_rate': 6.08888888888889e-05, 'epoch': 226.0}
{'loss': -3.5395, 'grad_norm': 30.668903350830078, 'learning_rate': 6.066666666666667e-05, 'epoch': 227.0}
{'loss': -3.5361, 'grad_norm': 49.20577621459961, 'learning_rate': 6.044444444444445e-05, 'epoch': 228.0}
{'loss': -3.5354, 'grad_norm': 34.374359130859375, 'learning_rate': 6.0222222222222225e-05, 'epoch': 229.0}
{'loss': -3.548, 'grad_norm': 26.630311965942383, 'learning_rate': 6e-05, 'epoch': 230.0}
{'loss': -3.5398, 'grad_norm': 33.45762634277344, 'learning_rate': 5.977777777777778e-05, 'epoch': 231.0}
{'loss': -3.5519, 'grad_norm': 26.02737045288086, 'learning_rate': 5.9555555555555554e-05, 'epoch': 232.0}
{'loss': -3.5539, 'grad_norm': 19.81220054626465, 'learning_rate': 5.9333333333333343e-05, 'epoch': 233.0}
{'loss': -3.5536, 'grad_norm': 30.62985610961914, 'learning_rate': 5.911111111111112e-05, 'epoch': 234.0}
{'loss': -3.5555, 'grad_norm': 33.661563873291016, 'learning_rate': 5.8888888888888896e-05, 'epoch': 235.0}
{'loss': -3.5594, 'grad_norm': 21.002283096313477, 'learning_rate': 5.866666666666667e-05, 'epoch': 236.0}
{'loss': -3.5571, 'grad_norm': 35.645179748535156, 'learning_rate': 5.844444444444445e-05, 'epoch': 237.0}
{'loss': -3.5565, 'grad_norm': 32.115482330322266, 'learning_rate': 5.8222222222222224e-05, 'epoch': 238.0}
{'loss': -3.5598, 'grad_norm': 33.483787536621094, 'learning_rate': 5.8e-05, 'epoch': 239.0}
{'loss': -3.562, 'grad_norm': 42.26934814453125, 'learning_rate': 5.7777777777777776e-05, 'epoch': 240.0}
{'loss': -3.5637, 'grad_norm': 37.112239837646484, 'learning_rate': 5.755555555555556e-05, 'epoch': 241.0}
{'loss': -3.5663, 'grad_norm': 31.202255249023438, 'learning_rate': 5.7333333333333336e-05, 'epoch': 242.0}
{'loss': -3.5704, 'grad_norm': 30.558685302734375, 'learning_rate': 5.711111111111112e-05, 'epoch': 243.0}
{'loss': -3.5692, 'grad_norm': 33.85987854003906, 'learning_rate': 5.6888888888888895e-05, 'epoch': 244.0}
{'loss': -3.5637, 'grad_norm': 45.872901916503906, 'learning_rate': 5.666666666666667e-05, 'epoch': 245.0}
{'loss': -3.566, 'grad_norm': 33.17954635620117, 'learning_rate': 5.644444444444445e-05, 'epoch': 246.0}
{'loss': -3.5703, 'grad_norm': 26.886978149414062, 'learning_rate': 5.622222222222222e-05, 'epoch': 247.0}
{'loss': -3.5771, 'grad_norm': 30.00893211364746, 'learning_rate': 5.6000000000000006e-05, 'epoch': 248.0}
{'loss': -3.5783, 'grad_norm': 32.01866912841797, 'learning_rate': 5.577777777777778e-05, 'epoch': 249.0}
{'loss': -3.5782, 'grad_norm': 41.075225830078125, 'learning_rate': 5.555555555555556e-05, 'epoch': 250.0}
{'loss': -3.5768, 'grad_norm': 34.33674621582031, 'learning_rate': 5.5333333333333334e-05, 'epoch': 251.0}
{'loss': -3.5797, 'grad_norm': 26.927993774414062, 'learning_rate': 5.511111111111111e-05, 'epoch': 252.0}
{'loss': -3.5811, 'grad_norm': 27.547096252441406, 'learning_rate': 5.488888888888889e-05, 'epoch': 253.0}
{'loss': -3.584, 'grad_norm': 30.79050064086914, 'learning_rate': 5.466666666666666e-05, 'epoch': 254.0}
{'loss': -3.586, 'grad_norm': 28.887014389038086, 'learning_rate': 5.4444444444444446e-05, 'epoch': 255.0}
{'loss': -3.5882, 'grad_norm': 32.62725830078125, 'learning_rate': 5.422222222222223e-05, 'epoch': 256.0}
{'loss': -3.5884, 'grad_norm': 28.89722442626953, 'learning_rate': 5.4000000000000005e-05, 'epoch': 257.0}
{'loss': -3.5922, 'grad_norm': 47.567474365234375, 'learning_rate': 5.377777777777778e-05, 'epoch': 258.0}
{'loss': -3.5844, 'grad_norm': 35.84479904174805, 'learning_rate': 5.355555555555556e-05, 'epoch': 259.0}
{'loss': -3.5858, 'grad_norm': 39.3446159362793, 'learning_rate': 5.333333333333333e-05, 'epoch': 260.0}
{'loss': -3.5872, 'grad_norm': 16.75862693786621, 'learning_rate': 5.311111111111111e-05, 'epoch': 261.0}
{'loss': -3.5958, 'grad_norm': 35.5494499206543, 'learning_rate': 5.2888888888888885e-05, 'epoch': 262.0}
{'loss': -3.5991, 'grad_norm': 28.847309112548828, 'learning_rate': 5.266666666666666e-05, 'epoch': 263.0}
{'loss': -3.599, 'grad_norm': 26.694374084472656, 'learning_rate': 5.244444444444445e-05, 'epoch': 264.0}
{'loss': -3.6016, 'grad_norm': 28.77582550048828, 'learning_rate': 5.222222222222223e-05, 'epoch': 265.0}
{'loss': -3.5986, 'grad_norm': 32.01264572143555, 'learning_rate': 5.2000000000000004e-05, 'epoch': 266.0}
{'loss': -3.5968, 'grad_norm': 38.88913345336914, 'learning_rate': 5.177777777777778e-05, 'epoch': 267.0}
{'loss': -3.6053, 'grad_norm': 15.072953224182129, 'learning_rate': 5.1555555555555556e-05, 'epoch': 268.0}
{'loss': -3.603, 'grad_norm': 43.834774017333984, 'learning_rate': 5.133333333333333e-05, 'epoch': 269.0}
{'loss': -3.6055, 'grad_norm': 26.780820846557617, 'learning_rate': 5.111111111111111e-05, 'epoch': 270.0}
{'loss': -3.61, 'grad_norm': 27.676387786865234, 'learning_rate': 5.0888888888888884e-05, 'epoch': 271.0}
{'loss': -3.6101, 'grad_norm': 22.663135528564453, 'learning_rate': 5.0666666666666674e-05, 'epoch': 272.0}
{'loss': -3.605, 'grad_norm': 31.953779220581055, 'learning_rate': 5.044444444444445e-05, 'epoch': 273.0}
{'loss': -3.6102, 'grad_norm': 39.04377746582031, 'learning_rate': 5.0222222222222226e-05, 'epoch': 274.0}
{'loss': -3.6109, 'grad_norm': 32.504825592041016, 'learning_rate': 5e-05, 'epoch': 275.0}
{'loss': -3.6029, 'grad_norm': 46.238712310791016, 'learning_rate': 4.977777777777778e-05, 'epoch': 276.0}
{'loss': -3.6167, 'grad_norm': 19.106836318969727, 'learning_rate': 4.955555555555556e-05, 'epoch': 277.0}
{'loss': -3.6191, 'grad_norm': 33.12279510498047, 'learning_rate': 4.933333333333334e-05, 'epoch': 278.0}
{'loss': -3.6189, 'grad_norm': 40.47868347167969, 'learning_rate': 4.9111111111111114e-05, 'epoch': 279.0}
{'loss': -3.594, 'grad_norm': 42.712257385253906, 'learning_rate': 4.888888888888889e-05, 'epoch': 280.0}
{'loss': -3.6195, 'grad_norm': 54.49833679199219, 'learning_rate': 4.866666666666667e-05, 'epoch': 281.0}
{'loss': -3.6061, 'grad_norm': 48.97968292236328, 'learning_rate': 4.844444444444445e-05, 'epoch': 282.0}
{'loss': -3.6254, 'grad_norm': 31.708789825439453, 'learning_rate': 4.8222222222222225e-05, 'epoch': 283.0}
{'loss': -3.6267, 'grad_norm': 34.610496520996094, 'learning_rate': 4.8e-05, 'epoch': 284.0}
{'loss': -3.6273, 'grad_norm': 30.285449981689453, 'learning_rate': 4.7777777777777784e-05, 'epoch': 285.0}
{'loss': -3.6279, 'grad_norm': 38.740787506103516, 'learning_rate': 4.755555555555556e-05, 'epoch': 286.0}
{'loss': -3.6303, 'grad_norm': 39.36332321166992, 'learning_rate': 4.7333333333333336e-05, 'epoch': 287.0}
{'loss': -3.6312, 'grad_norm': 31.380046844482422, 'learning_rate': 4.711111111111111e-05, 'epoch': 288.0}
{'loss': -3.6336, 'grad_norm': 36.268558502197266, 'learning_rate': 4.6888888888888895e-05, 'epoch': 289.0}
{'loss': -3.6341, 'grad_norm': 42.4493293762207, 'learning_rate': 4.666666666666667e-05, 'epoch': 290.0}
{'loss': -3.6227, 'grad_norm': 47.685665130615234, 'learning_rate': 4.644444444444445e-05, 'epoch': 291.0}
{'loss': -3.6209, 'grad_norm': 31.21413230895996, 'learning_rate': 4.6222222222222224e-05, 'epoch': 292.0}
{'loss': -3.6296, 'grad_norm': 36.30831527709961, 'learning_rate': 4.600000000000001e-05, 'epoch': 293.0}
{'loss': -3.6319, 'grad_norm': 28.887941360473633, 'learning_rate': 4.577777777777778e-05, 'epoch': 294.0}
{'loss': -3.6384, 'grad_norm': 23.052629470825195, 'learning_rate': 4.555555555555556e-05, 'epoch': 295.0}
{'loss': -3.6324, 'grad_norm': 32.09034729003906, 'learning_rate': 4.5333333333333335e-05, 'epoch': 296.0}
{'loss': -3.643, 'grad_norm': 32.30559158325195, 'learning_rate': 4.511111111111112e-05, 'epoch': 297.0}
{'loss': -3.6423, 'grad_norm': 35.29286193847656, 'learning_rate': 4.4888888888888894e-05, 'epoch': 298.0}
{'loss': -3.6254, 'grad_norm': 49.1734504699707, 'learning_rate': 4.466666666666667e-05, 'epoch': 299.0}
{'loss': -3.6419, 'grad_norm': 27.287538528442383, 'learning_rate': 4.4444444444444447e-05, 'epoch': 300.0}
{'loss': -3.6464, 'grad_norm': 26.136676788330078, 'learning_rate': 4.422222222222222e-05, 'epoch': 301.0}
{'loss': -3.6463, 'grad_norm': 29.99851417541504, 'learning_rate': 4.4000000000000006e-05, 'epoch': 302.0}
{'loss': -3.641, 'grad_norm': 33.225528717041016, 'learning_rate': 4.377777777777778e-05, 'epoch': 303.0}
{'loss': -3.6438, 'grad_norm': 27.404510498046875, 'learning_rate': 4.355555555555556e-05, 'epoch': 304.0}
{'loss': -3.6499, 'grad_norm': 24.827518463134766, 'learning_rate': 4.3333333333333334e-05, 'epoch': 305.0}
{'loss': -3.6521, 'grad_norm': 28.585556030273438, 'learning_rate': 4.311111111111111e-05, 'epoch': 306.0}
{'loss': -3.6513, 'grad_norm': 31.680845260620117, 'learning_rate': 4.2888888888888886e-05, 'epoch': 307.0}
{'loss': -3.6564, 'grad_norm': 28.078584671020508, 'learning_rate': 4.266666666666667e-05, 'epoch': 308.0}
{'loss': -3.6567, 'grad_norm': 31.812854766845703, 'learning_rate': 4.2444444444444445e-05, 'epoch': 309.0}
{'loss': -3.6558, 'grad_norm': 38.93574142456055, 'learning_rate': 4.222222222222222e-05, 'epoch': 310.0}
{'loss': -3.6541, 'grad_norm': 32.34870529174805, 'learning_rate': 4.2e-05, 'epoch': 311.0}
{'loss': -3.6575, 'grad_norm': 34.582252502441406, 'learning_rate': 4.177777777777778e-05, 'epoch': 312.0}
{'loss': -3.6599, 'grad_norm': 38.91672897338867, 'learning_rate': 4.155555555555556e-05, 'epoch': 313.0}
{'loss': -3.6608, 'grad_norm': 28.684200286865234, 'learning_rate': 4.133333333333333e-05, 'epoch': 314.0}
{'loss': -3.6588, 'grad_norm': 45.52751159667969, 'learning_rate': 4.111111111111111e-05, 'epoch': 315.0}
{'loss': -3.6624, 'grad_norm': 22.916553497314453, 'learning_rate': 4.088888888888889e-05, 'epoch': 316.0}
{'loss': -3.6656, 'grad_norm': 21.825908660888672, 'learning_rate': 4.066666666666667e-05, 'epoch': 317.0}
{'loss': -3.6614, 'grad_norm': 39.8941650390625, 'learning_rate': 4.0444444444444444e-05, 'epoch': 318.0}
{'loss': -3.664, 'grad_norm': 27.657522201538086, 'learning_rate': 4.022222222222222e-05, 'epoch': 319.0}
{'loss': -3.6677, 'grad_norm': 39.94697570800781, 'learning_rate': 4e-05, 'epoch': 320.0}
{'loss': -3.6672, 'grad_norm': 24.810333251953125, 'learning_rate': 3.977777777777778e-05, 'epoch': 321.0}
{'loss': -3.6685, 'grad_norm': 39.25278091430664, 'learning_rate': 3.9555555555555556e-05, 'epoch': 322.0}
{'loss': -3.6669, 'grad_norm': 32.714599609375, 'learning_rate': 3.933333333333333e-05, 'epoch': 323.0}
{'loss': -3.6591, 'grad_norm': 39.22068786621094, 'learning_rate': 3.9111111111111115e-05, 'epoch': 324.0}
{'loss': -3.6703, 'grad_norm': 33.328556060791016, 'learning_rate': 3.888888888888889e-05, 'epoch': 325.0}
{'loss': -3.663, 'grad_norm': 50.1389274597168, 'learning_rate': 3.866666666666667e-05, 'epoch': 326.0}
{'loss': -3.6546, 'grad_norm': 33.860931396484375, 'learning_rate': 3.844444444444444e-05, 'epoch': 327.0}
{'loss': -3.6723, 'grad_norm': 28.51152229309082, 'learning_rate': 3.8222222222222226e-05, 'epoch': 328.0}
{'loss': -3.6724, 'grad_norm': 29.516407012939453, 'learning_rate': 3.8e-05, 'epoch': 329.0}
{'loss': -3.6786, 'grad_norm': 33.103118896484375, 'learning_rate': 3.777777777777778e-05, 'epoch': 330.0}
{'loss': -3.6795, 'grad_norm': 26.20879364013672, 'learning_rate': 3.7555555555555554e-05, 'epoch': 331.0}
{'loss': -3.6781, 'grad_norm': 32.391353607177734, 'learning_rate': 3.733333333333334e-05, 'epoch': 332.0}
{'loss': -3.6776, 'grad_norm': 28.246862411499023, 'learning_rate': 3.7111111111111113e-05, 'epoch': 333.0}
{'loss': -3.6819, 'grad_norm': 34.6986198425293, 'learning_rate': 3.688888888888889e-05, 'epoch': 334.0}
{'loss': -3.6814, 'grad_norm': 22.630666732788086, 'learning_rate': 3.6666666666666666e-05, 'epoch': 335.0}
{'loss': -3.6845, 'grad_norm': 24.396438598632812, 'learning_rate': 3.644444444444445e-05, 'epoch': 336.0}
{'loss': -3.6854, 'grad_norm': 27.547863006591797, 'learning_rate': 3.6222222222222225e-05, 'epoch': 337.0}
{'loss': -3.6857, 'grad_norm': 33.41110610961914, 'learning_rate': 3.6e-05, 'epoch': 338.0}
{'loss': -3.6862, 'grad_norm': 21.03592300415039, 'learning_rate': 3.577777777777778e-05, 'epoch': 339.0}
{'loss': -3.6857, 'grad_norm': 34.85886764526367, 'learning_rate': 3.555555555555556e-05, 'epoch': 340.0}
{'loss': -3.6884, 'grad_norm': 28.805219650268555, 'learning_rate': 3.5333333333333336e-05, 'epoch': 341.0}
{'loss': -3.6889, 'grad_norm': 30.757532119750977, 'learning_rate': 3.511111111111111e-05, 'epoch': 342.0}
{'loss': -3.6907, 'grad_norm': 30.87824821472168, 'learning_rate': 3.4888888888888895e-05, 'epoch': 343.0}
{'loss': -3.6911, 'grad_norm': 32.54092788696289, 'learning_rate': 3.466666666666667e-05, 'epoch': 344.0}
{'loss': -3.6885, 'grad_norm': 29.58548927307129, 'learning_rate': 3.444444444444445e-05, 'epoch': 345.0}
{'loss': -3.6874, 'grad_norm': 25.571584701538086, 'learning_rate': 3.4222222222222224e-05, 'epoch': 346.0}
{'loss': -3.6913, 'grad_norm': 29.032873153686523, 'learning_rate': 3.4000000000000007e-05, 'epoch': 347.0}
{'loss': -3.69, 'grad_norm': 25.711894989013672, 'learning_rate': 3.377777777777778e-05, 'epoch': 348.0}
{'loss': -3.6941, 'grad_norm': 31.79393768310547, 'learning_rate': 3.355555555555556e-05, 'epoch': 349.0}
{'loss': -3.6928, 'grad_norm': 23.50794219970703, 'learning_rate': 3.3333333333333335e-05, 'epoch': 350.0}
{'loss': -3.6906, 'grad_norm': 34.72867965698242, 'learning_rate': 3.311111111111112e-05, 'epoch': 351.0}
{'loss': -3.6932, 'grad_norm': 30.305051803588867, 'learning_rate': 3.2888888888888894e-05, 'epoch': 352.0}
{'loss': -3.692, 'grad_norm': 37.6370849609375, 'learning_rate': 3.266666666666667e-05, 'epoch': 353.0}
{'loss': -3.6949, 'grad_norm': 32.347103118896484, 'learning_rate': 3.2444444444444446e-05, 'epoch': 354.0}
{'loss': -3.6972, 'grad_norm': 39.530826568603516, 'learning_rate': 3.222222222222223e-05, 'epoch': 355.0}
{'loss': -3.7015, 'grad_norm': 27.21419334411621, 'learning_rate': 3.2000000000000005e-05, 'epoch': 356.0}
{'loss': -3.6996, 'grad_norm': 27.799922943115234, 'learning_rate': 3.177777777777778e-05, 'epoch': 357.0}
{'loss': -3.7018, 'grad_norm': 29.532939910888672, 'learning_rate': 3.155555555555556e-05, 'epoch': 358.0}
{'loss': -3.7036, 'grad_norm': 34.90776062011719, 'learning_rate': 3.1333333333333334e-05, 'epoch': 359.0}
{'loss': -3.702, 'grad_norm': 12.459999084472656, 'learning_rate': 3.111111111111111e-05, 'epoch': 360.0}
{'loss': -3.7015, 'grad_norm': 16.36405372619629, 'learning_rate': 3.088888888888889e-05, 'epoch': 361.0}
{'loss': -3.7037, 'grad_norm': 28.66419792175293, 'learning_rate': 3.066666666666667e-05, 'epoch': 362.0}
{'loss': -3.7059, 'grad_norm': 24.594263076782227, 'learning_rate': 3.044444444444445e-05, 'epoch': 363.0}
{'loss': -3.7033, 'grad_norm': 28.768388748168945, 'learning_rate': 3.0222222222222225e-05, 'epoch': 364.0}
{'loss': -3.7086, 'grad_norm': 34.99003601074219, 'learning_rate': 3e-05, 'epoch': 365.0}
{'loss': -3.7111, 'grad_norm': 27.335498809814453, 'learning_rate': 2.9777777777777777e-05, 'epoch': 366.0}
{'loss': -3.7098, 'grad_norm': 29.037046432495117, 'learning_rate': 2.955555555555556e-05, 'epoch': 367.0}
{'loss': -3.7068, 'grad_norm': 27.071386337280273, 'learning_rate': 2.9333333333333336e-05, 'epoch': 368.0}
{'loss': -3.7144, 'grad_norm': 17.750837326049805, 'learning_rate': 2.9111111111111112e-05, 'epoch': 369.0}
{'loss': -3.7109, 'grad_norm': 26.280231475830078, 'learning_rate': 2.8888888888888888e-05, 'epoch': 370.0}
{'loss': -3.7062, 'grad_norm': 21.28282356262207, 'learning_rate': 2.8666666666666668e-05, 'epoch': 371.0}
{'loss': -3.7128, 'grad_norm': 30.670757293701172, 'learning_rate': 2.8444444444444447e-05, 'epoch': 372.0}
{'loss': -3.712, 'grad_norm': 26.0585880279541, 'learning_rate': 2.8222222222222223e-05, 'epoch': 373.0}
{'loss': -3.717, 'grad_norm': 25.10704231262207, 'learning_rate': 2.8000000000000003e-05, 'epoch': 374.0}
{'loss': -3.7182, 'grad_norm': 27.898954391479492, 'learning_rate': 2.777777777777778e-05, 'epoch': 375.0}
{'loss': -3.7179, 'grad_norm': 20.077634811401367, 'learning_rate': 2.7555555555555555e-05, 'epoch': 376.0}
{'loss': -3.7158, 'grad_norm': 33.353824615478516, 'learning_rate': 2.733333333333333e-05, 'epoch': 377.0}
{'loss': -3.7177, 'grad_norm': 27.611072540283203, 'learning_rate': 2.7111111111111114e-05, 'epoch': 378.0}
{'loss': -3.7193, 'grad_norm': 27.109920501708984, 'learning_rate': 2.688888888888889e-05, 'epoch': 379.0}
{'loss': -3.7209, 'grad_norm': 19.59598159790039, 'learning_rate': 2.6666666666666667e-05, 'epoch': 380.0}
{'loss': -3.7224, 'grad_norm': 23.739437103271484, 'learning_rate': 2.6444444444444443e-05, 'epoch': 381.0}
{'loss': -3.7218, 'grad_norm': 25.999889373779297, 'learning_rate': 2.6222222222222226e-05, 'epoch': 382.0}
{'loss': -3.7232, 'grad_norm': 16.743844985961914, 'learning_rate': 2.6000000000000002e-05, 'epoch': 383.0}
{'loss': -3.7152, 'grad_norm': 30.34967803955078, 'learning_rate': 2.5777777777777778e-05, 'epoch': 384.0}
{'loss': -3.7215, 'grad_norm': 25.06847381591797, 'learning_rate': 2.5555555555555554e-05, 'epoch': 385.0}
{'loss': -3.723, 'grad_norm': 20.362735748291016, 'learning_rate': 2.5333333333333337e-05, 'epoch': 386.0}
{'loss': -3.725, 'grad_norm': 26.048248291015625, 'learning_rate': 2.5111111111111113e-05, 'epoch': 387.0}
{'loss': -3.7233, 'grad_norm': 16.96722984313965, 'learning_rate': 2.488888888888889e-05, 'epoch': 388.0}
{'loss': -3.7236, 'grad_norm': 26.686599731445312, 'learning_rate': 2.466666666666667e-05, 'epoch': 389.0}
{'loss': -3.7257, 'grad_norm': 47.14606475830078, 'learning_rate': 2.4444444444444445e-05, 'epoch': 390.0}
{'loss': -3.7247, 'grad_norm': 18.250036239624023, 'learning_rate': 2.4222222222222224e-05, 'epoch': 391.0}
{'loss': -3.7278, 'grad_norm': 25.084325790405273, 'learning_rate': 2.4e-05, 'epoch': 392.0}
{'loss': -3.73, 'grad_norm': 25.655622482299805, 'learning_rate': 2.377777777777778e-05, 'epoch': 393.0}
{'loss': -3.7282, 'grad_norm': 15.293142318725586, 'learning_rate': 2.3555555555555556e-05, 'epoch': 394.0}
{'loss': -3.731, 'grad_norm': 20.012359619140625, 'learning_rate': 2.3333333333333336e-05, 'epoch': 395.0}
{'loss': -3.7323, 'grad_norm': 20.60239028930664, 'learning_rate': 2.3111111111111112e-05, 'epoch': 396.0}
{'loss': -3.733, 'grad_norm': 24.342884063720703, 'learning_rate': 2.288888888888889e-05, 'epoch': 397.0}
{'loss': -3.7324, 'grad_norm': 26.96504783630371, 'learning_rate': 2.2666666666666668e-05, 'epoch': 398.0}
{'loss': -3.7346, 'grad_norm': 15.678934097290039, 'learning_rate': 2.2444444444444447e-05, 'epoch': 399.0}
{'loss': -3.7345, 'grad_norm': 22.506336212158203, 'learning_rate': 2.2222222222222223e-05, 'epoch': 400.0}
{'loss': -3.7331, 'grad_norm': 36.90816879272461, 'learning_rate': 2.2000000000000003e-05, 'epoch': 401.0}
{'loss': -3.7358, 'grad_norm': 21.32744026184082, 'learning_rate': 2.177777777777778e-05, 'epoch': 402.0}
{'loss': -3.7348, 'grad_norm': 34.96142578125, 'learning_rate': 2.1555555555555555e-05, 'epoch': 403.0}
{'loss': -3.7371, 'grad_norm': 21.995901107788086, 'learning_rate': 2.1333333333333335e-05, 'epoch': 404.0}
{'loss': -3.7367, 'grad_norm': 14.07469367980957, 'learning_rate': 2.111111111111111e-05, 'epoch': 405.0}
{'loss': -3.7382, 'grad_norm': 24.278310775756836, 'learning_rate': 2.088888888888889e-05, 'epoch': 406.0}
{'loss': -3.7357, 'grad_norm': 29.737125396728516, 'learning_rate': 2.0666666666666666e-05, 'epoch': 407.0}
{'loss': -3.738, 'grad_norm': 22.338199615478516, 'learning_rate': 2.0444444444444446e-05, 'epoch': 408.0}
{'loss': -3.74, 'grad_norm': 17.83781623840332, 'learning_rate': 2.0222222222222222e-05, 'epoch': 409.0}
{'loss': -3.7363, 'grad_norm': 29.16034698486328, 'learning_rate': 2e-05, 'epoch': 410.0}
{'loss': -3.741, 'grad_norm': 32.38074493408203, 'learning_rate': 1.9777777777777778e-05, 'epoch': 411.0}
{'loss': -3.7403, 'grad_norm': 15.477134704589844, 'learning_rate': 1.9555555555555557e-05, 'epoch': 412.0}
{'loss': -3.7432, 'grad_norm': 25.71963119506836, 'learning_rate': 1.9333333333333333e-05, 'epoch': 413.0}
{'loss': -3.7422, 'grad_norm': 19.930784225463867, 'learning_rate': 1.9111111111111113e-05, 'epoch': 414.0}
{'loss': -3.7418, 'grad_norm': 13.010272979736328, 'learning_rate': 1.888888888888889e-05, 'epoch': 415.0}
{'loss': -3.7438, 'grad_norm': 28.317935943603516, 'learning_rate': 1.866666666666667e-05, 'epoch': 416.0}
{'loss': -3.7434, 'grad_norm': 27.749998092651367, 'learning_rate': 1.8444444444444445e-05, 'epoch': 417.0}
{'loss': -3.7457, 'grad_norm': 24.35369873046875, 'learning_rate': 1.8222222222222224e-05, 'epoch': 418.0}
{'loss': -3.7455, 'grad_norm': 20.828109741210938, 'learning_rate': 1.8e-05, 'epoch': 419.0}
{'loss': -3.7459, 'grad_norm': 19.75128173828125, 'learning_rate': 1.777777777777778e-05, 'epoch': 420.0}
{'loss': -3.7454, 'grad_norm': 28.251022338867188, 'learning_rate': 1.7555555555555556e-05, 'epoch': 421.0}
{'loss': -3.7456, 'grad_norm': 35.184715270996094, 'learning_rate': 1.7333333333333336e-05, 'epoch': 422.0}
{'loss': -3.7479, 'grad_norm': 14.579366683959961, 'learning_rate': 1.7111111111111112e-05, 'epoch': 423.0}
{'loss': -3.744, 'grad_norm': 35.38100051879883, 'learning_rate': 1.688888888888889e-05, 'epoch': 424.0}
{'loss': -3.7499, 'grad_norm': 24.567358016967773, 'learning_rate': 1.6666666666666667e-05, 'epoch': 425.0}
{'loss': -3.7489, 'grad_norm': 32.10063552856445, 'learning_rate': 1.6444444444444447e-05, 'epoch': 426.0}
{'loss': -3.7503, 'grad_norm': 20.47477149963379, 'learning_rate': 1.6222222222222223e-05, 'epoch': 427.0}
{'loss': -3.7508, 'grad_norm': 21.895702362060547, 'learning_rate': 1.6000000000000003e-05, 'epoch': 428.0}
{'loss': -3.7475, 'grad_norm': 36.15241622924805, 'learning_rate': 1.577777777777778e-05, 'epoch': 429.0}
{'loss': -3.7495, 'grad_norm': 31.73992347717285, 'learning_rate': 1.5555555555555555e-05, 'epoch': 430.0}
{'loss': -3.7514, 'grad_norm': 23.286046981811523, 'learning_rate': 1.5333333333333334e-05, 'epoch': 431.0}
{'loss': -3.752, 'grad_norm': 29.90818214416504, 'learning_rate': 1.5111111111111112e-05, 'epoch': 432.0}
{'loss': -3.7528, 'grad_norm': 19.59027099609375, 'learning_rate': 1.4888888888888888e-05, 'epoch': 433.0}
{'loss': -3.7513, 'grad_norm': 27.340593338012695, 'learning_rate': 1.4666666666666668e-05, 'epoch': 434.0}
{'loss': -3.7531, 'grad_norm': 14.926414489746094, 'learning_rate': 1.4444444444444444e-05, 'epoch': 435.0}
{'loss': -3.7537, 'grad_norm': 28.176259994506836, 'learning_rate': 1.4222222222222224e-05, 'epoch': 436.0}
{'loss': -3.7544, 'grad_norm': 19.944978713989258, 'learning_rate': 1.4000000000000001e-05, 'epoch': 437.0}
{'loss': -3.7546, 'grad_norm': 24.801963806152344, 'learning_rate': 1.3777777777777778e-05, 'epoch': 438.0}
{'loss': -3.7547, 'grad_norm': 26.789152145385742, 'learning_rate': 1.3555555555555557e-05, 'epoch': 439.0}
{'loss': -3.7565, 'grad_norm': 22.142812728881836, 'learning_rate': 1.3333333333333333e-05, 'epoch': 440.0}
{'loss': -3.7559, 'grad_norm': 13.942865371704102, 'learning_rate': 1.3111111111111113e-05, 'epoch': 441.0}
{'loss': -3.7559, 'grad_norm': 19.34392738342285, 'learning_rate': 1.2888888888888889e-05, 'epoch': 442.0}
{'loss': -3.7555, 'grad_norm': 21.306903839111328, 'learning_rate': 1.2666666666666668e-05, 'epoch': 443.0}
{'loss': -3.7576, 'grad_norm': 18.80012321472168, 'learning_rate': 1.2444444444444445e-05, 'epoch': 444.0}
{'loss': -3.7589, 'grad_norm': 34.62110137939453, 'learning_rate': 1.2222222222222222e-05, 'epoch': 445.0}
{'loss': -3.7574, 'grad_norm': 28.364381790161133, 'learning_rate': 1.2e-05, 'epoch': 446.0}
{'loss': -3.7596, 'grad_norm': 23.67769432067871, 'learning_rate': 1.1777777777777778e-05, 'epoch': 447.0}
{'loss': -3.7586, 'grad_norm': 29.03536033630371, 'learning_rate': 1.1555555555555556e-05, 'epoch': 448.0}
{'loss': -3.7596, 'grad_norm': 11.70592975616455, 'learning_rate': 1.1333333333333334e-05, 'epoch': 449.0}
{'loss': -3.7593, 'grad_norm': 18.514747619628906, 'learning_rate': 1.1111111111111112e-05, 'epoch': 450.0}
{'loss': -3.7611, 'grad_norm': 20.73795509338379, 'learning_rate': 1.088888888888889e-05, 'epoch': 451.0}
{'loss': -3.7615, 'grad_norm': 20.890836715698242, 'learning_rate': 1.0666666666666667e-05, 'epoch': 452.0}
{'loss': -3.761, 'grad_norm': 13.763410568237305, 'learning_rate': 1.0444444444444445e-05, 'epoch': 453.0}
{'loss': -3.7607, 'grad_norm': 14.160866737365723, 'learning_rate': 1.0222222222222223e-05, 'epoch': 454.0}
{'loss': -3.7623, 'grad_norm': 13.526049613952637, 'learning_rate': 1e-05, 'epoch': 455.0}
{'loss': -3.7623, 'grad_norm': 6.91437292098999, 'learning_rate': 9.777777777777779e-06, 'epoch': 456.0}
{'loss': -3.7647, 'grad_norm': 15.475722312927246, 'learning_rate': 9.555555555555556e-06, 'epoch': 457.0}
{'loss': -3.7635, 'grad_norm': 11.29917049407959, 'learning_rate': 9.333333333333334e-06, 'epoch': 458.0}
{'loss': -3.7639, 'grad_norm': 15.800087928771973, 'learning_rate': 9.111111111111112e-06, 'epoch': 459.0}
{'loss': -3.765, 'grad_norm': 25.198951721191406, 'learning_rate': 8.88888888888889e-06, 'epoch': 460.0}
{'loss': -3.766, 'grad_norm': 24.561471939086914, 'learning_rate': 8.666666666666668e-06, 'epoch': 461.0}
{'loss': -3.7639, 'grad_norm': 23.40594482421875, 'learning_rate': 8.444444444444446e-06, 'epoch': 462.0}
{'loss': -3.7654, 'grad_norm': 13.040154457092285, 'learning_rate': 8.222222222222223e-06, 'epoch': 463.0}
{'loss': -3.7651, 'grad_norm': 10.067099571228027, 'learning_rate': 8.000000000000001e-06, 'epoch': 464.0}
{'loss': -3.7654, 'grad_norm': 14.340311050415039, 'learning_rate': 7.777777777777777e-06, 'epoch': 465.0}
{'loss': -3.7668, 'grad_norm': 12.644290924072266, 'learning_rate': 7.555555555555556e-06, 'epoch': 466.0}
{'loss': -3.7687, 'grad_norm': 13.142504692077637, 'learning_rate': 7.333333333333334e-06, 'epoch': 467.0}
{'loss': -3.7682, 'grad_norm': 18.060745239257812, 'learning_rate': 7.111111111111112e-06, 'epoch': 468.0}
{'loss': -3.7666, 'grad_norm': 17.41376304626465, 'learning_rate': 6.888888888888889e-06, 'epoch': 469.0}
{'loss': -3.7679, 'grad_norm': 8.39321517944336, 'learning_rate': 6.666666666666667e-06, 'epoch': 470.0}
{'loss': -3.769, 'grad_norm': 10.987308502197266, 'learning_rate': 6.4444444444444445e-06, 'epoch': 471.0}
{'loss': -3.7693, 'grad_norm': 9.349682807922363, 'learning_rate': 6.222222222222222e-06, 'epoch': 472.0}
{'loss': -3.7702, 'grad_norm': 12.337806701660156, 'learning_rate': 6e-06, 'epoch': 473.0}
{'loss': -3.7692, 'grad_norm': 12.210626602172852, 'learning_rate': 5.777777777777778e-06, 'epoch': 474.0}
{'loss': -3.7699, 'grad_norm': 11.563006401062012, 'learning_rate': 5.555555555555556e-06, 'epoch': 475.0}
{'loss': -3.7698, 'grad_norm': 11.19063949584961, 'learning_rate': 5.333333333333334e-06, 'epoch': 476.0}
{'loss': -3.771, 'grad_norm': 15.250055313110352, 'learning_rate': 5.1111111111111115e-06, 'epoch': 477.0}
{'loss': -3.7722, 'grad_norm': 11.086225509643555, 'learning_rate': 4.888888888888889e-06, 'epoch': 478.0}
{'loss': -3.7702, 'grad_norm': 10.182565689086914, 'learning_rate': 4.666666666666667e-06, 'epoch': 479.0}
{'loss': -3.7708, 'grad_norm': 10.225502014160156, 'learning_rate': 4.444444444444445e-06, 'epoch': 480.0}
{'loss': -3.7729, 'grad_norm': 10.988040924072266, 'learning_rate': 4.222222222222223e-06, 'epoch': 481.0}
{'loss': -3.7708, 'grad_norm': 8.168800354003906, 'learning_rate': 4.000000000000001e-06, 'epoch': 482.0}
{'loss': -3.7718, 'grad_norm': 10.4252290725708, 'learning_rate': 3.777777777777778e-06, 'epoch': 483.0}
{'loss': -3.771, 'grad_norm': 8.973013877868652, 'learning_rate': 3.555555555555556e-06, 'epoch': 484.0}
{'loss': -3.7727, 'grad_norm': 11.940535545349121, 'learning_rate': 3.3333333333333333e-06, 'epoch': 485.0}
{'loss': -3.7734, 'grad_norm': 7.370003700256348, 'learning_rate': 3.111111111111111e-06, 'epoch': 486.0}
{'loss': -3.7725, 'grad_norm': 7.558518409729004, 'learning_rate': 2.888888888888889e-06, 'epoch': 487.0}
{'loss': -3.7737, 'grad_norm': 10.838236808776855, 'learning_rate': 2.666666666666667e-06, 'epoch': 488.0}
{'loss': -3.7728, 'grad_norm': 12.990817070007324, 'learning_rate': 2.4444444444444447e-06, 'epoch': 489.0}
{'loss': -3.7732, 'grad_norm': 7.333908557891846, 'learning_rate': 2.2222222222222225e-06, 'epoch': 490.0}
{'loss': -3.7725, 'grad_norm': 17.757640838623047, 'learning_rate': 2.0000000000000003e-06, 'epoch': 491.0}
{'loss': -3.7729, 'grad_norm': 18.222881317138672, 'learning_rate': 1.777777777777778e-06, 'epoch': 492.0}
{'loss': -3.7739, 'grad_norm': 9.838754653930664, 'learning_rate': 1.5555555555555556e-06, 'epoch': 493.0}
{'loss': -3.7731, 'grad_norm': 7.529353141784668, 'learning_rate': 1.3333333333333334e-06, 'epoch': 494.0}
{'loss': -3.7747, 'grad_norm': 7.640961170196533, 'learning_rate': 1.1111111111111112e-06, 'epoch': 495.0}
{'loss': -3.775, 'grad_norm': 6.955195426940918, 'learning_rate': 8.88888888888889e-07, 'epoch': 496.0}
{'loss': -3.7762, 'grad_norm': 7.117754936218262, 'learning_rate': 6.666666666666667e-07, 'epoch': 497.0}
{'loss': -3.7753, 'grad_norm': 8.146134376525879, 'learning_rate': 4.444444444444445e-07, 'epoch': 498.0}
{'loss': -3.7746, 'grad_norm': 7.503505706787109, 'learning_rate': 2.2222222222222224e-07, 'epoch': 499.0}
{'loss': -3.7753, 'grad_norm': 10.76536750793457, 'learning_rate': 0.0, 'epoch': 500.0}
{'train_runtime': 10271.3985, 'train_samples_per_second': 17334.641, 'train_steps_per_second': 1.947, 'train_loss': -3.3650816654205324, 'epoch': 500.0}
========== Model is trained ==========
========== Model is in evaluation mode ==========
=== Model is saved, at /proj/gaia/RayDT/dataset/processed_data/../../outputs/huggingface_test_result_noise_20/models/huggingface_trained_dt_noise_20_20240822-194516_1/ ===
Finished concurrent execution of tasks.
Ending time: Thu Aug 22 22:36:40 CEST 2024
