Starting time: Thu Aug 22 19:44:40 CEST 2024
no change     /proj/gaia/RayDT/mamba_ray/condabin/conda
no change     /proj/gaia/RayDT/mamba_ray/bin/conda
no change     /proj/gaia/RayDT/mamba_ray/bin/conda-env
no change     /proj/gaia/RayDT/mamba_ray/bin/activate
no change     /proj/gaia/RayDT/mamba_ray/bin/deactivate
no change     /proj/gaia/RayDT/mamba_ray/etc/profile.d/conda.sh
no change     /proj/gaia/RayDT/mamba_ray/etc/fish/conf.d/conda.fish
no change     /proj/gaia/RayDT/mamba_ray/shell/condabin/Conda.psm1
no change     /proj/gaia/RayDT/mamba_ray/shell/condabin/conda-hook.ps1
no change     /proj/gaia/RayDT/mamba_ray/lib/python3.10/site-packages/xontrib/conda.xsh
no change     /proj/gaia/RayDT/mamba_ray/etc/profile.d/conda.csh
no change     /home/x_yifji/.bashrc
No action taken.
config =  {'env_index': 3, 'add_surface_index': False, 'eval_from': None, 'test_seed': 42, 'test_data': 'test', 'Tx_id': 0, 'allTx': True, 'Rx_id': None, 'Rx1_id': None, 'Rx2_id': None, 'debug_path_flag': False, 'path_id': 6, 'add_noise': False, 'optim_load': False, 'small_batch': False, 'big_batch': False, 'debug': False, 'produce_fig': False, 'wandb': True, 'replot_baseline_only': False, 'Ofunc': False, 'noise_sample': 20, 'path': None, 'data_postfix': '', 'data_prefix': 'allTx', 'gen_func': <function gen_data_sample_across_rx at 0x1498ee2e4d30>}
========== Training config ==========
Found matching repo for training dataset: allTx_HFds__noise_20__20240821_021540_env_index_3
========== loading Data from /proj/gaia/RayDT/dataset/processed_data/trainwoAug/all_Tx_data/allTx_HFds__noise_20__20240821_021540_env_index_3 ==========
========== Training Data is loaded ==========
========== Model is initialized ==========
{'loss': -0.1919, 'grad_norm': 2.337459087371826, 'learning_rate': 1.951219512195122e-06, 'epoch': 0.98}
{'loss': -0.2061, 'grad_norm': 2.2543585300445557, 'learning_rate': 3.902439024390244e-06, 'epoch': 1.95}
{'loss': -0.2332, 'grad_norm': 2.1224780082702637, 'learning_rate': 5.853658536585367e-06, 'epoch': 2.93}
{'loss': -0.2718, 'grad_norm': 1.9322640895843506, 'learning_rate': 7.804878048780489e-06, 'epoch': 3.9}
{'loss': -0.3242, 'grad_norm': 1.6953306198120117, 'learning_rate': 9.756097560975611e-06, 'epoch': 4.88}
{'loss': -0.3954, 'grad_norm': 1.2260799407958984, 'learning_rate': 1.1707317073170733e-05, 'epoch': 5.85}
{'loss': -0.4813, 'grad_norm': 0.6327955722808838, 'learning_rate': 1.3658536585365855e-05, 'epoch': 6.83}
{'loss': -0.5773, 'grad_norm': 0.6079641580581665, 'learning_rate': 1.5609756097560978e-05, 'epoch': 7.8}
{'loss': -0.6939, 'grad_norm': 0.8960040807723999, 'learning_rate': 1.7560975609756096e-05, 'epoch': 8.78}
{'loss': -0.8227, 'grad_norm': 0.9881766438484192, 'learning_rate': 1.9512195121951222e-05, 'epoch': 9.76}
{'loss': -0.9498, 'grad_norm': 0.6790425777435303, 'learning_rate': 2.146341463414634e-05, 'epoch': 10.73}
{'loss': -1.0702, 'grad_norm': 0.5694972276687622, 'learning_rate': 2.3414634146341466e-05, 'epoch': 11.71}
{'loss': -1.1835, 'grad_norm': 0.6655101180076599, 'learning_rate': 2.536585365853659e-05, 'epoch': 12.68}
{'loss': -1.2975, 'grad_norm': 0.8694666624069214, 'learning_rate': 2.731707317073171e-05, 'epoch': 13.66}
{'loss': -1.4257, 'grad_norm': 1.0033519268035889, 'learning_rate': 2.926829268292683e-05, 'epoch': 14.63}
{'loss': -1.5528, 'grad_norm': 1.0343841314315796, 'learning_rate': 3.1219512195121955e-05, 'epoch': 15.61}
{'loss': -1.6628, 'grad_norm': 1.2532179355621338, 'learning_rate': 3.3170731707317074e-05, 'epoch': 16.59}
{'loss': -1.7823, 'grad_norm': 2.0496881008148193, 'learning_rate': 3.512195121951219e-05, 'epoch': 17.56}
{'loss': -1.8841, 'grad_norm': 1.0423208475112915, 'learning_rate': 3.707317073170732e-05, 'epoch': 18.54}
{'loss': -1.9735, 'grad_norm': 1.5456809997558594, 'learning_rate': 3.9024390243902444e-05, 'epoch': 19.51}
{'loss': -2.0518, 'grad_norm': 1.4743902683258057, 'learning_rate': 4.097560975609756e-05, 'epoch': 20.49}
{'loss': -2.1101, 'grad_norm': 1.6901241540908813, 'learning_rate': 4.292682926829268e-05, 'epoch': 21.46}
{'loss': -2.1593, 'grad_norm': 2.9414784908294678, 'learning_rate': 4.487804878048781e-05, 'epoch': 22.44}
{'loss': -2.2064, 'grad_norm': 2.841949224472046, 'learning_rate': 4.682926829268293e-05, 'epoch': 23.41}
{'loss': -2.2503, 'grad_norm': 3.2911617755889893, 'learning_rate': 4.878048780487805e-05, 'epoch': 24.39}
{'loss': -2.2893, 'grad_norm': 2.7941460609436035, 'learning_rate': 5.073170731707318e-05, 'epoch': 25.37}
{'loss': -2.3201, 'grad_norm': 2.4642271995544434, 'learning_rate': 5.2682926829268296e-05, 'epoch': 26.34}
{'loss': -2.3533, 'grad_norm': 3.9177658557891846, 'learning_rate': 5.463414634146342e-05, 'epoch': 27.32}
{'loss': -2.3886, 'grad_norm': 3.3366501331329346, 'learning_rate': 5.6585365853658533e-05, 'epoch': 28.29}
{'loss': -2.4152, 'grad_norm': 3.5625412464141846, 'learning_rate': 5.853658536585366e-05, 'epoch': 29.27}
{'loss': -2.4419, 'grad_norm': 4.4220709800720215, 'learning_rate': 6.0487804878048785e-05, 'epoch': 30.24}
{'loss': -2.4669, 'grad_norm': 3.6173784732818604, 'learning_rate': 6.243902439024391e-05, 'epoch': 31.22}
{'loss': -2.4897, 'grad_norm': 5.150580883026123, 'learning_rate': 6.439024390243903e-05, 'epoch': 32.2}
{'loss': -2.5106, 'grad_norm': 5.1595964431762695, 'learning_rate': 6.634146341463415e-05, 'epoch': 33.17}
{'loss': -2.5287, 'grad_norm': 4.358602523803711, 'learning_rate': 6.829268292682928e-05, 'epoch': 34.15}
{'loss': -2.5488, 'grad_norm': 8.012859344482422, 'learning_rate': 7.024390243902439e-05, 'epoch': 35.12}
{'loss': -2.5663, 'grad_norm': 5.181000232696533, 'learning_rate': 7.219512195121952e-05, 'epoch': 36.1}
{'loss': -2.5848, 'grad_norm': 5.779407978057861, 'learning_rate': 7.414634146341464e-05, 'epoch': 37.07}
{'loss': -2.6008, 'grad_norm': 5.742283821105957, 'learning_rate': 7.609756097560976e-05, 'epoch': 38.05}
{'loss': -2.6149, 'grad_norm': 7.381862640380859, 'learning_rate': 7.804878048780489e-05, 'epoch': 39.02}
{'loss': -2.6296, 'grad_norm': 7.703397274017334, 'learning_rate': 8e-05, 'epoch': 40.0}
{'loss': -2.6459, 'grad_norm': 8.42045783996582, 'learning_rate': 8.195121951219513e-05, 'epoch': 40.98}
{'loss': -2.6563, 'grad_norm': 5.099854469299316, 'learning_rate': 8.390243902439024e-05, 'epoch': 41.95}
{'loss': -2.6743, 'grad_norm': 7.938862323760986, 'learning_rate': 8.585365853658536e-05, 'epoch': 42.93}
{'loss': -2.6845, 'grad_norm': 10.601720809936523, 'learning_rate': 8.78048780487805e-05, 'epoch': 43.9}
{'loss': -2.6994, 'grad_norm': 7.120003700256348, 'learning_rate': 8.975609756097561e-05, 'epoch': 44.88}
{'loss': -2.7157, 'grad_norm': 5.223478317260742, 'learning_rate': 9.170731707317075e-05, 'epoch': 45.85}
{'loss': -2.7254, 'grad_norm': 13.071493148803711, 'learning_rate': 9.365853658536587e-05, 'epoch': 46.83}
{'loss': -2.7373, 'grad_norm': 10.011960983276367, 'learning_rate': 9.560975609756097e-05, 'epoch': 47.8}
{'loss': -2.7469, 'grad_norm': 11.002643585205078, 'learning_rate': 9.75609756097561e-05, 'epoch': 48.78}
{'loss': -2.7453, 'grad_norm': 15.238985061645508, 'learning_rate': 9.951219512195122e-05, 'epoch': 49.76}
{'loss': -2.7627, 'grad_norm': 13.10461139678955, 'learning_rate': 9.983739837398374e-05, 'epoch': 50.73}
{'loss': -2.7775, 'grad_norm': 17.52251434326172, 'learning_rate': 9.962059620596207e-05, 'epoch': 51.71}
{'loss': -2.7846, 'grad_norm': 8.986068725585938, 'learning_rate': 9.940379403794038e-05, 'epoch': 52.68}
{'loss': -2.7983, 'grad_norm': 14.6365327835083, 'learning_rate': 9.91869918699187e-05, 'epoch': 53.66}
{'loss': -2.8076, 'grad_norm': 10.725306510925293, 'learning_rate': 9.897018970189702e-05, 'epoch': 54.63}
{'loss': -2.819, 'grad_norm': 11.129768371582031, 'learning_rate': 9.875338753387535e-05, 'epoch': 55.61}
{'loss': -2.8291, 'grad_norm': 15.008071899414062, 'learning_rate': 9.853658536585366e-05, 'epoch': 56.59}
{'loss': -2.8419, 'grad_norm': 12.121066093444824, 'learning_rate': 9.831978319783198e-05, 'epoch': 57.56}
{'loss': -2.8513, 'grad_norm': 14.454987525939941, 'learning_rate': 9.81029810298103e-05, 'epoch': 58.54}
{'loss': -2.8589, 'grad_norm': 10.774321556091309, 'learning_rate': 9.788617886178862e-05, 'epoch': 59.51}
{'loss': -2.8702, 'grad_norm': 11.719968795776367, 'learning_rate': 9.766937669376695e-05, 'epoch': 60.49}
{'loss': -2.8782, 'grad_norm': 17.545198440551758, 'learning_rate': 9.745257452574527e-05, 'epoch': 61.46}
{'loss': -2.8872, 'grad_norm': 12.103218078613281, 'learning_rate': 9.723577235772358e-05, 'epoch': 62.44}
{'loss': -2.9018, 'grad_norm': 14.697586059570312, 'learning_rate': 9.701897018970189e-05, 'epoch': 63.41}
{'loss': -2.9071, 'grad_norm': 11.857349395751953, 'learning_rate': 9.680216802168021e-05, 'epoch': 64.39}
{'loss': -2.9163, 'grad_norm': 13.855594635009766, 'learning_rate': 9.658536585365854e-05, 'epoch': 65.37}
{'loss': -2.9271, 'grad_norm': 14.401984214782715, 'learning_rate': 9.636856368563686e-05, 'epoch': 66.34}
{'loss': -2.9381, 'grad_norm': 8.399008750915527, 'learning_rate': 9.615176151761518e-05, 'epoch': 67.32}
{'loss': -2.9412, 'grad_norm': 21.074621200561523, 'learning_rate': 9.59349593495935e-05, 'epoch': 68.29}
{'loss': -2.9502, 'grad_norm': 16.745126724243164, 'learning_rate': 9.571815718157182e-05, 'epoch': 69.27}
{'loss': -2.9575, 'grad_norm': 8.012572288513184, 'learning_rate': 9.550135501355014e-05, 'epoch': 70.24}
{'loss': -2.9657, 'grad_norm': 14.723980903625488, 'learning_rate': 9.528455284552846e-05, 'epoch': 71.22}
{'loss': -2.9784, 'grad_norm': 10.077475547790527, 'learning_rate': 9.506775067750679e-05, 'epoch': 72.2}
{'loss': -2.9859, 'grad_norm': 11.397050857543945, 'learning_rate': 9.485094850948511e-05, 'epoch': 73.17}
{'loss': -2.9922, 'grad_norm': 17.953317642211914, 'learning_rate': 9.463414634146342e-05, 'epoch': 74.15}
{'loss': -3.0001, 'grad_norm': 19.32573890686035, 'learning_rate': 9.441734417344174e-05, 'epoch': 75.12}
{'loss': -3.0087, 'grad_norm': 12.393023490905762, 'learning_rate': 9.420054200542005e-05, 'epoch': 76.1}
{'loss': -3.0124, 'grad_norm': 11.999238967895508, 'learning_rate': 9.398373983739837e-05, 'epoch': 77.07}
{'loss': -3.0205, 'grad_norm': 17.245861053466797, 'learning_rate': 9.37669376693767e-05, 'epoch': 78.05}
{'loss': -3.0261, 'grad_norm': 10.413728713989258, 'learning_rate': 9.355013550135502e-05, 'epoch': 79.02}
{'loss': -3.0328, 'grad_norm': 27.108367919921875, 'learning_rate': 9.333333333333334e-05, 'epoch': 80.0}
{'loss': -3.0374, 'grad_norm': 14.856831550598145, 'learning_rate': 9.311653116531167e-05, 'epoch': 80.98}
{'loss': -3.0463, 'grad_norm': 14.747222900390625, 'learning_rate': 9.289972899728998e-05, 'epoch': 81.95}
{'loss': -3.0508, 'grad_norm': 15.344770431518555, 'learning_rate': 9.26829268292683e-05, 'epoch': 82.93}
{'loss': -3.0586, 'grad_norm': 17.007659912109375, 'learning_rate': 9.246612466124661e-05, 'epoch': 83.9}
{'loss': -3.0633, 'grad_norm': 15.659645080566406, 'learning_rate': 9.224932249322493e-05, 'epoch': 84.88}
{'loss': -3.0658, 'grad_norm': 12.7595796585083, 'learning_rate': 9.203252032520325e-05, 'epoch': 85.85}
{'loss': -3.0719, 'grad_norm': 25.808597564697266, 'learning_rate': 9.181571815718158e-05, 'epoch': 86.83}
{'loss': -3.0777, 'grad_norm': 16.33050537109375, 'learning_rate': 9.15989159891599e-05, 'epoch': 87.8}
{'loss': -3.0874, 'grad_norm': 18.2243595123291, 'learning_rate': 9.138211382113821e-05, 'epoch': 88.78}
{'loss': -3.0905, 'grad_norm': 18.45496940612793, 'learning_rate': 9.116531165311653e-05, 'epoch': 89.76}
{'loss': -3.0936, 'grad_norm': 21.18803596496582, 'learning_rate': 9.094850948509486e-05, 'epoch': 90.73}
{'loss': -3.0992, 'grad_norm': 15.339842796325684, 'learning_rate': 9.073170731707318e-05, 'epoch': 91.71}
{'loss': -3.1063, 'grad_norm': 18.616619110107422, 'learning_rate': 9.05149051490515e-05, 'epoch': 92.68}
{'loss': -3.1122, 'grad_norm': 22.626232147216797, 'learning_rate': 9.029810298102981e-05, 'epoch': 93.66}
{'loss': -3.1155, 'grad_norm': 19.077510833740234, 'learning_rate': 9.008130081300812e-05, 'epoch': 94.63}
{'loss': -3.118, 'grad_norm': 25.607046127319336, 'learning_rate': 8.986449864498645e-05, 'epoch': 95.61}
{'loss': -3.1219, 'grad_norm': 18.397783279418945, 'learning_rate': 8.964769647696477e-05, 'epoch': 96.59}
{'loss': -3.1334, 'grad_norm': 16.697784423828125, 'learning_rate': 8.943089430894309e-05, 'epoch': 97.56}
{'loss': -3.1363, 'grad_norm': 15.276456832885742, 'learning_rate': 8.921409214092142e-05, 'epoch': 98.54}
{'loss': -3.1373, 'grad_norm': 19.73665428161621, 'learning_rate': 8.899728997289974e-05, 'epoch': 99.51}
{'loss': -3.146, 'grad_norm': 17.995389938354492, 'learning_rate': 8.878048780487805e-05, 'epoch': 100.49}
{'loss': -3.1498, 'grad_norm': 19.940372467041016, 'learning_rate': 8.856368563685637e-05, 'epoch': 101.46}
{'loss': -3.1531, 'grad_norm': 23.026002883911133, 'learning_rate': 8.83468834688347e-05, 'epoch': 102.44}
{'loss': -3.1505, 'grad_norm': 22.896602630615234, 'learning_rate': 8.813008130081302e-05, 'epoch': 103.41}
{'loss': -3.156, 'grad_norm': 17.013381958007812, 'learning_rate': 8.791327913279134e-05, 'epoch': 104.39}
{'loss': -3.1635, 'grad_norm': 24.208900451660156, 'learning_rate': 8.769647696476965e-05, 'epoch': 105.37}
{'loss': -3.1688, 'grad_norm': 19.475263595581055, 'learning_rate': 8.747967479674797e-05, 'epoch': 106.34}
{'loss': -3.1724, 'grad_norm': 20.65306282043457, 'learning_rate': 8.726287262872628e-05, 'epoch': 107.32}
{'loss': -3.1771, 'grad_norm': 12.20117473602295, 'learning_rate': 8.70460704607046e-05, 'epoch': 108.29}
{'loss': -3.1805, 'grad_norm': 19.190305709838867, 'learning_rate': 8.682926829268293e-05, 'epoch': 109.27}
{'loss': -3.1853, 'grad_norm': 23.317270278930664, 'learning_rate': 8.661246612466125e-05, 'epoch': 110.24}
{'loss': -3.1736, 'grad_norm': 16.023115158081055, 'learning_rate': 8.639566395663958e-05, 'epoch': 111.22}
{'loss': -3.1876, 'grad_norm': 18.9031982421875, 'learning_rate': 8.61788617886179e-05, 'epoch': 112.2}
{'loss': -3.1976, 'grad_norm': 12.488825798034668, 'learning_rate': 8.596205962059621e-05, 'epoch': 113.17}
{'loss': -3.2043, 'grad_norm': 18.658042907714844, 'learning_rate': 8.574525745257453e-05, 'epoch': 114.15}
{'loss': -3.204, 'grad_norm': 20.143831253051758, 'learning_rate': 8.552845528455284e-05, 'epoch': 115.12}
{'loss': -3.2128, 'grad_norm': 20.14284324645996, 'learning_rate': 8.531165311653116e-05, 'epoch': 116.1}
{'loss': -3.2175, 'grad_norm': 23.82093620300293, 'learning_rate': 8.509485094850949e-05, 'epoch': 117.07}
{'loss': -3.2196, 'grad_norm': 20.875478744506836, 'learning_rate': 8.487804878048781e-05, 'epoch': 118.05}
{'loss': -3.2229, 'grad_norm': 21.45018768310547, 'learning_rate': 8.466124661246613e-05, 'epoch': 119.02}
{'loss': -3.2287, 'grad_norm': 26.744361877441406, 'learning_rate': 8.444444444444444e-05, 'epoch': 120.0}
{'loss': -3.2284, 'grad_norm': 14.020248413085938, 'learning_rate': 8.422764227642277e-05, 'epoch': 120.98}
{'loss': -3.2341, 'grad_norm': 16.03740692138672, 'learning_rate': 8.401084010840109e-05, 'epoch': 121.95}
{'loss': -3.2385, 'grad_norm': 17.191354751586914, 'learning_rate': 8.379403794037941e-05, 'epoch': 122.93}
{'loss': -3.244, 'grad_norm': 14.155800819396973, 'learning_rate': 8.357723577235774e-05, 'epoch': 123.9}
{'loss': -3.2423, 'grad_norm': 18.936731338500977, 'learning_rate': 8.336043360433606e-05, 'epoch': 124.88}
{'loss': -3.2447, 'grad_norm': 20.99402618408203, 'learning_rate': 8.314363143631437e-05, 'epoch': 125.85}
{'loss': -3.2458, 'grad_norm': 26.895505905151367, 'learning_rate': 8.292682926829268e-05, 'epoch': 126.83}
{'loss': -3.2573, 'grad_norm': 24.529022216796875, 'learning_rate': 8.2710027100271e-05, 'epoch': 127.8}
{'loss': -3.2629, 'grad_norm': 9.978128433227539, 'learning_rate': 8.249322493224932e-05, 'epoch': 128.78}
{'loss': -3.2633, 'grad_norm': 16.080970764160156, 'learning_rate': 8.227642276422765e-05, 'epoch': 129.76}
{'loss': -3.2667, 'grad_norm': 20.064672470092773, 'learning_rate': 8.205962059620597e-05, 'epoch': 130.73}
{'loss': -3.2742, 'grad_norm': 25.735557556152344, 'learning_rate': 8.184281842818428e-05, 'epoch': 131.71}
{'loss': -3.2725, 'grad_norm': 32.51858139038086, 'learning_rate': 8.16260162601626e-05, 'epoch': 132.68}
{'loss': -3.2655, 'grad_norm': 23.113571166992188, 'learning_rate': 8.140921409214093e-05, 'epoch': 133.66}
{'loss': -3.2763, 'grad_norm': 28.403127670288086, 'learning_rate': 8.119241192411925e-05, 'epoch': 134.63}
{'loss': -3.2796, 'grad_norm': 25.46591567993164, 'learning_rate': 8.097560975609757e-05, 'epoch': 135.61}
{'loss': -3.2874, 'grad_norm': 9.262598991394043, 'learning_rate': 8.075880758807588e-05, 'epoch': 136.59}
{'loss': -3.2846, 'grad_norm': 24.505117416381836, 'learning_rate': 8.05420054200542e-05, 'epoch': 137.56}
{'loss': -3.2911, 'grad_norm': 17.845659255981445, 'learning_rate': 8.032520325203252e-05, 'epoch': 138.54}
{'loss': -3.3012, 'grad_norm': 29.410017013549805, 'learning_rate': 8.010840108401084e-05, 'epoch': 139.51}
{'loss': -3.2951, 'grad_norm': 26.029186248779297, 'learning_rate': 7.989159891598916e-05, 'epoch': 140.49}
{'loss': -3.3001, 'grad_norm': 25.182170867919922, 'learning_rate': 7.967479674796748e-05, 'epoch': 141.46}
{'loss': -3.3051, 'grad_norm': 31.433462142944336, 'learning_rate': 7.945799457994581e-05, 'epoch': 142.44}
{'loss': -3.3046, 'grad_norm': 32.17060470581055, 'learning_rate': 7.924119241192413e-05, 'epoch': 143.41}
{'loss': -3.3097, 'grad_norm': 30.788305282592773, 'learning_rate': 7.902439024390244e-05, 'epoch': 144.39}
{'loss': -3.3112, 'grad_norm': 32.11979675292969, 'learning_rate': 7.880758807588076e-05, 'epoch': 145.37}
{'loss': -3.309, 'grad_norm': 24.937088012695312, 'learning_rate': 7.859078590785907e-05, 'epoch': 146.34}
{'loss': -3.32, 'grad_norm': 23.138349533081055, 'learning_rate': 7.83739837398374e-05, 'epoch': 147.32}
{'loss': -3.3257, 'grad_norm': 17.647279739379883, 'learning_rate': 7.815718157181572e-05, 'epoch': 148.29}
{'loss': -3.3216, 'grad_norm': 20.032611846923828, 'learning_rate': 7.794037940379404e-05, 'epoch': 149.27}
{'loss': -3.3266, 'grad_norm': 19.708221435546875, 'learning_rate': 7.772357723577237e-05, 'epoch': 150.24}
{'loss': -3.3236, 'grad_norm': 14.168339729309082, 'learning_rate': 7.750677506775068e-05, 'epoch': 151.22}
{'loss': -3.3335, 'grad_norm': 18.469682693481445, 'learning_rate': 7.7289972899729e-05, 'epoch': 152.2}
{'loss': -3.3353, 'grad_norm': 29.95900535583496, 'learning_rate': 7.707317073170732e-05, 'epoch': 153.17}
{'loss': -3.3375, 'grad_norm': 20.450714111328125, 'learning_rate': 7.685636856368564e-05, 'epoch': 154.15}
{'loss': -3.3416, 'grad_norm': 20.54448890686035, 'learning_rate': 7.663956639566397e-05, 'epoch': 155.12}
{'loss': -3.3498, 'grad_norm': 28.748016357421875, 'learning_rate': 7.642276422764229e-05, 'epoch': 156.1}
{'loss': -3.3458, 'grad_norm': 31.43649673461914, 'learning_rate': 7.62059620596206e-05, 'epoch': 157.07}
{'loss': -3.3481, 'grad_norm': 28.212596893310547, 'learning_rate': 7.598915989159891e-05, 'epoch': 158.05}
{'loss': -3.3467, 'grad_norm': 16.85624122619629, 'learning_rate': 7.577235772357723e-05, 'epoch': 159.02}
{'loss': -3.3502, 'grad_norm': 18.653196334838867, 'learning_rate': 7.555555555555556e-05, 'epoch': 160.0}
{'loss': -3.3555, 'grad_norm': 20.303974151611328, 'learning_rate': 7.533875338753388e-05, 'epoch': 160.98}
{'loss': -3.3607, 'grad_norm': 12.87761402130127, 'learning_rate': 7.51219512195122e-05, 'epoch': 161.95}
{'loss': -3.3644, 'grad_norm': 29.920026779174805, 'learning_rate': 7.490514905149053e-05, 'epoch': 162.93}
{'loss': -3.3672, 'grad_norm': 21.375953674316406, 'learning_rate': 7.468834688346884e-05, 'epoch': 163.9}
{'loss': -3.3655, 'grad_norm': 24.751876831054688, 'learning_rate': 7.447154471544716e-05, 'epoch': 164.88}
{'loss': -3.3692, 'grad_norm': 34.6450309753418, 'learning_rate': 7.425474254742548e-05, 'epoch': 165.85}
{'loss': -3.3754, 'grad_norm': 18.561553955078125, 'learning_rate': 7.40379403794038e-05, 'epoch': 166.83}
{'loss': -3.3747, 'grad_norm': 29.730712890625, 'learning_rate': 7.382113821138211e-05, 'epoch': 167.8}
{'loss': -3.3779, 'grad_norm': 18.6634578704834, 'learning_rate': 7.360433604336044e-05, 'epoch': 168.78}
{'loss': -3.3796, 'grad_norm': 20.743818283081055, 'learning_rate': 7.338753387533876e-05, 'epoch': 169.76}
{'loss': -3.3816, 'grad_norm': 26.33344841003418, 'learning_rate': 7.317073170731707e-05, 'epoch': 170.73}
{'loss': -3.3805, 'grad_norm': 28.274024963378906, 'learning_rate': 7.29539295392954e-05, 'epoch': 171.71}
{'loss': -3.3909, 'grad_norm': 24.265125274658203, 'learning_rate': 7.273712737127372e-05, 'epoch': 172.68}
{'loss': -3.3894, 'grad_norm': 25.32355499267578, 'learning_rate': 7.252032520325204e-05, 'epoch': 173.66}
{'loss': -3.396, 'grad_norm': 15.433557510375977, 'learning_rate': 7.230352303523036e-05, 'epoch': 174.63}
{'loss': -3.3972, 'grad_norm': 22.68877601623535, 'learning_rate': 7.208672086720867e-05, 'epoch': 175.61}
{'loss': -3.3927, 'grad_norm': 24.604833602905273, 'learning_rate': 7.1869918699187e-05, 'epoch': 176.59}
{'loss': -3.3983, 'grad_norm': 35.05563735961914, 'learning_rate': 7.16531165311653e-05, 'epoch': 177.56}
{'loss': -3.3994, 'grad_norm': 18.356430053710938, 'learning_rate': 7.143631436314363e-05, 'epoch': 178.54}
{'loss': -3.4045, 'grad_norm': 25.95770835876465, 'learning_rate': 7.121951219512195e-05, 'epoch': 179.51}
{'loss': -3.4105, 'grad_norm': 30.501909255981445, 'learning_rate': 7.100271002710027e-05, 'epoch': 180.49}
{'loss': -3.4027, 'grad_norm': 32.906063079833984, 'learning_rate': 7.07859078590786e-05, 'epoch': 181.46}
{'loss': -3.412, 'grad_norm': 24.518156051635742, 'learning_rate': 7.056910569105691e-05, 'epoch': 182.44}
{'loss': -3.416, 'grad_norm': 18.226720809936523, 'learning_rate': 7.035230352303523e-05, 'epoch': 183.41}
{'loss': -3.4143, 'grad_norm': 26.046253204345703, 'learning_rate': 7.013550135501355e-05, 'epoch': 184.39}
{'loss': -3.4174, 'grad_norm': 23.833398818969727, 'learning_rate': 6.991869918699188e-05, 'epoch': 185.37}
{'loss': -3.4242, 'grad_norm': 32.48085403442383, 'learning_rate': 6.97018970189702e-05, 'epoch': 186.34}
{'loss': -3.422, 'grad_norm': 28.845561981201172, 'learning_rate': 6.948509485094852e-05, 'epoch': 187.32}
{'loss': -3.4224, 'grad_norm': 29.234954833984375, 'learning_rate': 6.926829268292683e-05, 'epoch': 188.29}
{'loss': -3.4309, 'grad_norm': 20.98943519592285, 'learning_rate': 6.905149051490514e-05, 'epoch': 189.27}
{'loss': -3.4268, 'grad_norm': 29.74400520324707, 'learning_rate': 6.883468834688347e-05, 'epoch': 190.24}
{'loss': -3.4325, 'grad_norm': 27.340675354003906, 'learning_rate': 6.861788617886179e-05, 'epoch': 191.22}
{'loss': -3.4382, 'grad_norm': 15.68107795715332, 'learning_rate': 6.840108401084011e-05, 'epoch': 192.2}
{'loss': -3.4331, 'grad_norm': 21.602975845336914, 'learning_rate': 6.818428184281843e-05, 'epoch': 193.17}
{'loss': -3.4417, 'grad_norm': 34.78267288208008, 'learning_rate': 6.796747967479676e-05, 'epoch': 194.15}
{'loss': -3.4351, 'grad_norm': 34.462093353271484, 'learning_rate': 6.775067750677507e-05, 'epoch': 195.12}
{'loss': -3.4424, 'grad_norm': 35.2348747253418, 'learning_rate': 6.753387533875339e-05, 'epoch': 196.1}
{'loss': -3.4386, 'grad_norm': 20.71464729309082, 'learning_rate': 6.731707317073171e-05, 'epoch': 197.07}
{'loss': -3.4427, 'grad_norm': 28.961212158203125, 'learning_rate': 6.710027100271004e-05, 'epoch': 198.05}
{'loss': -3.4509, 'grad_norm': 25.432449340820312, 'learning_rate': 6.688346883468835e-05, 'epoch': 199.02}
{'loss': -3.4474, 'grad_norm': 34.36381530761719, 'learning_rate': 6.666666666666667e-05, 'epoch': 200.0}
{'loss': -3.4531, 'grad_norm': 28.398923873901367, 'learning_rate': 6.644986449864499e-05, 'epoch': 200.98}
{'loss': -3.458, 'grad_norm': 22.336362838745117, 'learning_rate': 6.62330623306233e-05, 'epoch': 201.95}
{'loss': -3.4572, 'grad_norm': 17.08123779296875, 'learning_rate': 6.601626016260163e-05, 'epoch': 202.93}
{'loss': -3.4606, 'grad_norm': 21.905031204223633, 'learning_rate': 6.579945799457995e-05, 'epoch': 203.9}
{'loss': -3.4591, 'grad_norm': 17.880046844482422, 'learning_rate': 6.558265582655827e-05, 'epoch': 204.88}
{'loss': -3.4641, 'grad_norm': 23.661197662353516, 'learning_rate': 6.53658536585366e-05, 'epoch': 205.85}
{'loss': -3.4651, 'grad_norm': 25.519460678100586, 'learning_rate': 6.514905149051492e-05, 'epoch': 206.83}
{'loss': -3.4671, 'grad_norm': 27.777273178100586, 'learning_rate': 6.493224932249323e-05, 'epoch': 207.8}
{'loss': -3.4698, 'grad_norm': 20.429882049560547, 'learning_rate': 6.471544715447154e-05, 'epoch': 208.78}
{'loss': -3.4697, 'grad_norm': 46.11419677734375, 'learning_rate': 6.449864498644986e-05, 'epoch': 209.76}
{'loss': -3.4717, 'grad_norm': 17.396114349365234, 'learning_rate': 6.428184281842818e-05, 'epoch': 210.73}
{'loss': -3.4695, 'grad_norm': 40.258575439453125, 'learning_rate': 6.406504065040651e-05, 'epoch': 211.71}
{'loss': -3.4757, 'grad_norm': 25.439661026000977, 'learning_rate': 6.384823848238483e-05, 'epoch': 212.68}
{'loss': -3.4751, 'grad_norm': 37.18024444580078, 'learning_rate': 6.363143631436315e-05, 'epoch': 213.66}
{'loss': -3.48, 'grad_norm': 27.275676727294922, 'learning_rate': 6.341463414634146e-05, 'epoch': 214.63}
{'loss': -3.4828, 'grad_norm': 30.543018341064453, 'learning_rate': 6.319783197831979e-05, 'epoch': 215.61}
{'loss': -3.48, 'grad_norm': 30.259536743164062, 'learning_rate': 6.298102981029811e-05, 'epoch': 216.59}
{'loss': -3.4806, 'grad_norm': 36.567955017089844, 'learning_rate': 6.276422764227643e-05, 'epoch': 217.56}
{'loss': -3.4822, 'grad_norm': 36.1365852355957, 'learning_rate': 6.254742547425476e-05, 'epoch': 218.54}
{'loss': -3.4932, 'grad_norm': 21.30809783935547, 'learning_rate': 6.233062330623306e-05, 'epoch': 219.51}
{'loss': -3.4893, 'grad_norm': 20.566551208496094, 'learning_rate': 6.211382113821137e-05, 'epoch': 220.49}
{'loss': -3.4936, 'grad_norm': 31.151628494262695, 'learning_rate': 6.18970189701897e-05, 'epoch': 221.46}
{'loss': -3.492, 'grad_norm': 26.03182029724121, 'learning_rate': 6.168021680216802e-05, 'epoch': 222.44}
{'loss': -3.4938, 'grad_norm': 33.306373596191406, 'learning_rate': 6.146341463414634e-05, 'epoch': 223.41}
{'loss': -3.5012, 'grad_norm': 27.926925659179688, 'learning_rate': 6.124661246612467e-05, 'epoch': 224.39}
{'loss': -3.4974, 'grad_norm': 17.176267623901367, 'learning_rate': 6.1029810298102984e-05, 'epoch': 225.37}
{'loss': -3.4977, 'grad_norm': 35.639190673828125, 'learning_rate': 6.081300813008131e-05, 'epoch': 226.34}
{'loss': -3.4955, 'grad_norm': 46.70051193237305, 'learning_rate': 6.059620596205963e-05, 'epoch': 227.32}
{'loss': -3.5004, 'grad_norm': 22.321746826171875, 'learning_rate': 6.0379403794037946e-05, 'epoch': 228.29}
{'loss': -3.5097, 'grad_norm': 30.923690795898438, 'learning_rate': 6.016260162601627e-05, 'epoch': 229.27}
{'loss': -3.5064, 'grad_norm': 11.310471534729004, 'learning_rate': 5.994579945799458e-05, 'epoch': 230.24}
{'loss': -3.5065, 'grad_norm': 28.828765869140625, 'learning_rate': 5.97289972899729e-05, 'epoch': 231.22}
{'loss': -3.5074, 'grad_norm': 32.11082077026367, 'learning_rate': 5.951219512195122e-05, 'epoch': 232.2}
{'loss': -3.5115, 'grad_norm': 34.63368606567383, 'learning_rate': 5.929539295392954e-05, 'epoch': 233.17}
{'loss': -3.4993, 'grad_norm': 25.7048282623291, 'learning_rate': 5.9078590785907865e-05, 'epoch': 234.15}
{'loss': -3.5172, 'grad_norm': 33.6764030456543, 'learning_rate': 5.886178861788618e-05, 'epoch': 235.12}
{'loss': -3.5125, 'grad_norm': 28.94546127319336, 'learning_rate': 5.8644986449864504e-05, 'epoch': 236.1}
{'loss': -3.5197, 'grad_norm': 34.53190994262695, 'learning_rate': 5.842818428184282e-05, 'epoch': 237.07}
{'loss': -3.5194, 'grad_norm': 33.21908187866211, 'learning_rate': 5.8211382113821144e-05, 'epoch': 238.05}
{'loss': -3.5178, 'grad_norm': 24.432785034179688, 'learning_rate': 5.799457994579947e-05, 'epoch': 239.02}
{'loss': -3.5247, 'grad_norm': 27.318918228149414, 'learning_rate': 5.7777777777777776e-05, 'epoch': 240.0}
{'loss': -3.5226, 'grad_norm': 31.18556785583496, 'learning_rate': 5.756097560975609e-05, 'epoch': 240.98}
{'loss': -3.529, 'grad_norm': 32.832298278808594, 'learning_rate': 5.7344173441734416e-05, 'epoch': 241.95}
{'loss': -3.5304, 'grad_norm': 28.856544494628906, 'learning_rate': 5.712737127371274e-05, 'epoch': 242.93}
{'loss': -3.5299, 'grad_norm': 26.460065841674805, 'learning_rate': 5.6910569105691056e-05, 'epoch': 243.9}
{'loss': -3.531, 'grad_norm': 23.6862735748291, 'learning_rate': 5.669376693766938e-05, 'epoch': 244.88}
{'loss': -3.5319, 'grad_norm': 25.545583724975586, 'learning_rate': 5.64769647696477e-05, 'epoch': 245.85}
{'loss': -3.5377, 'grad_norm': 21.656457901000977, 'learning_rate': 5.626016260162602e-05, 'epoch': 246.83}
{'loss': -3.5359, 'grad_norm': 24.26845359802246, 'learning_rate': 5.604336043360434e-05, 'epoch': 247.8}
{'loss': -3.5368, 'grad_norm': 29.53465461730957, 'learning_rate': 5.5826558265582664e-05, 'epoch': 248.78}
{'loss': -3.5382, 'grad_norm': 33.41684341430664, 'learning_rate': 5.560975609756098e-05, 'epoch': 249.76}
{'loss': -3.5404, 'grad_norm': 40.335697174072266, 'learning_rate': 5.539295392953929e-05, 'epoch': 250.73}
{'loss': -3.5402, 'grad_norm': 24.106237411499023, 'learning_rate': 5.5176151761517614e-05, 'epoch': 251.71}
{'loss': -3.5413, 'grad_norm': 22.95711326599121, 'learning_rate': 5.495934959349594e-05, 'epoch': 252.68}
{'loss': -3.5477, 'grad_norm': 27.244409561157227, 'learning_rate': 5.474254742547425e-05, 'epoch': 253.66}
{'loss': -3.5487, 'grad_norm': 27.514190673828125, 'learning_rate': 5.4525745257452576e-05, 'epoch': 254.63}
{'loss': -3.5483, 'grad_norm': 34.71371841430664, 'learning_rate': 5.43089430894309e-05, 'epoch': 255.61}
{'loss': -3.5459, 'grad_norm': 29.512826919555664, 'learning_rate': 5.4092140921409216e-05, 'epoch': 256.59}
{'loss': -3.5508, 'grad_norm': 28.64114761352539, 'learning_rate': 5.387533875338754e-05, 'epoch': 257.56}
{'loss': -3.5523, 'grad_norm': 22.312925338745117, 'learning_rate': 5.365853658536586e-05, 'epoch': 258.54}
{'loss': -3.5523, 'grad_norm': 34.37851333618164, 'learning_rate': 5.344173441734418e-05, 'epoch': 259.51}
{'loss': -3.5541, 'grad_norm': 27.8846378326416, 'learning_rate': 5.32249322493225e-05, 'epoch': 260.49}
{'loss': -3.5545, 'grad_norm': 22.344499588012695, 'learning_rate': 5.300813008130081e-05, 'epoch': 261.46}
{'loss': -3.5562, 'grad_norm': 24.306838989257812, 'learning_rate': 5.2791327913279134e-05, 'epoch': 262.44}
{'loss': -3.5596, 'grad_norm': 29.209224700927734, 'learning_rate': 5.257452574525745e-05, 'epoch': 263.41}
{'loss': -3.5641, 'grad_norm': 19.30544662475586, 'learning_rate': 5.2357723577235774e-05, 'epoch': 264.39}
{'loss': -3.5607, 'grad_norm': 29.430212020874023, 'learning_rate': 5.21409214092141e-05, 'epoch': 265.37}
{'loss': -3.5609, 'grad_norm': 38.31008529663086, 'learning_rate': 5.192411924119241e-05, 'epoch': 266.34}
{'loss': -3.561, 'grad_norm': 29.642648696899414, 'learning_rate': 5.1707317073170736e-05, 'epoch': 267.32}
{'loss': -3.563, 'grad_norm': 27.522348403930664, 'learning_rate': 5.149051490514906e-05, 'epoch': 268.29}
{'loss': -3.5622, 'grad_norm': 32.59663772583008, 'learning_rate': 5.1273712737127376e-05, 'epoch': 269.27}
{'loss': -3.5655, 'grad_norm': 37.156375885009766, 'learning_rate': 5.10569105691057e-05, 'epoch': 270.24}
{'loss': -3.5687, 'grad_norm': 20.3865909576416, 'learning_rate': 5.084010840108401e-05, 'epoch': 271.22}
{'loss': -3.5688, 'grad_norm': 42.00681686401367, 'learning_rate': 5.062330623306233e-05, 'epoch': 272.2}
{'loss': -3.5716, 'grad_norm': 28.29460334777832, 'learning_rate': 5.040650406504065e-05, 'epoch': 273.17}
{'loss': -3.5725, 'grad_norm': 31.796024322509766, 'learning_rate': 5.018970189701897e-05, 'epoch': 274.15}
{'loss': -3.5745, 'grad_norm': 17.08662986755371, 'learning_rate': 4.9972899728997294e-05, 'epoch': 275.12}
{'loss': -3.5761, 'grad_norm': 34.68450164794922, 'learning_rate': 4.975609756097561e-05, 'epoch': 276.1}
{'loss': -3.576, 'grad_norm': 32.24102020263672, 'learning_rate': 4.9539295392953934e-05, 'epoch': 277.07}
{'loss': -3.5773, 'grad_norm': 27.45193099975586, 'learning_rate': 4.932249322493225e-05, 'epoch': 278.05}
{'loss': -3.5671, 'grad_norm': 48.82170104980469, 'learning_rate': 4.910569105691057e-05, 'epoch': 279.02}
{'loss': -3.5708, 'grad_norm': 29.683422088623047, 'learning_rate': 4.888888888888889e-05, 'epoch': 280.0}
{'loss': -3.5813, 'grad_norm': 23.228954315185547, 'learning_rate': 4.867208672086721e-05, 'epoch': 280.98}
{'loss': -3.5837, 'grad_norm': 24.5521240234375, 'learning_rate': 4.845528455284553e-05, 'epoch': 281.95}
{'loss': -3.5859, 'grad_norm': 22.443758010864258, 'learning_rate': 4.823848238482385e-05, 'epoch': 282.93}
{'loss': -3.5812, 'grad_norm': 29.819860458374023, 'learning_rate': 4.8021680216802176e-05, 'epoch': 283.9}
{'loss': -3.5842, 'grad_norm': 33.312782287597656, 'learning_rate': 4.7804878048780485e-05, 'epoch': 284.88}
{'loss': -3.5854, 'grad_norm': 28.11691665649414, 'learning_rate': 4.758807588075881e-05, 'epoch': 285.85}
{'loss': -3.5905, 'grad_norm': 33.542694091796875, 'learning_rate': 4.737127371273713e-05, 'epoch': 286.83}
{'loss': -3.5923, 'grad_norm': 24.100679397583008, 'learning_rate': 4.715447154471545e-05, 'epoch': 287.8}
{'loss': -3.5946, 'grad_norm': 28.70831298828125, 'learning_rate': 4.693766937669377e-05, 'epoch': 288.78}
{'loss': -3.592, 'grad_norm': 26.865657806396484, 'learning_rate': 4.672086720867209e-05, 'epoch': 289.76}
{'loss': -3.5924, 'grad_norm': 19.111156463623047, 'learning_rate': 4.650406504065041e-05, 'epoch': 290.73}
{'loss': -3.5948, 'grad_norm': 23.472871780395508, 'learning_rate': 4.628726287262873e-05, 'epoch': 291.71}
{'loss': -3.5967, 'grad_norm': 37.54604721069336, 'learning_rate': 4.607046070460705e-05, 'epoch': 292.68}
{'loss': -3.5965, 'grad_norm': 26.1850528717041, 'learning_rate': 4.585365853658537e-05, 'epoch': 293.66}
{'loss': -3.601, 'grad_norm': 20.644521713256836, 'learning_rate': 4.563685636856368e-05, 'epoch': 294.63}
{'loss': -3.6007, 'grad_norm': 23.550437927246094, 'learning_rate': 4.5420054200542006e-05, 'epoch': 295.61}
{'loss': -3.5994, 'grad_norm': 33.51765441894531, 'learning_rate': 4.520325203252033e-05, 'epoch': 296.59}
{'loss': -3.6036, 'grad_norm': 18.779069900512695, 'learning_rate': 4.4986449864498645e-05, 'epoch': 297.56}
{'loss': -3.6028, 'grad_norm': 28.018783569335938, 'learning_rate': 4.476964769647697e-05, 'epoch': 298.54}
{'loss': -3.6, 'grad_norm': 32.496620178222656, 'learning_rate': 4.455284552845529e-05, 'epoch': 299.51}
{'loss': -3.6059, 'grad_norm': 32.75410461425781, 'learning_rate': 4.43360433604336e-05, 'epoch': 300.49}
{'loss': -3.606, 'grad_norm': 32.33481979370117, 'learning_rate': 4.4119241192411925e-05, 'epoch': 301.46}
{'loss': -3.6107, 'grad_norm': 32.741397857666016, 'learning_rate': 4.390243902439025e-05, 'epoch': 302.44}
{'loss': -3.6098, 'grad_norm': 27.812816619873047, 'learning_rate': 4.3685636856368564e-05, 'epoch': 303.41}
{'loss': -3.6129, 'grad_norm': 16.62206268310547, 'learning_rate': 4.346883468834689e-05, 'epoch': 304.39}
{'loss': -3.604, 'grad_norm': 21.89934730529785, 'learning_rate': 4.3252032520325204e-05, 'epoch': 305.37}
{'loss': -3.6154, 'grad_norm': 28.31683349609375, 'learning_rate': 4.303523035230353e-05, 'epoch': 306.34}
{'loss': -3.6112, 'grad_norm': 14.13670825958252, 'learning_rate': 4.281842818428184e-05, 'epoch': 307.32}
{'loss': -3.6156, 'grad_norm': 25.260164260864258, 'learning_rate': 4.2601626016260166e-05, 'epoch': 308.29}
{'loss': -3.6165, 'grad_norm': 28.468875885009766, 'learning_rate': 4.238482384823849e-05, 'epoch': 309.27}
{'loss': -3.6164, 'grad_norm': 37.93560791015625, 'learning_rate': 4.21680216802168e-05, 'epoch': 310.24}
{'loss': -3.6196, 'grad_norm': 28.953983306884766, 'learning_rate': 4.195121951219512e-05, 'epoch': 311.22}
{'loss': -3.6205, 'grad_norm': 27.328733444213867, 'learning_rate': 4.1734417344173445e-05, 'epoch': 312.2}
{'loss': -3.6204, 'grad_norm': 21.10174560546875, 'learning_rate': 4.151761517615176e-05, 'epoch': 313.17}
{'loss': -3.6198, 'grad_norm': 41.50017166137695, 'learning_rate': 4.1300813008130085e-05, 'epoch': 314.15}
{'loss': -3.6172, 'grad_norm': 30.082101821899414, 'learning_rate': 4.108401084010841e-05, 'epoch': 315.12}
{'loss': -3.623, 'grad_norm': 37.5234260559082, 'learning_rate': 4.0867208672086724e-05, 'epoch': 316.1}
{'loss': -3.6215, 'grad_norm': 33.80427169799805, 'learning_rate': 4.065040650406504e-05, 'epoch': 317.07}
{'loss': -3.6265, 'grad_norm': 22.74439811706543, 'learning_rate': 4.0433604336043364e-05, 'epoch': 318.05}
{'loss': -3.6263, 'grad_norm': 30.506935119628906, 'learning_rate': 4.021680216802168e-05, 'epoch': 319.02}
{'loss': -3.6305, 'grad_norm': 25.37301254272461, 'learning_rate': 4e-05, 'epoch': 320.0}
{'loss': -3.6281, 'grad_norm': 31.640464782714844, 'learning_rate': 3.978319783197832e-05, 'epoch': 320.98}
{'loss': -3.6266, 'grad_norm': 21.376880645751953, 'learning_rate': 3.956639566395664e-05, 'epoch': 321.95}
{'loss': -3.6332, 'grad_norm': 25.14430046081543, 'learning_rate': 3.934959349593496e-05, 'epoch': 322.93}
{'loss': -3.6279, 'grad_norm': 28.81498908996582, 'learning_rate': 3.913279132791328e-05, 'epoch': 323.9}
{'loss': -3.6295, 'grad_norm': 27.20465850830078, 'learning_rate': 3.8915989159891605e-05, 'epoch': 324.88}
{'loss': -3.6321, 'grad_norm': 29.846269607543945, 'learning_rate': 3.8699186991869915e-05, 'epoch': 325.85}
{'loss': -3.6329, 'grad_norm': 25.510562896728516, 'learning_rate': 3.848238482384824e-05, 'epoch': 326.83}
{'loss': -3.6363, 'grad_norm': 27.92112159729004, 'learning_rate': 3.826558265582656e-05, 'epoch': 327.8}
{'loss': -3.6366, 'grad_norm': 16.55032730102539, 'learning_rate': 3.804878048780488e-05, 'epoch': 328.78}
{'loss': -3.6385, 'grad_norm': 28.434925079345703, 'learning_rate': 3.78319783197832e-05, 'epoch': 329.76}
{'loss': -3.6404, 'grad_norm': 27.87997817993164, 'learning_rate': 3.7615176151761524e-05, 'epoch': 330.73}
{'loss': -3.6424, 'grad_norm': 22.003314971923828, 'learning_rate': 3.739837398373984e-05, 'epoch': 331.71}
{'loss': -3.6392, 'grad_norm': 25.44766616821289, 'learning_rate': 3.718157181571816e-05, 'epoch': 332.68}
{'loss': -3.6412, 'grad_norm': 22.967376708984375, 'learning_rate': 3.696476964769648e-05, 'epoch': 333.66}
{'loss': -3.6407, 'grad_norm': 28.90680694580078, 'learning_rate': 3.67479674796748e-05, 'epoch': 334.63}
{'loss': -3.6404, 'grad_norm': 22.13951301574707, 'learning_rate': 3.653116531165312e-05, 'epoch': 335.61}
{'loss': -3.6439, 'grad_norm': 23.33722686767578, 'learning_rate': 3.6314363143631436e-05, 'epoch': 336.59}
{'loss': -3.6454, 'grad_norm': 26.094331741333008, 'learning_rate': 3.609756097560976e-05, 'epoch': 337.56}
{'loss': -3.6481, 'grad_norm': 18.30739402770996, 'learning_rate': 3.5880758807588075e-05, 'epoch': 338.54}
{'loss': -3.644, 'grad_norm': 32.100215911865234, 'learning_rate': 3.56639566395664e-05, 'epoch': 339.51}
{'loss': -3.6493, 'grad_norm': 19.130449295043945, 'learning_rate': 3.544715447154472e-05, 'epoch': 340.49}
{'loss': -3.6513, 'grad_norm': 23.329809188842773, 'learning_rate': 3.523035230352303e-05, 'epoch': 341.46}
{'loss': -3.6501, 'grad_norm': 21.244897842407227, 'learning_rate': 3.5013550135501354e-05, 'epoch': 342.44}
{'loss': -3.6495, 'grad_norm': 22.766551971435547, 'learning_rate': 3.479674796747968e-05, 'epoch': 343.41}
{'loss': -3.6515, 'grad_norm': 23.04486083984375, 'learning_rate': 3.4579945799457994e-05, 'epoch': 344.39}
{'loss': -3.651, 'grad_norm': 31.459802627563477, 'learning_rate': 3.436314363143632e-05, 'epoch': 345.37}
{'loss': -3.6524, 'grad_norm': 23.381044387817383, 'learning_rate': 3.414634146341464e-05, 'epoch': 346.34}
{'loss': -3.6507, 'grad_norm': 14.257346153259277, 'learning_rate': 3.3929539295392956e-05, 'epoch': 347.32}
{'loss': -3.653, 'grad_norm': 32.652706146240234, 'learning_rate': 3.371273712737127e-05, 'epoch': 348.29}
{'loss': -3.6543, 'grad_norm': 21.060739517211914, 'learning_rate': 3.3495934959349596e-05, 'epoch': 349.27}
{'loss': -3.6527, 'grad_norm': 34.10486602783203, 'learning_rate': 3.327913279132792e-05, 'epoch': 350.24}
{'loss': -3.6557, 'grad_norm': 32.029239654541016, 'learning_rate': 3.3062330623306235e-05, 'epoch': 351.22}
{'loss': -3.6543, 'grad_norm': 20.578420639038086, 'learning_rate': 3.284552845528455e-05, 'epoch': 352.2}
{'loss': -3.6587, 'grad_norm': 36.645355224609375, 'learning_rate': 3.2628726287262875e-05, 'epoch': 353.17}
{'loss': -3.6545, 'grad_norm': 32.39839553833008, 'learning_rate': 3.241192411924119e-05, 'epoch': 354.15}
{'loss': -3.6628, 'grad_norm': 27.856122970581055, 'learning_rate': 3.2195121951219514e-05, 'epoch': 355.12}
{'loss': -3.6641, 'grad_norm': 20.034584045410156, 'learning_rate': 3.197831978319784e-05, 'epoch': 356.1}
{'loss': -3.6655, 'grad_norm': 12.029464721679688, 'learning_rate': 3.1761517615176154e-05, 'epoch': 357.07}
{'loss': -3.6633, 'grad_norm': 30.52127456665039, 'learning_rate': 3.154471544715447e-05, 'epoch': 358.05}
{'loss': -3.6633, 'grad_norm': 21.80384635925293, 'learning_rate': 3.1327913279132794e-05, 'epoch': 359.02}
{'loss': -3.6653, 'grad_norm': 21.163856506347656, 'learning_rate': 3.111111111111111e-05, 'epoch': 360.0}
{'loss': -3.6634, 'grad_norm': 36.50647735595703, 'learning_rate': 3.089430894308943e-05, 'epoch': 360.98}
{'loss': -3.6645, 'grad_norm': 19.391611099243164, 'learning_rate': 3.0677506775067756e-05, 'epoch': 361.95}
{'loss': -3.6674, 'grad_norm': 12.58298110961914, 'learning_rate': 3.046070460704607e-05, 'epoch': 362.93}
{'loss': -3.6686, 'grad_norm': 27.31346893310547, 'learning_rate': 3.0243902439024392e-05, 'epoch': 363.9}
{'loss': -3.672, 'grad_norm': 19.6715145111084, 'learning_rate': 3.0027100271002712e-05, 'epoch': 364.88}
{'loss': -3.6653, 'grad_norm': 39.79636764526367, 'learning_rate': 2.9810298102981032e-05, 'epoch': 365.85}
{'loss': -3.67, 'grad_norm': 36.674312591552734, 'learning_rate': 2.959349593495935e-05, 'epoch': 366.83}
{'loss': -3.6718, 'grad_norm': 13.828815460205078, 'learning_rate': 2.9376693766937668e-05, 'epoch': 367.8}
{'loss': -3.6718, 'grad_norm': 14.064088821411133, 'learning_rate': 2.9159891598915988e-05, 'epoch': 368.78}
{'loss': -3.6679, 'grad_norm': 28.976362228393555, 'learning_rate': 2.894308943089431e-05, 'epoch': 369.76}
{'loss': -3.6703, 'grad_norm': 40.392242431640625, 'learning_rate': 2.872628726287263e-05, 'epoch': 370.73}
{'loss': -3.6727, 'grad_norm': 23.61750030517578, 'learning_rate': 2.850948509485095e-05, 'epoch': 371.71}
{'loss': -3.6756, 'grad_norm': 19.011301040649414, 'learning_rate': 2.8292682926829267e-05, 'epoch': 372.68}
{'loss': -3.6745, 'grad_norm': 23.886016845703125, 'learning_rate': 2.8075880758807586e-05, 'epoch': 373.66}
{'loss': -3.6743, 'grad_norm': 23.8984317779541, 'learning_rate': 2.785907859078591e-05, 'epoch': 374.63}
{'loss': -3.677, 'grad_norm': 27.66878318786621, 'learning_rate': 2.764227642276423e-05, 'epoch': 375.61}
{'loss': -3.6783, 'grad_norm': 19.665029525756836, 'learning_rate': 2.742547425474255e-05, 'epoch': 376.59}
{'loss': -3.6788, 'grad_norm': 32.41898727416992, 'learning_rate': 2.7208672086720872e-05, 'epoch': 377.56}
{'loss': -3.6802, 'grad_norm': 18.35641860961914, 'learning_rate': 2.6991869918699185e-05, 'epoch': 378.54}
{'loss': -3.6762, 'grad_norm': 35.41276168823242, 'learning_rate': 2.677506775067751e-05, 'epoch': 379.51}
{'loss': -3.6827, 'grad_norm': 26.27145004272461, 'learning_rate': 2.6558265582655828e-05, 'epoch': 380.49}
{'loss': -3.6832, 'grad_norm': 23.64405632019043, 'learning_rate': 2.6341463414634148e-05, 'epoch': 381.46}
{'loss': -3.6815, 'grad_norm': 30.18195915222168, 'learning_rate': 2.612466124661247e-05, 'epoch': 382.44}
{'loss': -3.6861, 'grad_norm': 24.30144500732422, 'learning_rate': 2.5907859078590784e-05, 'epoch': 383.41}
{'loss': -3.6847, 'grad_norm': 12.691217422485352, 'learning_rate': 2.5691056910569107e-05, 'epoch': 384.39}
{'loss': -3.6809, 'grad_norm': 23.571199417114258, 'learning_rate': 2.5474254742547427e-05, 'epoch': 385.37}
{'loss': -3.6869, 'grad_norm': 21.794363021850586, 'learning_rate': 2.5257452574525747e-05, 'epoch': 386.34}
{'loss': -3.6847, 'grad_norm': 22.874135971069336, 'learning_rate': 2.5040650406504066e-05, 'epoch': 387.32}
{'loss': -3.6853, 'grad_norm': 20.13962745666504, 'learning_rate': 2.4823848238482386e-05, 'epoch': 388.29}
{'loss': -3.6878, 'grad_norm': 19.55760955810547, 'learning_rate': 2.4607046070460706e-05, 'epoch': 389.27}
{'loss': -3.6883, 'grad_norm': 22.60401153564453, 'learning_rate': 2.4390243902439026e-05, 'epoch': 390.24}
{'loss': -3.6853, 'grad_norm': 19.280317306518555, 'learning_rate': 2.4173441734417345e-05, 'epoch': 391.22}
{'loss': -3.69, 'grad_norm': 24.245750427246094, 'learning_rate': 2.3956639566395665e-05, 'epoch': 392.2}
{'loss': -3.6895, 'grad_norm': 22.781272888183594, 'learning_rate': 2.3739837398373985e-05, 'epoch': 393.17}
{'loss': -3.6909, 'grad_norm': 18.08595848083496, 'learning_rate': 2.3523035230352305e-05, 'epoch': 394.15}
{'loss': -3.6864, 'grad_norm': 36.683265686035156, 'learning_rate': 2.3306233062330625e-05, 'epoch': 395.12}
{'loss': -3.6922, 'grad_norm': 19.69326400756836, 'learning_rate': 2.3089430894308944e-05, 'epoch': 396.1}
{'loss': -3.6939, 'grad_norm': 23.44099235534668, 'learning_rate': 2.2872628726287264e-05, 'epoch': 397.07}
{'loss': -3.6935, 'grad_norm': 24.852806091308594, 'learning_rate': 2.2655826558265584e-05, 'epoch': 398.05}
{'loss': -3.695, 'grad_norm': 10.478455543518066, 'learning_rate': 2.2439024390243904e-05, 'epoch': 399.02}
{'loss': -3.695, 'grad_norm': 22.261489868164062, 'learning_rate': 2.2222222222222223e-05, 'epoch': 400.0}
{'loss': -3.6947, 'grad_norm': 19.73946189880371, 'learning_rate': 2.2005420054200543e-05, 'epoch': 400.98}
{'loss': -3.6973, 'grad_norm': 19.411598205566406, 'learning_rate': 2.1788617886178863e-05, 'epoch': 401.95}
{'loss': -3.6974, 'grad_norm': 12.337545394897461, 'learning_rate': 2.1571815718157183e-05, 'epoch': 402.93}
{'loss': -3.6941, 'grad_norm': 28.219676971435547, 'learning_rate': 2.1355013550135502e-05, 'epoch': 403.9}
{'loss': -3.6978, 'grad_norm': 24.74953842163086, 'learning_rate': 2.1138211382113822e-05, 'epoch': 404.88}
{'loss': -3.6983, 'grad_norm': 21.203418731689453, 'learning_rate': 2.0921409214092142e-05, 'epoch': 405.85}
{'loss': -3.7009, 'grad_norm': 14.935467720031738, 'learning_rate': 2.070460704607046e-05, 'epoch': 406.83}
{'loss': -3.7014, 'grad_norm': 18.54068374633789, 'learning_rate': 2.048780487804878e-05, 'epoch': 407.8}
{'loss': -3.7, 'grad_norm': 22.766891479492188, 'learning_rate': 2.02710027100271e-05, 'epoch': 408.78}
{'loss': -3.6993, 'grad_norm': 37.364681243896484, 'learning_rate': 2.005420054200542e-05, 'epoch': 409.76}
{'loss': -3.7007, 'grad_norm': 33.98575973510742, 'learning_rate': 1.983739837398374e-05, 'epoch': 410.73}
{'loss': -3.6997, 'grad_norm': 21.787668228149414, 'learning_rate': 1.962059620596206e-05, 'epoch': 411.71}
{'loss': -3.6999, 'grad_norm': 12.37502384185791, 'learning_rate': 1.940379403794038e-05, 'epoch': 412.68}
{'loss': -3.701, 'grad_norm': 21.723058700561523, 'learning_rate': 1.91869918699187e-05, 'epoch': 413.66}
{'loss': -3.7032, 'grad_norm': 9.77010726928711, 'learning_rate': 1.897018970189702e-05, 'epoch': 414.63}
{'loss': -3.7052, 'grad_norm': 24.195632934570312, 'learning_rate': 1.875338753387534e-05, 'epoch': 415.61}
{'loss': -3.7018, 'grad_norm': 32.601715087890625, 'learning_rate': 1.853658536585366e-05, 'epoch': 416.59}
{'loss': -3.7057, 'grad_norm': 21.51625633239746, 'learning_rate': 1.831978319783198e-05, 'epoch': 417.56}
{'loss': -3.7048, 'grad_norm': 37.62889862060547, 'learning_rate': 1.81029810298103e-05, 'epoch': 418.54}
{'loss': -3.7062, 'grad_norm': 25.96055030822754, 'learning_rate': 1.788617886178862e-05, 'epoch': 419.51}
{'loss': -3.7069, 'grad_norm': 27.159420013427734, 'learning_rate': 1.7669376693766938e-05, 'epoch': 420.49}
{'loss': -3.7105, 'grad_norm': 14.524620056152344, 'learning_rate': 1.7452574525745258e-05, 'epoch': 421.46}
{'loss': -3.7084, 'grad_norm': 12.541797637939453, 'learning_rate': 1.7235772357723578e-05, 'epoch': 422.44}
{'loss': -3.7093, 'grad_norm': 27.003097534179688, 'learning_rate': 1.7018970189701897e-05, 'epoch': 423.41}
{'loss': -3.7096, 'grad_norm': 16.760950088500977, 'learning_rate': 1.6802168021680217e-05, 'epoch': 424.39}
{'loss': -3.7092, 'grad_norm': 15.90625, 'learning_rate': 1.6585365853658537e-05, 'epoch': 425.37}
{'loss': -3.7106, 'grad_norm': 9.906206130981445, 'learning_rate': 1.6368563685636857e-05, 'epoch': 426.34}
{'loss': -3.7106, 'grad_norm': 16.43934440612793, 'learning_rate': 1.6151761517615176e-05, 'epoch': 427.32}
{'loss': -3.711, 'grad_norm': 16.61984634399414, 'learning_rate': 1.5934959349593496e-05, 'epoch': 428.29}
{'loss': -3.7132, 'grad_norm': 16.728715896606445, 'learning_rate': 1.5718157181571816e-05, 'epoch': 429.27}
{'loss': -3.7117, 'grad_norm': 19.691511154174805, 'learning_rate': 1.5501355013550136e-05, 'epoch': 430.24}
{'loss': -3.712, 'grad_norm': 23.765439987182617, 'learning_rate': 1.5284552845528455e-05, 'epoch': 431.22}
{'loss': -3.7147, 'grad_norm': 14.25119400024414, 'learning_rate': 1.5067750677506775e-05, 'epoch': 432.2}
{'loss': -3.7153, 'grad_norm': 16.360017776489258, 'learning_rate': 1.4850948509485097e-05, 'epoch': 433.17}
{'loss': -3.7132, 'grad_norm': 12.420685768127441, 'learning_rate': 1.4634146341463415e-05, 'epoch': 434.15}
{'loss': -3.715, 'grad_norm': 15.686107635498047, 'learning_rate': 1.4417344173441735e-05, 'epoch': 435.12}
{'loss': -3.7163, 'grad_norm': 25.728511810302734, 'learning_rate': 1.4200542005420056e-05, 'epoch': 436.1}
{'loss': -3.7166, 'grad_norm': 12.915633201599121, 'learning_rate': 1.3983739837398374e-05, 'epoch': 437.07}
{'loss': -3.7168, 'grad_norm': 24.586217880249023, 'learning_rate': 1.3766937669376695e-05, 'epoch': 438.05}
{'loss': -3.7183, 'grad_norm': 22.111440658569336, 'learning_rate': 1.3550135501355014e-05, 'epoch': 439.02}
{'loss': -3.7191, 'grad_norm': 14.952692031860352, 'learning_rate': 1.3333333333333333e-05, 'epoch': 440.0}
{'loss': -3.7178, 'grad_norm': 23.54009246826172, 'learning_rate': 1.3116531165311655e-05, 'epoch': 440.98}
{'loss': -3.7164, 'grad_norm': 24.897550582885742, 'learning_rate': 1.2899728997289973e-05, 'epoch': 441.95}
{'loss': -3.7191, 'grad_norm': 9.377216339111328, 'learning_rate': 1.2682926829268294e-05, 'epoch': 442.93}
{'loss': -3.7197, 'grad_norm': 24.340129852294922, 'learning_rate': 1.2466124661246612e-05, 'epoch': 443.9}
{'loss': -3.7194, 'grad_norm': 21.27461051940918, 'learning_rate': 1.2249322493224932e-05, 'epoch': 444.88}
{'loss': -3.7195, 'grad_norm': 20.197071075439453, 'learning_rate': 1.2032520325203254e-05, 'epoch': 445.85}
{'loss': -3.7229, 'grad_norm': 11.604154586791992, 'learning_rate': 1.1815718157181573e-05, 'epoch': 446.83}
{'loss': -3.7212, 'grad_norm': 23.29219627380371, 'learning_rate': 1.1598915989159891e-05, 'epoch': 447.8}
{'loss': -3.7213, 'grad_norm': 11.965843200683594, 'learning_rate': 1.1382113821138211e-05, 'epoch': 448.78}
{'loss': -3.722, 'grad_norm': 10.684013366699219, 'learning_rate': 1.1165311653116533e-05, 'epoch': 449.76}
{'loss': -3.7233, 'grad_norm': 16.48096466064453, 'learning_rate': 1.0948509485094852e-05, 'epoch': 450.73}
{'loss': -3.7221, 'grad_norm': 13.939501762390137, 'learning_rate': 1.073170731707317e-05, 'epoch': 451.71}
{'loss': -3.7234, 'grad_norm': 14.707560539245605, 'learning_rate': 1.051490514905149e-05, 'epoch': 452.68}
{'loss': -3.7248, 'grad_norm': 9.71217155456543, 'learning_rate': 1.0298102981029812e-05, 'epoch': 453.66}
{'loss': -3.723, 'grad_norm': 11.522334098815918, 'learning_rate': 1.0081300813008131e-05, 'epoch': 454.63}
{'loss': -3.7234, 'grad_norm': 12.552528381347656, 'learning_rate': 9.86449864498645e-06, 'epoch': 455.61}
{'loss': -3.7256, 'grad_norm': 21.658496856689453, 'learning_rate': 9.647696476964769e-06, 'epoch': 456.59}
{'loss': -3.7265, 'grad_norm': 11.71566390991211, 'learning_rate': 9.43089430894309e-06, 'epoch': 457.56}
{'loss': -3.7267, 'grad_norm': 8.531559944152832, 'learning_rate': 9.21409214092141e-06, 'epoch': 458.54}
{'loss': -3.7267, 'grad_norm': 14.177430152893066, 'learning_rate': 8.997289972899728e-06, 'epoch': 459.51}
{'loss': -3.7267, 'grad_norm': 16.46173858642578, 'learning_rate': 8.780487804878048e-06, 'epoch': 460.49}
{'loss': -3.7262, 'grad_norm': 12.2652006149292, 'learning_rate': 8.56368563685637e-06, 'epoch': 461.46}
{'loss': -3.7283, 'grad_norm': 12.424278259277344, 'learning_rate': 8.34688346883469e-06, 'epoch': 462.44}
{'loss': -3.728, 'grad_norm': 13.669794082641602, 'learning_rate': 8.130081300813009e-06, 'epoch': 463.41}
{'loss': -3.7273, 'grad_norm': 8.754596710205078, 'learning_rate': 7.913279132791327e-06, 'epoch': 464.39}
{'loss': -3.7303, 'grad_norm': 12.812857627868652, 'learning_rate': 7.696476964769649e-06, 'epoch': 465.37}
{'loss': -3.7297, 'grad_norm': 12.649271965026855, 'learning_rate': 7.479674796747968e-06, 'epoch': 466.34}
{'loss': -3.7297, 'grad_norm': 20.851173400878906, 'learning_rate': 7.262872628726287e-06, 'epoch': 467.32}
{'loss': -3.7302, 'grad_norm': 28.87346076965332, 'learning_rate': 7.046070460704607e-06, 'epoch': 468.29}
{'loss': -3.7303, 'grad_norm': 14.923653602600098, 'learning_rate': 6.829268292682928e-06, 'epoch': 469.27}
{'loss': -3.7308, 'grad_norm': 7.656982421875, 'learning_rate': 6.6124661246612474e-06, 'epoch': 470.24}
{'loss': -3.7305, 'grad_norm': 13.697283744812012, 'learning_rate': 6.395663956639566e-06, 'epoch': 471.22}
{'loss': -3.7305, 'grad_norm': 14.080710411071777, 'learning_rate': 6.178861788617887e-06, 'epoch': 472.2}
{'loss': -3.731, 'grad_norm': 6.871309757232666, 'learning_rate': 5.962059620596206e-06, 'epoch': 473.17}
{'loss': -3.7307, 'grad_norm': 9.846516609191895, 'learning_rate': 5.7452574525745265e-06, 'epoch': 474.15}
{'loss': -3.7314, 'grad_norm': 19.910358428955078, 'learning_rate': 5.528455284552845e-06, 'epoch': 475.12}
{'loss': -3.733, 'grad_norm': 6.142087459564209, 'learning_rate': 5.311653116531166e-06, 'epoch': 476.1}
{'loss': -3.7333, 'grad_norm': 13.338057518005371, 'learning_rate': 5.094850948509485e-06, 'epoch': 477.07}
{'loss': -3.7315, 'grad_norm': 9.311261177062988, 'learning_rate': 4.8780487804878055e-06, 'epoch': 478.05}
{'loss': -3.7331, 'grad_norm': 19.503807067871094, 'learning_rate': 4.661246612466124e-06, 'epoch': 479.02}
{'loss': -3.7335, 'grad_norm': 9.733603477478027, 'learning_rate': 4.444444444444445e-06, 'epoch': 480.0}
{'loss': -3.734, 'grad_norm': 8.618978500366211, 'learning_rate': 4.227642276422764e-06, 'epoch': 480.98}
{'loss': -3.7339, 'grad_norm': 9.60515022277832, 'learning_rate': 4.0108401084010845e-06, 'epoch': 481.95}
{'loss': -3.7347, 'grad_norm': 10.410331726074219, 'learning_rate': 3.794037940379404e-06, 'epoch': 482.93}
{'loss': -3.7351, 'grad_norm': 7.684520721435547, 'learning_rate': 3.577235772357724e-06, 'epoch': 483.9}
{'loss': -3.7347, 'grad_norm': 13.639472961425781, 'learning_rate': 3.3604336043360434e-06, 'epoch': 484.88}
{'loss': -3.7355, 'grad_norm': 5.188484191894531, 'learning_rate': 3.1436314363143635e-06, 'epoch': 485.85}
{'loss': -3.7367, 'grad_norm': 11.914443016052246, 'learning_rate': 2.9268292682926833e-06, 'epoch': 486.83}
{'loss': -3.7355, 'grad_norm': 5.793010234832764, 'learning_rate': 2.710027100271003e-06, 'epoch': 487.8}
{'loss': -3.7363, 'grad_norm': 6.867642879486084, 'learning_rate': 2.493224932249323e-06, 'epoch': 488.78}
{'loss': -3.7364, 'grad_norm': 6.2472124099731445, 'learning_rate': 2.2764227642276426e-06, 'epoch': 489.76}
{'loss': -3.7357, 'grad_norm': 5.769421577453613, 'learning_rate': 2.0596205962059623e-06, 'epoch': 490.73}
{'loss': -3.7354, 'grad_norm': 7.116944313049316, 'learning_rate': 1.842818428184282e-06, 'epoch': 491.71}
{'loss': -3.7375, 'grad_norm': 8.840848922729492, 'learning_rate': 1.6260162601626018e-06, 'epoch': 492.68}
{'loss': -3.7372, 'grad_norm': 4.51912784576416, 'learning_rate': 1.4092140921409214e-06, 'epoch': 493.66}
{'loss': -3.7361, 'grad_norm': 6.562585830688477, 'learning_rate': 1.1924119241192413e-06, 'epoch': 494.63}
{'loss': -3.7376, 'grad_norm': 7.116700649261475, 'learning_rate': 9.75609756097561e-07, 'epoch': 495.61}
{'loss': -3.7378, 'grad_norm': 8.575797080993652, 'learning_rate': 7.588075880758807e-07, 'epoch': 496.59}
{'loss': -3.7361, 'grad_norm': 4.965170860290527, 'learning_rate': 5.420054200542006e-07, 'epoch': 497.56}
{'loss': -3.737, 'grad_norm': 3.914137601852417, 'learning_rate': 3.2520325203252037e-07, 'epoch': 498.54}
{'loss': -3.7366, 'grad_norm': 4.61729097366333, 'learning_rate': 1.0840108401084011e-07, 'epoch': 499.51}
{'train_runtime': 10302.6935, 'train_samples_per_second': 17642.231, 'train_steps_per_second': 1.99, 'train_loss': -3.3335574358265574, 'epoch': 500.0}
========== Model is trained ==========
========== Model is in evaluation mode ==========
=== Model is saved, at /proj/gaia/RayDT/dataset/processed_data/../../outputs/huggingface_test_result_noise_20/models/huggingface_trained_dt_noise_20_20240822-194516_3/ ===
Finished concurrent execution of tasks.
Ending time: Thu Aug 22 22:37:08 CEST 2024
