Starting time: Thu Aug 22 19:44:38 CEST 2024
no change     /proj/gaia/RayDT/mamba_ray/condabin/conda
no change     /proj/gaia/RayDT/mamba_ray/bin/conda
no change     /proj/gaia/RayDT/mamba_ray/bin/conda-env
no change     /proj/gaia/RayDT/mamba_ray/bin/activate
no change     /proj/gaia/RayDT/mamba_ray/bin/deactivate
no change     /proj/gaia/RayDT/mamba_ray/etc/profile.d/conda.sh
no change     /proj/gaia/RayDT/mamba_ray/etc/fish/conf.d/conda.fish
no change     /proj/gaia/RayDT/mamba_ray/shell/condabin/Conda.psm1
no change     /proj/gaia/RayDT/mamba_ray/shell/condabin/conda-hook.ps1
no change     /proj/gaia/RayDT/mamba_ray/lib/python3.10/site-packages/xontrib/conda.xsh
no change     /proj/gaia/RayDT/mamba_ray/etc/profile.d/conda.csh
no change     /home/x_yifji/.bashrc
No action taken.
config =  {'env_index': 2, 'add_surface_index': False, 'eval_from': None, 'test_seed': 42, 'test_data': 'test', 'Tx_id': 0, 'allTx': True, 'Rx_id': None, 'Rx1_id': None, 'Rx2_id': None, 'debug_path_flag': False, 'path_id': 6, 'add_noise': False, 'optim_load': False, 'small_batch': False, 'big_batch': False, 'debug': False, 'produce_fig': False, 'wandb': True, 'replot_baseline_only': False, 'Ofunc': False, 'noise_sample': 20, 'path': None, 'data_postfix': '', 'data_prefix': 'allTx', 'gen_func': <function gen_data_sample_across_rx at 0x151e0ab14d30>}
========== Training config ==========
Found matching repo for training dataset: allTx_HFds__noise_20__20240821_021540_env_index_2
========== loading Data from /proj/gaia/RayDT/dataset/processed_data/trainwoAug/all_Tx_data/allTx_HFds__noise_20__20240821_021540_env_index_2 ==========
========== Training Data is loaded ==========
========== Model is initialized ==========
{'loss': -0.1776, 'grad_norm': 2.375188112258911, 'learning_rate': 1.951219512195122e-06, 'epoch': 0.98}
{'loss': -0.192, 'grad_norm': 2.3157620429992676, 'learning_rate': 3.902439024390244e-06, 'epoch': 1.95}
{'loss': -0.2195, 'grad_norm': 2.190274715423584, 'learning_rate': 5.853658536585367e-06, 'epoch': 2.93}
{'loss': -0.2591, 'grad_norm': 2.0127317905426025, 'learning_rate': 7.804878048780489e-06, 'epoch': 3.9}
{'loss': -0.3137, 'grad_norm': 1.7669963836669922, 'learning_rate': 9.756097560975611e-06, 'epoch': 4.88}
{'loss': -0.3883, 'grad_norm': 1.2397674322128296, 'learning_rate': 1.1707317073170733e-05, 'epoch': 5.85}
{'loss': -0.4746, 'grad_norm': 0.5809158086776733, 'learning_rate': 1.3658536585365855e-05, 'epoch': 6.83}
{'loss': -0.5657, 'grad_norm': 0.5886022448539734, 'learning_rate': 1.5609756097560978e-05, 'epoch': 7.8}
{'loss': -0.6779, 'grad_norm': 0.83317631483078, 'learning_rate': 1.7560975609756096e-05, 'epoch': 8.78}
{'loss': -0.8103, 'grad_norm': 1.0354259014129639, 'learning_rate': 1.9512195121951222e-05, 'epoch': 9.76}
{'loss': -0.9391, 'grad_norm': 0.806294322013855, 'learning_rate': 2.146341463414634e-05, 'epoch': 10.73}
{'loss': -1.0538, 'grad_norm': 0.5086732506752014, 'learning_rate': 2.3414634146341466e-05, 'epoch': 11.71}
{'loss': -1.1722, 'grad_norm': 0.5425368547439575, 'learning_rate': 2.536585365853659e-05, 'epoch': 12.68}
{'loss': -1.2969, 'grad_norm': 0.708374559879303, 'learning_rate': 2.731707317073171e-05, 'epoch': 13.66}
{'loss': -1.435, 'grad_norm': 0.5915566682815552, 'learning_rate': 2.926829268292683e-05, 'epoch': 14.63}
{'loss': -1.5612, 'grad_norm': 0.8311083912849426, 'learning_rate': 3.1219512195121955e-05, 'epoch': 15.61}
{'loss': -1.6764, 'grad_norm': 0.8094061017036438, 'learning_rate': 3.3170731707317074e-05, 'epoch': 16.59}
{'loss': -1.78, 'grad_norm': 1.5722484588623047, 'learning_rate': 3.512195121951219e-05, 'epoch': 17.56}
{'loss': -1.8615, 'grad_norm': 1.8309932947158813, 'learning_rate': 3.707317073170732e-05, 'epoch': 18.54}
{'loss': -1.9428, 'grad_norm': 2.6938576698303223, 'learning_rate': 3.9024390243902444e-05, 'epoch': 19.51}
{'loss': -2.0148, 'grad_norm': 1.6019072532653809, 'learning_rate': 4.097560975609756e-05, 'epoch': 20.49}
{'loss': -2.0761, 'grad_norm': 1.9461469650268555, 'learning_rate': 4.292682926829268e-05, 'epoch': 21.46}
{'loss': -2.1334, 'grad_norm': 2.8512542247772217, 'learning_rate': 4.487804878048781e-05, 'epoch': 22.44}
{'loss': -2.1854, 'grad_norm': 2.380566120147705, 'learning_rate': 4.682926829268293e-05, 'epoch': 23.41}
{'loss': -2.2385, 'grad_norm': 2.7280657291412354, 'learning_rate': 4.878048780487805e-05, 'epoch': 24.39}
{'loss': -2.2794, 'grad_norm': 1.8347185850143433, 'learning_rate': 5.073170731707318e-05, 'epoch': 25.37}
{'loss': -2.315, 'grad_norm': 1.6144804954528809, 'learning_rate': 5.2682926829268296e-05, 'epoch': 26.34}
{'loss': -2.3464, 'grad_norm': 3.6218793392181396, 'learning_rate': 5.463414634146342e-05, 'epoch': 27.32}
{'loss': -2.3791, 'grad_norm': 4.696012496948242, 'learning_rate': 5.6585365853658533e-05, 'epoch': 28.29}
{'loss': -2.4073, 'grad_norm': 1.8784536123275757, 'learning_rate': 5.853658536585366e-05, 'epoch': 29.27}
{'loss': -2.4351, 'grad_norm': 5.5617594718933105, 'learning_rate': 6.0487804878048785e-05, 'epoch': 30.24}
{'loss': -2.4588, 'grad_norm': 3.2866177558898926, 'learning_rate': 6.243902439024391e-05, 'epoch': 31.22}
{'loss': -2.4788, 'grad_norm': 7.359110355377197, 'learning_rate': 6.439024390243903e-05, 'epoch': 32.2}
{'loss': -2.4987, 'grad_norm': 5.620543003082275, 'learning_rate': 6.634146341463415e-05, 'epoch': 33.17}
{'loss': -2.519, 'grad_norm': 5.491387367248535, 'learning_rate': 6.829268292682928e-05, 'epoch': 34.15}
{'loss': -2.5367, 'grad_norm': 6.873387813568115, 'learning_rate': 7.024390243902439e-05, 'epoch': 35.12}
{'loss': -2.5556, 'grad_norm': 5.589235782623291, 'learning_rate': 7.219512195121952e-05, 'epoch': 36.1}
{'loss': -2.5746, 'grad_norm': 8.473344802856445, 'learning_rate': 7.414634146341464e-05, 'epoch': 37.07}
{'loss': -2.5921, 'grad_norm': 9.182785987854004, 'learning_rate': 7.609756097560976e-05, 'epoch': 38.05}
{'loss': -2.609, 'grad_norm': 7.45076322555542, 'learning_rate': 7.804878048780489e-05, 'epoch': 39.02}
{'loss': -2.6265, 'grad_norm': 4.0465779304504395, 'learning_rate': 8e-05, 'epoch': 40.0}
{'loss': -2.6413, 'grad_norm': 10.553911209106445, 'learning_rate': 8.195121951219513e-05, 'epoch': 40.98}
{'loss': -2.6591, 'grad_norm': 8.203165054321289, 'learning_rate': 8.390243902439024e-05, 'epoch': 41.95}
{'loss': -2.6725, 'grad_norm': 9.972146987915039, 'learning_rate': 8.585365853658536e-05, 'epoch': 42.93}
{'loss': -2.6859, 'grad_norm': 8.94202995300293, 'learning_rate': 8.78048780487805e-05, 'epoch': 43.9}
{'loss': -2.6958, 'grad_norm': 8.163982391357422, 'learning_rate': 8.975609756097561e-05, 'epoch': 44.88}
{'loss': -2.7118, 'grad_norm': 7.345861911773682, 'learning_rate': 9.170731707317075e-05, 'epoch': 45.85}
{'loss': -2.7233, 'grad_norm': 10.745747566223145, 'learning_rate': 9.365853658536587e-05, 'epoch': 46.83}
{'loss': -2.7365, 'grad_norm': 15.73041820526123, 'learning_rate': 9.560975609756097e-05, 'epoch': 47.8}
{'loss': -2.7477, 'grad_norm': 11.480158805847168, 'learning_rate': 9.75609756097561e-05, 'epoch': 48.78}
{'loss': -2.761, 'grad_norm': 13.714129447937012, 'learning_rate': 9.951219512195122e-05, 'epoch': 49.76}
{'loss': -2.7737, 'grad_norm': 11.75162410736084, 'learning_rate': 9.983739837398374e-05, 'epoch': 50.73}
{'loss': -2.7887, 'grad_norm': 15.581954002380371, 'learning_rate': 9.962059620596207e-05, 'epoch': 51.71}
{'loss': -2.8016, 'grad_norm': 9.588438034057617, 'learning_rate': 9.940379403794038e-05, 'epoch': 52.68}
{'loss': -2.813, 'grad_norm': 10.501147270202637, 'learning_rate': 9.91869918699187e-05, 'epoch': 53.66}
{'loss': -2.8252, 'grad_norm': 11.699775695800781, 'learning_rate': 9.897018970189702e-05, 'epoch': 54.63}
{'loss': -2.8337, 'grad_norm': 18.746685028076172, 'learning_rate': 9.875338753387535e-05, 'epoch': 55.61}
{'loss': -2.8471, 'grad_norm': 8.678814888000488, 'learning_rate': 9.853658536585366e-05, 'epoch': 56.59}
{'loss': -2.8575, 'grad_norm': 18.4333438873291, 'learning_rate': 9.831978319783198e-05, 'epoch': 57.56}
{'loss': -2.8664, 'grad_norm': 15.668030738830566, 'learning_rate': 9.81029810298103e-05, 'epoch': 58.54}
{'loss': -2.8791, 'grad_norm': 14.579957008361816, 'learning_rate': 9.788617886178862e-05, 'epoch': 59.51}
{'loss': -2.8878, 'grad_norm': 18.331937789916992, 'learning_rate': 9.766937669376695e-05, 'epoch': 60.49}
{'loss': -2.8938, 'grad_norm': 14.899584770202637, 'learning_rate': 9.745257452574527e-05, 'epoch': 61.46}
{'loss': -2.9048, 'grad_norm': 19.954561233520508, 'learning_rate': 9.723577235772358e-05, 'epoch': 62.44}
{'loss': -2.9114, 'grad_norm': 12.142156600952148, 'learning_rate': 9.701897018970189e-05, 'epoch': 63.41}
{'loss': -2.9187, 'grad_norm': 19.713748931884766, 'learning_rate': 9.680216802168021e-05, 'epoch': 64.39}
{'loss': -2.9269, 'grad_norm': 15.0064115524292, 'learning_rate': 9.658536585365854e-05, 'epoch': 65.37}
{'loss': -2.9353, 'grad_norm': 17.772140502929688, 'learning_rate': 9.636856368563686e-05, 'epoch': 66.34}
{'loss': -2.9434, 'grad_norm': 13.91544246673584, 'learning_rate': 9.615176151761518e-05, 'epoch': 67.32}
{'loss': -2.9498, 'grad_norm': 14.053173065185547, 'learning_rate': 9.59349593495935e-05, 'epoch': 68.29}
{'loss': -2.9591, 'grad_norm': 15.585617065429688, 'learning_rate': 9.571815718157182e-05, 'epoch': 69.27}
{'loss': -2.9648, 'grad_norm': 17.471193313598633, 'learning_rate': 9.550135501355014e-05, 'epoch': 70.24}
{'loss': -2.9763, 'grad_norm': 12.57238483428955, 'learning_rate': 9.528455284552846e-05, 'epoch': 71.22}
{'loss': -2.9858, 'grad_norm': 13.055916786193848, 'learning_rate': 9.506775067750679e-05, 'epoch': 72.2}
{'loss': -2.9923, 'grad_norm': 15.569174766540527, 'learning_rate': 9.485094850948511e-05, 'epoch': 73.17}
{'loss': -3.0002, 'grad_norm': 16.594327926635742, 'learning_rate': 9.463414634146342e-05, 'epoch': 74.15}
{'loss': -3.008, 'grad_norm': 19.22720718383789, 'learning_rate': 9.441734417344174e-05, 'epoch': 75.12}
{'loss': -3.0147, 'grad_norm': 9.464693069458008, 'learning_rate': 9.420054200542005e-05, 'epoch': 76.1}
{'loss': -3.0212, 'grad_norm': 17.944076538085938, 'learning_rate': 9.398373983739837e-05, 'epoch': 77.07}
{'loss': -3.0293, 'grad_norm': 16.573734283447266, 'learning_rate': 9.37669376693767e-05, 'epoch': 78.05}
{'loss': -3.0365, 'grad_norm': 19.849328994750977, 'learning_rate': 9.355013550135502e-05, 'epoch': 79.02}
{'loss': -3.0402, 'grad_norm': 19.77134895324707, 'learning_rate': 9.333333333333334e-05, 'epoch': 80.0}
{'loss': -3.046, 'grad_norm': 19.399492263793945, 'learning_rate': 9.311653116531167e-05, 'epoch': 80.98}
{'loss': -3.0524, 'grad_norm': 23.9517765045166, 'learning_rate': 9.289972899728998e-05, 'epoch': 81.95}
{'loss': -3.0589, 'grad_norm': 18.979475021362305, 'learning_rate': 9.26829268292683e-05, 'epoch': 82.93}
{'loss': -3.0642, 'grad_norm': 14.226907730102539, 'learning_rate': 9.246612466124661e-05, 'epoch': 83.9}
{'loss': -3.0725, 'grad_norm': 20.315216064453125, 'learning_rate': 9.224932249322493e-05, 'epoch': 84.88}
{'loss': -3.0785, 'grad_norm': 20.420122146606445, 'learning_rate': 9.203252032520325e-05, 'epoch': 85.85}
{'loss': -3.0865, 'grad_norm': 18.165128707885742, 'learning_rate': 9.181571815718158e-05, 'epoch': 86.83}
{'loss': -3.0914, 'grad_norm': 13.758994102478027, 'learning_rate': 9.15989159891599e-05, 'epoch': 87.8}
{'loss': -3.0958, 'grad_norm': 22.09402847290039, 'learning_rate': 9.138211382113821e-05, 'epoch': 88.78}
{'loss': -3.1051, 'grad_norm': 16.00620460510254, 'learning_rate': 9.116531165311653e-05, 'epoch': 89.76}
{'loss': -3.1105, 'grad_norm': 20.94060707092285, 'learning_rate': 9.094850948509486e-05, 'epoch': 90.73}
{'loss': -3.113, 'grad_norm': 16.815704345703125, 'learning_rate': 9.073170731707318e-05, 'epoch': 91.71}
{'loss': -3.1191, 'grad_norm': 18.170841217041016, 'learning_rate': 9.05149051490515e-05, 'epoch': 92.68}
{'loss': -3.1234, 'grad_norm': 22.13343620300293, 'learning_rate': 9.029810298102981e-05, 'epoch': 93.66}
{'loss': -3.1348, 'grad_norm': 14.870440483093262, 'learning_rate': 9.008130081300812e-05, 'epoch': 94.63}
{'loss': -3.1346, 'grad_norm': 16.492952346801758, 'learning_rate': 8.986449864498645e-05, 'epoch': 95.61}
{'loss': -3.1409, 'grad_norm': 16.15666389465332, 'learning_rate': 8.964769647696477e-05, 'epoch': 96.59}
{'loss': -3.1451, 'grad_norm': 11.806915283203125, 'learning_rate': 8.943089430894309e-05, 'epoch': 97.56}
{'loss': -3.1457, 'grad_norm': 26.232370376586914, 'learning_rate': 8.921409214092142e-05, 'epoch': 98.54}
{'loss': -3.1511, 'grad_norm': 19.075511932373047, 'learning_rate': 8.899728997289974e-05, 'epoch': 99.51}
{'loss': -3.1593, 'grad_norm': 21.342479705810547, 'learning_rate': 8.878048780487805e-05, 'epoch': 100.49}
{'loss': -3.1712, 'grad_norm': 19.618297576904297, 'learning_rate': 8.856368563685637e-05, 'epoch': 101.46}
{'loss': -3.1697, 'grad_norm': 18.47776222229004, 'learning_rate': 8.83468834688347e-05, 'epoch': 102.44}
{'loss': -3.1725, 'grad_norm': 20.962722778320312, 'learning_rate': 8.813008130081302e-05, 'epoch': 103.41}
{'loss': -3.1806, 'grad_norm': 18.361295700073242, 'learning_rate': 8.791327913279134e-05, 'epoch': 104.39}
{'loss': -3.1801, 'grad_norm': 17.011247634887695, 'learning_rate': 8.769647696476965e-05, 'epoch': 105.37}
{'loss': -3.1841, 'grad_norm': 25.077302932739258, 'learning_rate': 8.747967479674797e-05, 'epoch': 106.34}
{'loss': -3.1866, 'grad_norm': 27.338665008544922, 'learning_rate': 8.726287262872628e-05, 'epoch': 107.32}
{'loss': -3.1931, 'grad_norm': 17.90545082092285, 'learning_rate': 8.70460704607046e-05, 'epoch': 108.29}
{'loss': -3.201, 'grad_norm': 27.59404754638672, 'learning_rate': 8.682926829268293e-05, 'epoch': 109.27}
{'loss': -3.2074, 'grad_norm': 20.227930068969727, 'learning_rate': 8.661246612466125e-05, 'epoch': 110.24}
{'loss': -3.211, 'grad_norm': 22.637386322021484, 'learning_rate': 8.639566395663958e-05, 'epoch': 111.22}
{'loss': -3.2105, 'grad_norm': 24.27965545654297, 'learning_rate': 8.61788617886179e-05, 'epoch': 112.2}
{'loss': -3.2188, 'grad_norm': 19.93509292602539, 'learning_rate': 8.596205962059621e-05, 'epoch': 113.17}
{'loss': -3.2176, 'grad_norm': 18.758895874023438, 'learning_rate': 8.574525745257453e-05, 'epoch': 114.15}
{'loss': -3.2304, 'grad_norm': 25.356830596923828, 'learning_rate': 8.552845528455284e-05, 'epoch': 115.12}
{'loss': -3.2297, 'grad_norm': 25.325178146362305, 'learning_rate': 8.531165311653116e-05, 'epoch': 116.1}
{'loss': -3.2326, 'grad_norm': 25.087270736694336, 'learning_rate': 8.509485094850949e-05, 'epoch': 117.07}
{'loss': -3.2381, 'grad_norm': 17.828113555908203, 'learning_rate': 8.487804878048781e-05, 'epoch': 118.05}
{'loss': -3.2461, 'grad_norm': 18.621402740478516, 'learning_rate': 8.466124661246613e-05, 'epoch': 119.02}
{'loss': -3.251, 'grad_norm': 23.366512298583984, 'learning_rate': 8.444444444444444e-05, 'epoch': 120.0}
{'loss': -3.2565, 'grad_norm': 17.74628448486328, 'learning_rate': 8.422764227642277e-05, 'epoch': 120.98}
{'loss': -3.2541, 'grad_norm': 23.05653190612793, 'learning_rate': 8.401084010840109e-05, 'epoch': 121.95}
{'loss': -3.2576, 'grad_norm': 22.13951873779297, 'learning_rate': 8.379403794037941e-05, 'epoch': 122.93}
{'loss': -3.2594, 'grad_norm': 24.418596267700195, 'learning_rate': 8.357723577235774e-05, 'epoch': 123.9}
{'loss': -3.2654, 'grad_norm': 17.082664489746094, 'learning_rate': 8.336043360433606e-05, 'epoch': 124.88}
{'loss': -3.269, 'grad_norm': 26.344816207885742, 'learning_rate': 8.314363143631437e-05, 'epoch': 125.85}
{'loss': -3.2717, 'grad_norm': 28.800617218017578, 'learning_rate': 8.292682926829268e-05, 'epoch': 126.83}
{'loss': -3.2741, 'grad_norm': 20.725807189941406, 'learning_rate': 8.2710027100271e-05, 'epoch': 127.8}
{'loss': -3.2778, 'grad_norm': 28.605789184570312, 'learning_rate': 8.249322493224932e-05, 'epoch': 128.78}
{'loss': -3.2864, 'grad_norm': 17.747562408447266, 'learning_rate': 8.227642276422765e-05, 'epoch': 129.76}
{'loss': -3.287, 'grad_norm': 17.037906646728516, 'learning_rate': 8.205962059620597e-05, 'epoch': 130.73}
{'loss': -3.2876, 'grad_norm': 23.52158546447754, 'learning_rate': 8.184281842818428e-05, 'epoch': 131.71}
{'loss': -3.2979, 'grad_norm': 28.253864288330078, 'learning_rate': 8.16260162601626e-05, 'epoch': 132.68}
{'loss': -3.2986, 'grad_norm': 25.54580307006836, 'learning_rate': 8.140921409214093e-05, 'epoch': 133.66}
{'loss': -3.3009, 'grad_norm': 15.731584548950195, 'learning_rate': 8.119241192411925e-05, 'epoch': 134.63}
{'loss': -3.3039, 'grad_norm': 21.244522094726562, 'learning_rate': 8.097560975609757e-05, 'epoch': 135.61}
{'loss': -3.309, 'grad_norm': 11.65182876586914, 'learning_rate': 8.075880758807588e-05, 'epoch': 136.59}
{'loss': -3.3099, 'grad_norm': 24.085556030273438, 'learning_rate': 8.05420054200542e-05, 'epoch': 137.56}
{'loss': -3.3159, 'grad_norm': 28.324871063232422, 'learning_rate': 8.032520325203252e-05, 'epoch': 138.54}
{'loss': -3.3186, 'grad_norm': 22.840744018554688, 'learning_rate': 8.010840108401084e-05, 'epoch': 139.51}
{'loss': -3.3252, 'grad_norm': 29.595537185668945, 'learning_rate': 7.989159891598916e-05, 'epoch': 140.49}
{'loss': -3.3275, 'grad_norm': 14.117401123046875, 'learning_rate': 7.967479674796748e-05, 'epoch': 141.46}
{'loss': -3.2979, 'grad_norm': 23.247859954833984, 'learning_rate': 7.945799457994581e-05, 'epoch': 142.44}
{'loss': -3.3328, 'grad_norm': 24.869731903076172, 'learning_rate': 7.924119241192413e-05, 'epoch': 143.41}
{'loss': -3.338, 'grad_norm': 20.450733184814453, 'learning_rate': 7.902439024390244e-05, 'epoch': 144.39}
{'loss': -3.3345, 'grad_norm': 10.800651550292969, 'learning_rate': 7.880758807588076e-05, 'epoch': 145.37}
{'loss': -3.3359, 'grad_norm': 22.71938133239746, 'learning_rate': 7.859078590785907e-05, 'epoch': 146.34}
{'loss': -3.3366, 'grad_norm': 30.656429290771484, 'learning_rate': 7.83739837398374e-05, 'epoch': 147.32}
{'loss': -3.347, 'grad_norm': 27.761545181274414, 'learning_rate': 7.815718157181572e-05, 'epoch': 148.29}
{'loss': -3.3442, 'grad_norm': 36.699764251708984, 'learning_rate': 7.794037940379404e-05, 'epoch': 149.27}
{'loss': -3.3517, 'grad_norm': 28.480350494384766, 'learning_rate': 7.772357723577237e-05, 'epoch': 150.24}
{'loss': -3.3598, 'grad_norm': 24.658374786376953, 'learning_rate': 7.750677506775068e-05, 'epoch': 151.22}
{'loss': -3.3544, 'grad_norm': 24.084033966064453, 'learning_rate': 7.7289972899729e-05, 'epoch': 152.2}
{'loss': -3.358, 'grad_norm': 32.37175369262695, 'learning_rate': 7.707317073170732e-05, 'epoch': 153.17}
{'loss': -3.3648, 'grad_norm': 16.190792083740234, 'learning_rate': 7.685636856368564e-05, 'epoch': 154.15}
{'loss': -3.3657, 'grad_norm': 23.23527717590332, 'learning_rate': 7.663956639566397e-05, 'epoch': 155.12}
{'loss': -3.3698, 'grad_norm': 26.162334442138672, 'learning_rate': 7.642276422764229e-05, 'epoch': 156.1}
{'loss': -3.3748, 'grad_norm': 15.95832633972168, 'learning_rate': 7.62059620596206e-05, 'epoch': 157.07}
{'loss': -3.3753, 'grad_norm': 18.60113525390625, 'learning_rate': 7.598915989159891e-05, 'epoch': 158.05}
{'loss': -3.3802, 'grad_norm': 26.60492706298828, 'learning_rate': 7.577235772357723e-05, 'epoch': 159.02}
{'loss': -3.3826, 'grad_norm': 28.29986000061035, 'learning_rate': 7.555555555555556e-05, 'epoch': 160.0}
{'loss': -3.3815, 'grad_norm': 27.38105010986328, 'learning_rate': 7.533875338753388e-05, 'epoch': 160.98}
{'loss': -3.3924, 'grad_norm': 14.088735580444336, 'learning_rate': 7.51219512195122e-05, 'epoch': 161.95}
{'loss': -3.3881, 'grad_norm': 36.432960510253906, 'learning_rate': 7.490514905149053e-05, 'epoch': 162.93}
{'loss': -3.3961, 'grad_norm': 33.78316879272461, 'learning_rate': 7.468834688346884e-05, 'epoch': 163.9}
{'loss': -3.3951, 'grad_norm': 27.2965087890625, 'learning_rate': 7.447154471544716e-05, 'epoch': 164.88}
{'loss': -3.3987, 'grad_norm': 23.639404296875, 'learning_rate': 7.425474254742548e-05, 'epoch': 165.85}
{'loss': -3.4025, 'grad_norm': 24.364593505859375, 'learning_rate': 7.40379403794038e-05, 'epoch': 166.83}
{'loss': -3.406, 'grad_norm': 28.718669891357422, 'learning_rate': 7.382113821138211e-05, 'epoch': 167.8}
{'loss': -3.4057, 'grad_norm': 26.975984573364258, 'learning_rate': 7.360433604336044e-05, 'epoch': 168.78}
{'loss': -3.4099, 'grad_norm': 17.868364334106445, 'learning_rate': 7.338753387533876e-05, 'epoch': 169.76}
{'loss': -3.4075, 'grad_norm': 25.6524715423584, 'learning_rate': 7.317073170731707e-05, 'epoch': 170.73}
{'loss': -3.4145, 'grad_norm': 30.37023162841797, 'learning_rate': 7.29539295392954e-05, 'epoch': 171.71}
{'loss': -3.4171, 'grad_norm': 29.304346084594727, 'learning_rate': 7.273712737127372e-05, 'epoch': 172.68}
{'loss': -3.4264, 'grad_norm': 20.353469848632812, 'learning_rate': 7.252032520325204e-05, 'epoch': 173.66}
{'loss': -3.4191, 'grad_norm': 37.016483306884766, 'learning_rate': 7.230352303523036e-05, 'epoch': 174.63}
{'loss': -3.4226, 'grad_norm': 30.845111846923828, 'learning_rate': 7.208672086720867e-05, 'epoch': 175.61}
{'loss': -3.4285, 'grad_norm': 24.34442138671875, 'learning_rate': 7.1869918699187e-05, 'epoch': 176.59}
{'loss': -3.4319, 'grad_norm': 34.90802001953125, 'learning_rate': 7.16531165311653e-05, 'epoch': 177.56}
{'loss': -3.4332, 'grad_norm': 37.27752685546875, 'learning_rate': 7.143631436314363e-05, 'epoch': 178.54}
{'loss': -3.4345, 'grad_norm': 28.54186248779297, 'learning_rate': 7.121951219512195e-05, 'epoch': 179.51}
{'loss': -3.4399, 'grad_norm': 24.115938186645508, 'learning_rate': 7.100271002710027e-05, 'epoch': 180.49}
{'loss': -3.4415, 'grad_norm': 18.933652877807617, 'learning_rate': 7.07859078590786e-05, 'epoch': 181.46}
{'loss': -3.4339, 'grad_norm': 27.49732780456543, 'learning_rate': 7.056910569105691e-05, 'epoch': 182.44}
{'loss': -3.4438, 'grad_norm': 24.5771484375, 'learning_rate': 7.035230352303523e-05, 'epoch': 183.41}
{'loss': -3.4431, 'grad_norm': 28.88196563720703, 'learning_rate': 7.013550135501355e-05, 'epoch': 184.39}
{'loss': -3.4502, 'grad_norm': 18.594881057739258, 'learning_rate': 6.991869918699188e-05, 'epoch': 185.37}
{'loss': -3.449, 'grad_norm': 26.471424102783203, 'learning_rate': 6.97018970189702e-05, 'epoch': 186.34}
{'loss': -3.4467, 'grad_norm': 29.80890464782715, 'learning_rate': 6.948509485094852e-05, 'epoch': 187.32}
{'loss': -3.4566, 'grad_norm': 33.53444290161133, 'learning_rate': 6.926829268292683e-05, 'epoch': 188.29}
{'loss': -3.4585, 'grad_norm': 27.427093505859375, 'learning_rate': 6.905149051490514e-05, 'epoch': 189.27}
{'loss': -3.4611, 'grad_norm': 24.799148559570312, 'learning_rate': 6.883468834688347e-05, 'epoch': 190.24}
{'loss': -3.4665, 'grad_norm': 16.69363784790039, 'learning_rate': 6.861788617886179e-05, 'epoch': 191.22}
{'loss': -3.4645, 'grad_norm': 30.64725112915039, 'learning_rate': 6.840108401084011e-05, 'epoch': 192.2}
{'loss': -3.4664, 'grad_norm': 34.868228912353516, 'learning_rate': 6.818428184281843e-05, 'epoch': 193.17}
{'loss': -3.4694, 'grad_norm': 36.93098831176758, 'learning_rate': 6.796747967479676e-05, 'epoch': 194.15}
{'loss': -3.4738, 'grad_norm': 33.53387451171875, 'learning_rate': 6.775067750677507e-05, 'epoch': 195.12}
{'loss': -3.4763, 'grad_norm': 24.46011734008789, 'learning_rate': 6.753387533875339e-05, 'epoch': 196.1}
{'loss': -3.4775, 'grad_norm': 23.992311477661133, 'learning_rate': 6.731707317073171e-05, 'epoch': 197.07}
{'loss': -3.4791, 'grad_norm': 19.976804733276367, 'learning_rate': 6.710027100271004e-05, 'epoch': 198.05}
{'loss': -3.4819, 'grad_norm': 25.29216766357422, 'learning_rate': 6.688346883468835e-05, 'epoch': 199.02}
{'loss': -3.4828, 'grad_norm': 34.7949104309082, 'learning_rate': 6.666666666666667e-05, 'epoch': 200.0}
{'loss': -3.48, 'grad_norm': 33.34800720214844, 'learning_rate': 6.644986449864499e-05, 'epoch': 200.98}
{'loss': -3.4909, 'grad_norm': 22.170114517211914, 'learning_rate': 6.62330623306233e-05, 'epoch': 201.95}
{'loss': -3.4899, 'grad_norm': 35.53583908081055, 'learning_rate': 6.601626016260163e-05, 'epoch': 202.93}
{'loss': -3.4926, 'grad_norm': 25.261140823364258, 'learning_rate': 6.579945799457995e-05, 'epoch': 203.9}
{'loss': -3.4948, 'grad_norm': 29.205535888671875, 'learning_rate': 6.558265582655827e-05, 'epoch': 204.88}
{'loss': -3.4997, 'grad_norm': 27.028564453125, 'learning_rate': 6.53658536585366e-05, 'epoch': 205.85}
{'loss': -3.4994, 'grad_norm': 28.203367233276367, 'learning_rate': 6.514905149051492e-05, 'epoch': 206.83}
{'loss': -3.4983, 'grad_norm': 26.82069206237793, 'learning_rate': 6.493224932249323e-05, 'epoch': 207.8}
{'loss': -3.4959, 'grad_norm': 26.59310531616211, 'learning_rate': 6.471544715447154e-05, 'epoch': 208.78}
{'loss': -3.502, 'grad_norm': 27.779640197753906, 'learning_rate': 6.449864498644986e-05, 'epoch': 209.76}
{'loss': -3.5033, 'grad_norm': 22.02562141418457, 'learning_rate': 6.428184281842818e-05, 'epoch': 210.73}
{'loss': -3.5083, 'grad_norm': 17.24399185180664, 'learning_rate': 6.406504065040651e-05, 'epoch': 211.71}
{'loss': -3.5087, 'grad_norm': 39.63343048095703, 'learning_rate': 6.384823848238483e-05, 'epoch': 212.68}
{'loss': -3.51, 'grad_norm': 36.77312469482422, 'learning_rate': 6.363143631436315e-05, 'epoch': 213.66}
{'loss': -3.5138, 'grad_norm': 31.414140701293945, 'learning_rate': 6.341463414634146e-05, 'epoch': 214.63}
{'loss': -3.5158, 'grad_norm': 33.569454193115234, 'learning_rate': 6.319783197831979e-05, 'epoch': 215.61}
{'loss': -3.5126, 'grad_norm': 37.3075065612793, 'learning_rate': 6.298102981029811e-05, 'epoch': 216.59}
{'loss': -3.514, 'grad_norm': 27.719432830810547, 'learning_rate': 6.276422764227643e-05, 'epoch': 217.56}
{'loss': -3.5184, 'grad_norm': 25.49517250061035, 'learning_rate': 6.254742547425476e-05, 'epoch': 218.54}
{'loss': -3.5212, 'grad_norm': 33.71413040161133, 'learning_rate': 6.233062330623306e-05, 'epoch': 219.51}
{'loss': -3.5279, 'grad_norm': 31.89043426513672, 'learning_rate': 6.211382113821137e-05, 'epoch': 220.49}
{'loss': -3.5262, 'grad_norm': 29.100154876708984, 'learning_rate': 6.18970189701897e-05, 'epoch': 221.46}
{'loss': -3.5222, 'grad_norm': 29.319992065429688, 'learning_rate': 6.168021680216802e-05, 'epoch': 222.44}
{'loss': -3.5295, 'grad_norm': 22.27589225769043, 'learning_rate': 6.146341463414634e-05, 'epoch': 223.41}
{'loss': -3.5327, 'grad_norm': 25.70398712158203, 'learning_rate': 6.124661246612467e-05, 'epoch': 224.39}
{'loss': -3.534, 'grad_norm': 34.92893981933594, 'learning_rate': 6.1029810298102984e-05, 'epoch': 225.37}
{'loss': -3.5342, 'grad_norm': 28.977346420288086, 'learning_rate': 6.081300813008131e-05, 'epoch': 226.34}
{'loss': -3.5278, 'grad_norm': 23.972753524780273, 'learning_rate': 6.059620596205963e-05, 'epoch': 227.32}
{'loss': -3.5379, 'grad_norm': 21.995208740234375, 'learning_rate': 6.0379403794037946e-05, 'epoch': 228.29}
{'loss': -3.541, 'grad_norm': 28.302228927612305, 'learning_rate': 6.016260162601627e-05, 'epoch': 229.27}
{'loss': -3.5417, 'grad_norm': 32.02164077758789, 'learning_rate': 5.994579945799458e-05, 'epoch': 230.24}
{'loss': -3.5437, 'grad_norm': 31.66043472290039, 'learning_rate': 5.97289972899729e-05, 'epoch': 231.22}
{'loss': -3.5449, 'grad_norm': 42.7947998046875, 'learning_rate': 5.951219512195122e-05, 'epoch': 232.2}
{'loss': -3.5344, 'grad_norm': 36.55500411987305, 'learning_rate': 5.929539295392954e-05, 'epoch': 233.17}
{'loss': -3.5464, 'grad_norm': 30.580556869506836, 'learning_rate': 5.9078590785907865e-05, 'epoch': 234.15}
{'loss': -3.5432, 'grad_norm': 31.38690185546875, 'learning_rate': 5.886178861788618e-05, 'epoch': 235.12}
{'loss': -3.5515, 'grad_norm': 23.843807220458984, 'learning_rate': 5.8644986449864504e-05, 'epoch': 236.1}
{'loss': -3.555, 'grad_norm': 29.289196014404297, 'learning_rate': 5.842818428184282e-05, 'epoch': 237.07}
{'loss': -3.5537, 'grad_norm': 30.136852264404297, 'learning_rate': 5.8211382113821144e-05, 'epoch': 238.05}
{'loss': -3.5547, 'grad_norm': 24.776443481445312, 'learning_rate': 5.799457994579947e-05, 'epoch': 239.02}
{'loss': -3.5585, 'grad_norm': 41.687416076660156, 'learning_rate': 5.7777777777777776e-05, 'epoch': 240.0}
{'loss': -3.5575, 'grad_norm': 22.241985321044922, 'learning_rate': 5.756097560975609e-05, 'epoch': 240.98}
{'loss': -3.5649, 'grad_norm': 29.041589736938477, 'learning_rate': 5.7344173441734416e-05, 'epoch': 241.95}
{'loss': -3.5669, 'grad_norm': 21.8234806060791, 'learning_rate': 5.712737127371274e-05, 'epoch': 242.93}
{'loss': -3.5657, 'grad_norm': 27.96584129333496, 'learning_rate': 5.6910569105691056e-05, 'epoch': 243.9}
{'loss': -3.5698, 'grad_norm': 35.09160614013672, 'learning_rate': 5.669376693766938e-05, 'epoch': 244.88}
{'loss': -3.5704, 'grad_norm': 29.713722229003906, 'learning_rate': 5.64769647696477e-05, 'epoch': 245.85}
{'loss': -3.5706, 'grad_norm': 30.981124877929688, 'learning_rate': 5.626016260162602e-05, 'epoch': 246.83}
{'loss': -3.57, 'grad_norm': 33.10432052612305, 'learning_rate': 5.604336043360434e-05, 'epoch': 247.8}
{'loss': -3.5729, 'grad_norm': 25.221019744873047, 'learning_rate': 5.5826558265582664e-05, 'epoch': 248.78}
{'loss': -3.5761, 'grad_norm': 21.780075073242188, 'learning_rate': 5.560975609756098e-05, 'epoch': 249.76}
{'loss': -3.5778, 'grad_norm': 31.023048400878906, 'learning_rate': 5.539295392953929e-05, 'epoch': 250.73}
{'loss': -3.5747, 'grad_norm': 35.76506042480469, 'learning_rate': 5.5176151761517614e-05, 'epoch': 251.71}
{'loss': -3.5731, 'grad_norm': 37.41557312011719, 'learning_rate': 5.495934959349594e-05, 'epoch': 252.68}
{'loss': -3.5811, 'grad_norm': 28.934356689453125, 'learning_rate': 5.474254742547425e-05, 'epoch': 253.66}
{'loss': -3.5848, 'grad_norm': 27.049692153930664, 'learning_rate': 5.4525745257452576e-05, 'epoch': 254.63}
{'loss': -3.5821, 'grad_norm': 28.371774673461914, 'learning_rate': 5.43089430894309e-05, 'epoch': 255.61}
{'loss': -3.5796, 'grad_norm': 42.04756164550781, 'learning_rate': 5.4092140921409216e-05, 'epoch': 256.59}
{'loss': -3.5902, 'grad_norm': 30.71495246887207, 'learning_rate': 5.387533875338754e-05, 'epoch': 257.56}
{'loss': -3.5895, 'grad_norm': 30.86871337890625, 'learning_rate': 5.365853658536586e-05, 'epoch': 258.54}
{'loss': -3.5813, 'grad_norm': 33.409645080566406, 'learning_rate': 5.344173441734418e-05, 'epoch': 259.51}
{'loss': -3.5832, 'grad_norm': 33.23249435424805, 'learning_rate': 5.32249322493225e-05, 'epoch': 260.49}
{'loss': -3.5878, 'grad_norm': 37.16499328613281, 'learning_rate': 5.300813008130081e-05, 'epoch': 261.46}
{'loss': -3.5847, 'grad_norm': 43.31521987915039, 'learning_rate': 5.2791327913279134e-05, 'epoch': 262.44}
{'loss': -3.5942, 'grad_norm': 30.204063415527344, 'learning_rate': 5.257452574525745e-05, 'epoch': 263.41}
{'loss': -3.596, 'grad_norm': 20.447505950927734, 'learning_rate': 5.2357723577235774e-05, 'epoch': 264.39}
{'loss': -3.6004, 'grad_norm': 24.83420181274414, 'learning_rate': 5.21409214092141e-05, 'epoch': 265.37}
{'loss': -3.592, 'grad_norm': 40.39226150512695, 'learning_rate': 5.192411924119241e-05, 'epoch': 266.34}
{'loss': -3.6014, 'grad_norm': 25.6815242767334, 'learning_rate': 5.1707317073170736e-05, 'epoch': 267.32}
{'loss': -3.6058, 'grad_norm': 30.902311325073242, 'learning_rate': 5.149051490514906e-05, 'epoch': 268.29}
{'loss': -3.6033, 'grad_norm': 22.22368049621582, 'learning_rate': 5.1273712737127376e-05, 'epoch': 269.27}
{'loss': -3.6047, 'grad_norm': 32.68607711791992, 'learning_rate': 5.10569105691057e-05, 'epoch': 270.24}
{'loss': -3.6036, 'grad_norm': 21.68282127380371, 'learning_rate': 5.084010840108401e-05, 'epoch': 271.22}
{'loss': -3.6037, 'grad_norm': 24.943283081054688, 'learning_rate': 5.062330623306233e-05, 'epoch': 272.2}
{'loss': -3.6083, 'grad_norm': 24.425243377685547, 'learning_rate': 5.040650406504065e-05, 'epoch': 273.17}
{'loss': -3.6135, 'grad_norm': 39.340736389160156, 'learning_rate': 5.018970189701897e-05, 'epoch': 274.15}
{'loss': -3.6131, 'grad_norm': 32.04896545410156, 'learning_rate': 4.9972899728997294e-05, 'epoch': 275.12}
{'loss': -3.6131, 'grad_norm': 29.549957275390625, 'learning_rate': 4.975609756097561e-05, 'epoch': 276.1}
{'loss': -3.613, 'grad_norm': 48.34553909301758, 'learning_rate': 4.9539295392953934e-05, 'epoch': 277.07}
{'loss': -3.6021, 'grad_norm': 34.76780319213867, 'learning_rate': 4.932249322493225e-05, 'epoch': 278.05}
{'loss': -3.6175, 'grad_norm': 32.454341888427734, 'learning_rate': 4.910569105691057e-05, 'epoch': 279.02}
{'loss': -3.62, 'grad_norm': 32.408592224121094, 'learning_rate': 4.888888888888889e-05, 'epoch': 280.0}
{'loss': -3.6214, 'grad_norm': 31.069297790527344, 'learning_rate': 4.867208672086721e-05, 'epoch': 280.98}
{'loss': -3.6188, 'grad_norm': 32.772701263427734, 'learning_rate': 4.845528455284553e-05, 'epoch': 281.95}
{'loss': -3.6237, 'grad_norm': 30.220460891723633, 'learning_rate': 4.823848238482385e-05, 'epoch': 282.93}
{'loss': -3.6252, 'grad_norm': 31.32423210144043, 'learning_rate': 4.8021680216802176e-05, 'epoch': 283.9}
{'loss': -3.6184, 'grad_norm': 30.008359909057617, 'learning_rate': 4.7804878048780485e-05, 'epoch': 284.88}
{'loss': -3.6237, 'grad_norm': 14.855948448181152, 'learning_rate': 4.758807588075881e-05, 'epoch': 285.85}
{'loss': -3.6205, 'grad_norm': 26.45615005493164, 'learning_rate': 4.737127371273713e-05, 'epoch': 286.83}
{'loss': -3.6321, 'grad_norm': 16.823671340942383, 'learning_rate': 4.715447154471545e-05, 'epoch': 287.8}
{'loss': -3.6264, 'grad_norm': 32.99424362182617, 'learning_rate': 4.693766937669377e-05, 'epoch': 288.78}
{'loss': -3.6292, 'grad_norm': 25.884437561035156, 'learning_rate': 4.672086720867209e-05, 'epoch': 289.76}
{'loss': -3.6308, 'grad_norm': 26.9417781829834, 'learning_rate': 4.650406504065041e-05, 'epoch': 290.73}
{'loss': -3.631, 'grad_norm': 31.560749053955078, 'learning_rate': 4.628726287262873e-05, 'epoch': 291.71}
{'loss': -3.6308, 'grad_norm': 27.702817916870117, 'learning_rate': 4.607046070460705e-05, 'epoch': 292.68}
{'loss': -3.6336, 'grad_norm': 26.95921516418457, 'learning_rate': 4.585365853658537e-05, 'epoch': 293.66}
{'loss': -3.6326, 'grad_norm': 35.566402435302734, 'learning_rate': 4.563685636856368e-05, 'epoch': 294.63}
{'loss': -3.6382, 'grad_norm': 31.69649314880371, 'learning_rate': 4.5420054200542006e-05, 'epoch': 295.61}
{'loss': -3.6406, 'grad_norm': 22.919883728027344, 'learning_rate': 4.520325203252033e-05, 'epoch': 296.59}
{'loss': -3.639, 'grad_norm': 33.66448211669922, 'learning_rate': 4.4986449864498645e-05, 'epoch': 297.56}
{'loss': -3.6413, 'grad_norm': 28.191329956054688, 'learning_rate': 4.476964769647697e-05, 'epoch': 298.54}
{'loss': -3.6402, 'grad_norm': 28.506649017333984, 'learning_rate': 4.455284552845529e-05, 'epoch': 299.51}
{'loss': -3.6414, 'grad_norm': 19.40245819091797, 'learning_rate': 4.43360433604336e-05, 'epoch': 300.49}
{'loss': -3.6448, 'grad_norm': 23.859981536865234, 'learning_rate': 4.4119241192411925e-05, 'epoch': 301.46}
{'loss': -3.6443, 'grad_norm': 25.930625915527344, 'learning_rate': 4.390243902439025e-05, 'epoch': 302.44}
{'loss': -3.6488, 'grad_norm': 18.789405822753906, 'learning_rate': 4.3685636856368564e-05, 'epoch': 303.41}
{'loss': -3.6503, 'grad_norm': 27.117755889892578, 'learning_rate': 4.346883468834689e-05, 'epoch': 304.39}
{'loss': -3.6496, 'grad_norm': 33.460330963134766, 'learning_rate': 4.3252032520325204e-05, 'epoch': 305.37}
{'loss': -3.6512, 'grad_norm': 22.11433982849121, 'learning_rate': 4.303523035230353e-05, 'epoch': 306.34}
{'loss': -3.6514, 'grad_norm': 22.66819190979004, 'learning_rate': 4.281842818428184e-05, 'epoch': 307.32}
{'loss': -3.6499, 'grad_norm': 31.958051681518555, 'learning_rate': 4.2601626016260166e-05, 'epoch': 308.29}
{'loss': -3.6474, 'grad_norm': 26.936967849731445, 'learning_rate': 4.238482384823849e-05, 'epoch': 309.27}
{'loss': -3.6531, 'grad_norm': 36.644325256347656, 'learning_rate': 4.21680216802168e-05, 'epoch': 310.24}
{'loss': -3.6528, 'grad_norm': 30.88389778137207, 'learning_rate': 4.195121951219512e-05, 'epoch': 311.22}
{'loss': -3.6574, 'grad_norm': 27.55208969116211, 'learning_rate': 4.1734417344173445e-05, 'epoch': 312.2}
{'loss': -3.6513, 'grad_norm': 48.99557876586914, 'learning_rate': 4.151761517615176e-05, 'epoch': 313.17}
{'loss': -3.6562, 'grad_norm': 33.742733001708984, 'learning_rate': 4.1300813008130085e-05, 'epoch': 314.15}
{'loss': -3.649, 'grad_norm': 30.288179397583008, 'learning_rate': 4.108401084010841e-05, 'epoch': 315.12}
{'loss': -3.6576, 'grad_norm': 30.548246383666992, 'learning_rate': 4.0867208672086724e-05, 'epoch': 316.1}
{'loss': -3.6624, 'grad_norm': 30.303781509399414, 'learning_rate': 4.065040650406504e-05, 'epoch': 317.07}
{'loss': -3.6637, 'grad_norm': 23.334514617919922, 'learning_rate': 4.0433604336043364e-05, 'epoch': 318.05}
{'loss': -3.667, 'grad_norm': 27.57012939453125, 'learning_rate': 4.021680216802168e-05, 'epoch': 319.02}
{'loss': -3.6653, 'grad_norm': 24.35466194152832, 'learning_rate': 4e-05, 'epoch': 320.0}
{'loss': -3.665, 'grad_norm': 35.3424072265625, 'learning_rate': 3.978319783197832e-05, 'epoch': 320.98}
{'loss': -3.6673, 'grad_norm': 29.17859649658203, 'learning_rate': 3.956639566395664e-05, 'epoch': 321.95}
{'loss': -3.6605, 'grad_norm': 36.29481506347656, 'learning_rate': 3.934959349593496e-05, 'epoch': 322.93}
{'loss': -3.6705, 'grad_norm': 27.87676429748535, 'learning_rate': 3.913279132791328e-05, 'epoch': 323.9}
{'loss': -3.6705, 'grad_norm': 29.671829223632812, 'learning_rate': 3.8915989159891605e-05, 'epoch': 324.88}
{'loss': -3.6722, 'grad_norm': 32.13379669189453, 'learning_rate': 3.8699186991869915e-05, 'epoch': 325.85}
{'loss': -3.6696, 'grad_norm': 24.679134368896484, 'learning_rate': 3.848238482384824e-05, 'epoch': 326.83}
{'loss': -3.6683, 'grad_norm': 35.44417190551758, 'learning_rate': 3.826558265582656e-05, 'epoch': 327.8}
{'loss': -3.6718, 'grad_norm': 25.502309799194336, 'learning_rate': 3.804878048780488e-05, 'epoch': 328.78}
{'loss': -3.6727, 'grad_norm': 27.34573745727539, 'learning_rate': 3.78319783197832e-05, 'epoch': 329.76}
{'loss': -3.665, 'grad_norm': 44.464256286621094, 'learning_rate': 3.7615176151761524e-05, 'epoch': 330.73}
{'loss': -3.6752, 'grad_norm': 28.41962242126465, 'learning_rate': 3.739837398373984e-05, 'epoch': 331.71}
{'loss': -3.6702, 'grad_norm': 44.90864181518555, 'learning_rate': 3.718157181571816e-05, 'epoch': 332.68}
{'loss': -3.6779, 'grad_norm': 25.475357055664062, 'learning_rate': 3.696476964769648e-05, 'epoch': 333.66}
{'loss': -3.6785, 'grad_norm': 27.177501678466797, 'learning_rate': 3.67479674796748e-05, 'epoch': 334.63}
{'loss': -3.6791, 'grad_norm': 25.32198143005371, 'learning_rate': 3.653116531165312e-05, 'epoch': 335.61}
{'loss': -3.6779, 'grad_norm': 18.976900100708008, 'learning_rate': 3.6314363143631436e-05, 'epoch': 336.59}
{'loss': -3.6823, 'grad_norm': 22.926137924194336, 'learning_rate': 3.609756097560976e-05, 'epoch': 337.56}
{'loss': -3.6825, 'grad_norm': 18.989171981811523, 'learning_rate': 3.5880758807588075e-05, 'epoch': 338.54}
{'loss': -3.6837, 'grad_norm': 40.834205627441406, 'learning_rate': 3.56639566395664e-05, 'epoch': 339.51}
{'loss': -3.685, 'grad_norm': 30.56151008605957, 'learning_rate': 3.544715447154472e-05, 'epoch': 340.49}
{'loss': -3.6857, 'grad_norm': 28.717824935913086, 'learning_rate': 3.523035230352303e-05, 'epoch': 341.46}
{'loss': -3.686, 'grad_norm': 24.16002655029297, 'learning_rate': 3.5013550135501354e-05, 'epoch': 342.44}
{'loss': -3.6852, 'grad_norm': 24.731605529785156, 'learning_rate': 3.479674796747968e-05, 'epoch': 343.41}
{'loss': -3.6851, 'grad_norm': 36.65830993652344, 'learning_rate': 3.4579945799457994e-05, 'epoch': 344.39}
{'loss': -3.6863, 'grad_norm': 32.23384475708008, 'learning_rate': 3.436314363143632e-05, 'epoch': 345.37}
{'loss': -3.6873, 'grad_norm': 24.37841796875, 'learning_rate': 3.414634146341464e-05, 'epoch': 346.34}
{'loss': -3.6882, 'grad_norm': 29.536964416503906, 'learning_rate': 3.3929539295392956e-05, 'epoch': 347.32}
{'loss': -3.6913, 'grad_norm': 37.49831008911133, 'learning_rate': 3.371273712737127e-05, 'epoch': 348.29}
{'loss': -3.696, 'grad_norm': 30.330934524536133, 'learning_rate': 3.3495934959349596e-05, 'epoch': 349.27}
{'loss': -3.6933, 'grad_norm': 35.99555587768555, 'learning_rate': 3.327913279132792e-05, 'epoch': 350.24}
{'loss': -3.6931, 'grad_norm': 23.57258415222168, 'learning_rate': 3.3062330623306235e-05, 'epoch': 351.22}
{'loss': -3.6944, 'grad_norm': 31.253673553466797, 'learning_rate': 3.284552845528455e-05, 'epoch': 352.2}
{'loss': -3.6978, 'grad_norm': 19.586820602416992, 'learning_rate': 3.2628726287262875e-05, 'epoch': 353.17}
{'loss': -3.6962, 'grad_norm': 18.910470962524414, 'learning_rate': 3.241192411924119e-05, 'epoch': 354.15}
{'loss': -3.6978, 'grad_norm': 26.138505935668945, 'learning_rate': 3.2195121951219514e-05, 'epoch': 355.12}
{'loss': -3.6991, 'grad_norm': 24.636409759521484, 'learning_rate': 3.197831978319784e-05, 'epoch': 356.1}
{'loss': -3.6985, 'grad_norm': 25.594717025756836, 'learning_rate': 3.1761517615176154e-05, 'epoch': 357.07}
{'loss': -3.7021, 'grad_norm': 24.85731315612793, 'learning_rate': 3.154471544715447e-05, 'epoch': 358.05}
{'loss': -3.6926, 'grad_norm': 38.94184112548828, 'learning_rate': 3.1327913279132794e-05, 'epoch': 359.02}
{'loss': -3.699, 'grad_norm': 22.74425506591797, 'learning_rate': 3.111111111111111e-05, 'epoch': 360.0}
{'loss': -3.7007, 'grad_norm': 31.6887149810791, 'learning_rate': 3.089430894308943e-05, 'epoch': 360.98}
{'loss': -3.7034, 'grad_norm': 41.22273635864258, 'learning_rate': 3.0677506775067756e-05, 'epoch': 361.95}
{'loss': -3.7043, 'grad_norm': 25.03136444091797, 'learning_rate': 3.046070460704607e-05, 'epoch': 362.93}
{'loss': -3.7038, 'grad_norm': 39.2705192565918, 'learning_rate': 3.0243902439024392e-05, 'epoch': 363.9}
{'loss': -3.7056, 'grad_norm': 28.69355583190918, 'learning_rate': 3.0027100271002712e-05, 'epoch': 364.88}
{'loss': -3.704, 'grad_norm': 27.206403732299805, 'learning_rate': 2.9810298102981032e-05, 'epoch': 365.85}
{'loss': -3.7071, 'grad_norm': 27.6055965423584, 'learning_rate': 2.959349593495935e-05, 'epoch': 366.83}
{'loss': -3.7077, 'grad_norm': 21.287109375, 'learning_rate': 2.9376693766937668e-05, 'epoch': 367.8}
{'loss': -3.7117, 'grad_norm': 25.823909759521484, 'learning_rate': 2.9159891598915988e-05, 'epoch': 368.78}
{'loss': -3.7119, 'grad_norm': 19.142370223999023, 'learning_rate': 2.894308943089431e-05, 'epoch': 369.76}
{'loss': -3.7119, 'grad_norm': 31.408920288085938, 'learning_rate': 2.872628726287263e-05, 'epoch': 370.73}
{'loss': -3.7114, 'grad_norm': 21.58066749572754, 'learning_rate': 2.850948509485095e-05, 'epoch': 371.71}
{'loss': -3.7136, 'grad_norm': 26.191848754882812, 'learning_rate': 2.8292682926829267e-05, 'epoch': 372.68}
{'loss': -3.713, 'grad_norm': 24.234682083129883, 'learning_rate': 2.8075880758807586e-05, 'epoch': 373.66}
{'loss': -3.7159, 'grad_norm': 26.46415901184082, 'learning_rate': 2.785907859078591e-05, 'epoch': 374.63}
{'loss': -3.714, 'grad_norm': 27.279611587524414, 'learning_rate': 2.764227642276423e-05, 'epoch': 375.61}
{'loss': -3.7155, 'grad_norm': 25.665050506591797, 'learning_rate': 2.742547425474255e-05, 'epoch': 376.59}
{'loss': -3.7158, 'grad_norm': 23.453609466552734, 'learning_rate': 2.7208672086720872e-05, 'epoch': 377.56}
{'loss': -3.7184, 'grad_norm': 40.55390167236328, 'learning_rate': 2.6991869918699185e-05, 'epoch': 378.54}
{'loss': -3.7157, 'grad_norm': 40.506134033203125, 'learning_rate': 2.677506775067751e-05, 'epoch': 379.51}
{'loss': -3.7162, 'grad_norm': 10.821343421936035, 'learning_rate': 2.6558265582655828e-05, 'epoch': 380.49}
{'loss': -3.715, 'grad_norm': 23.186687469482422, 'learning_rate': 2.6341463414634148e-05, 'epoch': 381.46}
{'loss': -3.7175, 'grad_norm': 23.935245513916016, 'learning_rate': 2.612466124661247e-05, 'epoch': 382.44}
{'loss': -3.7198, 'grad_norm': 28.179384231567383, 'learning_rate': 2.5907859078590784e-05, 'epoch': 383.41}
{'loss': -3.7208, 'grad_norm': 26.322071075439453, 'learning_rate': 2.5691056910569107e-05, 'epoch': 384.39}
{'loss': -3.7233, 'grad_norm': 23.024526596069336, 'learning_rate': 2.5474254742547427e-05, 'epoch': 385.37}
{'loss': -3.7209, 'grad_norm': 45.404022216796875, 'learning_rate': 2.5257452574525747e-05, 'epoch': 386.34}
{'loss': -3.722, 'grad_norm': 30.32190704345703, 'learning_rate': 2.5040650406504066e-05, 'epoch': 387.32}
{'loss': -3.7218, 'grad_norm': 23.092519760131836, 'learning_rate': 2.4823848238482386e-05, 'epoch': 388.29}
{'loss': -3.7222, 'grad_norm': 26.371370315551758, 'learning_rate': 2.4607046070460706e-05, 'epoch': 389.27}
{'loss': -3.724, 'grad_norm': 34.56084442138672, 'learning_rate': 2.4390243902439026e-05, 'epoch': 390.24}
{'loss': -3.7276, 'grad_norm': 19.5303897857666, 'learning_rate': 2.4173441734417345e-05, 'epoch': 391.22}
{'loss': -3.725, 'grad_norm': 23.64287757873535, 'learning_rate': 2.3956639566395665e-05, 'epoch': 392.2}
{'loss': -3.7265, 'grad_norm': 20.20785140991211, 'learning_rate': 2.3739837398373985e-05, 'epoch': 393.17}
{'loss': -3.7273, 'grad_norm': 33.56511306762695, 'learning_rate': 2.3523035230352305e-05, 'epoch': 394.15}
{'loss': -3.7274, 'grad_norm': 26.53517723083496, 'learning_rate': 2.3306233062330625e-05, 'epoch': 395.12}
{'loss': -3.7274, 'grad_norm': 12.536589622497559, 'learning_rate': 2.3089430894308944e-05, 'epoch': 396.1}
{'loss': -3.7288, 'grad_norm': 26.64052391052246, 'learning_rate': 2.2872628726287264e-05, 'epoch': 397.07}
{'loss': -3.7316, 'grad_norm': 26.955913543701172, 'learning_rate': 2.2655826558265584e-05, 'epoch': 398.05}
{'loss': -3.732, 'grad_norm': 23.158353805541992, 'learning_rate': 2.2439024390243904e-05, 'epoch': 399.02}
{'loss': -3.7318, 'grad_norm': 14.195125579833984, 'learning_rate': 2.2222222222222223e-05, 'epoch': 400.0}
{'loss': -3.7339, 'grad_norm': 16.5607852935791, 'learning_rate': 2.2005420054200543e-05, 'epoch': 400.98}
{'loss': -3.7324, 'grad_norm': 14.743870735168457, 'learning_rate': 2.1788617886178863e-05, 'epoch': 401.95}
{'loss': -3.7286, 'grad_norm': 39.564842224121094, 'learning_rate': 2.1571815718157183e-05, 'epoch': 402.93}
{'loss': -3.7304, 'grad_norm': 21.3560791015625, 'learning_rate': 2.1355013550135502e-05, 'epoch': 403.9}
{'loss': -3.7353, 'grad_norm': 23.647666931152344, 'learning_rate': 2.1138211382113822e-05, 'epoch': 404.88}
{'loss': -3.7347, 'grad_norm': 30.15324592590332, 'learning_rate': 2.0921409214092142e-05, 'epoch': 405.85}
{'loss': -3.7356, 'grad_norm': 32.34968948364258, 'learning_rate': 2.070460704607046e-05, 'epoch': 406.83}
{'loss': -3.737, 'grad_norm': 18.354204177856445, 'learning_rate': 2.048780487804878e-05, 'epoch': 407.8}
{'loss': -3.7375, 'grad_norm': 15.708867073059082, 'learning_rate': 2.02710027100271e-05, 'epoch': 408.78}
{'loss': -3.7387, 'grad_norm': 12.077295303344727, 'learning_rate': 2.005420054200542e-05, 'epoch': 409.76}
{'loss': -3.7377, 'grad_norm': 14.508405685424805, 'learning_rate': 1.983739837398374e-05, 'epoch': 410.73}
{'loss': -3.7401, 'grad_norm': 27.86117935180664, 'learning_rate': 1.962059620596206e-05, 'epoch': 411.71}
{'loss': -3.7391, 'grad_norm': 8.488085746765137, 'learning_rate': 1.940379403794038e-05, 'epoch': 412.68}
{'loss': -3.7393, 'grad_norm': 29.545621871948242, 'learning_rate': 1.91869918699187e-05, 'epoch': 413.66}
{'loss': -3.7411, 'grad_norm': 28.94089698791504, 'learning_rate': 1.897018970189702e-05, 'epoch': 414.63}
{'loss': -3.742, 'grad_norm': 11.139060020446777, 'learning_rate': 1.875338753387534e-05, 'epoch': 415.61}
{'loss': -3.7402, 'grad_norm': 23.52127456665039, 'learning_rate': 1.853658536585366e-05, 'epoch': 416.59}
{'loss': -3.7437, 'grad_norm': 22.58610725402832, 'learning_rate': 1.831978319783198e-05, 'epoch': 417.56}
{'loss': -3.743, 'grad_norm': 29.794971466064453, 'learning_rate': 1.81029810298103e-05, 'epoch': 418.54}
{'loss': -3.7414, 'grad_norm': 17.33046531677246, 'learning_rate': 1.788617886178862e-05, 'epoch': 419.51}
{'loss': -3.7429, 'grad_norm': 16.089519500732422, 'learning_rate': 1.7669376693766938e-05, 'epoch': 420.49}
{'loss': -3.7437, 'grad_norm': 23.24260139465332, 'learning_rate': 1.7452574525745258e-05, 'epoch': 421.46}
{'loss': -3.7474, 'grad_norm': 22.273666381835938, 'learning_rate': 1.7235772357723578e-05, 'epoch': 422.44}
{'loss': -3.7484, 'grad_norm': 19.372241973876953, 'learning_rate': 1.7018970189701897e-05, 'epoch': 423.41}
{'loss': -3.7469, 'grad_norm': 31.846370697021484, 'learning_rate': 1.6802168021680217e-05, 'epoch': 424.39}
{'loss': -3.7473, 'grad_norm': 8.423355102539062, 'learning_rate': 1.6585365853658537e-05, 'epoch': 425.37}
{'loss': -3.7479, 'grad_norm': 13.248242378234863, 'learning_rate': 1.6368563685636857e-05, 'epoch': 426.34}
{'loss': -3.7501, 'grad_norm': 30.367517471313477, 'learning_rate': 1.6151761517615176e-05, 'epoch': 427.32}
{'loss': -3.7468, 'grad_norm': 13.592350959777832, 'learning_rate': 1.5934959349593496e-05, 'epoch': 428.29}
{'loss': -3.7496, 'grad_norm': 28.835054397583008, 'learning_rate': 1.5718157181571816e-05, 'epoch': 429.27}
{'loss': -3.7497, 'grad_norm': 36.65372848510742, 'learning_rate': 1.5501355013550136e-05, 'epoch': 430.24}
{'loss': -3.7495, 'grad_norm': 39.371158599853516, 'learning_rate': 1.5284552845528455e-05, 'epoch': 431.22}
{'loss': -3.7491, 'grad_norm': 28.061689376831055, 'learning_rate': 1.5067750677506775e-05, 'epoch': 432.2}
{'loss': -3.7513, 'grad_norm': 18.89168930053711, 'learning_rate': 1.4850948509485097e-05, 'epoch': 433.17}
{'loss': -3.7504, 'grad_norm': 18.570146560668945, 'learning_rate': 1.4634146341463415e-05, 'epoch': 434.15}
{'loss': -3.7522, 'grad_norm': 15.449905395507812, 'learning_rate': 1.4417344173441735e-05, 'epoch': 435.12}
{'loss': -3.7513, 'grad_norm': 17.552345275878906, 'learning_rate': 1.4200542005420056e-05, 'epoch': 436.1}
{'loss': -3.7534, 'grad_norm': 19.762006759643555, 'learning_rate': 1.3983739837398374e-05, 'epoch': 437.07}
{'loss': -3.7525, 'grad_norm': 29.492935180664062, 'learning_rate': 1.3766937669376695e-05, 'epoch': 438.05}
{'loss': -3.7543, 'grad_norm': 17.831716537475586, 'learning_rate': 1.3550135501355014e-05, 'epoch': 439.02}
{'loss': -3.7546, 'grad_norm': 19.209524154663086, 'learning_rate': 1.3333333333333333e-05, 'epoch': 440.0}
{'loss': -3.7547, 'grad_norm': 21.496665954589844, 'learning_rate': 1.3116531165311655e-05, 'epoch': 440.98}
{'loss': -3.7544, 'grad_norm': 13.7260103225708, 'learning_rate': 1.2899728997289973e-05, 'epoch': 441.95}
{'loss': -3.7561, 'grad_norm': 18.641950607299805, 'learning_rate': 1.2682926829268294e-05, 'epoch': 442.93}
{'loss': -3.7584, 'grad_norm': 16.853012084960938, 'learning_rate': 1.2466124661246612e-05, 'epoch': 443.9}
{'loss': -3.7575, 'grad_norm': 9.53388786315918, 'learning_rate': 1.2249322493224932e-05, 'epoch': 444.88}
{'loss': -3.7588, 'grad_norm': 18.366453170776367, 'learning_rate': 1.2032520325203254e-05, 'epoch': 445.85}
{'loss': -3.7595, 'grad_norm': 14.16614055633545, 'learning_rate': 1.1815718157181573e-05, 'epoch': 446.83}
{'loss': -3.7595, 'grad_norm': 21.878047943115234, 'learning_rate': 1.1598915989159891e-05, 'epoch': 447.8}
{'loss': -3.7588, 'grad_norm': 17.462520599365234, 'learning_rate': 1.1382113821138211e-05, 'epoch': 448.78}
{'loss': -3.7595, 'grad_norm': 9.150815963745117, 'learning_rate': 1.1165311653116533e-05, 'epoch': 449.76}
{'loss': -3.7599, 'grad_norm': 13.327120780944824, 'learning_rate': 1.0948509485094852e-05, 'epoch': 450.73}
{'loss': -3.7602, 'grad_norm': 12.269684791564941, 'learning_rate': 1.073170731707317e-05, 'epoch': 451.71}
{'loss': -3.7602, 'grad_norm': 15.863006591796875, 'learning_rate': 1.051490514905149e-05, 'epoch': 452.68}
{'loss': -3.7615, 'grad_norm': 8.706843376159668, 'learning_rate': 1.0298102981029812e-05, 'epoch': 453.66}
{'loss': -3.7616, 'grad_norm': 17.618375778198242, 'learning_rate': 1.0081300813008131e-05, 'epoch': 454.63}
{'loss': -3.7625, 'grad_norm': 12.559210777282715, 'learning_rate': 9.86449864498645e-06, 'epoch': 455.61}
{'loss': -3.7627, 'grad_norm': 22.035375595092773, 'learning_rate': 9.647696476964769e-06, 'epoch': 456.59}
{'loss': -3.7624, 'grad_norm': 13.924245834350586, 'learning_rate': 9.43089430894309e-06, 'epoch': 457.56}
{'loss': -3.7625, 'grad_norm': 9.991552352905273, 'learning_rate': 9.21409214092141e-06, 'epoch': 458.54}
{'loss': -3.7635, 'grad_norm': 7.036857604980469, 'learning_rate': 8.997289972899728e-06, 'epoch': 459.51}
{'loss': -3.7639, 'grad_norm': 10.49853801727295, 'learning_rate': 8.780487804878048e-06, 'epoch': 460.49}
{'loss': -3.7645, 'grad_norm': 11.322944641113281, 'learning_rate': 8.56368563685637e-06, 'epoch': 461.46}
{'loss': -3.7641, 'grad_norm': 10.424022674560547, 'learning_rate': 8.34688346883469e-06, 'epoch': 462.44}
{'loss': -3.7646, 'grad_norm': 10.975141525268555, 'learning_rate': 8.130081300813009e-06, 'epoch': 463.41}
{'loss': -3.766, 'grad_norm': 13.715967178344727, 'learning_rate': 7.913279132791327e-06, 'epoch': 464.39}
{'loss': -3.7662, 'grad_norm': 11.332293510437012, 'learning_rate': 7.696476964769649e-06, 'epoch': 465.37}
{'loss': -3.7662, 'grad_norm': 10.275455474853516, 'learning_rate': 7.479674796747968e-06, 'epoch': 466.34}
{'loss': -3.7687, 'grad_norm': 8.374283790588379, 'learning_rate': 7.262872628726287e-06, 'epoch': 467.32}
{'loss': -3.7669, 'grad_norm': 14.002084732055664, 'learning_rate': 7.046070460704607e-06, 'epoch': 468.29}
{'loss': -3.768, 'grad_norm': 8.46481990814209, 'learning_rate': 6.829268292682928e-06, 'epoch': 469.27}
{'loss': -3.7681, 'grad_norm': 9.928627967834473, 'learning_rate': 6.6124661246612474e-06, 'epoch': 470.24}
{'loss': -3.7673, 'grad_norm': 7.115879058837891, 'learning_rate': 6.395663956639566e-06, 'epoch': 471.22}
{'loss': -3.7697, 'grad_norm': 10.370359420776367, 'learning_rate': 6.178861788617887e-06, 'epoch': 472.2}
{'loss': -3.7686, 'grad_norm': 6.501158237457275, 'learning_rate': 5.962059620596206e-06, 'epoch': 473.17}
{'loss': -3.7677, 'grad_norm': 11.203885078430176, 'learning_rate': 5.7452574525745265e-06, 'epoch': 474.15}
{'loss': -3.7698, 'grad_norm': 7.303216457366943, 'learning_rate': 5.528455284552845e-06, 'epoch': 475.12}
{'loss': -3.7709, 'grad_norm': 8.09823989868164, 'learning_rate': 5.311653116531166e-06, 'epoch': 476.1}
{'loss': -3.7701, 'grad_norm': 6.2990522384643555, 'learning_rate': 5.094850948509485e-06, 'epoch': 477.07}
{'loss': -3.7713, 'grad_norm': 7.329502105712891, 'learning_rate': 4.8780487804878055e-06, 'epoch': 478.05}
{'loss': -3.7706, 'grad_norm': 11.341776847839355, 'learning_rate': 4.661246612466124e-06, 'epoch': 479.02}
{'loss': -3.7701, 'grad_norm': 11.171248435974121, 'learning_rate': 4.444444444444445e-06, 'epoch': 480.0}
{'loss': -3.7714, 'grad_norm': 10.344465255737305, 'learning_rate': 4.227642276422764e-06, 'epoch': 480.98}
{'loss': -3.771, 'grad_norm': 8.438150405883789, 'learning_rate': 4.0108401084010845e-06, 'epoch': 481.95}
{'loss': -3.7711, 'grad_norm': 7.724370956420898, 'learning_rate': 3.794037940379404e-06, 'epoch': 482.93}
{'loss': -3.7724, 'grad_norm': 8.324349403381348, 'learning_rate': 3.577235772357724e-06, 'epoch': 483.9}
{'loss': -3.7726, 'grad_norm': 6.166023254394531, 'learning_rate': 3.3604336043360434e-06, 'epoch': 484.88}
{'loss': -3.7743, 'grad_norm': 10.207794189453125, 'learning_rate': 3.1436314363143635e-06, 'epoch': 485.85}
{'loss': -3.7734, 'grad_norm': 9.615447044372559, 'learning_rate': 2.9268292682926833e-06, 'epoch': 486.83}
{'loss': -3.7725, 'grad_norm': 10.592805862426758, 'learning_rate': 2.710027100271003e-06, 'epoch': 487.8}
{'loss': -3.7718, 'grad_norm': 7.024796485900879, 'learning_rate': 2.493224932249323e-06, 'epoch': 488.78}
{'loss': -3.7727, 'grad_norm': 7.530333518981934, 'learning_rate': 2.2764227642276426e-06, 'epoch': 489.76}
{'loss': -3.7718, 'grad_norm': 7.0636210441589355, 'learning_rate': 2.0596205962059623e-06, 'epoch': 490.73}
{'loss': -3.7729, 'grad_norm': 6.352524280548096, 'learning_rate': 1.842818428184282e-06, 'epoch': 491.71}
{'loss': -3.7744, 'grad_norm': 6.49609375, 'learning_rate': 1.6260162601626018e-06, 'epoch': 492.68}
{'loss': -3.7742, 'grad_norm': 7.809471607208252, 'learning_rate': 1.4092140921409214e-06, 'epoch': 493.66}
{'loss': -3.7745, 'grad_norm': 7.360875606536865, 'learning_rate': 1.1924119241192413e-06, 'epoch': 494.63}
{'loss': -3.7741, 'grad_norm': 5.39987850189209, 'learning_rate': 9.75609756097561e-07, 'epoch': 495.61}
{'loss': -3.7744, 'grad_norm': 8.807384490966797, 'learning_rate': 7.588075880758807e-07, 'epoch': 496.59}
{'loss': -3.7751, 'grad_norm': 5.978385925292969, 'learning_rate': 5.420054200542006e-07, 'epoch': 497.56}
{'loss': -3.7743, 'grad_norm': 4.78639030456543, 'learning_rate': 3.2520325203252037e-07, 'epoch': 498.54}
{'loss': -3.7735, 'grad_norm': 5.9580206871032715, 'learning_rate': 1.0840108401084011e-07, 'epoch': 499.51}
{'train_runtime': 10420.4681, 'train_samples_per_second': 17544.077, 'train_steps_per_second': 1.967, 'train_loss': -3.3608310194248108, 'epoch': 500.0}
========== Model is trained ==========
========== Model is in evaluation mode ==========
=== Model is saved, at /proj/gaia/RayDT/dataset/processed_data/../../outputs/huggingface_test_result_noise_20/models/huggingface_trained_dt_noise_20_20240822-194516_2/ ===
Finished concurrent execution of tasks.
Ending time: Thu Aug 22 22:39:05 CEST 2024
