Starting time: Thu Aug 22 19:44:39 CEST 2024
no change     /proj/gaia/RayDT/mamba_ray/condabin/conda
no change     /proj/gaia/RayDT/mamba_ray/bin/conda
no change     /proj/gaia/RayDT/mamba_ray/bin/conda-env
no change     /proj/gaia/RayDT/mamba_ray/bin/activate
no change     /proj/gaia/RayDT/mamba_ray/bin/deactivate
no change     /proj/gaia/RayDT/mamba_ray/etc/profile.d/conda.sh
no change     /proj/gaia/RayDT/mamba_ray/etc/fish/conf.d/conda.fish
no change     /proj/gaia/RayDT/mamba_ray/shell/condabin/Conda.psm1
no change     /proj/gaia/RayDT/mamba_ray/shell/condabin/conda-hook.ps1
no change     /proj/gaia/RayDT/mamba_ray/lib/python3.10/site-packages/xontrib/conda.xsh
no change     /proj/gaia/RayDT/mamba_ray/etc/profile.d/conda.csh
no change     /home/x_yifji/.bashrc
No action taken.
config =  {'env_index': 4, 'add_surface_index': False, 'eval_from': None, 'test_seed': 42, 'test_data': 'test', 'Tx_id': 0, 'allTx': True, 'Rx_id': None, 'Rx1_id': None, 'Rx2_id': None, 'debug_path_flag': False, 'path_id': 6, 'add_noise': False, 'optim_load': False, 'small_batch': False, 'big_batch': False, 'debug': False, 'produce_fig': False, 'wandb': True, 'replot_baseline_only': False, 'Ofunc': False, 'noise_sample': 20, 'path': None, 'data_postfix': '', 'data_prefix': 'allTx', 'gen_func': <function gen_data_sample_across_rx at 0x15136b3dcd30>}
========== Training config ==========
Found matching repo for training dataset: allTx_HFds__noise_20__20240821_021540_env_index_4
========== loading Data from /proj/gaia/RayDT/dataset/processed_data/trainwoAug/all_Tx_data/allTx_HFds__noise_20__20240821_021540_env_index_4 ==========
========== Training Data is loaded ==========
========== Model is initialized ==========
{'loss': -0.2334, 'grad_norm': 2.527100086212158, 'learning_rate': 1.86046511627907e-06, 'epoch': 0.93}
{'loss': -0.2486, 'grad_norm': 2.4703125953674316, 'learning_rate': 3.72093023255814e-06, 'epoch': 1.86}
{'loss': -0.2772, 'grad_norm': 2.36576771736145, 'learning_rate': 5.581395348837209e-06, 'epoch': 2.79}
{'loss': -0.3181, 'grad_norm': 2.161929130554199, 'learning_rate': 7.44186046511628e-06, 'epoch': 3.72}
{'loss': -0.3727, 'grad_norm': 1.8995273113250732, 'learning_rate': 9.302325581395349e-06, 'epoch': 4.65}
{'loss': -0.4467, 'grad_norm': 1.3278148174285889, 'learning_rate': 1.1162790697674418e-05, 'epoch': 5.58}
{'loss': -0.5329, 'grad_norm': 0.6053321361541748, 'learning_rate': 1.3023255813953488e-05, 'epoch': 6.51}
{'loss': -0.6233, 'grad_norm': 0.5245499014854431, 'learning_rate': 1.488372093023256e-05, 'epoch': 7.44}
{'loss': -0.7285, 'grad_norm': 0.7208122611045837, 'learning_rate': 1.674418604651163e-05, 'epoch': 8.37}
{'loss': -0.8479, 'grad_norm': 0.9277746081352234, 'learning_rate': 1.8604651162790697e-05, 'epoch': 9.3}
{'loss': -0.9729, 'grad_norm': 0.8157361149787903, 'learning_rate': 2.046511627906977e-05, 'epoch': 10.23}
{'loss': -1.0912, 'grad_norm': 0.5923447608947754, 'learning_rate': 2.2325581395348837e-05, 'epoch': 11.16}
{'loss': -1.2074, 'grad_norm': 0.6548652052879333, 'learning_rate': 2.4186046511627908e-05, 'epoch': 12.09}
{'loss': -1.3259, 'grad_norm': 1.0007308721542358, 'learning_rate': 2.6046511627906976e-05, 'epoch': 13.02}
{'loss': -1.4641, 'grad_norm': 0.7927648425102234, 'learning_rate': 2.7906976744186048e-05, 'epoch': 13.95}
{'loss': -1.6092, 'grad_norm': 0.8867449164390564, 'learning_rate': 2.976744186046512e-05, 'epoch': 14.88}
{'loss': -1.7121, 'grad_norm': 1.5061122179031372, 'learning_rate': 3.162790697674419e-05, 'epoch': 15.81}
{'loss': -1.7986, 'grad_norm': 1.3998671770095825, 'learning_rate': 3.348837209302326e-05, 'epoch': 16.74}
{'loss': -1.8901, 'grad_norm': 3.098756790161133, 'learning_rate': 3.5348837209302326e-05, 'epoch': 17.67}
{'loss': -1.9593, 'grad_norm': 1.7696199417114258, 'learning_rate': 3.7209302325581394e-05, 'epoch': 18.6}
{'loss': -2.0224, 'grad_norm': 2.184035062789917, 'learning_rate': 3.906976744186047e-05, 'epoch': 19.53}
{'loss': -2.0916, 'grad_norm': 2.925649404525757, 'learning_rate': 4.093023255813954e-05, 'epoch': 20.47}
{'loss': -2.1566, 'grad_norm': 2.755831003189087, 'learning_rate': 4.2790697674418605e-05, 'epoch': 21.4}
{'loss': -2.2122, 'grad_norm': 2.576444387435913, 'learning_rate': 4.465116279069767e-05, 'epoch': 22.33}
{'loss': -2.2594, 'grad_norm': 3.7971506118774414, 'learning_rate': 4.651162790697675e-05, 'epoch': 23.26}
{'loss': -2.3017, 'grad_norm': 4.994082450866699, 'learning_rate': 4.8372093023255816e-05, 'epoch': 24.19}
{'loss': -2.341, 'grad_norm': 3.8536014556884766, 'learning_rate': 5.023255813953489e-05, 'epoch': 25.12}
{'loss': -2.3747, 'grad_norm': 5.119875431060791, 'learning_rate': 5.209302325581395e-05, 'epoch': 26.05}
{'loss': -2.4057, 'grad_norm': 3.751413106918335, 'learning_rate': 5.3953488372093034e-05, 'epoch': 26.98}
{'loss': -2.4329, 'grad_norm': 4.427772045135498, 'learning_rate': 5.5813953488372095e-05, 'epoch': 27.91}
{'loss': -2.4607, 'grad_norm': 3.2586207389831543, 'learning_rate': 5.767441860465117e-05, 'epoch': 28.84}
{'loss': -2.4882, 'grad_norm': 3.6870875358581543, 'learning_rate': 5.953488372093024e-05, 'epoch': 29.77}
{'loss': -2.5125, 'grad_norm': 5.775091648101807, 'learning_rate': 6.139534883720931e-05, 'epoch': 30.7}
{'loss': -2.5338, 'grad_norm': 5.822722434997559, 'learning_rate': 6.325581395348838e-05, 'epoch': 31.63}
{'loss': -2.5561, 'grad_norm': 6.639632701873779, 'learning_rate': 6.511627906976745e-05, 'epoch': 32.56}
{'loss': -2.5739, 'grad_norm': 2.3872811794281006, 'learning_rate': 6.697674418604652e-05, 'epoch': 33.49}
{'loss': -2.5912, 'grad_norm': 6.088052749633789, 'learning_rate': 6.883720930232558e-05, 'epoch': 34.42}
{'loss': -2.6108, 'grad_norm': 5.744849681854248, 'learning_rate': 7.069767441860465e-05, 'epoch': 35.35}
{'loss': -2.6277, 'grad_norm': 9.25797176361084, 'learning_rate': 7.255813953488373e-05, 'epoch': 36.28}
{'loss': -2.6456, 'grad_norm': 8.70358943939209, 'learning_rate': 7.441860465116279e-05, 'epoch': 37.21}
{'loss': -2.6643, 'grad_norm': 4.798495769500732, 'learning_rate': 7.627906976744187e-05, 'epoch': 38.14}
{'loss': -2.6833, 'grad_norm': 10.991250038146973, 'learning_rate': 7.813953488372094e-05, 'epoch': 39.07}
{'loss': -2.6993, 'grad_norm': 10.894880294799805, 'learning_rate': 8e-05, 'epoch': 40.0}
{'loss': -2.712, 'grad_norm': 13.379335403442383, 'learning_rate': 8.186046511627907e-05, 'epoch': 40.93}
{'loss': -2.7283, 'grad_norm': 10.838271141052246, 'learning_rate': 8.372093023255814e-05, 'epoch': 41.86}
{'loss': -2.7421, 'grad_norm': 12.412522315979004, 'learning_rate': 8.558139534883721e-05, 'epoch': 42.79}
{'loss': -2.7528, 'grad_norm': 9.390987396240234, 'learning_rate': 8.744186046511629e-05, 'epoch': 43.72}
{'loss': -2.7626, 'grad_norm': 14.960330963134766, 'learning_rate': 8.930232558139535e-05, 'epoch': 44.65}
{'loss': -2.7746, 'grad_norm': 13.88648509979248, 'learning_rate': 9.116279069767443e-05, 'epoch': 45.58}
{'loss': -2.7848, 'grad_norm': 15.462650299072266, 'learning_rate': 9.30232558139535e-05, 'epoch': 46.51}
{'loss': -2.7941, 'grad_norm': 10.887358665466309, 'learning_rate': 9.488372093023256e-05, 'epoch': 47.44}
{'loss': -2.8024, 'grad_norm': 13.660113334655762, 'learning_rate': 9.674418604651163e-05, 'epoch': 48.37}
{'loss': -2.8158, 'grad_norm': 13.083626747131348, 'learning_rate': 9.86046511627907e-05, 'epoch': 49.3}
{'loss': -2.8285, 'grad_norm': 15.22050666809082, 'learning_rate': 9.994832041343671e-05, 'epoch': 50.23}
{'loss': -2.8377, 'grad_norm': 15.659160614013672, 'learning_rate': 9.974160206718347e-05, 'epoch': 51.16}
{'loss': -2.8473, 'grad_norm': 8.442187309265137, 'learning_rate': 9.953488372093024e-05, 'epoch': 52.09}
{'loss': -2.8582, 'grad_norm': 5.882442474365234, 'learning_rate': 9.9328165374677e-05, 'epoch': 53.02}
{'loss': -2.8707, 'grad_norm': 14.488794326782227, 'learning_rate': 9.912144702842377e-05, 'epoch': 53.95}
{'loss': -2.8809, 'grad_norm': 16.92875862121582, 'learning_rate': 9.891472868217055e-05, 'epoch': 54.88}
{'loss': -2.8886, 'grad_norm': 12.247361183166504, 'learning_rate': 9.870801033591732e-05, 'epoch': 55.81}
{'loss': -2.8995, 'grad_norm': 12.211681365966797, 'learning_rate': 9.85012919896641e-05, 'epoch': 56.74}
{'loss': -2.9061, 'grad_norm': 14.307929039001465, 'learning_rate': 9.829457364341085e-05, 'epoch': 57.67}
{'loss': -2.9211, 'grad_norm': 12.735743522644043, 'learning_rate': 9.808785529715763e-05, 'epoch': 58.6}
{'loss': -2.9291, 'grad_norm': 14.92971420288086, 'learning_rate': 9.78811369509044e-05, 'epoch': 59.53}
{'loss': -2.9365, 'grad_norm': 19.636993408203125, 'learning_rate': 9.767441860465116e-05, 'epoch': 60.47}
{'loss': -2.9439, 'grad_norm': 14.643806457519531, 'learning_rate': 9.746770025839795e-05, 'epoch': 61.4}
{'loss': -2.9512, 'grad_norm': 18.064332962036133, 'learning_rate': 9.72609819121447e-05, 'epoch': 62.33}
{'loss': -2.9587, 'grad_norm': 7.733342170715332, 'learning_rate': 9.705426356589148e-05, 'epoch': 63.26}
{'loss': -2.9673, 'grad_norm': 12.47445297241211, 'learning_rate': 9.684754521963825e-05, 'epoch': 64.19}
{'loss': -2.9751, 'grad_norm': 13.638108253479004, 'learning_rate': 9.664082687338501e-05, 'epoch': 65.12}
{'loss': -2.9841, 'grad_norm': 14.765935897827148, 'learning_rate': 9.643410852713179e-05, 'epoch': 66.05}
{'loss': -2.978, 'grad_norm': 25.031185150146484, 'learning_rate': 9.622739018087856e-05, 'epoch': 66.98}
{'loss': -2.992, 'grad_norm': 17.083362579345703, 'learning_rate': 9.602067183462533e-05, 'epoch': 67.91}
{'loss': -3.0024, 'grad_norm': 10.166427612304688, 'learning_rate': 9.58139534883721e-05, 'epoch': 68.84}
{'loss': -3.0183, 'grad_norm': 10.014169692993164, 'learning_rate': 9.560723514211886e-05, 'epoch': 69.77}
{'loss': -3.0228, 'grad_norm': 19.695341110229492, 'learning_rate': 9.540051679586564e-05, 'epoch': 70.7}
{'loss': -3.0294, 'grad_norm': 10.963624000549316, 'learning_rate': 9.51937984496124e-05, 'epoch': 71.63}
{'loss': -3.0339, 'grad_norm': 17.964365005493164, 'learning_rate': 9.498708010335918e-05, 'epoch': 72.56}
{'loss': -3.044, 'grad_norm': 14.079039573669434, 'learning_rate': 9.478036175710596e-05, 'epoch': 73.49}
{'loss': -3.0542, 'grad_norm': 14.385347366333008, 'learning_rate': 9.457364341085272e-05, 'epoch': 74.42}
{'loss': -3.0493, 'grad_norm': 24.464784622192383, 'learning_rate': 9.436692506459949e-05, 'epoch': 75.35}
{'loss': -3.0602, 'grad_norm': 21.307992935180664, 'learning_rate': 9.416020671834625e-05, 'epoch': 76.28}
{'loss': -3.0694, 'grad_norm': 24.175857543945312, 'learning_rate': 9.395348837209302e-05, 'epoch': 77.21}
{'loss': -3.0753, 'grad_norm': 27.06595802307129, 'learning_rate': 9.37467700258398e-05, 'epoch': 78.14}
{'loss': -3.0819, 'grad_norm': 18.971620559692383, 'learning_rate': 9.354005167958657e-05, 'epoch': 79.07}
{'loss': -3.0875, 'grad_norm': 21.04436683654785, 'learning_rate': 9.333333333333334e-05, 'epoch': 80.0}
{'loss': -3.0947, 'grad_norm': 30.233247756958008, 'learning_rate': 9.31266149870801e-05, 'epoch': 80.93}
{'loss': -3.0964, 'grad_norm': 21.8148250579834, 'learning_rate': 9.291989664082688e-05, 'epoch': 81.86}
{'loss': -3.1024, 'grad_norm': 26.080183029174805, 'learning_rate': 9.271317829457365e-05, 'epoch': 82.79}
{'loss': -3.1076, 'grad_norm': 19.5023193359375, 'learning_rate': 9.250645994832042e-05, 'epoch': 83.72}
{'loss': -3.1091, 'grad_norm': 13.985941886901855, 'learning_rate': 9.22997416020672e-05, 'epoch': 84.65}
{'loss': -3.1185, 'grad_norm': 12.697930335998535, 'learning_rate': 9.209302325581396e-05, 'epoch': 85.58}
{'loss': -3.1302, 'grad_norm': 19.60733985900879, 'learning_rate': 9.188630490956073e-05, 'epoch': 86.51}
{'loss': -3.1371, 'grad_norm': 14.058883666992188, 'learning_rate': 9.16795865633075e-05, 'epoch': 87.44}
{'loss': -3.1396, 'grad_norm': 20.229888916015625, 'learning_rate': 9.147286821705426e-05, 'epoch': 88.37}
{'loss': -3.1355, 'grad_norm': 16.7939395904541, 'learning_rate': 9.126614987080105e-05, 'epoch': 89.3}
{'loss': -3.1464, 'grad_norm': 11.980632781982422, 'learning_rate': 9.105943152454781e-05, 'epoch': 90.23}
{'loss': -3.1539, 'grad_norm': 29.68084144592285, 'learning_rate': 9.085271317829458e-05, 'epoch': 91.16}
{'loss': -3.1629, 'grad_norm': 16.767200469970703, 'learning_rate': 9.064599483204134e-05, 'epoch': 92.09}
{'loss': -3.1668, 'grad_norm': 22.983074188232422, 'learning_rate': 9.043927648578811e-05, 'epoch': 93.02}
{'loss': -3.1722, 'grad_norm': 24.902061462402344, 'learning_rate': 9.023255813953489e-05, 'epoch': 93.95}
{'loss': -3.1801, 'grad_norm': 21.353429794311523, 'learning_rate': 9.002583979328166e-05, 'epoch': 94.88}
{'loss': -3.1853, 'grad_norm': 17.177675247192383, 'learning_rate': 8.981912144702843e-05, 'epoch': 95.81}
{'loss': -3.1831, 'grad_norm': 18.734840393066406, 'learning_rate': 8.96124031007752e-05, 'epoch': 96.74}
{'loss': -3.1935, 'grad_norm': 12.092717170715332, 'learning_rate': 8.940568475452197e-05, 'epoch': 97.67}
{'loss': -3.1946, 'grad_norm': 19.18170166015625, 'learning_rate': 8.919896640826874e-05, 'epoch': 98.6}
{'loss': -3.202, 'grad_norm': 22.487577438354492, 'learning_rate': 8.89922480620155e-05, 'epoch': 99.53}
{'loss': -3.2088, 'grad_norm': 16.72412109375, 'learning_rate': 8.878552971576229e-05, 'epoch': 100.47}
{'loss': -3.2093, 'grad_norm': 27.246253967285156, 'learning_rate': 8.857881136950905e-05, 'epoch': 101.4}
{'loss': -3.2098, 'grad_norm': 27.97313117980957, 'learning_rate': 8.837209302325582e-05, 'epoch': 102.33}
{'loss': -3.218, 'grad_norm': 24.68324089050293, 'learning_rate': 8.816537467700259e-05, 'epoch': 103.26}
{'loss': -3.2194, 'grad_norm': 32.951622009277344, 'learning_rate': 8.795865633074935e-05, 'epoch': 104.19}
{'loss': -3.2268, 'grad_norm': 25.31167221069336, 'learning_rate': 8.775193798449613e-05, 'epoch': 105.12}
{'loss': -3.2283, 'grad_norm': 24.60665512084961, 'learning_rate': 8.75452196382429e-05, 'epoch': 106.05}
{'loss': -3.2383, 'grad_norm': 20.51894187927246, 'learning_rate': 8.733850129198967e-05, 'epoch': 106.98}
{'loss': -3.2407, 'grad_norm': 20.104766845703125, 'learning_rate': 8.713178294573645e-05, 'epoch': 107.91}
{'loss': -3.2443, 'grad_norm': 19.92534065246582, 'learning_rate': 8.69250645994832e-05, 'epoch': 108.84}
{'loss': -3.2504, 'grad_norm': 23.076616287231445, 'learning_rate': 8.671834625322998e-05, 'epoch': 109.77}
{'loss': -3.251, 'grad_norm': 26.077228546142578, 'learning_rate': 8.651162790697674e-05, 'epoch': 110.7}
{'loss': -3.2587, 'grad_norm': 18.737531661987305, 'learning_rate': 8.630490956072352e-05, 'epoch': 111.63}
{'loss': -3.2633, 'grad_norm': 23.38641357421875, 'learning_rate': 8.60981912144703e-05, 'epoch': 112.56}
{'loss': -3.269, 'grad_norm': 28.58144760131836, 'learning_rate': 8.589147286821706e-05, 'epoch': 113.49}
{'loss': -3.2744, 'grad_norm': 25.901845932006836, 'learning_rate': 8.568475452196383e-05, 'epoch': 114.42}
{'loss': -3.2696, 'grad_norm': 22.983232498168945, 'learning_rate': 8.547803617571059e-05, 'epoch': 115.35}
{'loss': -3.2755, 'grad_norm': 23.997644424438477, 'learning_rate': 8.527131782945736e-05, 'epoch': 116.28}
{'loss': -3.2823, 'grad_norm': 23.608234405517578, 'learning_rate': 8.506459948320415e-05, 'epoch': 117.21}
{'loss': -3.2875, 'grad_norm': 29.863969802856445, 'learning_rate': 8.485788113695091e-05, 'epoch': 118.14}
{'loss': -3.2922, 'grad_norm': 27.014169692993164, 'learning_rate': 8.465116279069768e-05, 'epoch': 119.07}
{'loss': -3.2946, 'grad_norm': 28.113731384277344, 'learning_rate': 8.444444444444444e-05, 'epoch': 120.0}
{'loss': -3.3054, 'grad_norm': 26.81800651550293, 'learning_rate': 8.423772609819122e-05, 'epoch': 120.93}
{'loss': -3.3043, 'grad_norm': 26.15593719482422, 'learning_rate': 8.403100775193799e-05, 'epoch': 121.86}
{'loss': -3.3075, 'grad_norm': 24.070068359375, 'learning_rate': 8.382428940568476e-05, 'epoch': 122.79}
{'loss': -3.3079, 'grad_norm': 30.07854652404785, 'learning_rate': 8.361757105943154e-05, 'epoch': 123.72}
{'loss': -3.3001, 'grad_norm': 43.433502197265625, 'learning_rate': 8.34108527131783e-05, 'epoch': 124.65}
{'loss': -3.3139, 'grad_norm': 25.98550033569336, 'learning_rate': 8.320413436692507e-05, 'epoch': 125.58}
{'loss': -3.3168, 'grad_norm': 29.88109016418457, 'learning_rate': 8.299741602067184e-05, 'epoch': 126.51}
{'loss': -3.3224, 'grad_norm': 28.669113159179688, 'learning_rate': 8.27906976744186e-05, 'epoch': 127.44}
{'loss': -3.3233, 'grad_norm': 29.449506759643555, 'learning_rate': 8.258397932816539e-05, 'epoch': 128.37}
{'loss': -3.326, 'grad_norm': 24.94667625427246, 'learning_rate': 8.237726098191215e-05, 'epoch': 129.3}
{'loss': -3.3297, 'grad_norm': 30.43854331970215, 'learning_rate': 8.217054263565892e-05, 'epoch': 130.23}
{'loss': -3.3318, 'grad_norm': 27.541812896728516, 'learning_rate': 8.19638242894057e-05, 'epoch': 131.16}
{'loss': -3.3423, 'grad_norm': 24.482070922851562, 'learning_rate': 8.175710594315245e-05, 'epoch': 132.09}
{'loss': -3.3437, 'grad_norm': 22.844032287597656, 'learning_rate': 8.155038759689923e-05, 'epoch': 133.02}
{'loss': -3.3489, 'grad_norm': 17.43750762939453, 'learning_rate': 8.1343669250646e-05, 'epoch': 133.95}
{'loss': -3.3511, 'grad_norm': 23.400503158569336, 'learning_rate': 8.113695090439277e-05, 'epoch': 134.88}
{'loss': -3.3612, 'grad_norm': 21.639131546020508, 'learning_rate': 8.093023255813953e-05, 'epoch': 135.81}
{'loss': -3.3645, 'grad_norm': 27.333263397216797, 'learning_rate': 8.072351421188631e-05, 'epoch': 136.74}
{'loss': -3.361, 'grad_norm': 28.837154388427734, 'learning_rate': 8.051679586563308e-05, 'epoch': 137.67}
{'loss': -3.3697, 'grad_norm': 25.852619171142578, 'learning_rate': 8.031007751937984e-05, 'epoch': 138.6}
{'loss': -3.3736, 'grad_norm': 19.568832397460938, 'learning_rate': 8.010335917312663e-05, 'epoch': 139.53}
{'loss': -3.3691, 'grad_norm': 14.563183784484863, 'learning_rate': 7.989664082687339e-05, 'epoch': 140.47}
{'loss': -3.3677, 'grad_norm': 27.130786895751953, 'learning_rate': 7.968992248062016e-05, 'epoch': 141.4}
{'loss': -3.3821, 'grad_norm': 31.174278259277344, 'learning_rate': 7.948320413436693e-05, 'epoch': 142.33}
{'loss': -3.3798, 'grad_norm': 26.152563095092773, 'learning_rate': 7.927648578811369e-05, 'epoch': 143.26}
{'loss': -3.3885, 'grad_norm': 23.76679801940918, 'learning_rate': 7.906976744186047e-05, 'epoch': 144.19}
{'loss': -3.3911, 'grad_norm': 27.43915367126465, 'learning_rate': 7.886304909560724e-05, 'epoch': 145.12}
{'loss': -3.3917, 'grad_norm': 29.537803649902344, 'learning_rate': 7.865633074935401e-05, 'epoch': 146.05}
{'loss': -3.3923, 'grad_norm': 17.10121726989746, 'learning_rate': 7.844961240310079e-05, 'epoch': 146.98}
{'loss': -3.3895, 'grad_norm': 26.145559310913086, 'learning_rate': 7.824289405684755e-05, 'epoch': 147.91}
{'loss': -3.4064, 'grad_norm': 30.855510711669922, 'learning_rate': 7.803617571059432e-05, 'epoch': 148.84}
{'loss': -3.4078, 'grad_norm': 35.96013259887695, 'learning_rate': 7.782945736434109e-05, 'epoch': 149.77}
{'loss': -3.4047, 'grad_norm': 31.58371353149414, 'learning_rate': 7.762273901808786e-05, 'epoch': 150.7}
{'loss': -3.4096, 'grad_norm': 29.630817413330078, 'learning_rate': 7.741602067183464e-05, 'epoch': 151.63}
{'loss': -3.4136, 'grad_norm': 35.38705825805664, 'learning_rate': 7.72093023255814e-05, 'epoch': 152.56}
{'loss': -3.4145, 'grad_norm': 19.587100982666016, 'learning_rate': 7.700258397932817e-05, 'epoch': 153.49}
{'loss': -3.4205, 'grad_norm': 30.833410263061523, 'learning_rate': 7.679586563307493e-05, 'epoch': 154.42}
{'loss': -3.4236, 'grad_norm': 25.217695236206055, 'learning_rate': 7.65891472868217e-05, 'epoch': 155.35}
{'loss': -3.4163, 'grad_norm': 28.127723693847656, 'learning_rate': 7.638242894056849e-05, 'epoch': 156.28}
{'loss': -3.4263, 'grad_norm': 30.757841110229492, 'learning_rate': 7.617571059431525e-05, 'epoch': 157.21}
{'loss': -3.4335, 'grad_norm': 19.696474075317383, 'learning_rate': 7.596899224806202e-05, 'epoch': 158.14}
{'loss': -3.433, 'grad_norm': 21.915494918823242, 'learning_rate': 7.576227390180878e-05, 'epoch': 159.07}
{'loss': -3.4317, 'grad_norm': 30.650232315063477, 'learning_rate': 7.555555555555556e-05, 'epoch': 160.0}
{'loss': -3.4215, 'grad_norm': 41.983154296875, 'learning_rate': 7.534883720930233e-05, 'epoch': 160.93}
{'loss': -3.4322, 'grad_norm': 34.00092697143555, 'learning_rate': 7.51421188630491e-05, 'epoch': 161.86}
{'loss': -3.4488, 'grad_norm': 22.80779457092285, 'learning_rate': 7.493540051679588e-05, 'epoch': 162.79}
{'loss': -3.4422, 'grad_norm': 33.358299255371094, 'learning_rate': 7.472868217054264e-05, 'epoch': 163.72}
{'loss': -3.4456, 'grad_norm': 40.33726119995117, 'learning_rate': 7.452196382428941e-05, 'epoch': 164.65}
{'loss': -3.4465, 'grad_norm': 38.31296157836914, 'learning_rate': 7.431524547803618e-05, 'epoch': 165.58}
{'loss': -3.4532, 'grad_norm': 33.05316162109375, 'learning_rate': 7.410852713178294e-05, 'epoch': 166.51}
{'loss': -3.455, 'grad_norm': 25.386566162109375, 'learning_rate': 7.390180878552973e-05, 'epoch': 167.44}
{'loss': -3.4597, 'grad_norm': 36.77897644042969, 'learning_rate': 7.369509043927649e-05, 'epoch': 168.37}
{'loss': -3.4564, 'grad_norm': 23.979860305786133, 'learning_rate': 7.348837209302326e-05, 'epoch': 169.3}
{'loss': -3.458, 'grad_norm': 26.39893913269043, 'learning_rate': 7.328165374677003e-05, 'epoch': 170.23}
{'loss': -3.4694, 'grad_norm': 18.334980010986328, 'learning_rate': 7.30749354005168e-05, 'epoch': 171.16}
{'loss': -3.4588, 'grad_norm': 31.563743591308594, 'learning_rate': 7.286821705426357e-05, 'epoch': 172.09}
{'loss': -3.466, 'grad_norm': 23.74945640563965, 'learning_rate': 7.266149870801034e-05, 'epoch': 173.02}
{'loss': -3.4689, 'grad_norm': 26.61096954345703, 'learning_rate': 7.245478036175711e-05, 'epoch': 173.95}
{'loss': -3.4773, 'grad_norm': 40.802978515625, 'learning_rate': 7.224806201550389e-05, 'epoch': 174.88}
{'loss': -3.476, 'grad_norm': 20.24275016784668, 'learning_rate': 7.204134366925065e-05, 'epoch': 175.81}
{'loss': -3.4808, 'grad_norm': 34.698219299316406, 'learning_rate': 7.183462532299742e-05, 'epoch': 176.74}
{'loss': -3.4876, 'grad_norm': 37.40876007080078, 'learning_rate': 7.162790697674418e-05, 'epoch': 177.67}
{'loss': -3.4832, 'grad_norm': 41.62940979003906, 'learning_rate': 7.142118863049097e-05, 'epoch': 178.6}
{'loss': -3.4884, 'grad_norm': 25.465593338012695, 'learning_rate': 7.121447028423773e-05, 'epoch': 179.53}
{'loss': -3.4915, 'grad_norm': 26.84219741821289, 'learning_rate': 7.10077519379845e-05, 'epoch': 180.47}
{'loss': -3.4853, 'grad_norm': 35.881614685058594, 'learning_rate': 7.080103359173127e-05, 'epoch': 181.4}
{'loss': -3.4922, 'grad_norm': 25.947492599487305, 'learning_rate': 7.059431524547803e-05, 'epoch': 182.33}
{'loss': -3.4955, 'grad_norm': 31.174577713012695, 'learning_rate': 7.03875968992248e-05, 'epoch': 183.26}
{'loss': -3.4937, 'grad_norm': 40.92367172241211, 'learning_rate': 7.018087855297158e-05, 'epoch': 184.19}
{'loss': -3.5003, 'grad_norm': 34.642784118652344, 'learning_rate': 6.997416020671835e-05, 'epoch': 185.12}
{'loss': -3.5039, 'grad_norm': 31.471139907836914, 'learning_rate': 6.976744186046513e-05, 'epoch': 186.05}
{'loss': -3.506, 'grad_norm': 32.432395935058594, 'learning_rate': 6.956072351421189e-05, 'epoch': 186.98}
{'loss': -3.5106, 'grad_norm': 33.06129455566406, 'learning_rate': 6.935400516795866e-05, 'epoch': 187.91}
{'loss': -3.5094, 'grad_norm': 29.43238639831543, 'learning_rate': 6.914728682170543e-05, 'epoch': 188.84}
{'loss': -3.5176, 'grad_norm': 20.18120002746582, 'learning_rate': 6.89405684754522e-05, 'epoch': 189.77}
{'loss': -3.5048, 'grad_norm': 46.763694763183594, 'learning_rate': 6.873385012919898e-05, 'epoch': 190.7}
{'loss': -3.5057, 'grad_norm': 31.223968505859375, 'learning_rate': 6.852713178294574e-05, 'epoch': 191.63}
{'loss': -3.514, 'grad_norm': 44.789031982421875, 'learning_rate': 6.832041343669251e-05, 'epoch': 192.56}
{'loss': -3.5102, 'grad_norm': 30.124595642089844, 'learning_rate': 6.811369509043928e-05, 'epoch': 193.49}
{'loss': -3.5272, 'grad_norm': 33.69645690917969, 'learning_rate': 6.790697674418604e-05, 'epoch': 194.42}
{'loss': -3.526, 'grad_norm': 36.34693908691406, 'learning_rate': 6.770025839793283e-05, 'epoch': 195.35}
{'loss': -3.5116, 'grad_norm': 51.862213134765625, 'learning_rate': 6.749354005167959e-05, 'epoch': 196.28}
{'loss': -3.5193, 'grad_norm': 31.289037704467773, 'learning_rate': 6.728682170542636e-05, 'epoch': 197.21}
{'loss': -3.5339, 'grad_norm': 39.621826171875, 'learning_rate': 6.708010335917312e-05, 'epoch': 198.14}
{'loss': -3.5307, 'grad_norm': 28.555540084838867, 'learning_rate': 6.68733850129199e-05, 'epoch': 199.07}
{'loss': -3.5303, 'grad_norm': 30.11222267150879, 'learning_rate': 6.666666666666667e-05, 'epoch': 200.0}
{'loss': -3.5354, 'grad_norm': 33.6422119140625, 'learning_rate': 6.645994832041343e-05, 'epoch': 200.93}
{'loss': -3.538, 'grad_norm': 33.5943717956543, 'learning_rate': 6.625322997416022e-05, 'epoch': 201.86}
{'loss': -3.5409, 'grad_norm': 31.89520263671875, 'learning_rate': 6.604651162790698e-05, 'epoch': 202.79}
{'loss': -3.5472, 'grad_norm': 27.228248596191406, 'learning_rate': 6.583979328165375e-05, 'epoch': 203.72}
{'loss': -3.543, 'grad_norm': 33.845680236816406, 'learning_rate': 6.563307493540052e-05, 'epoch': 204.65}
{'loss': -3.5448, 'grad_norm': 39.2083740234375, 'learning_rate': 6.542635658914728e-05, 'epoch': 205.58}
{'loss': -3.5513, 'grad_norm': 30.202850341796875, 'learning_rate': 6.521963824289406e-05, 'epoch': 206.51}
{'loss': -3.5477, 'grad_norm': 30.267457962036133, 'learning_rate': 6.501291989664083e-05, 'epoch': 207.44}
{'loss': -3.548, 'grad_norm': 30.94658088684082, 'learning_rate': 6.48062015503876e-05, 'epoch': 208.37}
{'loss': -3.5502, 'grad_norm': 37.525028228759766, 'learning_rate': 6.459948320413438e-05, 'epoch': 209.3}
{'loss': -3.5619, 'grad_norm': 19.306625366210938, 'learning_rate': 6.439276485788113e-05, 'epoch': 210.23}
{'loss': -3.5582, 'grad_norm': 21.66968536376953, 'learning_rate': 6.418604651162791e-05, 'epoch': 211.16}
{'loss': -3.5601, 'grad_norm': 34.9827995300293, 'learning_rate': 6.397932816537468e-05, 'epoch': 212.09}
{'loss': -3.5644, 'grad_norm': 31.942121505737305, 'learning_rate': 6.377260981912145e-05, 'epoch': 213.02}
{'loss': -3.5591, 'grad_norm': 27.911211013793945, 'learning_rate': 6.356589147286823e-05, 'epoch': 213.95}
{'loss': -3.5687, 'grad_norm': 24.98735809326172, 'learning_rate': 6.335917312661499e-05, 'epoch': 214.88}
{'loss': -3.5681, 'grad_norm': 26.013256072998047, 'learning_rate': 6.315245478036176e-05, 'epoch': 215.81}
{'loss': -3.5721, 'grad_norm': 36.423980712890625, 'learning_rate': 6.294573643410852e-05, 'epoch': 216.74}
{'loss': -3.571, 'grad_norm': 39.38362503051758, 'learning_rate': 6.27390180878553e-05, 'epoch': 217.67}
{'loss': -3.5694, 'grad_norm': 38.204166412353516, 'learning_rate': 6.253229974160208e-05, 'epoch': 218.6}
{'loss': -3.5766, 'grad_norm': 41.570858001708984, 'learning_rate': 6.232558139534884e-05, 'epoch': 219.53}
{'loss': -3.5746, 'grad_norm': 34.691654205322266, 'learning_rate': 6.211886304909561e-05, 'epoch': 220.47}
{'loss': -3.5824, 'grad_norm': 28.52975082397461, 'learning_rate': 6.191214470284237e-05, 'epoch': 221.4}
{'loss': -3.58, 'grad_norm': 41.894622802734375, 'learning_rate': 6.170542635658915e-05, 'epoch': 222.33}
{'loss': -3.5751, 'grad_norm': 30.12038230895996, 'learning_rate': 6.149870801033592e-05, 'epoch': 223.26}
{'loss': -3.5746, 'grad_norm': 27.32863426208496, 'learning_rate': 6.129198966408269e-05, 'epoch': 224.19}
{'loss': -3.5882, 'grad_norm': 32.47770309448242, 'learning_rate': 6.108527131782947e-05, 'epoch': 225.12}
{'loss': -3.5845, 'grad_norm': 38.260231018066406, 'learning_rate': 6.087855297157623e-05, 'epoch': 226.05}
{'loss': -3.5858, 'grad_norm': 24.5738468170166, 'learning_rate': 6.0671834625323e-05, 'epoch': 226.98}
{'loss': -3.596, 'grad_norm': 33.47768783569336, 'learning_rate': 6.0465116279069765e-05, 'epoch': 227.91}
{'loss': -3.5958, 'grad_norm': 31.331090927124023, 'learning_rate': 6.025839793281653e-05, 'epoch': 228.84}
{'loss': -3.5974, 'grad_norm': 32.952301025390625, 'learning_rate': 6.005167958656331e-05, 'epoch': 229.77}
{'loss': -3.5978, 'grad_norm': 47.13462448120117, 'learning_rate': 5.9844961240310085e-05, 'epoch': 230.7}
{'loss': -3.5865, 'grad_norm': 42.68667221069336, 'learning_rate': 5.963824289405685e-05, 'epoch': 231.63}
{'loss': -3.6012, 'grad_norm': 23.446374893188477, 'learning_rate': 5.943152454780362e-05, 'epoch': 232.56}
{'loss': -3.5978, 'grad_norm': 27.091018676757812, 'learning_rate': 5.9224806201550384e-05, 'epoch': 233.49}
{'loss': -3.5666, 'grad_norm': 40.97808837890625, 'learning_rate': 5.901808785529716e-05, 'epoch': 234.42}
{'loss': -3.6038, 'grad_norm': 22.00347328186035, 'learning_rate': 5.881136950904394e-05, 'epoch': 235.35}
{'loss': -3.6073, 'grad_norm': 29.50978660583496, 'learning_rate': 5.8604651162790704e-05, 'epoch': 236.28}
{'loss': -3.6071, 'grad_norm': 36.916561126708984, 'learning_rate': 5.839793281653747e-05, 'epoch': 237.21}
{'loss': -3.609, 'grad_norm': 34.21440124511719, 'learning_rate': 5.819121447028424e-05, 'epoch': 238.14}
{'loss': -3.6129, 'grad_norm': 52.39397430419922, 'learning_rate': 5.798449612403101e-05, 'epoch': 239.07}
{'loss': -3.6084, 'grad_norm': 24.031707763671875, 'learning_rate': 5.7777777777777776e-05, 'epoch': 240.0}
{'loss': -3.6112, 'grad_norm': 36.762664794921875, 'learning_rate': 5.7571059431524556e-05, 'epoch': 240.93}
{'loss': -3.6125, 'grad_norm': 40.797855377197266, 'learning_rate': 5.736434108527132e-05, 'epoch': 241.86}
{'loss': -3.6169, 'grad_norm': 33.10602951049805, 'learning_rate': 5.715762273901809e-05, 'epoch': 242.79}
{'loss': -3.6196, 'grad_norm': 34.014034271240234, 'learning_rate': 5.6950904392764856e-05, 'epoch': 243.72}
{'loss': -3.6226, 'grad_norm': 26.865901947021484, 'learning_rate': 5.674418604651163e-05, 'epoch': 244.65}
{'loss': -3.6152, 'grad_norm': 44.196617126464844, 'learning_rate': 5.6537467700258396e-05, 'epoch': 245.58}
{'loss': -3.6213, 'grad_norm': 50.39295196533203, 'learning_rate': 5.6330749354005176e-05, 'epoch': 246.51}
{'loss': -3.5923, 'grad_norm': 39.70514678955078, 'learning_rate': 5.612403100775194e-05, 'epoch': 247.44}
{'loss': -3.6195, 'grad_norm': 41.73991775512695, 'learning_rate': 5.591731266149871e-05, 'epoch': 248.37}
{'loss': -3.618, 'grad_norm': 47.310482025146484, 'learning_rate': 5.571059431524548e-05, 'epoch': 249.3}
{'loss': -3.6246, 'grad_norm': 30.91322898864746, 'learning_rate': 5.550387596899225e-05, 'epoch': 250.23}
{'loss': -3.6269, 'grad_norm': 33.74201202392578, 'learning_rate': 5.5297157622739015e-05, 'epoch': 251.16}
{'loss': -3.6355, 'grad_norm': 41.161136627197266, 'learning_rate': 5.5090439276485795e-05, 'epoch': 252.09}
{'loss': -3.6354, 'grad_norm': 40.55200958251953, 'learning_rate': 5.488372093023256e-05, 'epoch': 253.02}
{'loss': -3.6349, 'grad_norm': 41.52336120605469, 'learning_rate': 5.4677002583979334e-05, 'epoch': 253.95}
{'loss': -3.6393, 'grad_norm': 30.99575424194336, 'learning_rate': 5.44702842377261e-05, 'epoch': 254.88}
{'loss': -3.6388, 'grad_norm': 40.47526550292969, 'learning_rate': 5.426356589147287e-05, 'epoch': 255.81}
{'loss': -3.6395, 'grad_norm': 42.028072357177734, 'learning_rate': 5.4056847545219634e-05, 'epoch': 256.74}
{'loss': -3.6424, 'grad_norm': 38.58518981933594, 'learning_rate': 5.3850129198966414e-05, 'epoch': 257.67}
{'loss': -3.6437, 'grad_norm': 37.11117935180664, 'learning_rate': 5.364341085271318e-05, 'epoch': 258.6}
{'loss': -3.6426, 'grad_norm': 32.29949188232422, 'learning_rate': 5.343669250645995e-05, 'epoch': 259.53}
{'loss': -3.6465, 'grad_norm': 42.48687744140625, 'learning_rate': 5.322997416020672e-05, 'epoch': 260.47}
{'loss': -3.647, 'grad_norm': 33.40939712524414, 'learning_rate': 5.3023255813953486e-05, 'epoch': 261.4}
{'loss': -3.6399, 'grad_norm': 28.593128204345703, 'learning_rate': 5.281653746770025e-05, 'epoch': 262.33}
{'loss': -3.6462, 'grad_norm': 59.898681640625, 'learning_rate': 5.260981912144703e-05, 'epoch': 263.26}
{'loss': -3.6465, 'grad_norm': 35.51715087890625, 'learning_rate': 5.2403100775193806e-05, 'epoch': 264.19}
{'loss': -3.6503, 'grad_norm': 29.327089309692383, 'learning_rate': 5.219638242894057e-05, 'epoch': 265.12}
{'loss': -3.654, 'grad_norm': 32.47588348388672, 'learning_rate': 5.198966408268734e-05, 'epoch': 266.05}
{'loss': -3.6533, 'grad_norm': 40.17241287231445, 'learning_rate': 5.1782945736434105e-05, 'epoch': 266.98}
{'loss': -3.6585, 'grad_norm': 34.64257049560547, 'learning_rate': 5.157622739018088e-05, 'epoch': 267.91}
{'loss': -3.6555, 'grad_norm': 34.34764099121094, 'learning_rate': 5.136950904392765e-05, 'epoch': 268.84}
{'loss': -3.6516, 'grad_norm': 39.581886291503906, 'learning_rate': 5.1162790697674425e-05, 'epoch': 269.77}
{'loss': -3.66, 'grad_norm': 37.710872650146484, 'learning_rate': 5.095607235142119e-05, 'epoch': 270.7}
{'loss': -3.6633, 'grad_norm': 32.850379943847656, 'learning_rate': 5.074935400516796e-05, 'epoch': 271.63}
{'loss': -3.6559, 'grad_norm': 45.82966232299805, 'learning_rate': 5.0542635658914724e-05, 'epoch': 272.56}
{'loss': -3.6619, 'grad_norm': 22.22389793395996, 'learning_rate': 5.03359173126615e-05, 'epoch': 273.49}
{'loss': -3.6634, 'grad_norm': 30.50278663635254, 'learning_rate': 5.012919896640828e-05, 'epoch': 274.42}
{'loss': -3.6669, 'grad_norm': 34.057132720947266, 'learning_rate': 4.9922480620155044e-05, 'epoch': 275.35}
{'loss': -3.67, 'grad_norm': 26.843324661254883, 'learning_rate': 4.971576227390181e-05, 'epoch': 276.28}
{'loss': -3.6654, 'grad_norm': 37.52546691894531, 'learning_rate': 4.950904392764858e-05, 'epoch': 277.21}
{'loss': -3.6648, 'grad_norm': 49.133243560791016, 'learning_rate': 4.930232558139535e-05, 'epoch': 278.14}
{'loss': -3.6716, 'grad_norm': 23.660873413085938, 'learning_rate': 4.9095607235142123e-05, 'epoch': 279.07}
{'loss': -3.6677, 'grad_norm': 40.96457290649414, 'learning_rate': 4.888888888888889e-05, 'epoch': 280.0}
{'loss': -3.6597, 'grad_norm': 61.19463348388672, 'learning_rate': 4.868217054263566e-05, 'epoch': 280.93}
{'loss': -3.6742, 'grad_norm': 47.12730407714844, 'learning_rate': 4.847545219638243e-05, 'epoch': 281.86}
{'loss': -3.6789, 'grad_norm': 32.11626434326172, 'learning_rate': 4.82687338501292e-05, 'epoch': 282.79}
{'loss': -3.6814, 'grad_norm': 44.81230163574219, 'learning_rate': 4.8062015503875976e-05, 'epoch': 283.72}
{'loss': -3.6826, 'grad_norm': 34.444000244140625, 'learning_rate': 4.785529715762274e-05, 'epoch': 284.65}
{'loss': -3.6831, 'grad_norm': 31.890766143798828, 'learning_rate': 4.764857881136951e-05, 'epoch': 285.58}
{'loss': -3.6838, 'grad_norm': 35.709102630615234, 'learning_rate': 4.744186046511628e-05, 'epoch': 286.51}
{'loss': -3.6872, 'grad_norm': 39.33464050292969, 'learning_rate': 4.723514211886305e-05, 'epoch': 287.44}
{'loss': -3.6885, 'grad_norm': 34.81040954589844, 'learning_rate': 4.702842377260982e-05, 'epoch': 288.37}
{'loss': -3.6881, 'grad_norm': 24.758792877197266, 'learning_rate': 4.6821705426356595e-05, 'epoch': 289.3}
{'loss': -3.6844, 'grad_norm': 38.97760772705078, 'learning_rate': 4.661498708010336e-05, 'epoch': 290.23}
{'loss': -3.6894, 'grad_norm': 38.152122497558594, 'learning_rate': 4.640826873385013e-05, 'epoch': 291.16}
{'loss': -3.688, 'grad_norm': 43.68083572387695, 'learning_rate': 4.62015503875969e-05, 'epoch': 292.09}
{'loss': -3.6858, 'grad_norm': 25.901912689208984, 'learning_rate': 4.5994832041343674e-05, 'epoch': 293.02}
{'loss': -3.6895, 'grad_norm': 33.57887268066406, 'learning_rate': 4.578811369509044e-05, 'epoch': 293.95}
{'loss': -3.6891, 'grad_norm': 37.19266128540039, 'learning_rate': 4.5581395348837214e-05, 'epoch': 294.88}
{'loss': -3.69, 'grad_norm': 41.765079498291016, 'learning_rate': 4.537467700258398e-05, 'epoch': 295.81}
{'loss': -3.6894, 'grad_norm': 33.42832565307617, 'learning_rate': 4.516795865633075e-05, 'epoch': 296.74}
{'loss': -3.6853, 'grad_norm': 39.09125518798828, 'learning_rate': 4.496124031007753e-05, 'epoch': 297.67}
{'loss': -3.6978, 'grad_norm': 24.64922523498535, 'learning_rate': 4.4754521963824294e-05, 'epoch': 298.6}
{'loss': -3.6968, 'grad_norm': 39.0788459777832, 'learning_rate': 4.454780361757106e-05, 'epoch': 299.53}
{'loss': -3.6944, 'grad_norm': 40.036712646484375, 'learning_rate': 4.434108527131783e-05, 'epoch': 300.47}
{'loss': -3.7029, 'grad_norm': 33.64656448364258, 'learning_rate': 4.41343669250646e-05, 'epoch': 301.4}
{'loss': -3.7035, 'grad_norm': 41.857791900634766, 'learning_rate': 4.392764857881137e-05, 'epoch': 302.33}
{'loss': -3.7041, 'grad_norm': 39.70425033569336, 'learning_rate': 4.3720930232558146e-05, 'epoch': 303.26}
{'loss': -3.7065, 'grad_norm': 39.529937744140625, 'learning_rate': 4.351421188630491e-05, 'epoch': 304.19}
{'loss': -3.7076, 'grad_norm': 39.90022277832031, 'learning_rate': 4.330749354005168e-05, 'epoch': 305.12}
{'loss': -3.7075, 'grad_norm': 35.73676300048828, 'learning_rate': 4.310077519379845e-05, 'epoch': 306.05}
{'loss': -3.7077, 'grad_norm': 40.927913665771484, 'learning_rate': 4.289405684754522e-05, 'epoch': 306.98}
{'loss': -3.7045, 'grad_norm': 39.022361755371094, 'learning_rate': 4.268733850129199e-05, 'epoch': 307.91}
{'loss': -3.7054, 'grad_norm': 38.69823455810547, 'learning_rate': 4.2480620155038765e-05, 'epoch': 308.84}
{'loss': -3.7024, 'grad_norm': 32.1822624206543, 'learning_rate': 4.227390180878553e-05, 'epoch': 309.77}
{'loss': -3.7024, 'grad_norm': 36.14922332763672, 'learning_rate': 4.20671834625323e-05, 'epoch': 310.7}
{'loss': -3.7112, 'grad_norm': 30.901636123657227, 'learning_rate': 4.186046511627907e-05, 'epoch': 311.63}
{'loss': -3.7137, 'grad_norm': 26.937213897705078, 'learning_rate': 4.1653746770025845e-05, 'epoch': 312.56}
{'loss': -3.7019, 'grad_norm': 26.56509780883789, 'learning_rate': 4.144702842377261e-05, 'epoch': 313.49}
{'loss': -3.713, 'grad_norm': 41.67864227294922, 'learning_rate': 4.1240310077519384e-05, 'epoch': 314.42}
{'loss': -3.7166, 'grad_norm': 34.88042068481445, 'learning_rate': 4.103359173126615e-05, 'epoch': 315.35}
{'loss': -3.7198, 'grad_norm': 35.78154373168945, 'learning_rate': 4.082687338501292e-05, 'epoch': 316.28}
{'loss': -3.7192, 'grad_norm': 44.36590576171875, 'learning_rate': 4.06201550387597e-05, 'epoch': 317.21}
{'loss': -3.7153, 'grad_norm': 46.961544036865234, 'learning_rate': 4.0413436692506464e-05, 'epoch': 318.14}
{'loss': -3.722, 'grad_norm': 35.180580139160156, 'learning_rate': 4.020671834625323e-05, 'epoch': 319.07}
{'loss': -3.7239, 'grad_norm': 24.003385543823242, 'learning_rate': 4e-05, 'epoch': 320.0}
{'loss': -3.7208, 'grad_norm': 33.877445220947266, 'learning_rate': 3.979328165374677e-05, 'epoch': 320.93}
{'loss': -3.7189, 'grad_norm': 24.483196258544922, 'learning_rate': 3.958656330749354e-05, 'epoch': 321.86}
{'loss': -3.7249, 'grad_norm': 33.97868347167969, 'learning_rate': 3.9379844961240316e-05, 'epoch': 322.79}
{'loss': -3.7272, 'grad_norm': 39.56695556640625, 'learning_rate': 3.917312661498708e-05, 'epoch': 323.72}
{'loss': -3.7199, 'grad_norm': 46.4891357421875, 'learning_rate': 3.896640826873385e-05, 'epoch': 324.65}
{'loss': -3.7257, 'grad_norm': 46.90126419067383, 'learning_rate': 3.875968992248062e-05, 'epoch': 325.58}
{'loss': -3.7298, 'grad_norm': 31.5159854888916, 'learning_rate': 3.8552971576227396e-05, 'epoch': 326.51}
{'loss': -3.7329, 'grad_norm': 37.181575775146484, 'learning_rate': 3.834625322997416e-05, 'epoch': 327.44}
{'loss': -3.7295, 'grad_norm': 47.57986831665039, 'learning_rate': 3.8139534883720935e-05, 'epoch': 328.37}
{'loss': -3.7337, 'grad_norm': 40.23777389526367, 'learning_rate': 3.79328165374677e-05, 'epoch': 329.3}
{'loss': -3.7311, 'grad_norm': 49.589359283447266, 'learning_rate': 3.772609819121447e-05, 'epoch': 330.23}
{'loss': -3.7326, 'grad_norm': 36.68433380126953, 'learning_rate': 3.751937984496124e-05, 'epoch': 331.16}
{'loss': -3.7339, 'grad_norm': 39.81974411010742, 'learning_rate': 3.7312661498708015e-05, 'epoch': 332.09}
{'loss': -3.7334, 'grad_norm': 27.18638801574707, 'learning_rate': 3.710594315245478e-05, 'epoch': 333.02}
{'loss': -3.7347, 'grad_norm': 38.770145416259766, 'learning_rate': 3.6899224806201554e-05, 'epoch': 333.95}
{'loss': -3.7361, 'grad_norm': 49.8023567199707, 'learning_rate': 3.669250645994832e-05, 'epoch': 334.88}
{'loss': -3.7373, 'grad_norm': 37.67136001586914, 'learning_rate': 3.6485788113695094e-05, 'epoch': 335.81}
{'loss': -3.7401, 'grad_norm': 42.97547149658203, 'learning_rate': 3.627906976744187e-05, 'epoch': 336.74}
{'loss': -3.7381, 'grad_norm': 48.08269119262695, 'learning_rate': 3.6072351421188634e-05, 'epoch': 337.67}
{'loss': -3.7347, 'grad_norm': 53.151145935058594, 'learning_rate': 3.58656330749354e-05, 'epoch': 338.6}
{'loss': -3.7393, 'grad_norm': 36.28129959106445, 'learning_rate': 3.565891472868217e-05, 'epoch': 339.53}
{'loss': -3.7445, 'grad_norm': 37.64872360229492, 'learning_rate': 3.545219638242894e-05, 'epoch': 340.47}
{'loss': -3.7481, 'grad_norm': 29.781614303588867, 'learning_rate': 3.524547803617571e-05, 'epoch': 341.4}
{'loss': -3.7387, 'grad_norm': 41.50180435180664, 'learning_rate': 3.5038759689922486e-05, 'epoch': 342.33}
{'loss': -3.74, 'grad_norm': 39.22590637207031, 'learning_rate': 3.483204134366925e-05, 'epoch': 343.26}
{'loss': -3.7437, 'grad_norm': 30.55597496032715, 'learning_rate': 3.462532299741602e-05, 'epoch': 344.19}
{'loss': -3.7434, 'grad_norm': 40.98249816894531, 'learning_rate': 3.441860465116279e-05, 'epoch': 345.12}
{'loss': -3.7495, 'grad_norm': 32.184383392333984, 'learning_rate': 3.4211886304909566e-05, 'epoch': 346.05}
{'loss': -3.7474, 'grad_norm': 54.91596984863281, 'learning_rate': 3.400516795865633e-05, 'epoch': 346.98}
{'loss': -3.75, 'grad_norm': 51.75841522216797, 'learning_rate': 3.3798449612403105e-05, 'epoch': 347.91}
{'loss': -3.752, 'grad_norm': 52.42073059082031, 'learning_rate': 3.359173126614987e-05, 'epoch': 348.84}
{'loss': -3.752, 'grad_norm': 32.506107330322266, 'learning_rate': 3.338501291989664e-05, 'epoch': 349.77}
{'loss': -3.753, 'grad_norm': 30.075939178466797, 'learning_rate': 3.317829457364341e-05, 'epoch': 350.7}
{'loss': -3.7559, 'grad_norm': 21.935222625732422, 'learning_rate': 3.2971576227390185e-05, 'epoch': 351.63}
{'loss': -3.7572, 'grad_norm': 41.50350570678711, 'learning_rate': 3.276485788113695e-05, 'epoch': 352.56}
{'loss': -3.7494, 'grad_norm': 41.84541320800781, 'learning_rate': 3.2558139534883724e-05, 'epoch': 353.49}
{'loss': -3.7525, 'grad_norm': 35.33768081665039, 'learning_rate': 3.235142118863049e-05, 'epoch': 354.42}
{'loss': -3.753, 'grad_norm': 42.36656951904297, 'learning_rate': 3.2144702842377264e-05, 'epoch': 355.35}
{'loss': -3.7552, 'grad_norm': 29.340290069580078, 'learning_rate': 3.193798449612404e-05, 'epoch': 356.28}
{'loss': -3.7597, 'grad_norm': 34.2900390625, 'learning_rate': 3.1731266149870804e-05, 'epoch': 357.21}
{'loss': -3.7591, 'grad_norm': 38.61965560913086, 'learning_rate': 3.152454780361757e-05, 'epoch': 358.14}
{'loss': -3.7498, 'grad_norm': 70.86676788330078, 'learning_rate': 3.1317829457364343e-05, 'epoch': 359.07}
{'loss': -3.7522, 'grad_norm': 42.687007904052734, 'learning_rate': 3.111111111111111e-05, 'epoch': 360.0}
{'loss': -3.7628, 'grad_norm': 35.89867401123047, 'learning_rate': 3.090439276485788e-05, 'epoch': 360.93}
{'loss': -3.7638, 'grad_norm': 28.563610076904297, 'learning_rate': 3.0697674418604656e-05, 'epoch': 361.86}
{'loss': -3.7654, 'grad_norm': 31.746305465698242, 'learning_rate': 3.0490956072351423e-05, 'epoch': 362.79}
{'loss': -3.766, 'grad_norm': 31.291479110717773, 'learning_rate': 3.0284237726098193e-05, 'epoch': 363.72}
{'loss': -3.7633, 'grad_norm': 41.72565460205078, 'learning_rate': 3.0077519379844966e-05, 'epoch': 364.65}
{'loss': -3.7662, 'grad_norm': 24.32964324951172, 'learning_rate': 2.9870801033591732e-05, 'epoch': 365.58}
{'loss': -3.7654, 'grad_norm': 30.4226016998291, 'learning_rate': 2.9664082687338502e-05, 'epoch': 366.51}
{'loss': -3.7695, 'grad_norm': 32.52900695800781, 'learning_rate': 2.9457364341085275e-05, 'epoch': 367.44}
{'loss': -3.77, 'grad_norm': 36.32009506225586, 'learning_rate': 2.9250645994832042e-05, 'epoch': 368.37}
{'loss': -3.7692, 'grad_norm': 38.83407211303711, 'learning_rate': 2.9043927648578812e-05, 'epoch': 369.3}
{'loss': -3.7718, 'grad_norm': 19.7816219329834, 'learning_rate': 2.8837209302325585e-05, 'epoch': 370.23}
{'loss': -3.7688, 'grad_norm': 39.115753173828125, 'learning_rate': 2.8630490956072355e-05, 'epoch': 371.16}
{'loss': -3.7676, 'grad_norm': 24.881425857543945, 'learning_rate': 2.842377260981912e-05, 'epoch': 372.09}
{'loss': -3.7718, 'grad_norm': 29.46307373046875, 'learning_rate': 2.8217054263565894e-05, 'epoch': 373.02}
{'loss': -3.7739, 'grad_norm': 37.58283233642578, 'learning_rate': 2.8010335917312664e-05, 'epoch': 373.95}
{'loss': -3.7737, 'grad_norm': 33.18693923950195, 'learning_rate': 2.780361757105943e-05, 'epoch': 374.88}
{'loss': -3.7746, 'grad_norm': 38.262168884277344, 'learning_rate': 2.7596899224806204e-05, 'epoch': 375.81}
{'loss': -3.7738, 'grad_norm': 38.55701446533203, 'learning_rate': 2.7390180878552974e-05, 'epoch': 376.74}
{'loss': -3.773, 'grad_norm': 28.8265380859375, 'learning_rate': 2.718346253229974e-05, 'epoch': 377.67}
{'loss': -3.776, 'grad_norm': 16.63361930847168, 'learning_rate': 2.6976744186046517e-05, 'epoch': 378.6}
{'loss': -3.7747, 'grad_norm': 44.736961364746094, 'learning_rate': 2.6770025839793283e-05, 'epoch': 379.53}
{'loss': -3.7789, 'grad_norm': 25.219125747680664, 'learning_rate': 2.6563307493540053e-05, 'epoch': 380.47}
{'loss': -3.7808, 'grad_norm': 38.158138275146484, 'learning_rate': 2.6356589147286826e-05, 'epoch': 381.4}
{'loss': -3.7781, 'grad_norm': 22.91813087463379, 'learning_rate': 2.6149870801033593e-05, 'epoch': 382.33}
{'loss': -3.7788, 'grad_norm': 27.419475555419922, 'learning_rate': 2.5943152454780363e-05, 'epoch': 383.26}
{'loss': -3.7793, 'grad_norm': 37.442630767822266, 'learning_rate': 2.5736434108527136e-05, 'epoch': 384.19}
{'loss': -3.7816, 'grad_norm': 34.20856857299805, 'learning_rate': 2.5529715762273902e-05, 'epoch': 385.12}
{'loss': -3.785, 'grad_norm': 38.77537155151367, 'learning_rate': 2.5322997416020672e-05, 'epoch': 386.05}
{'loss': -3.7858, 'grad_norm': 24.59943389892578, 'learning_rate': 2.5116279069767445e-05, 'epoch': 386.98}
{'loss': -3.786, 'grad_norm': 32.2237663269043, 'learning_rate': 2.4909560723514215e-05, 'epoch': 387.91}
{'loss': -3.7869, 'grad_norm': 24.385433197021484, 'learning_rate': 2.4702842377260982e-05, 'epoch': 388.84}
{'loss': -3.788, 'grad_norm': 26.382705688476562, 'learning_rate': 2.449612403100775e-05, 'epoch': 389.77}
{'loss': -3.7842, 'grad_norm': 26.90557098388672, 'learning_rate': 2.4289405684754525e-05, 'epoch': 390.7}
{'loss': -3.7855, 'grad_norm': 41.92018127441406, 'learning_rate': 2.408268733850129e-05, 'epoch': 391.63}
{'loss': -3.7816, 'grad_norm': 39.74760818481445, 'learning_rate': 2.387596899224806e-05, 'epoch': 392.56}
{'loss': -3.7868, 'grad_norm': 34.41413497924805, 'learning_rate': 2.3669250645994834e-05, 'epoch': 393.49}
{'loss': -3.7853, 'grad_norm': 32.810585021972656, 'learning_rate': 2.34625322997416e-05, 'epoch': 394.42}
{'loss': -3.7851, 'grad_norm': 48.347511291503906, 'learning_rate': 2.3255813953488374e-05, 'epoch': 395.35}
{'loss': -3.7876, 'grad_norm': 33.14152908325195, 'learning_rate': 2.3049095607235144e-05, 'epoch': 396.28}
{'loss': -3.7926, 'grad_norm': 27.048255920410156, 'learning_rate': 2.284237726098191e-05, 'epoch': 397.21}
{'loss': -3.791, 'grad_norm': 31.16059112548828, 'learning_rate': 2.2635658914728684e-05, 'epoch': 398.14}
{'loss': -3.7906, 'grad_norm': 36.22421646118164, 'learning_rate': 2.2428940568475453e-05, 'epoch': 399.07}
{'loss': -3.7898, 'grad_norm': 29.083528518676758, 'learning_rate': 2.2222222222222223e-05, 'epoch': 400.0}
{'loss': -3.7899, 'grad_norm': 36.17099380493164, 'learning_rate': 2.2015503875968993e-05, 'epoch': 400.93}
{'loss': -3.7955, 'grad_norm': 25.671661376953125, 'learning_rate': 2.1808785529715763e-05, 'epoch': 401.86}
{'loss': -3.7969, 'grad_norm': 17.105731964111328, 'learning_rate': 2.1602067183462533e-05, 'epoch': 402.79}
{'loss': -3.7954, 'grad_norm': 45.69175338745117, 'learning_rate': 2.1395348837209303e-05, 'epoch': 403.72}
{'loss': -3.7913, 'grad_norm': 51.46299362182617, 'learning_rate': 2.1188630490956073e-05, 'epoch': 404.65}
{'loss': -3.7915, 'grad_norm': 21.95018196105957, 'learning_rate': 2.0981912144702842e-05, 'epoch': 405.58}
{'loss': -3.7963, 'grad_norm': 20.162067413330078, 'learning_rate': 2.0775193798449612e-05, 'epoch': 406.51}
{'loss': -3.7941, 'grad_norm': 32.19911575317383, 'learning_rate': 2.0568475452196385e-05, 'epoch': 407.44}
{'loss': -3.7978, 'grad_norm': 16.443559646606445, 'learning_rate': 2.0361757105943152e-05, 'epoch': 408.37}
{'loss': -3.7983, 'grad_norm': 33.943565368652344, 'learning_rate': 2.0155038759689922e-05, 'epoch': 409.3}
{'loss': -3.7981, 'grad_norm': 16.894556045532227, 'learning_rate': 1.9948320413436695e-05, 'epoch': 410.23}
{'loss': -3.7983, 'grad_norm': 21.742965698242188, 'learning_rate': 1.974160206718346e-05, 'epoch': 411.16}
{'loss': -3.8005, 'grad_norm': 17.72014617919922, 'learning_rate': 1.9534883720930235e-05, 'epoch': 412.09}
{'loss': -3.7992, 'grad_norm': 18.495946884155273, 'learning_rate': 1.9328165374677004e-05, 'epoch': 413.02}
{'loss': -3.799, 'grad_norm': 25.568178176879883, 'learning_rate': 1.912144702842377e-05, 'epoch': 413.95}
{'loss': -3.8015, 'grad_norm': 32.47734832763672, 'learning_rate': 1.8914728682170544e-05, 'epoch': 414.88}
{'loss': -3.8006, 'grad_norm': 19.874597549438477, 'learning_rate': 1.8708010335917314e-05, 'epoch': 415.81}
{'loss': -3.8053, 'grad_norm': 26.036605834960938, 'learning_rate': 1.8501291989664084e-05, 'epoch': 416.74}
{'loss': -3.8039, 'grad_norm': 18.997291564941406, 'learning_rate': 1.8294573643410854e-05, 'epoch': 417.67}
{'loss': -3.8052, 'grad_norm': 25.777542114257812, 'learning_rate': 1.8087855297157624e-05, 'epoch': 418.6}
{'loss': -3.8046, 'grad_norm': 23.493633270263672, 'learning_rate': 1.7881136950904393e-05, 'epoch': 419.53}
{'loss': -3.8047, 'grad_norm': 14.891733169555664, 'learning_rate': 1.7674418604651163e-05, 'epoch': 420.47}
{'loss': -3.804, 'grad_norm': 36.93421173095703, 'learning_rate': 1.7467700258397933e-05, 'epoch': 421.4}
{'loss': -3.8049, 'grad_norm': 18.372451782226562, 'learning_rate': 1.7260981912144703e-05, 'epoch': 422.33}
{'loss': -3.8073, 'grad_norm': 31.44477653503418, 'learning_rate': 1.7054263565891473e-05, 'epoch': 423.26}
{'loss': -3.8083, 'grad_norm': 33.1860466003418, 'learning_rate': 1.6847545219638246e-05, 'epoch': 424.19}
{'loss': -3.8088, 'grad_norm': 17.87033462524414, 'learning_rate': 1.6640826873385012e-05, 'epoch': 425.12}
{'loss': -3.8083, 'grad_norm': 38.68377685546875, 'learning_rate': 1.6434108527131782e-05, 'epoch': 426.05}
{'loss': -3.8096, 'grad_norm': 28.09122657775879, 'learning_rate': 1.6227390180878555e-05, 'epoch': 426.98}
{'loss': -3.8075, 'grad_norm': 38.87905502319336, 'learning_rate': 1.6020671834625322e-05, 'epoch': 427.91}
{'loss': -3.812, 'grad_norm': 31.970993041992188, 'learning_rate': 1.5813953488372095e-05, 'epoch': 428.84}
{'loss': -3.809, 'grad_norm': 18.850563049316406, 'learning_rate': 1.5607235142118865e-05, 'epoch': 429.77}
{'loss': -3.8114, 'grad_norm': 27.25025177001953, 'learning_rate': 1.540051679586563e-05, 'epoch': 430.7}
{'loss': -3.8095, 'grad_norm': 30.769481658935547, 'learning_rate': 1.5193798449612403e-05, 'epoch': 431.63}
{'loss': -3.8113, 'grad_norm': 13.362489700317383, 'learning_rate': 1.4987080103359175e-05, 'epoch': 432.56}
{'loss': -3.8123, 'grad_norm': 20.911357879638672, 'learning_rate': 1.4780361757105943e-05, 'epoch': 433.49}
{'loss': -3.8127, 'grad_norm': 15.86612606048584, 'learning_rate': 1.4573643410852714e-05, 'epoch': 434.42}
{'loss': -3.8104, 'grad_norm': 26.746740341186523, 'learning_rate': 1.4366925064599484e-05, 'epoch': 435.35}
{'loss': -3.8136, 'grad_norm': 37.46028137207031, 'learning_rate': 1.4160206718346252e-05, 'epoch': 436.28}
{'loss': -3.8102, 'grad_norm': 24.041881561279297, 'learning_rate': 1.3953488372093024e-05, 'epoch': 437.21}
{'loss': -3.8125, 'grad_norm': 39.76861572265625, 'learning_rate': 1.3746770025839795e-05, 'epoch': 438.14}
{'loss': -3.8146, 'grad_norm': 15.856472969055176, 'learning_rate': 1.3540051679586563e-05, 'epoch': 439.07}
{'loss': -3.8147, 'grad_norm': 16.380491256713867, 'learning_rate': 1.3333333333333333e-05, 'epoch': 440.0}
{'loss': -3.8167, 'grad_norm': 20.974620819091797, 'learning_rate': 1.3126614987080105e-05, 'epoch': 440.93}
{'loss': -3.8173, 'grad_norm': 13.695844650268555, 'learning_rate': 1.2919896640826873e-05, 'epoch': 441.86}
{'loss': -3.8166, 'grad_norm': 15.991137504577637, 'learning_rate': 1.2713178294573645e-05, 'epoch': 442.79}
{'loss': -3.8171, 'grad_norm': 25.438236236572266, 'learning_rate': 1.2506459948320414e-05, 'epoch': 443.72}
{'loss': -3.8183, 'grad_norm': 9.2415132522583, 'learning_rate': 1.2299741602067184e-05, 'epoch': 444.65}
{'loss': -3.819, 'grad_norm': 12.502068519592285, 'learning_rate': 1.2093023255813954e-05, 'epoch': 445.58}
{'loss': -3.8185, 'grad_norm': 10.98097038269043, 'learning_rate': 1.1886304909560724e-05, 'epoch': 446.51}
{'loss': -3.8197, 'grad_norm': 22.709980010986328, 'learning_rate': 1.1679586563307494e-05, 'epoch': 447.44}
{'loss': -3.8203, 'grad_norm': 14.604549407958984, 'learning_rate': 1.1472868217054264e-05, 'epoch': 448.37}
{'loss': -3.8209, 'grad_norm': 16.847322463989258, 'learning_rate': 1.1266149870801033e-05, 'epoch': 449.3}
{'loss': -3.8208, 'grad_norm': 18.751310348510742, 'learning_rate': 1.1059431524547805e-05, 'epoch': 450.23}
{'loss': -3.8197, 'grad_norm': 14.050701141357422, 'learning_rate': 1.0852713178294575e-05, 'epoch': 451.16}
{'loss': -3.821, 'grad_norm': 32.19235610961914, 'learning_rate': 1.0645994832041343e-05, 'epoch': 452.09}
{'loss': -3.8214, 'grad_norm': 30.40987205505371, 'learning_rate': 1.0439276485788114e-05, 'epoch': 453.02}
{'loss': -3.8228, 'grad_norm': 28.515974044799805, 'learning_rate': 1.0232558139534884e-05, 'epoch': 453.95}
{'loss': -3.8239, 'grad_norm': 16.373210906982422, 'learning_rate': 1.0025839793281654e-05, 'epoch': 454.88}
{'loss': -3.8226, 'grad_norm': 16.484268188476562, 'learning_rate': 9.819121447028424e-06, 'epoch': 455.81}
{'loss': -3.8242, 'grad_norm': 15.556876182556152, 'learning_rate': 9.612403100775194e-06, 'epoch': 456.74}
{'loss': -3.8233, 'grad_norm': 23.521244049072266, 'learning_rate': 9.405684754521964e-06, 'epoch': 457.67}
{'loss': -3.8245, 'grad_norm': 16.7673397064209, 'learning_rate': 9.198966408268735e-06, 'epoch': 458.6}
{'loss': -3.8237, 'grad_norm': 8.429057121276855, 'learning_rate': 8.992248062015503e-06, 'epoch': 459.53}
{'loss': -3.8245, 'grad_norm': 13.374773025512695, 'learning_rate': 8.785529715762273e-06, 'epoch': 460.47}
{'loss': -3.8268, 'grad_norm': 12.383813858032227, 'learning_rate': 8.578811369509045e-06, 'epoch': 461.4}
{'loss': -3.8256, 'grad_norm': 7.3732008934021, 'learning_rate': 8.372093023255815e-06, 'epoch': 462.33}
{'loss': -3.826, 'grad_norm': 7.561136245727539, 'learning_rate': 8.165374677002584e-06, 'epoch': 463.26}
{'loss': -3.8256, 'grad_norm': 12.665894508361816, 'learning_rate': 7.958656330749354e-06, 'epoch': 464.19}
{'loss': -3.8274, 'grad_norm': 16.002891540527344, 'learning_rate': 7.751937984496124e-06, 'epoch': 465.12}
{'loss': -3.8266, 'grad_norm': 19.94952392578125, 'learning_rate': 7.545219638242894e-06, 'epoch': 466.05}
{'loss': -3.8271, 'grad_norm': 15.698281288146973, 'learning_rate': 7.338501291989665e-06, 'epoch': 466.98}
{'loss': -3.83, 'grad_norm': 25.141986846923828, 'learning_rate': 7.1317829457364345e-06, 'epoch': 467.91}
{'loss': -3.8288, 'grad_norm': 13.494134902954102, 'learning_rate': 6.9250645994832035e-06, 'epoch': 468.84}
{'loss': -3.8309, 'grad_norm': 15.908764839172363, 'learning_rate': 6.718346253229975e-06, 'epoch': 469.77}
{'loss': -3.8299, 'grad_norm': 17.0826473236084, 'learning_rate': 6.511627906976744e-06, 'epoch': 470.7}
{'loss': -3.8296, 'grad_norm': 13.748062133789062, 'learning_rate': 6.304909560723514e-06, 'epoch': 471.63}
{'loss': -3.8303, 'grad_norm': 9.538411140441895, 'learning_rate': 6.0981912144702846e-06, 'epoch': 472.56}
{'loss': -3.8304, 'grad_norm': 8.6722412109375, 'learning_rate': 5.891472868217054e-06, 'epoch': 473.49}
{'loss': -3.8313, 'grad_norm': 15.038518905639648, 'learning_rate': 5.684754521963825e-06, 'epoch': 474.42}
{'loss': -3.8318, 'grad_norm': 6.810397148132324, 'learning_rate': 5.478036175710594e-06, 'epoch': 475.35}
{'loss': -3.831, 'grad_norm': 9.809009552001953, 'learning_rate': 5.271317829457365e-06, 'epoch': 476.28}
{'loss': -3.8313, 'grad_norm': 9.358792304992676, 'learning_rate': 5.064599483204135e-06, 'epoch': 477.21}
{'loss': -3.8318, 'grad_norm': 8.544637680053711, 'learning_rate': 4.8578811369509045e-06, 'epoch': 478.14}
{'loss': -3.8319, 'grad_norm': 17.37175941467285, 'learning_rate': 4.651162790697674e-06, 'epoch': 479.07}
{'loss': -3.8319, 'grad_norm': 13.869505882263184, 'learning_rate': 4.444444444444445e-06, 'epoch': 480.0}
{'loss': -3.8327, 'grad_norm': 8.20043659210205, 'learning_rate': 4.237726098191214e-06, 'epoch': 480.93}
{'loss': -3.8329, 'grad_norm': 11.642779350280762, 'learning_rate': 4.031007751937985e-06, 'epoch': 481.86}
{'loss': -3.8332, 'grad_norm': 13.137845039367676, 'learning_rate': 3.8242894056847545e-06, 'epoch': 482.79}
{'loss': -3.8349, 'grad_norm': 8.984655380249023, 'learning_rate': 3.6175710594315244e-06, 'epoch': 483.72}
{'loss': -3.8341, 'grad_norm': 7.644197463989258, 'learning_rate': 3.4108527131782946e-06, 'epoch': 484.65}
{'loss': -3.8338, 'grad_norm': 9.887828826904297, 'learning_rate': 3.204134366925065e-06, 'epoch': 485.58}
{'loss': -3.8346, 'grad_norm': 7.199398040771484, 'learning_rate': 2.9974160206718347e-06, 'epoch': 486.51}
{'loss': -3.8341, 'grad_norm': 8.66504192352295, 'learning_rate': 2.7906976744186046e-06, 'epoch': 487.44}
{'loss': -3.8342, 'grad_norm': 8.060657501220703, 'learning_rate': 2.583979328165375e-06, 'epoch': 488.37}
{'loss': -3.8349, 'grad_norm': 5.172764778137207, 'learning_rate': 2.3772609819121447e-06, 'epoch': 489.3}
{'loss': -3.8361, 'grad_norm': 10.565468788146973, 'learning_rate': 2.170542635658915e-06, 'epoch': 490.23}
{'loss': -3.8347, 'grad_norm': 7.959064960479736, 'learning_rate': 1.963824289405685e-06, 'epoch': 491.16}
{'loss': -3.8365, 'grad_norm': 6.026104927062988, 'learning_rate': 1.7571059431524549e-06, 'epoch': 492.09}
{'loss': -3.8351, 'grad_norm': 8.01997184753418, 'learning_rate': 1.550387596899225e-06, 'epoch': 493.02}
{'loss': -3.8357, 'grad_norm': 7.306042194366455, 'learning_rate': 1.343669250645995e-06, 'epoch': 493.95}
{'loss': -3.8366, 'grad_norm': 5.740067005157471, 'learning_rate': 1.1369509043927648e-06, 'epoch': 494.88}
{'loss': -3.8366, 'grad_norm': 5.993264675140381, 'learning_rate': 9.30232558139535e-07, 'epoch': 495.81}
{'loss': -3.8363, 'grad_norm': 6.775433540344238, 'learning_rate': 7.235142118863049e-07, 'epoch': 496.74}
{'loss': -3.8343, 'grad_norm': 5.399049758911133, 'learning_rate': 5.16795865633075e-07, 'epoch': 497.67}
{'loss': -3.8361, 'grad_norm': 7.150102615356445, 'learning_rate': 3.1007751937984497e-07, 'epoch': 498.6}
{'loss': -3.8363, 'grad_norm': 4.69575834274292, 'learning_rate': 1.0335917312661499e-07, 'epoch': 499.53}
{'train_runtime': 10723.9042, 'train_samples_per_second': 17738.036, 'train_steps_per_second': 2.005, 'train_loss': -3.417843616485596, 'epoch': 500.0}
========== Model is trained ==========
========== Model is in evaluation mode ==========
=== Model is saved, at /proj/gaia/RayDT/dataset/processed_data/../../outputs/huggingface_test_result_noise_20/models/huggingface_trained_dt_noise_20_20240822-194517_4/ ===
Finished concurrent execution of tasks.
Ending time: Thu Aug 22 22:44:10 CEST 2024
