Starting time: Thu Aug 22 19:45:07 CEST 2024
no change     /proj/gaia/RayDT/mamba_ray/condabin/conda
no change     /proj/gaia/RayDT/mamba_ray/bin/conda
no change     /proj/gaia/RayDT/mamba_ray/bin/conda-env
no change     /proj/gaia/RayDT/mamba_ray/bin/activate
no change     /proj/gaia/RayDT/mamba_ray/bin/deactivate
no change     /proj/gaia/RayDT/mamba_ray/etc/profile.d/conda.sh
no change     /proj/gaia/RayDT/mamba_ray/etc/fish/conf.d/conda.fish
no change     /proj/gaia/RayDT/mamba_ray/shell/condabin/Conda.psm1
no change     /proj/gaia/RayDT/mamba_ray/shell/condabin/conda-hook.ps1
no change     /proj/gaia/RayDT/mamba_ray/lib/python3.10/site-packages/xontrib/conda.xsh
no change     /proj/gaia/RayDT/mamba_ray/etc/profile.d/conda.csh
no change     /home/x_yifji/.bashrc
No action taken.
config =  {'env_index': 5, 'add_surface_index': False, 'eval_from': None, 'test_seed': 42, 'test_data': 'test', 'Tx_id': 0, 'allTx': True, 'Rx_id': None, 'Rx1_id': None, 'Rx2_id': None, 'debug_path_flag': False, 'path_id': 6, 'add_noise': False, 'optim_load': False, 'small_batch': False, 'big_batch': False, 'debug': False, 'produce_fig': False, 'wandb': True, 'replot_baseline_only': False, 'Ofunc': False, 'noise_sample': 20, 'path': None, 'data_postfix': '', 'data_prefix': 'allTx', 'gen_func': <function gen_data_sample_across_rx at 0x14fa1ddbcd30>}
========== Training config ==========
Found matching repo for training dataset: allTx_HFds__noise_20__20240821_021540_env_index_5
========== loading Data from /proj/gaia/RayDT/dataset/processed_data/trainwoAug/all_Tx_data/allTx_HFds__noise_20__20240821_021540_env_index_5 ==========
========== Training Data is loaded ==========
========== Model is initialized ==========
{'loss': -0.2015, 'grad_norm': 2.370248556137085, 'learning_rate': 1.9047619047619051e-06, 'epoch': 0.95}
{'loss': -0.216, 'grad_norm': 2.3091208934783936, 'learning_rate': 3.8095238095238102e-06, 'epoch': 1.9}
{'loss': -0.2441, 'grad_norm': 2.2093729972839355, 'learning_rate': 5.7142857142857145e-06, 'epoch': 2.86}
{'loss': -0.2836, 'grad_norm': 2.0116891860961914, 'learning_rate': 7.6190476190476205e-06, 'epoch': 3.81}
{'loss': -0.3361, 'grad_norm': 1.7612342834472656, 'learning_rate': 9.523809523809523e-06, 'epoch': 4.76}
{'loss': -0.4063, 'grad_norm': 1.2650792598724365, 'learning_rate': 1.1428571428571429e-05, 'epoch': 5.71}
{'loss': -0.4896, 'grad_norm': 0.5886433720588684, 'learning_rate': 1.3333333333333333e-05, 'epoch': 6.67}
{'loss': -0.5779, 'grad_norm': 0.5353487730026245, 'learning_rate': 1.5238095238095241e-05, 'epoch': 7.62}
{'loss': -0.6865, 'grad_norm': 0.7892126441001892, 'learning_rate': 1.7142857142857145e-05, 'epoch': 8.57}
{'loss': -0.8128, 'grad_norm': 1.0392802953720093, 'learning_rate': 1.9047619047619046e-05, 'epoch': 9.52}
{'loss': -0.9465, 'grad_norm': 0.8701900839805603, 'learning_rate': 2.0952380952380954e-05, 'epoch': 10.48}
{'loss': -1.0661, 'grad_norm': 0.6517925262451172, 'learning_rate': 2.2857142857142858e-05, 'epoch': 11.43}
{'loss': -1.1737, 'grad_norm': 0.6699388027191162, 'learning_rate': 2.4761904761904762e-05, 'epoch': 12.38}
{'loss': -1.2836, 'grad_norm': 0.6553025245666504, 'learning_rate': 2.6666666666666667e-05, 'epoch': 13.33}
{'loss': -1.4237, 'grad_norm': 0.8435677289962769, 'learning_rate': 2.857142857142857e-05, 'epoch': 14.29}
{'loss': -1.5717, 'grad_norm': 1.1420451402664185, 'learning_rate': 3.0476190476190482e-05, 'epoch': 15.24}
{'loss': -1.6764, 'grad_norm': 0.9716824293136597, 'learning_rate': 3.2380952380952386e-05, 'epoch': 16.19}
{'loss': -1.764, 'grad_norm': 1.5053452253341675, 'learning_rate': 3.428571428571429e-05, 'epoch': 17.14}
{'loss': -1.8533, 'grad_norm': 1.2541180849075317, 'learning_rate': 3.619047619047619e-05, 'epoch': 18.1}
{'loss': -1.9318, 'grad_norm': 1.5237306356430054, 'learning_rate': 3.809523809523809e-05, 'epoch': 19.05}
{'loss': -2.0102, 'grad_norm': 4.798821449279785, 'learning_rate': 4e-05, 'epoch': 20.0}
{'loss': -2.0739, 'grad_norm': 2.01016902923584, 'learning_rate': 4.190476190476191e-05, 'epoch': 20.95}
{'loss': -2.1188, 'grad_norm': 2.791623115539551, 'learning_rate': 4.380952380952381e-05, 'epoch': 21.9}
{'loss': -2.1595, 'grad_norm': 4.398407936096191, 'learning_rate': 4.5714285714285716e-05, 'epoch': 22.86}
{'loss': -2.2077, 'grad_norm': 4.724246501922607, 'learning_rate': 4.761904761904762e-05, 'epoch': 23.81}
{'loss': -2.2585, 'grad_norm': 4.074612140655518, 'learning_rate': 4.9523809523809525e-05, 'epoch': 24.76}
{'loss': -2.2975, 'grad_norm': 4.286806106567383, 'learning_rate': 5.142857142857143e-05, 'epoch': 25.71}
{'loss': -2.3375, 'grad_norm': 3.302454948425293, 'learning_rate': 5.333333333333333e-05, 'epoch': 26.67}
{'loss': -2.3696, 'grad_norm': 2.9459517002105713, 'learning_rate': 5.5238095238095244e-05, 'epoch': 27.62}
{'loss': -2.3992, 'grad_norm': 3.809441566467285, 'learning_rate': 5.714285714285714e-05, 'epoch': 28.57}
{'loss': -2.4303, 'grad_norm': 6.787837982177734, 'learning_rate': 5.904761904761905e-05, 'epoch': 29.52}
{'loss': -2.457, 'grad_norm': 4.521673679351807, 'learning_rate': 6.0952380952380964e-05, 'epoch': 30.48}
{'loss': -2.4843, 'grad_norm': 5.044838905334473, 'learning_rate': 6.285714285714286e-05, 'epoch': 31.43}
{'loss': -2.5105, 'grad_norm': 5.088531017303467, 'learning_rate': 6.476190476190477e-05, 'epoch': 32.38}
{'loss': -2.536, 'grad_norm': 5.897819995880127, 'learning_rate': 6.666666666666667e-05, 'epoch': 33.33}
{'loss': -2.5529, 'grad_norm': 6.763678550720215, 'learning_rate': 6.857142857142858e-05, 'epoch': 34.29}
{'loss': -2.5742, 'grad_norm': 5.083532810211182, 'learning_rate': 7.047619047619048e-05, 'epoch': 35.24}
{'loss': -2.5965, 'grad_norm': 4.739734172821045, 'learning_rate': 7.238095238095238e-05, 'epoch': 36.19}
{'loss': -2.6183, 'grad_norm': 4.128588676452637, 'learning_rate': 7.428571428571429e-05, 'epoch': 37.14}
{'loss': -2.6353, 'grad_norm': 12.309433937072754, 'learning_rate': 7.619047619047618e-05, 'epoch': 38.1}
{'loss': -2.6509, 'grad_norm': 8.586501121520996, 'learning_rate': 7.80952380952381e-05, 'epoch': 39.05}
{'loss': -2.6667, 'grad_norm': 13.348198890686035, 'learning_rate': 8e-05, 'epoch': 40.0}
{'loss': -2.68, 'grad_norm': 9.686407089233398, 'learning_rate': 8.19047619047619e-05, 'epoch': 40.95}
{'loss': -2.6875, 'grad_norm': 11.151005744934082, 'learning_rate': 8.380952380952382e-05, 'epoch': 41.9}
{'loss': -2.7082, 'grad_norm': 8.983850479125977, 'learning_rate': 8.571428571428571e-05, 'epoch': 42.86}
{'loss': -2.72, 'grad_norm': 12.068106651306152, 'learning_rate': 8.761904761904762e-05, 'epoch': 43.81}
{'loss': -2.728, 'grad_norm': 10.930109024047852, 'learning_rate': 8.952380952380953e-05, 'epoch': 44.76}
{'loss': -2.7467, 'grad_norm': 10.532679557800293, 'learning_rate': 9.142857142857143e-05, 'epoch': 45.71}
{'loss': -2.7602, 'grad_norm': 13.912757873535156, 'learning_rate': 9.333333333333334e-05, 'epoch': 46.67}
{'loss': -2.7744, 'grad_norm': 14.445423126220703, 'learning_rate': 9.523809523809524e-05, 'epoch': 47.62}
{'loss': -2.7834, 'grad_norm': 10.078030586242676, 'learning_rate': 9.714285714285715e-05, 'epoch': 48.57}
{'loss': -2.798, 'grad_norm': 13.016434669494629, 'learning_rate': 9.904761904761905e-05, 'epoch': 49.52}
{'loss': -2.7962, 'grad_norm': 16.820419311523438, 'learning_rate': 9.989417989417989e-05, 'epoch': 50.48}
{'loss': -2.8156, 'grad_norm': 10.694952011108398, 'learning_rate': 9.968253968253969e-05, 'epoch': 51.43}
{'loss': -2.8256, 'grad_norm': 10.313352584838867, 'learning_rate': 9.947089947089946e-05, 'epoch': 52.38}
{'loss': -2.8392, 'grad_norm': 14.702884674072266, 'learning_rate': 9.925925925925926e-05, 'epoch': 53.33}
{'loss': -2.8481, 'grad_norm': 16.027156829833984, 'learning_rate': 9.904761904761905e-05, 'epoch': 54.29}
{'loss': -2.8608, 'grad_norm': 15.792837142944336, 'learning_rate': 9.883597883597884e-05, 'epoch': 55.24}
{'loss': -2.8671, 'grad_norm': 15.959162712097168, 'learning_rate': 9.862433862433864e-05, 'epoch': 56.19}
{'loss': -2.8777, 'grad_norm': 15.817671775817871, 'learning_rate': 9.841269841269841e-05, 'epoch': 57.14}
{'loss': -2.8885, 'grad_norm': 18.393239974975586, 'learning_rate': 9.820105820105821e-05, 'epoch': 58.1}
{'loss': -2.8958, 'grad_norm': 15.388372421264648, 'learning_rate': 9.7989417989418e-05, 'epoch': 59.05}
{'loss': -2.9074, 'grad_norm': 30.634321212768555, 'learning_rate': 9.777777777777778e-05, 'epoch': 60.0}
{'loss': -2.9131, 'grad_norm': 15.196125984191895, 'learning_rate': 9.756613756613757e-05, 'epoch': 60.95}
{'loss': -2.9301, 'grad_norm': 12.314236640930176, 'learning_rate': 9.735449735449735e-05, 'epoch': 61.9}
{'loss': -2.9403, 'grad_norm': 8.606749534606934, 'learning_rate': 9.714285714285715e-05, 'epoch': 62.86}
{'loss': -2.9446, 'grad_norm': 23.36698341369629, 'learning_rate': 9.693121693121694e-05, 'epoch': 63.81}
{'loss': -2.9542, 'grad_norm': 15.992792129516602, 'learning_rate': 9.671957671957672e-05, 'epoch': 64.76}
{'loss': -2.965, 'grad_norm': 14.180624961853027, 'learning_rate': 9.650793650793651e-05, 'epoch': 65.71}
{'loss': -2.9689, 'grad_norm': 13.614388465881348, 'learning_rate': 9.62962962962963e-05, 'epoch': 66.67}
{'loss': -2.9775, 'grad_norm': 15.770360946655273, 'learning_rate': 9.608465608465608e-05, 'epoch': 67.62}
{'loss': -2.9888, 'grad_norm': 18.355697631835938, 'learning_rate': 9.587301587301588e-05, 'epoch': 68.57}
{'loss': -2.9956, 'grad_norm': 17.287649154663086, 'learning_rate': 9.566137566137567e-05, 'epoch': 69.52}
{'loss': -3.0064, 'grad_norm': 16.93979263305664, 'learning_rate': 9.544973544973545e-05, 'epoch': 70.48}
{'loss': -3.0098, 'grad_norm': 13.520360946655273, 'learning_rate': 9.523809523809524e-05, 'epoch': 71.43}
{'loss': -3.0171, 'grad_norm': 21.003196716308594, 'learning_rate': 9.502645502645503e-05, 'epoch': 72.38}
{'loss': -3.0256, 'grad_norm': 12.238642692565918, 'learning_rate': 9.481481481481483e-05, 'epoch': 73.33}
{'loss': -3.0325, 'grad_norm': 18.162961959838867, 'learning_rate': 9.46031746031746e-05, 'epoch': 74.29}
{'loss': -3.0405, 'grad_norm': 18.214555740356445, 'learning_rate': 9.43915343915344e-05, 'epoch': 75.24}
{'loss': -3.0461, 'grad_norm': 14.114173889160156, 'learning_rate': 9.417989417989419e-05, 'epoch': 76.19}
{'loss': -3.0396, 'grad_norm': 14.040361404418945, 'learning_rate': 9.396825396825397e-05, 'epoch': 77.14}
{'loss': -3.0581, 'grad_norm': 8.204656600952148, 'learning_rate': 9.375661375661377e-05, 'epoch': 78.1}
{'loss': -3.0589, 'grad_norm': 18.326921463012695, 'learning_rate': 9.354497354497354e-05, 'epoch': 79.05}
{'loss': -3.0708, 'grad_norm': 18.453136444091797, 'learning_rate': 9.333333333333334e-05, 'epoch': 80.0}
{'loss': -3.0795, 'grad_norm': 17.28510284423828, 'learning_rate': 9.312169312169312e-05, 'epoch': 80.95}
{'loss': -3.0759, 'grad_norm': 21.521343231201172, 'learning_rate': 9.291005291005292e-05, 'epoch': 81.9}
{'loss': -3.0934, 'grad_norm': 20.240219116210938, 'learning_rate': 9.26984126984127e-05, 'epoch': 82.86}
{'loss': -3.0992, 'grad_norm': 15.803136825561523, 'learning_rate': 9.248677248677249e-05, 'epoch': 83.81}
{'loss': -3.103, 'grad_norm': 16.387104034423828, 'learning_rate': 9.227513227513229e-05, 'epoch': 84.76}
{'loss': -3.1058, 'grad_norm': 21.730804443359375, 'learning_rate': 9.206349206349206e-05, 'epoch': 85.71}
{'loss': -3.1051, 'grad_norm': 19.353174209594727, 'learning_rate': 9.185185185185186e-05, 'epoch': 86.67}
{'loss': -3.1128, 'grad_norm': 19.633678436279297, 'learning_rate': 9.164021164021165e-05, 'epoch': 87.62}
{'loss': -3.1225, 'grad_norm': 20.552692413330078, 'learning_rate': 9.142857142857143e-05, 'epoch': 88.57}
{'loss': -3.1302, 'grad_norm': 11.557366371154785, 'learning_rate': 9.121693121693122e-05, 'epoch': 89.52}
{'loss': -3.1307, 'grad_norm': 26.451749801635742, 'learning_rate': 9.1005291005291e-05, 'epoch': 90.48}
{'loss': -3.1384, 'grad_norm': 25.958126068115234, 'learning_rate': 9.079365079365079e-05, 'epoch': 91.43}
{'loss': -3.1393, 'grad_norm': 19.645057678222656, 'learning_rate': 9.058201058201059e-05, 'epoch': 92.38}
{'loss': -3.1486, 'grad_norm': 20.056133270263672, 'learning_rate': 9.037037037037038e-05, 'epoch': 93.33}
{'loss': -3.1537, 'grad_norm': 19.589031219482422, 'learning_rate': 9.015873015873016e-05, 'epoch': 94.29}
{'loss': -3.1621, 'grad_norm': 22.448450088500977, 'learning_rate': 8.994708994708995e-05, 'epoch': 95.24}
{'loss': -3.1662, 'grad_norm': 24.25982666015625, 'learning_rate': 8.973544973544973e-05, 'epoch': 96.19}
{'loss': -3.1736, 'grad_norm': 23.149368286132812, 'learning_rate': 8.952380952380953e-05, 'epoch': 97.14}
{'loss': -3.1786, 'grad_norm': 28.42658233642578, 'learning_rate': 8.931216931216931e-05, 'epoch': 98.1}
{'loss': -3.1885, 'grad_norm': 11.016486167907715, 'learning_rate': 8.910052910052911e-05, 'epoch': 99.05}
{'loss': -3.1849, 'grad_norm': 27.142066955566406, 'learning_rate': 8.888888888888889e-05, 'epoch': 100.0}
{'loss': -3.1909, 'grad_norm': 16.130952835083008, 'learning_rate': 8.867724867724868e-05, 'epoch': 100.95}
{'loss': -3.1911, 'grad_norm': 20.510501861572266, 'learning_rate': 8.846560846560848e-05, 'epoch': 101.9}
{'loss': -3.1954, 'grad_norm': 22.708688735961914, 'learning_rate': 8.825396825396825e-05, 'epoch': 102.86}
{'loss': -3.2011, 'grad_norm': 27.100587844848633, 'learning_rate': 8.804232804232805e-05, 'epoch': 103.81}
{'loss': -3.2143, 'grad_norm': 19.114612579345703, 'learning_rate': 8.783068783068782e-05, 'epoch': 104.76}
{'loss': -3.2163, 'grad_norm': 15.024091720581055, 'learning_rate': 8.761904761904762e-05, 'epoch': 105.71}
{'loss': -3.2192, 'grad_norm': 23.36788558959961, 'learning_rate': 8.740740740740741e-05, 'epoch': 106.67}
{'loss': -3.2246, 'grad_norm': 24.281078338623047, 'learning_rate': 8.71957671957672e-05, 'epoch': 107.62}
{'loss': -3.2257, 'grad_norm': 19.45006561279297, 'learning_rate': 8.6984126984127e-05, 'epoch': 108.57}
{'loss': -3.2337, 'grad_norm': 29.722373962402344, 'learning_rate': 8.677248677248677e-05, 'epoch': 109.52}
{'loss': -3.2367, 'grad_norm': 21.625783920288086, 'learning_rate': 8.656084656084657e-05, 'epoch': 110.48}
{'loss': -3.2407, 'grad_norm': 21.477022171020508, 'learning_rate': 8.634920634920635e-05, 'epoch': 111.43}
{'loss': -3.2409, 'grad_norm': 12.792789459228516, 'learning_rate': 8.613756613756614e-05, 'epoch': 112.38}
{'loss': -3.2452, 'grad_norm': 31.141090393066406, 'learning_rate': 8.592592592592593e-05, 'epoch': 113.33}
{'loss': -3.2522, 'grad_norm': 22.32062339782715, 'learning_rate': 8.571428571428571e-05, 'epoch': 114.29}
{'loss': -3.2458, 'grad_norm': 26.715871810913086, 'learning_rate': 8.550264550264551e-05, 'epoch': 115.24}
{'loss': -3.2561, 'grad_norm': 22.514934539794922, 'learning_rate': 8.52910052910053e-05, 'epoch': 116.19}
{'loss': -3.2661, 'grad_norm': 22.489633560180664, 'learning_rate': 8.507936507936508e-05, 'epoch': 117.14}
{'loss': -3.2698, 'grad_norm': 23.502361297607422, 'learning_rate': 8.486772486772487e-05, 'epoch': 118.1}
{'loss': -3.2737, 'grad_norm': 22.797348022460938, 'learning_rate': 8.465608465608466e-05, 'epoch': 119.05}
{'loss': -3.275, 'grad_norm': 33.57143020629883, 'learning_rate': 8.444444444444444e-05, 'epoch': 120.0}
{'loss': -3.2823, 'grad_norm': 29.847759246826172, 'learning_rate': 8.423280423280424e-05, 'epoch': 120.95}
{'loss': -3.2835, 'grad_norm': 20.93258285522461, 'learning_rate': 8.402116402116403e-05, 'epoch': 121.9}
{'loss': -3.2931, 'grad_norm': 24.41204261779785, 'learning_rate': 8.380952380952382e-05, 'epoch': 122.86}
{'loss': -3.2917, 'grad_norm': 19.4454288482666, 'learning_rate': 8.35978835978836e-05, 'epoch': 123.81}
{'loss': -3.2929, 'grad_norm': 30.468591690063477, 'learning_rate': 8.338624338624339e-05, 'epoch': 124.76}
{'loss': -3.2891, 'grad_norm': 22.943626403808594, 'learning_rate': 8.317460317460319e-05, 'epoch': 125.71}
{'loss': -3.291, 'grad_norm': 37.66106033325195, 'learning_rate': 8.296296296296296e-05, 'epoch': 126.67}
{'loss': -3.3019, 'grad_norm': 21.470306396484375, 'learning_rate': 8.275132275132276e-05, 'epoch': 127.62}
{'loss': -3.3017, 'grad_norm': 27.76374053955078, 'learning_rate': 8.253968253968255e-05, 'epoch': 128.57}
{'loss': -3.3096, 'grad_norm': 22.183975219726562, 'learning_rate': 8.232804232804233e-05, 'epoch': 129.52}
{'loss': -3.3156, 'grad_norm': 27.766935348510742, 'learning_rate': 8.211640211640212e-05, 'epoch': 130.48}
{'loss': -3.3241, 'grad_norm': 19.59726333618164, 'learning_rate': 8.19047619047619e-05, 'epoch': 131.43}
{'loss': -3.3266, 'grad_norm': 24.116477966308594, 'learning_rate': 8.16931216931217e-05, 'epoch': 132.38}
{'loss': -3.3269, 'grad_norm': 30.291107177734375, 'learning_rate': 8.148148148148148e-05, 'epoch': 133.33}
{'loss': -3.3278, 'grad_norm': 40.37154769897461, 'learning_rate': 8.126984126984128e-05, 'epoch': 134.29}
{'loss': -3.3234, 'grad_norm': 33.285037994384766, 'learning_rate': 8.105820105820106e-05, 'epoch': 135.24}
{'loss': -3.3369, 'grad_norm': 25.993614196777344, 'learning_rate': 8.084656084656085e-05, 'epoch': 136.19}
{'loss': -3.3402, 'grad_norm': 25.759119033813477, 'learning_rate': 8.063492063492063e-05, 'epoch': 137.14}
{'loss': -3.3425, 'grad_norm': 24.824901580810547, 'learning_rate': 8.042328042328042e-05, 'epoch': 138.1}
{'loss': -3.3423, 'grad_norm': 16.17391014099121, 'learning_rate': 8.021164021164022e-05, 'epoch': 139.05}
{'loss': -3.3466, 'grad_norm': 28.53619384765625, 'learning_rate': 8e-05, 'epoch': 140.0}
{'loss': -3.3491, 'grad_norm': 25.288267135620117, 'learning_rate': 7.978835978835979e-05, 'epoch': 140.95}
{'loss': -3.3566, 'grad_norm': 23.65859603881836, 'learning_rate': 7.957671957671958e-05, 'epoch': 141.9}
{'loss': -3.3554, 'grad_norm': 21.677227020263672, 'learning_rate': 7.936507936507937e-05, 'epoch': 142.86}
{'loss': -3.3593, 'grad_norm': 26.222944259643555, 'learning_rate': 7.915343915343915e-05, 'epoch': 143.81}
{'loss': -3.3604, 'grad_norm': 25.55017852783203, 'learning_rate': 7.894179894179895e-05, 'epoch': 144.76}
{'loss': -3.3643, 'grad_norm': 27.234582901000977, 'learning_rate': 7.873015873015874e-05, 'epoch': 145.71}
{'loss': -3.3681, 'grad_norm': 32.10007858276367, 'learning_rate': 7.851851851851852e-05, 'epoch': 146.67}
{'loss': -3.3669, 'grad_norm': 13.281594276428223, 'learning_rate': 7.830687830687831e-05, 'epoch': 147.62}
{'loss': -3.3737, 'grad_norm': 27.70355987548828, 'learning_rate': 7.80952380952381e-05, 'epoch': 148.57}
{'loss': -3.3835, 'grad_norm': 28.369998931884766, 'learning_rate': 7.78835978835979e-05, 'epoch': 149.52}
{'loss': -3.384, 'grad_norm': 19.013303756713867, 'learning_rate': 7.767195767195767e-05, 'epoch': 150.48}
{'loss': -3.3828, 'grad_norm': 32.1955680847168, 'learning_rate': 7.746031746031747e-05, 'epoch': 151.43}
{'loss': -3.3804, 'grad_norm': 27.765226364135742, 'learning_rate': 7.724867724867725e-05, 'epoch': 152.38}
{'loss': -3.3854, 'grad_norm': 42.39476013183594, 'learning_rate': 7.703703703703704e-05, 'epoch': 153.33}
{'loss': -3.3862, 'grad_norm': 35.11574172973633, 'learning_rate': 7.682539682539684e-05, 'epoch': 154.29}
{'loss': -3.3932, 'grad_norm': 22.046791076660156, 'learning_rate': 7.661375661375661e-05, 'epoch': 155.24}
{'loss': -3.4038, 'grad_norm': 26.971689224243164, 'learning_rate': 7.640211640211641e-05, 'epoch': 156.19}
{'loss': -3.3999, 'grad_norm': 21.31178092956543, 'learning_rate': 7.619047619047618e-05, 'epoch': 157.14}
{'loss': -3.3917, 'grad_norm': 32.830406188964844, 'learning_rate': 7.597883597883598e-05, 'epoch': 158.1}
{'loss': -3.4011, 'grad_norm': 28.647966384887695, 'learning_rate': 7.576719576719577e-05, 'epoch': 159.05}
{'loss': -3.4044, 'grad_norm': 32.1942138671875, 'learning_rate': 7.555555555555556e-05, 'epoch': 160.0}
{'loss': -3.4067, 'grad_norm': 31.170602798461914, 'learning_rate': 7.534391534391536e-05, 'epoch': 160.95}
{'loss': -3.4106, 'grad_norm': 35.671409606933594, 'learning_rate': 7.513227513227513e-05, 'epoch': 161.9}
{'loss': -3.4109, 'grad_norm': 33.45711898803711, 'learning_rate': 7.492063492063493e-05, 'epoch': 162.86}
{'loss': -3.4125, 'grad_norm': 35.323158264160156, 'learning_rate': 7.470899470899471e-05, 'epoch': 163.81}
{'loss': -3.4244, 'grad_norm': 25.599037170410156, 'learning_rate': 7.44973544973545e-05, 'epoch': 164.76}
{'loss': -3.4249, 'grad_norm': 37.23849868774414, 'learning_rate': 7.428571428571429e-05, 'epoch': 165.71}
{'loss': -3.426, 'grad_norm': 26.847877502441406, 'learning_rate': 7.407407407407407e-05, 'epoch': 166.67}
{'loss': -3.4287, 'grad_norm': 33.72705078125, 'learning_rate': 7.386243386243387e-05, 'epoch': 167.62}
{'loss': -3.4338, 'grad_norm': 25.577116012573242, 'learning_rate': 7.365079365079366e-05, 'epoch': 168.57}
{'loss': -3.431, 'grad_norm': 24.375595092773438, 'learning_rate': 7.343915343915345e-05, 'epoch': 169.52}
{'loss': -3.4397, 'grad_norm': 31.46759796142578, 'learning_rate': 7.322751322751323e-05, 'epoch': 170.48}
{'loss': -3.4373, 'grad_norm': 31.76371192932129, 'learning_rate': 7.301587301587302e-05, 'epoch': 171.43}
{'loss': -3.4337, 'grad_norm': 26.567899703979492, 'learning_rate': 7.28042328042328e-05, 'epoch': 172.38}
{'loss': -3.4484, 'grad_norm': 25.82004737854004, 'learning_rate': 7.25925925925926e-05, 'epoch': 173.33}
{'loss': -3.4488, 'grad_norm': 20.272403717041016, 'learning_rate': 7.238095238095238e-05, 'epoch': 174.29}
{'loss': -3.4417, 'grad_norm': 20.86344337463379, 'learning_rate': 7.216931216931218e-05, 'epoch': 175.24}
{'loss': -3.449, 'grad_norm': 30.201377868652344, 'learning_rate': 7.195767195767196e-05, 'epoch': 176.19}
{'loss': -3.4531, 'grad_norm': 33.283912658691406, 'learning_rate': 7.174603174603175e-05, 'epoch': 177.14}
{'loss': -3.4601, 'grad_norm': 14.933610916137695, 'learning_rate': 7.153439153439155e-05, 'epoch': 178.1}
{'loss': -3.4592, 'grad_norm': 27.38043212890625, 'learning_rate': 7.132275132275132e-05, 'epoch': 179.05}
{'loss': -3.4669, 'grad_norm': 35.892333984375, 'learning_rate': 7.111111111111112e-05, 'epoch': 180.0}
{'loss': -3.4651, 'grad_norm': 21.106626510620117, 'learning_rate': 7.089947089947089e-05, 'epoch': 180.95}
{'loss': -3.4672, 'grad_norm': 38.95603942871094, 'learning_rate': 7.068783068783069e-05, 'epoch': 181.9}
{'loss': -3.4674, 'grad_norm': 19.91183090209961, 'learning_rate': 7.047619047619048e-05, 'epoch': 182.86}
{'loss': -3.4686, 'grad_norm': 25.85437774658203, 'learning_rate': 7.026455026455026e-05, 'epoch': 183.81}
{'loss': -3.4792, 'grad_norm': 31.855398178100586, 'learning_rate': 7.005291005291006e-05, 'epoch': 184.76}
{'loss': -3.4771, 'grad_norm': 34.388851165771484, 'learning_rate': 6.984126984126984e-05, 'epoch': 185.71}
{'loss': -3.4712, 'grad_norm': 28.46522331237793, 'learning_rate': 6.962962962962964e-05, 'epoch': 186.67}
{'loss': -3.4831, 'grad_norm': 25.257009506225586, 'learning_rate': 6.941798941798942e-05, 'epoch': 187.62}
{'loss': -3.487, 'grad_norm': 40.17210006713867, 'learning_rate': 6.920634920634921e-05, 'epoch': 188.57}
{'loss': -3.4836, 'grad_norm': 35.57518768310547, 'learning_rate': 6.8994708994709e-05, 'epoch': 189.52}
{'loss': -3.4862, 'grad_norm': 29.39120864868164, 'learning_rate': 6.878306878306878e-05, 'epoch': 190.48}
{'loss': -3.4862, 'grad_norm': 32.23801803588867, 'learning_rate': 6.857142857142858e-05, 'epoch': 191.43}
{'loss': -3.4924, 'grad_norm': 15.65510082244873, 'learning_rate': 6.835978835978837e-05, 'epoch': 192.38}
{'loss': -3.4941, 'grad_norm': 30.500707626342773, 'learning_rate': 6.814814814814815e-05, 'epoch': 193.33}
{'loss': -3.4961, 'grad_norm': 26.764530181884766, 'learning_rate': 6.793650793650794e-05, 'epoch': 194.29}
{'loss': -3.5006, 'grad_norm': 29.69035530090332, 'learning_rate': 6.772486772486773e-05, 'epoch': 195.24}
{'loss': -3.5044, 'grad_norm': 21.622024536132812, 'learning_rate': 6.751322751322751e-05, 'epoch': 196.19}
{'loss': -3.4939, 'grad_norm': 35.73067855834961, 'learning_rate': 6.730158730158731e-05, 'epoch': 197.14}
{'loss': -3.502, 'grad_norm': 33.48419189453125, 'learning_rate': 6.70899470899471e-05, 'epoch': 198.1}
{'loss': -3.4997, 'grad_norm': 34.72247314453125, 'learning_rate': 6.687830687830688e-05, 'epoch': 199.05}
{'loss': -3.5055, 'grad_norm': 35.988521575927734, 'learning_rate': 6.666666666666667e-05, 'epoch': 200.0}
{'loss': -3.5138, 'grad_norm': 35.42760467529297, 'learning_rate': 6.645502645502646e-05, 'epoch': 200.95}
{'loss': -3.5155, 'grad_norm': 23.38063621520996, 'learning_rate': 6.624338624338626e-05, 'epoch': 201.9}
{'loss': -3.5217, 'grad_norm': 22.073225021362305, 'learning_rate': 6.603174603174603e-05, 'epoch': 202.86}
{'loss': -3.5238, 'grad_norm': 26.268529891967773, 'learning_rate': 6.582010582010583e-05, 'epoch': 203.81}
{'loss': -3.5181, 'grad_norm': 36.299530029296875, 'learning_rate': 6.560846560846561e-05, 'epoch': 204.76}
{'loss': -3.517, 'grad_norm': 37.667457580566406, 'learning_rate': 6.53968253968254e-05, 'epoch': 205.71}
{'loss': -3.5174, 'grad_norm': 18.479944229125977, 'learning_rate': 6.51851851851852e-05, 'epoch': 206.67}
{'loss': -3.5223, 'grad_norm': 28.486818313598633, 'learning_rate': 6.497354497354497e-05, 'epoch': 207.62}
{'loss': -3.5261, 'grad_norm': 24.5803279876709, 'learning_rate': 6.476190476190477e-05, 'epoch': 208.57}
{'loss': -3.5249, 'grad_norm': 19.677738189697266, 'learning_rate': 6.455026455026454e-05, 'epoch': 209.52}
{'loss': -3.5314, 'grad_norm': 33.17731475830078, 'learning_rate': 6.433862433862434e-05, 'epoch': 210.48}
{'loss': -3.5364, 'grad_norm': 32.21305847167969, 'learning_rate': 6.412698412698413e-05, 'epoch': 211.43}
{'loss': -3.5375, 'grad_norm': 41.5882453918457, 'learning_rate': 6.391534391534392e-05, 'epoch': 212.38}
{'loss': -3.5231, 'grad_norm': 40.22186279296875, 'learning_rate': 6.37037037037037e-05, 'epoch': 213.33}
{'loss': -3.5251, 'grad_norm': 31.6396541595459, 'learning_rate': 6.349206349206349e-05, 'epoch': 214.29}
{'loss': -3.5396, 'grad_norm': 32.55770492553711, 'learning_rate': 6.328042328042329e-05, 'epoch': 215.24}
{'loss': -3.5425, 'grad_norm': 23.596668243408203, 'learning_rate': 6.306878306878308e-05, 'epoch': 216.19}
{'loss': -3.5374, 'grad_norm': 29.908876419067383, 'learning_rate': 6.285714285714286e-05, 'epoch': 217.14}
{'loss': -3.5493, 'grad_norm': 15.717731475830078, 'learning_rate': 6.264550264550265e-05, 'epoch': 218.1}
{'loss': -3.5369, 'grad_norm': 28.320053100585938, 'learning_rate': 6.243386243386243e-05, 'epoch': 219.05}
{'loss': -3.5468, 'grad_norm': 32.08626174926758, 'learning_rate': 6.222222222222222e-05, 'epoch': 220.0}
{'loss': -3.5541, 'grad_norm': 26.745609283447266, 'learning_rate': 6.201058201058202e-05, 'epoch': 220.95}
{'loss': -3.5586, 'grad_norm': 32.124332427978516, 'learning_rate': 6.17989417989418e-05, 'epoch': 221.9}
{'loss': -3.5606, 'grad_norm': 20.63435935974121, 'learning_rate': 6.158730158730159e-05, 'epoch': 222.86}
{'loss': -3.556, 'grad_norm': 36.4564208984375, 'learning_rate': 6.137566137566138e-05, 'epoch': 223.81}
{'loss': -3.5604, 'grad_norm': 32.66315460205078, 'learning_rate': 6.116402116402116e-05, 'epoch': 224.76}
{'loss': -3.5607, 'grad_norm': 32.140377044677734, 'learning_rate': 6.0952380952380964e-05, 'epoch': 225.71}
{'loss': -3.5663, 'grad_norm': 27.563404083251953, 'learning_rate': 6.074074074074074e-05, 'epoch': 226.67}
{'loss': -3.564, 'grad_norm': 35.26527404785156, 'learning_rate': 6.0529100529100536e-05, 'epoch': 227.62}
{'loss': -3.569, 'grad_norm': 43.56080627441406, 'learning_rate': 6.0317460317460316e-05, 'epoch': 228.57}
{'loss': -3.5639, 'grad_norm': 42.86335754394531, 'learning_rate': 6.010582010582011e-05, 'epoch': 229.52}
{'loss': -3.5697, 'grad_norm': 28.51908302307129, 'learning_rate': 5.9894179894179895e-05, 'epoch': 230.48}
{'loss': -3.5658, 'grad_norm': 51.27867126464844, 'learning_rate': 5.968253968253969e-05, 'epoch': 231.43}
{'loss': -3.5711, 'grad_norm': 41.063201904296875, 'learning_rate': 5.947089947089948e-05, 'epoch': 232.38}
{'loss': -3.5746, 'grad_norm': 27.148269653320312, 'learning_rate': 5.925925925925926e-05, 'epoch': 233.33}
{'loss': -3.5749, 'grad_norm': 34.84587478637695, 'learning_rate': 5.904761904761905e-05, 'epoch': 234.29}
{'loss': -3.5746, 'grad_norm': 33.68986892700195, 'learning_rate': 5.883597883597883e-05, 'epoch': 235.24}
{'loss': -3.5758, 'grad_norm': 43.449405670166016, 'learning_rate': 5.8624338624338625e-05, 'epoch': 236.19}
{'loss': -3.5743, 'grad_norm': 25.138376235961914, 'learning_rate': 5.841269841269842e-05, 'epoch': 237.14}
{'loss': -3.5759, 'grad_norm': 30.211101531982422, 'learning_rate': 5.82010582010582e-05, 'epoch': 238.1}
{'loss': -3.5848, 'grad_norm': 40.19234848022461, 'learning_rate': 5.798941798941799e-05, 'epoch': 239.05}
{'loss': -3.5872, 'grad_norm': 35.67566680908203, 'learning_rate': 5.7777777777777776e-05, 'epoch': 240.0}
{'loss': -3.585, 'grad_norm': 25.079866409301758, 'learning_rate': 5.756613756613757e-05, 'epoch': 240.95}
{'loss': -3.5889, 'grad_norm': 35.853553771972656, 'learning_rate': 5.735449735449736e-05, 'epoch': 241.9}
{'loss': -3.5899, 'grad_norm': 34.01949691772461, 'learning_rate': 5.714285714285714e-05, 'epoch': 242.86}
{'loss': -3.5912, 'grad_norm': 30.044769287109375, 'learning_rate': 5.6931216931216935e-05, 'epoch': 243.81}
{'loss': -3.5985, 'grad_norm': 33.87223815917969, 'learning_rate': 5.6719576719576714e-05, 'epoch': 244.76}
{'loss': -3.5957, 'grad_norm': 26.125822067260742, 'learning_rate': 5.650793650793651e-05, 'epoch': 245.71}
{'loss': -3.5849, 'grad_norm': 31.053842544555664, 'learning_rate': 5.62962962962963e-05, 'epoch': 246.67}
{'loss': -3.5929, 'grad_norm': 36.488582611083984, 'learning_rate': 5.6084656084656086e-05, 'epoch': 247.62}
{'loss': -3.5902, 'grad_norm': 26.357851028442383, 'learning_rate': 5.587301587301588e-05, 'epoch': 248.57}
{'loss': -3.6036, 'grad_norm': 17.942052841186523, 'learning_rate': 5.566137566137566e-05, 'epoch': 249.52}
{'loss': -3.6007, 'grad_norm': 26.861190795898438, 'learning_rate': 5.544973544973545e-05, 'epoch': 250.48}
{'loss': -3.605, 'grad_norm': 24.898109436035156, 'learning_rate': 5.5238095238095244e-05, 'epoch': 251.43}
{'loss': -3.6084, 'grad_norm': 38.37019729614258, 'learning_rate': 5.5026455026455024e-05, 'epoch': 252.38}
{'loss': -3.6057, 'grad_norm': 32.55272674560547, 'learning_rate': 5.4814814814814817e-05, 'epoch': 253.33}
{'loss': -3.6083, 'grad_norm': 45.70772933959961, 'learning_rate': 5.46031746031746e-05, 'epoch': 254.29}
{'loss': -3.6047, 'grad_norm': 30.65086555480957, 'learning_rate': 5.4391534391534396e-05, 'epoch': 255.24}
{'loss': -3.6129, 'grad_norm': 22.276424407958984, 'learning_rate': 5.417989417989419e-05, 'epoch': 256.19}
{'loss': -3.6139, 'grad_norm': 36.27240753173828, 'learning_rate': 5.396825396825397e-05, 'epoch': 257.14}
{'loss': -3.601, 'grad_norm': 76.81468963623047, 'learning_rate': 5.375661375661376e-05, 'epoch': 258.1}
{'loss': -3.6085, 'grad_norm': 32.16884994506836, 'learning_rate': 5.354497354497354e-05, 'epoch': 259.05}
{'loss': -3.6159, 'grad_norm': 38.01080322265625, 'learning_rate': 5.333333333333333e-05, 'epoch': 260.0}
{'loss': -3.6112, 'grad_norm': 42.14633560180664, 'learning_rate': 5.3121693121693126e-05, 'epoch': 260.95}
{'loss': -3.6186, 'grad_norm': 29.176807403564453, 'learning_rate': 5.291005291005291e-05, 'epoch': 261.9}
{'loss': -3.6202, 'grad_norm': 28.791723251342773, 'learning_rate': 5.2698412698412705e-05, 'epoch': 262.86}
{'loss': -3.6201, 'grad_norm': 27.333450317382812, 'learning_rate': 5.2486772486772485e-05, 'epoch': 263.81}
{'loss': -3.6189, 'grad_norm': 44.2570686340332, 'learning_rate': 5.227513227513228e-05, 'epoch': 264.76}
{'loss': -3.6215, 'grad_norm': 25.820375442504883, 'learning_rate': 5.206349206349207e-05, 'epoch': 265.71}
{'loss': -3.6152, 'grad_norm': 34.268436431884766, 'learning_rate': 5.185185185185185e-05, 'epoch': 266.67}
{'loss': -3.631, 'grad_norm': 21.0568790435791, 'learning_rate': 5.164021164021164e-05, 'epoch': 267.62}
{'loss': -3.6309, 'grad_norm': 28.851131439208984, 'learning_rate': 5.142857142857143e-05, 'epoch': 268.57}
{'loss': -3.6273, 'grad_norm': 28.393814086914062, 'learning_rate': 5.121693121693122e-05, 'epoch': 269.52}
{'loss': -3.6276, 'grad_norm': 41.200130462646484, 'learning_rate': 5.1005291005291015e-05, 'epoch': 270.48}
{'loss': -3.6284, 'grad_norm': 27.529537200927734, 'learning_rate': 5.0793650793650794e-05, 'epoch': 271.43}
{'loss': -3.6316, 'grad_norm': 25.194318771362305, 'learning_rate': 5.058201058201059e-05, 'epoch': 272.38}
{'loss': -3.6293, 'grad_norm': 32.79411315917969, 'learning_rate': 5.0370370370370366e-05, 'epoch': 273.33}
{'loss': -3.6361, 'grad_norm': 41.70819091796875, 'learning_rate': 5.015873015873016e-05, 'epoch': 274.29}
{'loss': -3.6336, 'grad_norm': 31.36907958984375, 'learning_rate': 4.9947089947089946e-05, 'epoch': 275.24}
{'loss': -3.641, 'grad_norm': 23.505090713500977, 'learning_rate': 4.973544973544973e-05, 'epoch': 276.19}
{'loss': -3.6452, 'grad_norm': 26.2408390045166, 'learning_rate': 4.9523809523809525e-05, 'epoch': 277.14}
{'loss': -3.641, 'grad_norm': 33.77914810180664, 'learning_rate': 4.931216931216932e-05, 'epoch': 278.1}
{'loss': -3.641, 'grad_norm': 22.440349578857422, 'learning_rate': 4.9100529100529104e-05, 'epoch': 279.05}
{'loss': -3.6405, 'grad_norm': 47.31781005859375, 'learning_rate': 4.888888888888889e-05, 'epoch': 280.0}
{'loss': -3.6491, 'grad_norm': 37.56584930419922, 'learning_rate': 4.8677248677248676e-05, 'epoch': 280.95}
{'loss': -3.6472, 'grad_norm': 45.65721130371094, 'learning_rate': 4.846560846560847e-05, 'epoch': 281.9}
{'loss': -3.6489, 'grad_norm': 28.17656135559082, 'learning_rate': 4.8253968253968255e-05, 'epoch': 282.86}
{'loss': -3.6478, 'grad_norm': 20.829824447631836, 'learning_rate': 4.804232804232804e-05, 'epoch': 283.81}
{'loss': -3.6488, 'grad_norm': 36.215553283691406, 'learning_rate': 4.7830687830687834e-05, 'epoch': 284.76}
{'loss': -3.6482, 'grad_norm': 23.527143478393555, 'learning_rate': 4.761904761904762e-05, 'epoch': 285.71}
{'loss': -3.6537, 'grad_norm': 32.218475341796875, 'learning_rate': 4.740740740740741e-05, 'epoch': 286.67}
{'loss': -3.6573, 'grad_norm': 30.640626907348633, 'learning_rate': 4.71957671957672e-05, 'epoch': 287.62}
{'loss': -3.6596, 'grad_norm': 34.975341796875, 'learning_rate': 4.6984126984126986e-05, 'epoch': 288.57}
{'loss': -3.6524, 'grad_norm': 51.25436019897461, 'learning_rate': 4.677248677248677e-05, 'epoch': 289.52}
{'loss': -3.652, 'grad_norm': 31.006610870361328, 'learning_rate': 4.656084656084656e-05, 'epoch': 290.48}
{'loss': -3.6523, 'grad_norm': 29.897485733032227, 'learning_rate': 4.634920634920635e-05, 'epoch': 291.43}
{'loss': -3.6587, 'grad_norm': 25.918766021728516, 'learning_rate': 4.6137566137566144e-05, 'epoch': 292.38}
{'loss': -3.6606, 'grad_norm': 31.797863006591797, 'learning_rate': 4.592592592592593e-05, 'epoch': 293.33}
{'loss': -3.6582, 'grad_norm': 31.62052345275879, 'learning_rate': 4.5714285714285716e-05, 'epoch': 294.29}
{'loss': -3.6647, 'grad_norm': 25.55437660217285, 'learning_rate': 4.55026455026455e-05, 'epoch': 295.24}
{'loss': -3.6625, 'grad_norm': 44.67433166503906, 'learning_rate': 4.5291005291005295e-05, 'epoch': 296.19}
{'loss': -3.6583, 'grad_norm': 39.3206901550293, 'learning_rate': 4.507936507936508e-05, 'epoch': 297.14}
{'loss': -3.6662, 'grad_norm': 28.947542190551758, 'learning_rate': 4.486772486772487e-05, 'epoch': 298.1}
{'loss': -3.6655, 'grad_norm': 26.778825759887695, 'learning_rate': 4.4656084656084654e-05, 'epoch': 299.05}
{'loss': -3.6737, 'grad_norm': 38.77989959716797, 'learning_rate': 4.4444444444444447e-05, 'epoch': 300.0}
{'loss': -3.6712, 'grad_norm': 21.689849853515625, 'learning_rate': 4.423280423280424e-05, 'epoch': 300.95}
{'loss': -3.6725, 'grad_norm': 19.639141082763672, 'learning_rate': 4.4021164021164026e-05, 'epoch': 301.9}
{'loss': -3.6676, 'grad_norm': 51.00538635253906, 'learning_rate': 4.380952380952381e-05, 'epoch': 302.86}
{'loss': -3.6717, 'grad_norm': 25.461307525634766, 'learning_rate': 4.35978835978836e-05, 'epoch': 303.81}
{'loss': -3.6724, 'grad_norm': 13.13077449798584, 'learning_rate': 4.3386243386243384e-05, 'epoch': 304.76}
{'loss': -3.6749, 'grad_norm': 31.971532821655273, 'learning_rate': 4.317460317460318e-05, 'epoch': 305.71}
{'loss': -3.6782, 'grad_norm': 25.946529388427734, 'learning_rate': 4.296296296296296e-05, 'epoch': 306.67}
{'loss': -3.6728, 'grad_norm': 28.11454200744629, 'learning_rate': 4.2751322751322756e-05, 'epoch': 307.62}
{'loss': -3.6775, 'grad_norm': 34.02619934082031, 'learning_rate': 4.253968253968254e-05, 'epoch': 308.57}
{'loss': -3.6696, 'grad_norm': 39.00141906738281, 'learning_rate': 4.232804232804233e-05, 'epoch': 309.52}
{'loss': -3.6782, 'grad_norm': 43.95448303222656, 'learning_rate': 4.211640211640212e-05, 'epoch': 310.48}
{'loss': -3.684, 'grad_norm': 35.52811050415039, 'learning_rate': 4.190476190476191e-05, 'epoch': 311.43}
{'loss': -3.681, 'grad_norm': 29.927080154418945, 'learning_rate': 4.1693121693121694e-05, 'epoch': 312.38}
{'loss': -3.6822, 'grad_norm': 33.31441879272461, 'learning_rate': 4.148148148148148e-05, 'epoch': 313.33}
{'loss': -3.6881, 'grad_norm': 35.82600402832031, 'learning_rate': 4.126984126984127e-05, 'epoch': 314.29}
{'loss': -3.6882, 'grad_norm': 34.13097381591797, 'learning_rate': 4.105820105820106e-05, 'epoch': 315.24}
{'loss': -3.6858, 'grad_norm': 26.24970245361328, 'learning_rate': 4.084656084656085e-05, 'epoch': 316.19}
{'loss': -3.6885, 'grad_norm': 23.336034774780273, 'learning_rate': 4.063492063492064e-05, 'epoch': 317.14}
{'loss': -3.688, 'grad_norm': 24.842199325561523, 'learning_rate': 4.0423280423280424e-05, 'epoch': 318.1}
{'loss': -3.6897, 'grad_norm': 51.0704231262207, 'learning_rate': 4.021164021164021e-05, 'epoch': 319.05}
{'loss': -3.6924, 'grad_norm': 40.436954498291016, 'learning_rate': 4e-05, 'epoch': 320.0}
{'loss': -3.6909, 'grad_norm': 29.144012451171875, 'learning_rate': 3.978835978835979e-05, 'epoch': 320.95}
{'loss': -3.6951, 'grad_norm': 31.416454315185547, 'learning_rate': 3.9576719576719576e-05, 'epoch': 321.9}
{'loss': -3.6924, 'grad_norm': 41.015750885009766, 'learning_rate': 3.936507936507937e-05, 'epoch': 322.86}
{'loss': -3.6955, 'grad_norm': 14.980228424072266, 'learning_rate': 3.9153439153439155e-05, 'epoch': 323.81}
{'loss': -3.6892, 'grad_norm': 43.79819869995117, 'learning_rate': 3.894179894179895e-05, 'epoch': 324.76}
{'loss': -3.6945, 'grad_norm': 37.20603561401367, 'learning_rate': 3.8730158730158734e-05, 'epoch': 325.71}
{'loss': -3.6982, 'grad_norm': 28.45954704284668, 'learning_rate': 3.851851851851852e-05, 'epoch': 326.67}
{'loss': -3.6942, 'grad_norm': 38.376827239990234, 'learning_rate': 3.8306878306878306e-05, 'epoch': 327.62}
{'loss': -3.6979, 'grad_norm': 28.25601577758789, 'learning_rate': 3.809523809523809e-05, 'epoch': 328.57}
{'loss': -3.7044, 'grad_norm': 30.755779266357422, 'learning_rate': 3.7883597883597885e-05, 'epoch': 329.52}
{'loss': -3.7032, 'grad_norm': 51.77864074707031, 'learning_rate': 3.767195767195768e-05, 'epoch': 330.48}
{'loss': -3.6883, 'grad_norm': 31.29644012451172, 'learning_rate': 3.7460317460317464e-05, 'epoch': 331.43}
{'loss': -3.6979, 'grad_norm': 35.35846710205078, 'learning_rate': 3.724867724867725e-05, 'epoch': 332.38}
{'loss': -3.7009, 'grad_norm': 28.52659797668457, 'learning_rate': 3.7037037037037037e-05, 'epoch': 333.33}
{'loss': -3.7038, 'grad_norm': 22.25284767150879, 'learning_rate': 3.682539682539683e-05, 'epoch': 334.29}
{'loss': -3.705, 'grad_norm': 25.0764217376709, 'learning_rate': 3.6613756613756616e-05, 'epoch': 335.24}
{'loss': -3.7091, 'grad_norm': 22.834468841552734, 'learning_rate': 3.64021164021164e-05, 'epoch': 336.19}
{'loss': -3.7081, 'grad_norm': 36.32139587402344, 'learning_rate': 3.619047619047619e-05, 'epoch': 337.14}
{'loss': -3.7082, 'grad_norm': 34.426475524902344, 'learning_rate': 3.597883597883598e-05, 'epoch': 338.1}
{'loss': -3.7121, 'grad_norm': 21.540382385253906, 'learning_rate': 3.5767195767195774e-05, 'epoch': 339.05}
{'loss': -3.7119, 'grad_norm': 33.07630157470703, 'learning_rate': 3.555555555555556e-05, 'epoch': 340.0}
{'loss': -3.7128, 'grad_norm': 19.978809356689453, 'learning_rate': 3.5343915343915346e-05, 'epoch': 340.95}
{'loss': -3.7072, 'grad_norm': 37.787559509277344, 'learning_rate': 3.513227513227513e-05, 'epoch': 341.9}
{'loss': -3.7103, 'grad_norm': 32.46892166137695, 'learning_rate': 3.492063492063492e-05, 'epoch': 342.86}
{'loss': -3.7095, 'grad_norm': 41.04295349121094, 'learning_rate': 3.470899470899471e-05, 'epoch': 343.81}
{'loss': -3.7189, 'grad_norm': 36.2091178894043, 'learning_rate': 3.44973544973545e-05, 'epoch': 344.76}
{'loss': -3.7162, 'grad_norm': 30.589290618896484, 'learning_rate': 3.428571428571429e-05, 'epoch': 345.71}
{'loss': -3.7204, 'grad_norm': 36.109981536865234, 'learning_rate': 3.4074074074074077e-05, 'epoch': 346.67}
{'loss': -3.7206, 'grad_norm': 23.18026351928711, 'learning_rate': 3.386243386243386e-05, 'epoch': 347.62}
{'loss': -3.719, 'grad_norm': 38.296112060546875, 'learning_rate': 3.3650793650793656e-05, 'epoch': 348.57}
{'loss': -3.72, 'grad_norm': 30.387590408325195, 'learning_rate': 3.343915343915344e-05, 'epoch': 349.52}
{'loss': -3.7179, 'grad_norm': 26.134572982788086, 'learning_rate': 3.322751322751323e-05, 'epoch': 350.48}
{'loss': -3.7224, 'grad_norm': 30.260425567626953, 'learning_rate': 3.3015873015873014e-05, 'epoch': 351.43}
{'loss': -3.7234, 'grad_norm': 29.393739700317383, 'learning_rate': 3.280423280423281e-05, 'epoch': 352.38}
{'loss': -3.7243, 'grad_norm': 28.045299530029297, 'learning_rate': 3.25925925925926e-05, 'epoch': 353.33}
{'loss': -3.7264, 'grad_norm': 42.50921630859375, 'learning_rate': 3.2380952380952386e-05, 'epoch': 354.29}
{'loss': -3.7221, 'grad_norm': 40.73502731323242, 'learning_rate': 3.216931216931217e-05, 'epoch': 355.24}
{'loss': -3.7246, 'grad_norm': 35.614585876464844, 'learning_rate': 3.195767195767196e-05, 'epoch': 356.19}
{'loss': -3.7285, 'grad_norm': 38.975101470947266, 'learning_rate': 3.1746031746031745e-05, 'epoch': 357.14}
{'loss': -3.7278, 'grad_norm': 22.13784408569336, 'learning_rate': 3.153439153439154e-05, 'epoch': 358.1}
{'loss': -3.7289, 'grad_norm': 35.871482849121094, 'learning_rate': 3.1322751322751324e-05, 'epoch': 359.05}
{'loss': -3.7267, 'grad_norm': 33.64815139770508, 'learning_rate': 3.111111111111111e-05, 'epoch': 360.0}
{'loss': -3.7309, 'grad_norm': 23.616575241088867, 'learning_rate': 3.08994708994709e-05, 'epoch': 360.95}
{'loss': -3.7321, 'grad_norm': 35.98932647705078, 'learning_rate': 3.068783068783069e-05, 'epoch': 361.9}
{'loss': -3.732, 'grad_norm': 27.010360717773438, 'learning_rate': 3.0476190476190482e-05, 'epoch': 362.86}
{'loss': -3.7314, 'grad_norm': 36.73458480834961, 'learning_rate': 3.0264550264550268e-05, 'epoch': 363.81}
{'loss': -3.7331, 'grad_norm': 23.504669189453125, 'learning_rate': 3.0052910052910054e-05, 'epoch': 364.76}
{'loss': -3.7314, 'grad_norm': 42.88105392456055, 'learning_rate': 2.9841269841269844e-05, 'epoch': 365.71}
{'loss': -3.7208, 'grad_norm': 32.97597122192383, 'learning_rate': 2.962962962962963e-05, 'epoch': 366.67}
{'loss': -3.7356, 'grad_norm': 20.8582820892334, 'learning_rate': 2.9417989417989416e-05, 'epoch': 367.62}
{'loss': -3.734, 'grad_norm': 36.6745491027832, 'learning_rate': 2.920634920634921e-05, 'epoch': 368.57}
{'loss': -3.7345, 'grad_norm': 27.442523956298828, 'learning_rate': 2.8994708994708995e-05, 'epoch': 369.52}
{'loss': -3.7377, 'grad_norm': 12.126663208007812, 'learning_rate': 2.8783068783068785e-05, 'epoch': 370.48}
{'loss': -3.7372, 'grad_norm': 44.647682189941406, 'learning_rate': 2.857142857142857e-05, 'epoch': 371.43}
{'loss': -3.7348, 'grad_norm': 44.96955871582031, 'learning_rate': 2.8359788359788357e-05, 'epoch': 372.38}
{'loss': -3.7398, 'grad_norm': 17.80181884765625, 'learning_rate': 2.814814814814815e-05, 'epoch': 373.33}
{'loss': -3.7396, 'grad_norm': 21.261938095092773, 'learning_rate': 2.793650793650794e-05, 'epoch': 374.29}
{'loss': -3.7411, 'grad_norm': 20.24757194519043, 'learning_rate': 2.7724867724867726e-05, 'epoch': 375.24}
{'loss': -3.7441, 'grad_norm': 34.991844177246094, 'learning_rate': 2.7513227513227512e-05, 'epoch': 376.19}
{'loss': -3.7392, 'grad_norm': 40.58843994140625, 'learning_rate': 2.73015873015873e-05, 'epoch': 377.14}
{'loss': -3.7446, 'grad_norm': 31.007043838500977, 'learning_rate': 2.7089947089947094e-05, 'epoch': 378.1}
{'loss': -3.7442, 'grad_norm': 28.173118591308594, 'learning_rate': 2.687830687830688e-05, 'epoch': 379.05}
{'loss': -3.7447, 'grad_norm': 34.68263626098633, 'learning_rate': 2.6666666666666667e-05, 'epoch': 380.0}
{'loss': -3.7435, 'grad_norm': 30.264616012573242, 'learning_rate': 2.6455026455026456e-05, 'epoch': 380.95}
{'loss': -3.7434, 'grad_norm': 20.329723358154297, 'learning_rate': 2.6243386243386242e-05, 'epoch': 381.9}
{'loss': -3.7506, 'grad_norm': 21.470430374145508, 'learning_rate': 2.6031746031746035e-05, 'epoch': 382.86}
{'loss': -3.7502, 'grad_norm': 33.16192626953125, 'learning_rate': 2.582010582010582e-05, 'epoch': 383.81}
{'loss': -3.7476, 'grad_norm': 43.01517868041992, 'learning_rate': 2.560846560846561e-05, 'epoch': 384.76}
{'loss': -3.7462, 'grad_norm': 21.978126525878906, 'learning_rate': 2.5396825396825397e-05, 'epoch': 385.71}
{'loss': -3.7463, 'grad_norm': 23.25267791748047, 'learning_rate': 2.5185185185185183e-05, 'epoch': 386.67}
{'loss': -3.7507, 'grad_norm': 32.6147575378418, 'learning_rate': 2.4973544973544973e-05, 'epoch': 387.62}
{'loss': -3.7487, 'grad_norm': 33.00951385498047, 'learning_rate': 2.4761904761904762e-05, 'epoch': 388.57}
{'loss': -3.7528, 'grad_norm': 26.74327850341797, 'learning_rate': 2.4550264550264552e-05, 'epoch': 389.52}
{'loss': -3.7523, 'grad_norm': 20.292966842651367, 'learning_rate': 2.4338624338624338e-05, 'epoch': 390.48}
{'loss': -3.7507, 'grad_norm': 19.97779655456543, 'learning_rate': 2.4126984126984128e-05, 'epoch': 391.43}
{'loss': -3.7527, 'grad_norm': 42.60945510864258, 'learning_rate': 2.3915343915343917e-05, 'epoch': 392.38}
{'loss': -3.7529, 'grad_norm': 37.663761138916016, 'learning_rate': 2.3703703703703707e-05, 'epoch': 393.33}
{'loss': -3.7543, 'grad_norm': 20.3040714263916, 'learning_rate': 2.3492063492063493e-05, 'epoch': 394.29}
{'loss': -3.7516, 'grad_norm': 19.21759796142578, 'learning_rate': 2.328042328042328e-05, 'epoch': 395.24}
{'loss': -3.7557, 'grad_norm': 52.83156967163086, 'learning_rate': 2.3068783068783072e-05, 'epoch': 396.19}
{'loss': -3.755, 'grad_norm': 18.473730087280273, 'learning_rate': 2.2857142857142858e-05, 'epoch': 397.14}
{'loss': -3.7561, 'grad_norm': 20.77594757080078, 'learning_rate': 2.2645502645502648e-05, 'epoch': 398.1}
{'loss': -3.7585, 'grad_norm': 20.17458152770996, 'learning_rate': 2.2433862433862434e-05, 'epoch': 399.05}
{'loss': -3.7614, 'grad_norm': 30.65026092529297, 'learning_rate': 2.2222222222222223e-05, 'epoch': 400.0}
{'loss': -3.7609, 'grad_norm': 34.14117431640625, 'learning_rate': 2.2010582010582013e-05, 'epoch': 400.95}
{'loss': -3.7616, 'grad_norm': 24.000673294067383, 'learning_rate': 2.17989417989418e-05, 'epoch': 401.9}
{'loss': -3.7621, 'grad_norm': 27.55403709411621, 'learning_rate': 2.158730158730159e-05, 'epoch': 402.86}
{'loss': -3.7634, 'grad_norm': 21.697092056274414, 'learning_rate': 2.1375661375661378e-05, 'epoch': 403.81}
{'loss': -3.7621, 'grad_norm': 19.707319259643555, 'learning_rate': 2.1164021164021164e-05, 'epoch': 404.76}
{'loss': -3.7603, 'grad_norm': 35.91571044921875, 'learning_rate': 2.0952380952380954e-05, 'epoch': 405.71}
{'loss': -3.7615, 'grad_norm': 26.16115951538086, 'learning_rate': 2.074074074074074e-05, 'epoch': 406.67}
{'loss': -3.7642, 'grad_norm': 15.814066886901855, 'learning_rate': 2.052910052910053e-05, 'epoch': 407.62}
{'loss': -3.764, 'grad_norm': 32.57613754272461, 'learning_rate': 2.031746031746032e-05, 'epoch': 408.57}
{'loss': -3.765, 'grad_norm': 24.42568588256836, 'learning_rate': 2.0105820105820105e-05, 'epoch': 409.52}
{'loss': -3.7654, 'grad_norm': 18.525711059570312, 'learning_rate': 1.9894179894179895e-05, 'epoch': 410.48}
{'loss': -3.7654, 'grad_norm': 33.85307312011719, 'learning_rate': 1.9682539682539684e-05, 'epoch': 411.43}
{'loss': -3.7646, 'grad_norm': 19.443370819091797, 'learning_rate': 1.9470899470899474e-05, 'epoch': 412.38}
{'loss': -3.7652, 'grad_norm': 37.302268981933594, 'learning_rate': 1.925925925925926e-05, 'epoch': 413.33}
{'loss': -3.7678, 'grad_norm': 21.524185180664062, 'learning_rate': 1.9047619047619046e-05, 'epoch': 414.29}
{'loss': -3.7685, 'grad_norm': 21.387243270874023, 'learning_rate': 1.883597883597884e-05, 'epoch': 415.24}
{'loss': -3.7686, 'grad_norm': 23.149660110473633, 'learning_rate': 1.8624338624338625e-05, 'epoch': 416.19}
{'loss': -3.7697, 'grad_norm': 25.50896453857422, 'learning_rate': 1.8412698412698415e-05, 'epoch': 417.14}
{'loss': -3.7684, 'grad_norm': 33.3228645324707, 'learning_rate': 1.82010582010582e-05, 'epoch': 418.1}
{'loss': -3.7713, 'grad_norm': 15.425755500793457, 'learning_rate': 1.798941798941799e-05, 'epoch': 419.05}
{'loss': -3.7697, 'grad_norm': 23.24048614501953, 'learning_rate': 1.777777777777778e-05, 'epoch': 420.0}
{'loss': -3.7689, 'grad_norm': 22.630451202392578, 'learning_rate': 1.7566137566137566e-05, 'epoch': 420.95}
{'loss': -3.774, 'grad_norm': 16.57792854309082, 'learning_rate': 1.7354497354497356e-05, 'epoch': 421.9}
{'loss': -3.7728, 'grad_norm': 25.746103286743164, 'learning_rate': 1.7142857142857145e-05, 'epoch': 422.86}
{'loss': -3.775, 'grad_norm': 28.293607711791992, 'learning_rate': 1.693121693121693e-05, 'epoch': 423.81}
{'loss': -3.7755, 'grad_norm': 16.22158432006836, 'learning_rate': 1.671957671957672e-05, 'epoch': 424.76}
{'loss': -3.7739, 'grad_norm': 19.9859561920166, 'learning_rate': 1.6507936507936507e-05, 'epoch': 425.71}
{'loss': -3.7737, 'grad_norm': 24.101268768310547, 'learning_rate': 1.62962962962963e-05, 'epoch': 426.67}
{'loss': -3.7737, 'grad_norm': 17.102266311645508, 'learning_rate': 1.6084656084656086e-05, 'epoch': 427.62}
{'loss': -3.7765, 'grad_norm': 22.96410369873047, 'learning_rate': 1.5873015873015872e-05, 'epoch': 428.57}
{'loss': -3.7745, 'grad_norm': 30.07139015197754, 'learning_rate': 1.5661375661375662e-05, 'epoch': 429.52}
{'loss': -3.7793, 'grad_norm': 17.155887603759766, 'learning_rate': 1.544973544973545e-05, 'epoch': 430.48}
{'loss': -3.779, 'grad_norm': 17.794471740722656, 'learning_rate': 1.5238095238095241e-05, 'epoch': 431.43}
{'loss': -3.7799, 'grad_norm': 13.90902042388916, 'learning_rate': 1.5026455026455027e-05, 'epoch': 432.38}
{'loss': -3.7774, 'grad_norm': 12.256467819213867, 'learning_rate': 1.4814814814814815e-05, 'epoch': 433.33}
{'loss': -3.7783, 'grad_norm': 27.4088191986084, 'learning_rate': 1.4603174603174605e-05, 'epoch': 434.29}
{'loss': -3.7791, 'grad_norm': 38.94960403442383, 'learning_rate': 1.4391534391534392e-05, 'epoch': 435.24}
{'loss': -3.7787, 'grad_norm': 29.254043579101562, 'learning_rate': 1.4179894179894179e-05, 'epoch': 436.19}
{'loss': -3.7795, 'grad_norm': 27.303165435791016, 'learning_rate': 1.396825396825397e-05, 'epoch': 437.14}
{'loss': -3.7804, 'grad_norm': 34.2459831237793, 'learning_rate': 1.3756613756613756e-05, 'epoch': 438.1}
{'loss': -3.7802, 'grad_norm': 18.336933135986328, 'learning_rate': 1.3544973544973547e-05, 'epoch': 439.05}
{'loss': -3.7832, 'grad_norm': 28.828462600708008, 'learning_rate': 1.3333333333333333e-05, 'epoch': 440.0}
{'loss': -3.7821, 'grad_norm': 13.412725448608398, 'learning_rate': 1.3121693121693121e-05, 'epoch': 440.95}
{'loss': -3.7827, 'grad_norm': 12.190581321716309, 'learning_rate': 1.291005291005291e-05, 'epoch': 441.9}
{'loss': -3.784, 'grad_norm': 14.216047286987305, 'learning_rate': 1.2698412698412699e-05, 'epoch': 442.86}
{'loss': -3.7839, 'grad_norm': 12.613337516784668, 'learning_rate': 1.2486772486772486e-05, 'epoch': 443.81}
{'loss': -3.7838, 'grad_norm': 23.047319412231445, 'learning_rate': 1.2275132275132276e-05, 'epoch': 444.76}
{'loss': -3.7854, 'grad_norm': 10.717025756835938, 'learning_rate': 1.2063492063492064e-05, 'epoch': 445.71}
{'loss': -3.7845, 'grad_norm': 30.061431884765625, 'learning_rate': 1.1851851851851853e-05, 'epoch': 446.67}
{'loss': -3.7853, 'grad_norm': 25.150943756103516, 'learning_rate': 1.164021164021164e-05, 'epoch': 447.62}
{'loss': -3.7874, 'grad_norm': 10.353934288024902, 'learning_rate': 1.1428571428571429e-05, 'epoch': 448.57}
{'loss': -3.7891, 'grad_norm': 25.316946029663086, 'learning_rate': 1.1216931216931217e-05, 'epoch': 449.52}
{'loss': -3.7874, 'grad_norm': 11.464329719543457, 'learning_rate': 1.1005291005291006e-05, 'epoch': 450.48}
{'loss': -3.7869, 'grad_norm': 11.605768203735352, 'learning_rate': 1.0793650793650794e-05, 'epoch': 451.43}
{'loss': -3.7885, 'grad_norm': 20.34650993347168, 'learning_rate': 1.0582010582010582e-05, 'epoch': 452.38}
{'loss': -3.788, 'grad_norm': 11.355195045471191, 'learning_rate': 1.037037037037037e-05, 'epoch': 453.33}
{'loss': -3.7878, 'grad_norm': 24.140125274658203, 'learning_rate': 1.015873015873016e-05, 'epoch': 454.29}
{'loss': -3.7895, 'grad_norm': 23.157791137695312, 'learning_rate': 9.947089947089947e-06, 'epoch': 455.24}
{'loss': -3.7894, 'grad_norm': 12.311670303344727, 'learning_rate': 9.735449735449737e-06, 'epoch': 456.19}
{'loss': -3.7903, 'grad_norm': 20.420576095581055, 'learning_rate': 9.523809523809523e-06, 'epoch': 457.14}
{'loss': -3.7907, 'grad_norm': 8.751341819763184, 'learning_rate': 9.312169312169313e-06, 'epoch': 458.1}
{'loss': -3.7917, 'grad_norm': 21.230873107910156, 'learning_rate': 9.1005291005291e-06, 'epoch': 459.05}
{'loss': -3.791, 'grad_norm': 29.426265716552734, 'learning_rate': 8.88888888888889e-06, 'epoch': 460.0}
{'loss': -3.7912, 'grad_norm': 21.307531356811523, 'learning_rate': 8.677248677248678e-06, 'epoch': 460.95}
{'loss': -3.7931, 'grad_norm': 26.25314712524414, 'learning_rate': 8.465608465608466e-06, 'epoch': 461.9}
{'loss': -3.7937, 'grad_norm': 10.83806037902832, 'learning_rate': 8.253968253968254e-06, 'epoch': 462.86}
{'loss': -3.7922, 'grad_norm': 12.339034080505371, 'learning_rate': 8.042328042328043e-06, 'epoch': 463.81}
{'loss': -3.794, 'grad_norm': 14.266153335571289, 'learning_rate': 7.830687830687831e-06, 'epoch': 464.76}
{'loss': -3.7926, 'grad_norm': 12.834121704101562, 'learning_rate': 7.6190476190476205e-06, 'epoch': 465.71}
{'loss': -3.7921, 'grad_norm': 8.141331672668457, 'learning_rate': 7.4074074074074075e-06, 'epoch': 466.67}
{'loss': -3.794, 'grad_norm': 18.39406394958496, 'learning_rate': 7.195767195767196e-06, 'epoch': 467.62}
{'loss': -3.7942, 'grad_norm': 11.501169204711914, 'learning_rate': 6.984126984126985e-06, 'epoch': 468.57}
{'loss': -3.7954, 'grad_norm': 9.93562126159668, 'learning_rate': 6.7724867724867736e-06, 'epoch': 469.52}
{'loss': -3.795, 'grad_norm': 8.648860931396484, 'learning_rate': 6.5608465608465606e-06, 'epoch': 470.48}
{'loss': -3.7952, 'grad_norm': 7.7790608406066895, 'learning_rate': 6.349206349206349e-06, 'epoch': 471.43}
{'loss': -3.7942, 'grad_norm': 6.502038478851318, 'learning_rate': 6.137566137566138e-06, 'epoch': 472.38}
{'loss': -3.796, 'grad_norm': 11.259217262268066, 'learning_rate': 5.925925925925927e-06, 'epoch': 473.33}
{'loss': -3.7978, 'grad_norm': 9.749405860900879, 'learning_rate': 5.7142857142857145e-06, 'epoch': 474.29}
{'loss': -3.797, 'grad_norm': 9.209924697875977, 'learning_rate': 5.502645502645503e-06, 'epoch': 475.24}
{'loss': -3.7964, 'grad_norm': 8.174766540527344, 'learning_rate': 5.291005291005291e-06, 'epoch': 476.19}
{'loss': -3.7983, 'grad_norm': 6.251114845275879, 'learning_rate': 5.07936507936508e-06, 'epoch': 477.14}
{'loss': -3.8002, 'grad_norm': 9.10700798034668, 'learning_rate': 4.8677248677248685e-06, 'epoch': 478.1}
{'loss': -3.7983, 'grad_norm': 12.660103797912598, 'learning_rate': 4.656084656084656e-06, 'epoch': 479.05}
{'loss': -3.7984, 'grad_norm': 33.4325065612793, 'learning_rate': 4.444444444444445e-06, 'epoch': 480.0}
{'loss': -3.7993, 'grad_norm': 9.174314498901367, 'learning_rate': 4.232804232804233e-06, 'epoch': 480.95}
{'loss': -3.7992, 'grad_norm': 10.621795654296875, 'learning_rate': 4.0211640211640215e-06, 'epoch': 481.9}
{'loss': -3.8008, 'grad_norm': 8.922568321228027, 'learning_rate': 3.8095238095238102e-06, 'epoch': 482.86}
{'loss': -3.8003, 'grad_norm': 6.876356601715088, 'learning_rate': 3.597883597883598e-06, 'epoch': 483.81}
{'loss': -3.7997, 'grad_norm': 11.464615821838379, 'learning_rate': 3.3862433862433868e-06, 'epoch': 484.76}
{'loss': -3.7999, 'grad_norm': 9.603683471679688, 'learning_rate': 3.1746031746031746e-06, 'epoch': 485.71}
{'loss': -3.8, 'grad_norm': 6.857877254486084, 'learning_rate': 2.9629629629629633e-06, 'epoch': 486.67}
{'loss': -3.8015, 'grad_norm': 8.246278762817383, 'learning_rate': 2.7513227513227516e-06, 'epoch': 487.62}
{'loss': -3.7995, 'grad_norm': 8.454041481018066, 'learning_rate': 2.53968253968254e-06, 'epoch': 488.57}
{'loss': -3.7997, 'grad_norm': 6.036354064941406, 'learning_rate': 2.328042328042328e-06, 'epoch': 489.52}
{'loss': -3.7996, 'grad_norm': 6.165203094482422, 'learning_rate': 2.1164021164021164e-06, 'epoch': 490.48}
{'loss': -3.801, 'grad_norm': 7.712870121002197, 'learning_rate': 1.9047619047619051e-06, 'epoch': 491.43}
{'loss': -3.7999, 'grad_norm': 5.430084705352783, 'learning_rate': 1.6931216931216934e-06, 'epoch': 492.38}
{'loss': -3.7997, 'grad_norm': 5.802084445953369, 'learning_rate': 1.4814814814814817e-06, 'epoch': 493.33}
{'loss': -3.803, 'grad_norm': 5.163627624511719, 'learning_rate': 1.26984126984127e-06, 'epoch': 494.29}
{'loss': -3.8008, 'grad_norm': 6.674529552459717, 'learning_rate': 1.0582010582010582e-06, 'epoch': 495.24}
{'loss': -3.8013, 'grad_norm': 4.998173236846924, 'learning_rate': 8.465608465608467e-07, 'epoch': 496.19}
{'loss': -3.8017, 'grad_norm': 5.029675006866455, 'learning_rate': 6.34920634920635e-07, 'epoch': 497.14}
{'loss': -3.8006, 'grad_norm': 6.265699863433838, 'learning_rate': 4.2328042328042335e-07, 'epoch': 498.1}
{'loss': -3.8033, 'grad_norm': 5.0508012771606445, 'learning_rate': 2.1164021164021167e-07, 'epoch': 499.05}
{'loss': -3.8028, 'grad_norm': 18.76959800720215, 'learning_rate': 0.0, 'epoch': 500.0}
{'train_runtime': 10419.2721, 'train_samples_per_second': 17721.871, 'train_steps_per_second': 2.015, 'train_loss': -3.3880222461337133, 'epoch': 500.0}
========== Model is trained ==========
========== Model is in evaluation mode ==========
=== Model is saved, at /proj/gaia/RayDT/dataset/processed_data/../../outputs/huggingface_test_result_noise_20/models/huggingface_trained_dt_noise_20_20240822-194534_5/ ===
Finished concurrent execution of tasks.
Ending time: Thu Aug 22 22:39:22 CEST 2024
