Starting time: Sat Aug 24 13:24:05 CEST 2024
no change     /proj/gaia/RayDT/mamba_ray/condabin/conda
no change     /proj/gaia/RayDT/mamba_ray/bin/conda
no change     /proj/gaia/RayDT/mamba_ray/bin/conda-env
no change     /proj/gaia/RayDT/mamba_ray/bin/activate
no change     /proj/gaia/RayDT/mamba_ray/bin/deactivate
no change     /proj/gaia/RayDT/mamba_ray/etc/profile.d/conda.sh
no change     /proj/gaia/RayDT/mamba_ray/etc/fish/conf.d/conda.fish
no change     /proj/gaia/RayDT/mamba_ray/shell/condabin/Conda.psm1
no change     /proj/gaia/RayDT/mamba_ray/shell/condabin/conda-hook.ps1
no change     /proj/gaia/RayDT/mamba_ray/lib/python3.10/site-packages/xontrib/conda.xsh
no change     /proj/gaia/RayDT/mamba_ray/etc/profile.d/conda.csh
no change     /home/x_yifji/.bashrc
No action taken.
config =  {'env_index': 2, 'add_type_loss': True, 'eval_from': None, 'test_seed': 42, 'test_data': 'test', 'Tx_id': 0, 'allTx': True, 'Rx_id': None, 'Rx1_id': None, 'Rx2_id': None, 'debug_path_flag': False, 'path_id': 6, 'add_noise': False, 'optim_load': False, 'small_batch': False, 'big_batch': False, 'debug': False, 'produce_fig': False, 'wandb': True, 'replot_baseline_only': False, 'Ofunc': False, 'noise_sample': 20, 'path': None, 'data_postfix': '', 'data_prefix': 'allTx', 'gen_func': <function gen_data_sample_across_rx at 0x14ba18d7cd30>}
========== Training config ==========
Found matching repo for training dataset: allTx_HFds__noise_20__20240821_021540_env_index_2
========== loading Data from /proj/gaia/RayDT/dataset/processed_data/trainwoAug/all_Tx_data/allTx_HFds__noise_20__20240821_021540_env_index_2 ==========
========== Training Data is loaded ==========
Type loss is added
========== Model is initialized ==========
{'loss': 1.624, 'grad_norm': 3.650698661804199, 'learning_rate': 1.951219512195122e-06, 'epoch': 0.98}
{'loss': 1.5974, 'grad_norm': 3.6007752418518066, 'learning_rate': 3.902439024390244e-06, 'epoch': 1.95}
{'loss': 1.5448, 'grad_norm': 3.511847972869873, 'learning_rate': 5.853658536585367e-06, 'epoch': 2.93}
{'loss': 1.4658, 'grad_norm': 3.3760688304901123, 'learning_rate': 7.804878048780489e-06, 'epoch': 3.9}
{'loss': 1.3572, 'grad_norm': 3.171191692352295, 'learning_rate': 9.756097560975611e-06, 'epoch': 4.88}
{'loss': 1.2125, 'grad_norm': 2.898149013519287, 'learning_rate': 1.1707317073170733e-05, 'epoch': 5.85}
{'loss': 1.0269, 'grad_norm': 2.437357187271118, 'learning_rate': 1.3658536585365855e-05, 'epoch': 6.83}
{'loss': 0.8126, 'grad_norm': 1.8646571636199951, 'learning_rate': 1.5609756097560978e-05, 'epoch': 7.8}
{'loss': 0.6073, 'grad_norm': 1.3870750665664673, 'learning_rate': 1.7560975609756096e-05, 'epoch': 8.78}
{'loss': 0.4336, 'grad_norm': 1.1403568983078003, 'learning_rate': 1.9512195121951222e-05, 'epoch': 9.76}
{'loss': 0.2561, 'grad_norm': 1.1777400970458984, 'learning_rate': 2.146341463414634e-05, 'epoch': 10.73}
{'loss': 0.0549, 'grad_norm': 1.1745691299438477, 'learning_rate': 2.3414634146341466e-05, 'epoch': 11.71}
{'loss': -0.1347, 'grad_norm': 0.9211022853851318, 'learning_rate': 2.536585365853659e-05, 'epoch': 12.68}
{'loss': -0.3192, 'grad_norm': 0.9313159584999084, 'learning_rate': 2.731707317073171e-05, 'epoch': 13.66}
{'loss': -0.5205, 'grad_norm': 0.9553804993629456, 'learning_rate': 2.926829268292683e-05, 'epoch': 14.63}
{'loss': -0.6957, 'grad_norm': 0.78323894739151, 'learning_rate': 3.1219512195121955e-05, 'epoch': 15.61}
{'loss': -0.8412, 'grad_norm': 1.3806051015853882, 'learning_rate': 3.3170731707317074e-05, 'epoch': 16.59}
{'loss': -0.9752, 'grad_norm': 1.291727066040039, 'learning_rate': 3.512195121951219e-05, 'epoch': 17.56}
{'loss': -1.1088, 'grad_norm': 1.5633679628372192, 'learning_rate': 3.707317073170732e-05, 'epoch': 18.54}
{'loss': -1.2387, 'grad_norm': 1.4613302946090698, 'learning_rate': 3.9024390243902444e-05, 'epoch': 19.51}
{'loss': -1.3463, 'grad_norm': 3.231405258178711, 'learning_rate': 4.097560975609756e-05, 'epoch': 20.49}
{'loss': -1.4295, 'grad_norm': 2.9075090885162354, 'learning_rate': 4.292682926829268e-05, 'epoch': 21.46}
{'loss': -1.501, 'grad_norm': 1.5895490646362305, 'learning_rate': 4.487804878048781e-05, 'epoch': 22.44}
{'loss': -1.5717, 'grad_norm': 3.8435635566711426, 'learning_rate': 4.682926829268293e-05, 'epoch': 23.41}
{'loss': -1.627, 'grad_norm': 1.871191143989563, 'learning_rate': 4.878048780487805e-05, 'epoch': 24.39}
{'loss': -1.6784, 'grad_norm': 2.7576777935028076, 'learning_rate': 5.073170731707318e-05, 'epoch': 25.37}
{'loss': -1.7258, 'grad_norm': 2.940690517425537, 'learning_rate': 5.2682926829268296e-05, 'epoch': 26.34}
{'loss': -1.7698, 'grad_norm': 2.9317286014556885, 'learning_rate': 5.463414634146342e-05, 'epoch': 27.32}
{'loss': -1.8158, 'grad_norm': 3.704775094985962, 'learning_rate': 5.6585365853658533e-05, 'epoch': 28.29}
{'loss': -1.8561, 'grad_norm': 3.3206801414489746, 'learning_rate': 5.853658536585366e-05, 'epoch': 29.27}
{'loss': -1.8901, 'grad_norm': 5.865166187286377, 'learning_rate': 6.0487804878048785e-05, 'epoch': 30.24}
{'loss': -1.9213, 'grad_norm': 2.7058465480804443, 'learning_rate': 6.243902439024391e-05, 'epoch': 31.22}
{'loss': -1.9543, 'grad_norm': 4.350753307342529, 'learning_rate': 6.439024390243903e-05, 'epoch': 32.2}
{'loss': -1.987, 'grad_norm': 6.700009346008301, 'learning_rate': 6.634146341463415e-05, 'epoch': 33.17}
{'loss': -2.0123, 'grad_norm': 4.968038082122803, 'learning_rate': 6.829268292682928e-05, 'epoch': 34.15}
{'loss': -2.0358, 'grad_norm': 6.200145244598389, 'learning_rate': 7.024390243902439e-05, 'epoch': 35.12}
{'loss': -2.0573, 'grad_norm': 3.503779411315918, 'learning_rate': 7.219512195121952e-05, 'epoch': 36.1}
{'loss': -2.0787, 'grad_norm': 9.49062442779541, 'learning_rate': 7.414634146341464e-05, 'epoch': 37.07}
{'loss': -2.1006, 'grad_norm': 10.614380836486816, 'learning_rate': 7.609756097560976e-05, 'epoch': 38.05}
{'loss': -2.1219, 'grad_norm': 5.869200229644775, 'learning_rate': 7.804878048780489e-05, 'epoch': 39.02}
{'loss': -2.1469, 'grad_norm': 9.231057167053223, 'learning_rate': 8e-05, 'epoch': 40.0}
{'loss': -2.1655, 'grad_norm': 7.9525909423828125, 'learning_rate': 8.195121951219513e-05, 'epoch': 40.98}
{'loss': -2.187, 'grad_norm': 11.843268394470215, 'learning_rate': 8.390243902439024e-05, 'epoch': 41.95}
{'loss': -2.2016, 'grad_norm': 9.63654899597168, 'learning_rate': 8.585365853658536e-05, 'epoch': 42.93}
{'loss': -2.2217, 'grad_norm': 9.943733215332031, 'learning_rate': 8.78048780487805e-05, 'epoch': 43.9}
{'loss': -2.2364, 'grad_norm': 10.128124237060547, 'learning_rate': 8.975609756097561e-05, 'epoch': 44.88}
{'loss': -2.2543, 'grad_norm': 10.95646858215332, 'learning_rate': 9.170731707317075e-05, 'epoch': 45.85}
{'loss': -2.2706, 'grad_norm': 11.265033721923828, 'learning_rate': 9.365853658536587e-05, 'epoch': 46.83}
{'loss': -2.2826, 'grad_norm': 9.995246887207031, 'learning_rate': 9.560975609756097e-05, 'epoch': 47.8}
{'loss': -2.2971, 'grad_norm': 8.046158790588379, 'learning_rate': 9.75609756097561e-05, 'epoch': 48.78}
{'loss': -2.3167, 'grad_norm': 10.507065773010254, 'learning_rate': 9.951219512195122e-05, 'epoch': 49.76}
{'loss': -2.3315, 'grad_norm': 15.871932029724121, 'learning_rate': 9.983739837398374e-05, 'epoch': 50.73}
{'loss': -2.3434, 'grad_norm': 10.428622245788574, 'learning_rate': 9.962059620596207e-05, 'epoch': 51.71}
{'loss': -2.3563, 'grad_norm': 15.383113861083984, 'learning_rate': 9.940379403794038e-05, 'epoch': 52.68}
{'loss': -2.3688, 'grad_norm': 8.588240623474121, 'learning_rate': 9.91869918699187e-05, 'epoch': 53.66}
{'loss': -2.3905, 'grad_norm': 10.463550567626953, 'learning_rate': 9.897018970189702e-05, 'epoch': 54.63}
{'loss': -2.406, 'grad_norm': 11.57821273803711, 'learning_rate': 9.875338753387535e-05, 'epoch': 55.61}
{'loss': -2.4162, 'grad_norm': 14.398141860961914, 'learning_rate': 9.853658536585366e-05, 'epoch': 56.59}
{'loss': -2.4263, 'grad_norm': 20.531944274902344, 'learning_rate': 9.831978319783198e-05, 'epoch': 57.56}
{'loss': -2.4199, 'grad_norm': 14.034069061279297, 'learning_rate': 9.81029810298103e-05, 'epoch': 58.54}
{'loss': -2.4508, 'grad_norm': 13.669005393981934, 'learning_rate': 9.788617886178862e-05, 'epoch': 59.51}
{'loss': -2.4615, 'grad_norm': 14.588874816894531, 'learning_rate': 9.766937669376695e-05, 'epoch': 60.49}
{'loss': -2.4698, 'grad_norm': 17.10446548461914, 'learning_rate': 9.745257452574527e-05, 'epoch': 61.46}
{'loss': -2.4834, 'grad_norm': 20.09711456298828, 'learning_rate': 9.723577235772358e-05, 'epoch': 62.44}
{'loss': -2.4937, 'grad_norm': 17.369279861450195, 'learning_rate': 9.701897018970189e-05, 'epoch': 63.41}
{'loss': -2.5028, 'grad_norm': 18.480600357055664, 'learning_rate': 9.680216802168021e-05, 'epoch': 64.39}
{'loss': -2.5112, 'grad_norm': 9.34411907196045, 'learning_rate': 9.658536585365854e-05, 'epoch': 65.37}
{'loss': -2.5254, 'grad_norm': 9.918484687805176, 'learning_rate': 9.636856368563686e-05, 'epoch': 66.34}
{'loss': -2.5383, 'grad_norm': 15.350690841674805, 'learning_rate': 9.615176151761518e-05, 'epoch': 67.32}
{'loss': -2.5468, 'grad_norm': 9.858174324035645, 'learning_rate': 9.59349593495935e-05, 'epoch': 68.29}
{'loss': -2.5583, 'grad_norm': 15.308320999145508, 'learning_rate': 9.571815718157182e-05, 'epoch': 69.27}
{'loss': -2.5667, 'grad_norm': 24.363563537597656, 'learning_rate': 9.550135501355014e-05, 'epoch': 70.24}
{'loss': -2.5758, 'grad_norm': 12.862171173095703, 'learning_rate': 9.528455284552846e-05, 'epoch': 71.22}
{'loss': -2.5847, 'grad_norm': 16.79327964782715, 'learning_rate': 9.506775067750679e-05, 'epoch': 72.2}
{'loss': -2.5895, 'grad_norm': 14.71118450164795, 'learning_rate': 9.485094850948511e-05, 'epoch': 73.17}
{'loss': -2.6085, 'grad_norm': 15.25845718383789, 'learning_rate': 9.463414634146342e-05, 'epoch': 74.15}
{'loss': -2.616, 'grad_norm': 15.788716316223145, 'learning_rate': 9.441734417344174e-05, 'epoch': 75.12}
{'loss': -2.6254, 'grad_norm': 16.058223724365234, 'learning_rate': 9.420054200542005e-05, 'epoch': 76.1}
{'loss': -2.6316, 'grad_norm': 14.174391746520996, 'learning_rate': 9.398373983739837e-05, 'epoch': 77.07}
{'loss': -2.6407, 'grad_norm': 15.237449645996094, 'learning_rate': 9.37669376693767e-05, 'epoch': 78.05}
{'loss': -2.6499, 'grad_norm': 10.718039512634277, 'learning_rate': 9.355013550135502e-05, 'epoch': 79.02}
{'loss': -2.6518, 'grad_norm': 20.20040512084961, 'learning_rate': 9.333333333333334e-05, 'epoch': 80.0}
{'loss': -2.6662, 'grad_norm': 11.32149887084961, 'learning_rate': 9.311653116531167e-05, 'epoch': 80.98}
{'loss': -2.6717, 'grad_norm': 19.470203399658203, 'learning_rate': 9.289972899728998e-05, 'epoch': 81.95}
{'loss': -2.6762, 'grad_norm': 9.591757774353027, 'learning_rate': 9.26829268292683e-05, 'epoch': 82.93}
{'loss': -2.6902, 'grad_norm': 18.792150497436523, 'learning_rate': 9.246612466124661e-05, 'epoch': 83.9}
{'loss': -2.6993, 'grad_norm': 14.735506057739258, 'learning_rate': 9.224932249322493e-05, 'epoch': 84.88}
{'loss': -2.7057, 'grad_norm': 21.467857360839844, 'learning_rate': 9.203252032520325e-05, 'epoch': 85.85}
{'loss': -2.7168, 'grad_norm': 15.015080451965332, 'learning_rate': 9.181571815718158e-05, 'epoch': 86.83}
{'loss': -2.7247, 'grad_norm': 10.460028648376465, 'learning_rate': 9.15989159891599e-05, 'epoch': 87.8}
{'loss': -2.7299, 'grad_norm': 21.865083694458008, 'learning_rate': 9.138211382113821e-05, 'epoch': 88.78}
{'loss': -2.7357, 'grad_norm': 19.90217399597168, 'learning_rate': 9.116531165311653e-05, 'epoch': 89.76}
{'loss': -2.746, 'grad_norm': 11.826065063476562, 'learning_rate': 9.094850948509486e-05, 'epoch': 90.73}
{'loss': -2.7516, 'grad_norm': 16.613035202026367, 'learning_rate': 9.073170731707318e-05, 'epoch': 91.71}
{'loss': -2.7607, 'grad_norm': 19.594030380249023, 'learning_rate': 9.05149051490515e-05, 'epoch': 92.68}
{'loss': -2.7675, 'grad_norm': 13.455492973327637, 'learning_rate': 9.029810298102981e-05, 'epoch': 93.66}
{'loss': -2.7762, 'grad_norm': 14.724027633666992, 'learning_rate': 9.008130081300812e-05, 'epoch': 94.63}
{'loss': -2.7813, 'grad_norm': 16.196352005004883, 'learning_rate': 8.986449864498645e-05, 'epoch': 95.61}
{'loss': -2.7881, 'grad_norm': 19.54137420654297, 'learning_rate': 8.964769647696477e-05, 'epoch': 96.59}
{'loss': -2.7957, 'grad_norm': 21.281347274780273, 'learning_rate': 8.943089430894309e-05, 'epoch': 97.56}
{'loss': -2.8011, 'grad_norm': 15.056208610534668, 'learning_rate': 8.921409214092142e-05, 'epoch': 98.54}
{'loss': -2.8064, 'grad_norm': 12.061030387878418, 'learning_rate': 8.899728997289974e-05, 'epoch': 99.51}
{'loss': -2.8077, 'grad_norm': 19.689395904541016, 'learning_rate': 8.878048780487805e-05, 'epoch': 100.49}
{'loss': -2.8195, 'grad_norm': 15.976253509521484, 'learning_rate': 8.856368563685637e-05, 'epoch': 101.46}
{'loss': -2.8225, 'grad_norm': 15.02491283416748, 'learning_rate': 8.83468834688347e-05, 'epoch': 102.44}
{'loss': -2.834, 'grad_norm': 22.773948669433594, 'learning_rate': 8.813008130081302e-05, 'epoch': 103.41}
{'loss': -2.8328, 'grad_norm': 26.680580139160156, 'learning_rate': 8.791327913279134e-05, 'epoch': 104.39}
{'loss': -2.8417, 'grad_norm': 18.922805786132812, 'learning_rate': 8.769647696476965e-05, 'epoch': 105.37}
{'loss': -2.8499, 'grad_norm': 14.256555557250977, 'learning_rate': 8.747967479674797e-05, 'epoch': 106.34}
{'loss': -2.8585, 'grad_norm': 22.653366088867188, 'learning_rate': 8.726287262872628e-05, 'epoch': 107.32}
{'loss': -2.864, 'grad_norm': 16.79161834716797, 'learning_rate': 8.70460704607046e-05, 'epoch': 108.29}
{'loss': -2.8633, 'grad_norm': 13.557510375976562, 'learning_rate': 8.682926829268293e-05, 'epoch': 109.27}
{'loss': -2.8729, 'grad_norm': 10.247716903686523, 'learning_rate': 8.661246612466125e-05, 'epoch': 110.24}
{'loss': -2.8739, 'grad_norm': 18.988489151000977, 'learning_rate': 8.639566395663958e-05, 'epoch': 111.22}
{'loss': -2.8871, 'grad_norm': 27.85796546936035, 'learning_rate': 8.61788617886179e-05, 'epoch': 112.2}
{'loss': -2.8945, 'grad_norm': 13.584959983825684, 'learning_rate': 8.596205962059621e-05, 'epoch': 113.17}
{'loss': -2.8959, 'grad_norm': 18.725191116333008, 'learning_rate': 8.574525745257453e-05, 'epoch': 114.15}
{'loss': -2.904, 'grad_norm': 19.88311767578125, 'learning_rate': 8.552845528455284e-05, 'epoch': 115.12}
{'loss': -2.9097, 'grad_norm': 18.72923469543457, 'learning_rate': 8.531165311653116e-05, 'epoch': 116.1}
{'loss': -2.9134, 'grad_norm': 19.47676658630371, 'learning_rate': 8.509485094850949e-05, 'epoch': 117.07}
{'loss': -2.9105, 'grad_norm': 34.6137809753418, 'learning_rate': 8.487804878048781e-05, 'epoch': 118.05}
{'loss': -2.9243, 'grad_norm': 16.217864990234375, 'learning_rate': 8.466124661246613e-05, 'epoch': 119.02}
{'loss': -2.9298, 'grad_norm': 9.566458702087402, 'learning_rate': 8.444444444444444e-05, 'epoch': 120.0}
{'loss': -2.9329, 'grad_norm': 18.79312515258789, 'learning_rate': 8.422764227642277e-05, 'epoch': 120.98}
{'loss': -2.9325, 'grad_norm': 42.540985107421875, 'learning_rate': 8.401084010840109e-05, 'epoch': 121.95}
{'loss': -2.9342, 'grad_norm': 21.771970748901367, 'learning_rate': 8.379403794037941e-05, 'epoch': 122.93}
{'loss': -2.9515, 'grad_norm': 22.19864845275879, 'learning_rate': 8.357723577235774e-05, 'epoch': 123.9}
{'loss': -2.954, 'grad_norm': 29.03900146484375, 'learning_rate': 8.336043360433606e-05, 'epoch': 124.88}
{'loss': -2.9601, 'grad_norm': 16.469877243041992, 'learning_rate': 8.314363143631437e-05, 'epoch': 125.85}
{'loss': -2.9616, 'grad_norm': 22.400503158569336, 'learning_rate': 8.292682926829268e-05, 'epoch': 126.83}
{'loss': -2.9702, 'grad_norm': 25.516094207763672, 'learning_rate': 8.2710027100271e-05, 'epoch': 127.8}
{'loss': -2.975, 'grad_norm': 29.38072967529297, 'learning_rate': 8.249322493224932e-05, 'epoch': 128.78}
{'loss': -2.9754, 'grad_norm': 18.044660568237305, 'learning_rate': 8.227642276422765e-05, 'epoch': 129.76}
{'loss': -2.9836, 'grad_norm': 17.535215377807617, 'learning_rate': 8.205962059620597e-05, 'epoch': 130.73}
{'loss': -2.9891, 'grad_norm': 22.77712059020996, 'learning_rate': 8.184281842818428e-05, 'epoch': 131.71}
{'loss': -2.9893, 'grad_norm': 14.211929321289062, 'learning_rate': 8.16260162601626e-05, 'epoch': 132.68}
{'loss': -2.993, 'grad_norm': 18.33208465576172, 'learning_rate': 8.140921409214093e-05, 'epoch': 133.66}
{'loss': -3.0051, 'grad_norm': 16.009201049804688, 'learning_rate': 8.119241192411925e-05, 'epoch': 134.63}
{'loss': -3.004, 'grad_norm': 26.29224395751953, 'learning_rate': 8.097560975609757e-05, 'epoch': 135.61}
{'loss': -3.0094, 'grad_norm': 15.041482925415039, 'learning_rate': 8.075880758807588e-05, 'epoch': 136.59}
{'loss': -3.007, 'grad_norm': 24.607784271240234, 'learning_rate': 8.05420054200542e-05, 'epoch': 137.56}
{'loss': -3.0139, 'grad_norm': 23.050249099731445, 'learning_rate': 8.032520325203252e-05, 'epoch': 138.54}
{'loss': -3.0161, 'grad_norm': 22.403953552246094, 'learning_rate': 8.010840108401084e-05, 'epoch': 139.51}
{'loss': -3.0252, 'grad_norm': 27.282411575317383, 'learning_rate': 7.989159891598916e-05, 'epoch': 140.49}
{'loss': -3.024, 'grad_norm': 31.187589645385742, 'learning_rate': 7.967479674796748e-05, 'epoch': 141.46}
{'loss': -3.0284, 'grad_norm': 33.82459259033203, 'learning_rate': 7.945799457994581e-05, 'epoch': 142.44}
{'loss': -3.0225, 'grad_norm': 38.11933517456055, 'learning_rate': 7.924119241192413e-05, 'epoch': 143.41}
{'loss': -3.0364, 'grad_norm': 25.193538665771484, 'learning_rate': 7.902439024390244e-05, 'epoch': 144.39}
{'loss': -3.0425, 'grad_norm': 22.75050163269043, 'learning_rate': 7.880758807588076e-05, 'epoch': 145.37}
{'loss': -3.0397, 'grad_norm': 24.181568145751953, 'learning_rate': 7.859078590785907e-05, 'epoch': 146.34}
{'loss': -3.0498, 'grad_norm': 27.98173713684082, 'learning_rate': 7.83739837398374e-05, 'epoch': 147.32}
{'loss': -3.0575, 'grad_norm': 21.803985595703125, 'learning_rate': 7.815718157181572e-05, 'epoch': 148.29}
{'loss': -3.0591, 'grad_norm': 9.812722206115723, 'learning_rate': 7.794037940379404e-05, 'epoch': 149.27}
{'loss': -3.0384, 'grad_norm': 18.910545349121094, 'learning_rate': 7.772357723577237e-05, 'epoch': 150.24}
{'loss': -3.042, 'grad_norm': 27.332931518554688, 'learning_rate': 7.750677506775068e-05, 'epoch': 151.22}
{'loss': -3.0623, 'grad_norm': 11.16524887084961, 'learning_rate': 7.7289972899729e-05, 'epoch': 152.2}
{'loss': -3.0676, 'grad_norm': 15.821334838867188, 'learning_rate': 7.707317073170732e-05, 'epoch': 153.17}
{'loss': -3.071, 'grad_norm': 23.065893173217773, 'learning_rate': 7.685636856368564e-05, 'epoch': 154.15}
{'loss': -3.0757, 'grad_norm': 15.92955207824707, 'learning_rate': 7.663956639566397e-05, 'epoch': 155.12}
{'loss': -3.081, 'grad_norm': 23.699220657348633, 'learning_rate': 7.642276422764229e-05, 'epoch': 156.1}
{'loss': -3.0867, 'grad_norm': 21.148513793945312, 'learning_rate': 7.62059620596206e-05, 'epoch': 157.07}
{'loss': -3.0908, 'grad_norm': 25.011375427246094, 'learning_rate': 7.598915989159891e-05, 'epoch': 158.05}
{'loss': -3.0949, 'grad_norm': 20.077455520629883, 'learning_rate': 7.577235772357723e-05, 'epoch': 159.02}
{'loss': -3.0938, 'grad_norm': 24.131929397583008, 'learning_rate': 7.555555555555556e-05, 'epoch': 160.0}
{'loss': -3.0993, 'grad_norm': 25.855953216552734, 'learning_rate': 7.533875338753388e-05, 'epoch': 160.98}
{'loss': -3.1076, 'grad_norm': 16.07082176208496, 'learning_rate': 7.51219512195122e-05, 'epoch': 161.95}
{'loss': -3.1062, 'grad_norm': 16.747447967529297, 'learning_rate': 7.490514905149053e-05, 'epoch': 162.93}
{'loss': -3.1085, 'grad_norm': 30.531949996948242, 'learning_rate': 7.468834688346884e-05, 'epoch': 163.9}
{'loss': -3.1111, 'grad_norm': 18.974323272705078, 'learning_rate': 7.447154471544716e-05, 'epoch': 164.88}
{'loss': -3.1148, 'grad_norm': 30.16953468322754, 'learning_rate': 7.425474254742548e-05, 'epoch': 165.85}
{'loss': -3.1195, 'grad_norm': 26.42948341369629, 'learning_rate': 7.40379403794038e-05, 'epoch': 166.83}
{'loss': -3.1272, 'grad_norm': 27.227338790893555, 'learning_rate': 7.382113821138211e-05, 'epoch': 167.8}
{'loss': -3.1256, 'grad_norm': 26.604673385620117, 'learning_rate': 7.360433604336044e-05, 'epoch': 168.78}
{'loss': -3.1299, 'grad_norm': 27.361183166503906, 'learning_rate': 7.338753387533876e-05, 'epoch': 169.76}
{'loss': -3.1352, 'grad_norm': 23.830636978149414, 'learning_rate': 7.317073170731707e-05, 'epoch': 170.73}
{'loss': -3.1381, 'grad_norm': 23.207731246948242, 'learning_rate': 7.29539295392954e-05, 'epoch': 171.71}
{'loss': -3.137, 'grad_norm': 24.930910110473633, 'learning_rate': 7.273712737127372e-05, 'epoch': 172.68}
{'loss': -3.1435, 'grad_norm': 21.434188842773438, 'learning_rate': 7.252032520325204e-05, 'epoch': 173.66}
{'loss': -3.1419, 'grad_norm': 28.581045150756836, 'learning_rate': 7.230352303523036e-05, 'epoch': 174.63}
{'loss': -3.148, 'grad_norm': 24.482454299926758, 'learning_rate': 7.208672086720867e-05, 'epoch': 175.61}
{'loss': -3.1535, 'grad_norm': 17.084585189819336, 'learning_rate': 7.1869918699187e-05, 'epoch': 176.59}
{'loss': -3.1596, 'grad_norm': 24.07066535949707, 'learning_rate': 7.16531165311653e-05, 'epoch': 177.56}
{'loss': -3.1589, 'grad_norm': 31.46974754333496, 'learning_rate': 7.143631436314363e-05, 'epoch': 178.54}
{'loss': -3.1615, 'grad_norm': 27.835559844970703, 'learning_rate': 7.121951219512195e-05, 'epoch': 179.51}
{'loss': -3.1671, 'grad_norm': 20.19820213317871, 'learning_rate': 7.100271002710027e-05, 'epoch': 180.49}
{'loss': -3.1687, 'grad_norm': 34.828487396240234, 'learning_rate': 7.07859078590786e-05, 'epoch': 181.46}
{'loss': -3.1696, 'grad_norm': 21.064868927001953, 'learning_rate': 7.056910569105691e-05, 'epoch': 182.44}
{'loss': -3.177, 'grad_norm': 25.706497192382812, 'learning_rate': 7.035230352303523e-05, 'epoch': 183.41}
{'loss': -3.1794, 'grad_norm': 21.604888916015625, 'learning_rate': 7.013550135501355e-05, 'epoch': 184.39}
{'loss': -3.1777, 'grad_norm': 29.700061798095703, 'learning_rate': 6.991869918699188e-05, 'epoch': 185.37}
{'loss': -3.1816, 'grad_norm': 24.90440559387207, 'learning_rate': 6.97018970189702e-05, 'epoch': 186.34}
{'loss': -3.189, 'grad_norm': 28.937898635864258, 'learning_rate': 6.948509485094852e-05, 'epoch': 187.32}
{'loss': -3.1925, 'grad_norm': 24.252206802368164, 'learning_rate': 6.926829268292683e-05, 'epoch': 188.29}
{'loss': -3.1947, 'grad_norm': 29.842988967895508, 'learning_rate': 6.905149051490514e-05, 'epoch': 189.27}
{'loss': -3.1933, 'grad_norm': 33.43693161010742, 'learning_rate': 6.883468834688347e-05, 'epoch': 190.24}
{'loss': -3.1973, 'grad_norm': 12.430618286132812, 'learning_rate': 6.861788617886179e-05, 'epoch': 191.22}
{'loss': -3.2035, 'grad_norm': 22.606712341308594, 'learning_rate': 6.840108401084011e-05, 'epoch': 192.2}
{'loss': -3.2009, 'grad_norm': 32.123756408691406, 'learning_rate': 6.818428184281843e-05, 'epoch': 193.17}
{'loss': -3.2094, 'grad_norm': 25.44389533996582, 'learning_rate': 6.796747967479676e-05, 'epoch': 194.15}
{'loss': -3.2134, 'grad_norm': 17.105600357055664, 'learning_rate': 6.775067750677507e-05, 'epoch': 195.12}
{'loss': -3.2086, 'grad_norm': 27.61693572998047, 'learning_rate': 6.753387533875339e-05, 'epoch': 196.1}
{'loss': -3.2131, 'grad_norm': 23.47930335998535, 'learning_rate': 6.731707317073171e-05, 'epoch': 197.07}
{'loss': -3.2158, 'grad_norm': 20.17075538635254, 'learning_rate': 6.710027100271004e-05, 'epoch': 198.05}
{'loss': -3.2193, 'grad_norm': 28.849931716918945, 'learning_rate': 6.688346883468835e-05, 'epoch': 199.02}
{'loss': -3.2245, 'grad_norm': 29.119237899780273, 'learning_rate': 6.666666666666667e-05, 'epoch': 200.0}
{'loss': -3.2273, 'grad_norm': 31.48719596862793, 'learning_rate': 6.644986449864499e-05, 'epoch': 200.98}
{'loss': -3.2317, 'grad_norm': 22.605955123901367, 'learning_rate': 6.62330623306233e-05, 'epoch': 201.95}
{'loss': -3.2335, 'grad_norm': 33.48052978515625, 'learning_rate': 6.601626016260163e-05, 'epoch': 202.93}
{'loss': -3.2335, 'grad_norm': 30.832134246826172, 'learning_rate': 6.579945799457995e-05, 'epoch': 203.9}
{'loss': -3.2368, 'grad_norm': 26.28830337524414, 'learning_rate': 6.558265582655827e-05, 'epoch': 204.88}
{'loss': -3.241, 'grad_norm': 20.4334774017334, 'learning_rate': 6.53658536585366e-05, 'epoch': 205.85}
{'loss': -3.2412, 'grad_norm': 26.24272918701172, 'learning_rate': 6.514905149051492e-05, 'epoch': 206.83}
{'loss': -3.2508, 'grad_norm': 22.387619018554688, 'learning_rate': 6.493224932249323e-05, 'epoch': 207.8}
{'loss': -3.251, 'grad_norm': 20.371597290039062, 'learning_rate': 6.471544715447154e-05, 'epoch': 208.78}
{'loss': -3.2478, 'grad_norm': 39.0660285949707, 'learning_rate': 6.449864498644986e-05, 'epoch': 209.76}
{'loss': -3.2512, 'grad_norm': 27.84579086303711, 'learning_rate': 6.428184281842818e-05, 'epoch': 210.73}
{'loss': -3.2543, 'grad_norm': 21.550207138061523, 'learning_rate': 6.406504065040651e-05, 'epoch': 211.71}
{'loss': -3.2586, 'grad_norm': 35.65182113647461, 'learning_rate': 6.384823848238483e-05, 'epoch': 212.68}
{'loss': -3.2517, 'grad_norm': 28.633359909057617, 'learning_rate': 6.363143631436315e-05, 'epoch': 213.66}
{'loss': -3.2653, 'grad_norm': 34.34497833251953, 'learning_rate': 6.341463414634146e-05, 'epoch': 214.63}
{'loss': -3.2653, 'grad_norm': 19.336854934692383, 'learning_rate': 6.319783197831979e-05, 'epoch': 215.61}
{'loss': -3.2702, 'grad_norm': 24.867582321166992, 'learning_rate': 6.298102981029811e-05, 'epoch': 216.59}
{'loss': -3.271, 'grad_norm': 23.222728729248047, 'learning_rate': 6.276422764227643e-05, 'epoch': 217.56}
{'loss': -3.2611, 'grad_norm': 29.17888069152832, 'learning_rate': 6.254742547425476e-05, 'epoch': 218.54}
{'loss': -3.268, 'grad_norm': 22.29690170288086, 'learning_rate': 6.233062330623306e-05, 'epoch': 219.51}
{'loss': -3.2673, 'grad_norm': 45.62800598144531, 'learning_rate': 6.211382113821137e-05, 'epoch': 220.49}
{'loss': -3.2637, 'grad_norm': 28.059999465942383, 'learning_rate': 6.18970189701897e-05, 'epoch': 221.46}
{'loss': -3.2841, 'grad_norm': 24.188600540161133, 'learning_rate': 6.168021680216802e-05, 'epoch': 222.44}
{'loss': -3.2803, 'grad_norm': 21.328815460205078, 'learning_rate': 6.146341463414634e-05, 'epoch': 223.41}
{'loss': -3.2834, 'grad_norm': 32.90974426269531, 'learning_rate': 6.124661246612467e-05, 'epoch': 224.39}
{'loss': -3.2864, 'grad_norm': 25.961732864379883, 'learning_rate': 6.1029810298102984e-05, 'epoch': 225.37}
{'loss': -3.2913, 'grad_norm': 28.480146408081055, 'learning_rate': 6.081300813008131e-05, 'epoch': 226.34}
{'loss': -3.29, 'grad_norm': 23.97379493713379, 'learning_rate': 6.059620596205963e-05, 'epoch': 227.32}
{'loss': -3.2942, 'grad_norm': 26.302122116088867, 'learning_rate': 6.0379403794037946e-05, 'epoch': 228.29}
{'loss': -3.2998, 'grad_norm': 35.40152359008789, 'learning_rate': 6.016260162601627e-05, 'epoch': 229.27}
{'loss': -3.3007, 'grad_norm': 20.968490600585938, 'learning_rate': 5.994579945799458e-05, 'epoch': 230.24}
{'loss': -3.3, 'grad_norm': 32.6151123046875, 'learning_rate': 5.97289972899729e-05, 'epoch': 231.22}
{'loss': -3.3023, 'grad_norm': 22.365814208984375, 'learning_rate': 5.951219512195122e-05, 'epoch': 232.2}
{'loss': -3.298, 'grad_norm': 32.66410446166992, 'learning_rate': 5.929539295392954e-05, 'epoch': 233.17}
{'loss': -3.2973, 'grad_norm': 23.545894622802734, 'learning_rate': 5.9078590785907865e-05, 'epoch': 234.15}
{'loss': -3.3101, 'grad_norm': 24.26898193359375, 'learning_rate': 5.886178861788618e-05, 'epoch': 235.12}
{'loss': -3.3127, 'grad_norm': 27.814472198486328, 'learning_rate': 5.8644986449864504e-05, 'epoch': 236.1}
{'loss': -3.3191, 'grad_norm': 27.111045837402344, 'learning_rate': 5.842818428184282e-05, 'epoch': 237.07}
{'loss': -3.3184, 'grad_norm': 21.68892478942871, 'learning_rate': 5.8211382113821144e-05, 'epoch': 238.05}
{'loss': -3.3206, 'grad_norm': 18.395660400390625, 'learning_rate': 5.799457994579947e-05, 'epoch': 239.02}
{'loss': -3.3199, 'grad_norm': 30.983909606933594, 'learning_rate': 5.7777777777777776e-05, 'epoch': 240.0}
{'loss': -3.3259, 'grad_norm': 36.59339141845703, 'learning_rate': 5.756097560975609e-05, 'epoch': 240.98}
{'loss': -3.3257, 'grad_norm': 27.565383911132812, 'learning_rate': 5.7344173441734416e-05, 'epoch': 241.95}
{'loss': -3.323, 'grad_norm': 32.16172409057617, 'learning_rate': 5.712737127371274e-05, 'epoch': 242.93}
{'loss': -3.328, 'grad_norm': 27.39078712463379, 'learning_rate': 5.6910569105691056e-05, 'epoch': 243.9}
{'loss': -3.3304, 'grad_norm': 34.754600524902344, 'learning_rate': 5.669376693766938e-05, 'epoch': 244.88}
{'loss': -3.3368, 'grad_norm': 34.4688835144043, 'learning_rate': 5.64769647696477e-05, 'epoch': 245.85}
{'loss': -3.3383, 'grad_norm': 29.32903289794922, 'learning_rate': 5.626016260162602e-05, 'epoch': 246.83}
{'loss': -3.3398, 'grad_norm': 33.50413131713867, 'learning_rate': 5.604336043360434e-05, 'epoch': 247.8}
{'loss': -3.339, 'grad_norm': 32.28896713256836, 'learning_rate': 5.5826558265582664e-05, 'epoch': 248.78}
{'loss': -3.3393, 'grad_norm': 29.359169006347656, 'learning_rate': 5.560975609756098e-05, 'epoch': 249.76}
{'loss': -3.3387, 'grad_norm': 25.7598819732666, 'learning_rate': 5.539295392953929e-05, 'epoch': 250.73}
{'loss': -3.3466, 'grad_norm': 28.26987075805664, 'learning_rate': 5.5176151761517614e-05, 'epoch': 251.71}
{'loss': -3.3482, 'grad_norm': 18.152812957763672, 'learning_rate': 5.495934959349594e-05, 'epoch': 252.68}
{'loss': -3.3509, 'grad_norm': 26.58872413635254, 'learning_rate': 5.474254742547425e-05, 'epoch': 253.66}
{'loss': -3.3526, 'grad_norm': 31.939205169677734, 'learning_rate': 5.4525745257452576e-05, 'epoch': 254.63}
{'loss': -3.3519, 'grad_norm': 24.364707946777344, 'learning_rate': 5.43089430894309e-05, 'epoch': 255.61}
{'loss': -3.3565, 'grad_norm': 27.886686325073242, 'learning_rate': 5.4092140921409216e-05, 'epoch': 256.59}
{'loss': -3.358, 'grad_norm': 15.4634370803833, 'learning_rate': 5.387533875338754e-05, 'epoch': 257.56}
{'loss': -3.3558, 'grad_norm': 17.880826950073242, 'learning_rate': 5.365853658536586e-05, 'epoch': 258.54}
{'loss': -3.3606, 'grad_norm': 24.604354858398438, 'learning_rate': 5.344173441734418e-05, 'epoch': 259.51}
{'loss': -3.365, 'grad_norm': 27.016315460205078, 'learning_rate': 5.32249322493225e-05, 'epoch': 260.49}
{'loss': -3.3679, 'grad_norm': 42.173213958740234, 'learning_rate': 5.300813008130081e-05, 'epoch': 261.46}
{'loss': -3.3675, 'grad_norm': 26.32152557373047, 'learning_rate': 5.2791327913279134e-05, 'epoch': 262.44}
{'loss': -3.3695, 'grad_norm': 19.04974365234375, 'learning_rate': 5.257452574525745e-05, 'epoch': 263.41}
{'loss': -3.3518, 'grad_norm': 33.576114654541016, 'learning_rate': 5.2357723577235774e-05, 'epoch': 264.39}
{'loss': -3.3725, 'grad_norm': 21.576560974121094, 'learning_rate': 5.21409214092141e-05, 'epoch': 265.37}
{'loss': -3.3747, 'grad_norm': 27.922134399414062, 'learning_rate': 5.192411924119241e-05, 'epoch': 266.34}
{'loss': -3.3781, 'grad_norm': 24.119749069213867, 'learning_rate': 5.1707317073170736e-05, 'epoch': 267.32}
{'loss': -3.3763, 'grad_norm': 19.476503372192383, 'learning_rate': 5.149051490514906e-05, 'epoch': 268.29}
{'loss': -3.3778, 'grad_norm': 16.78652572631836, 'learning_rate': 5.1273712737127376e-05, 'epoch': 269.27}
{'loss': -3.3809, 'grad_norm': 28.15204620361328, 'learning_rate': 5.10569105691057e-05, 'epoch': 270.24}
{'loss': -3.3831, 'grad_norm': 19.555767059326172, 'learning_rate': 5.084010840108401e-05, 'epoch': 271.22}
{'loss': -3.3887, 'grad_norm': 19.040504455566406, 'learning_rate': 5.062330623306233e-05, 'epoch': 272.2}
{'loss': -3.3865, 'grad_norm': 29.710176467895508, 'learning_rate': 5.040650406504065e-05, 'epoch': 273.17}
{'loss': -3.3904, 'grad_norm': 16.716808319091797, 'learning_rate': 5.018970189701897e-05, 'epoch': 274.15}
{'loss': -3.3913, 'grad_norm': 30.209741592407227, 'learning_rate': 4.9972899728997294e-05, 'epoch': 275.12}
{'loss': -3.394, 'grad_norm': 29.71864891052246, 'learning_rate': 4.975609756097561e-05, 'epoch': 276.1}
{'loss': -3.3947, 'grad_norm': 22.283870697021484, 'learning_rate': 4.9539295392953934e-05, 'epoch': 277.07}
{'loss': -3.3989, 'grad_norm': 20.84259796142578, 'learning_rate': 4.932249322493225e-05, 'epoch': 278.05}
{'loss': -3.3913, 'grad_norm': 14.838163375854492, 'learning_rate': 4.910569105691057e-05, 'epoch': 279.02}
{'loss': -3.3964, 'grad_norm': 27.740623474121094, 'learning_rate': 4.888888888888889e-05, 'epoch': 280.0}
{'loss': -3.3999, 'grad_norm': 17.487096786499023, 'learning_rate': 4.867208672086721e-05, 'epoch': 280.98}
{'loss': -3.4005, 'grad_norm': 20.691177368164062, 'learning_rate': 4.845528455284553e-05, 'epoch': 281.95}
{'loss': -3.4057, 'grad_norm': 38.51166534423828, 'learning_rate': 4.823848238482385e-05, 'epoch': 282.93}
{'loss': -3.4049, 'grad_norm': 24.61050033569336, 'learning_rate': 4.8021680216802176e-05, 'epoch': 283.9}
{'loss': -3.4103, 'grad_norm': 35.25751876831055, 'learning_rate': 4.7804878048780485e-05, 'epoch': 284.88}
{'loss': -3.4115, 'grad_norm': 30.733102798461914, 'learning_rate': 4.758807588075881e-05, 'epoch': 285.85}
{'loss': -3.4164, 'grad_norm': 22.584985733032227, 'learning_rate': 4.737127371273713e-05, 'epoch': 286.83}
{'loss': -3.4078, 'grad_norm': 41.00366973876953, 'learning_rate': 4.715447154471545e-05, 'epoch': 287.8}
{'loss': -3.4145, 'grad_norm': 26.705127716064453, 'learning_rate': 4.693766937669377e-05, 'epoch': 288.78}
{'loss': -3.4131, 'grad_norm': 22.284896850585938, 'learning_rate': 4.672086720867209e-05, 'epoch': 289.76}
{'loss': -3.4124, 'grad_norm': 39.24537658691406, 'learning_rate': 4.650406504065041e-05, 'epoch': 290.73}
{'loss': -3.4163, 'grad_norm': 39.13315963745117, 'learning_rate': 4.628726287262873e-05, 'epoch': 291.71}
{'loss': -3.4207, 'grad_norm': 22.718833923339844, 'learning_rate': 4.607046070460705e-05, 'epoch': 292.68}
{'loss': -3.4215, 'grad_norm': 25.958036422729492, 'learning_rate': 4.585365853658537e-05, 'epoch': 293.66}
{'loss': -3.4225, 'grad_norm': 34.55922317504883, 'learning_rate': 4.563685636856368e-05, 'epoch': 294.63}
{'loss': -3.4208, 'grad_norm': 24.05495262145996, 'learning_rate': 4.5420054200542006e-05, 'epoch': 295.61}
{'loss': -3.4265, 'grad_norm': 23.628862380981445, 'learning_rate': 4.520325203252033e-05, 'epoch': 296.59}
{'loss': -3.4277, 'grad_norm': 29.983177185058594, 'learning_rate': 4.4986449864498645e-05, 'epoch': 297.56}
{'loss': -3.4293, 'grad_norm': 28.24221420288086, 'learning_rate': 4.476964769647697e-05, 'epoch': 298.54}
{'loss': -3.4298, 'grad_norm': 24.200748443603516, 'learning_rate': 4.455284552845529e-05, 'epoch': 299.51}
{'loss': -3.4337, 'grad_norm': 25.54908561706543, 'learning_rate': 4.43360433604336e-05, 'epoch': 300.49}
{'loss': -3.4329, 'grad_norm': 38.35855484008789, 'learning_rate': 4.4119241192411925e-05, 'epoch': 301.46}
{'loss': -3.4347, 'grad_norm': 26.929805755615234, 'learning_rate': 4.390243902439025e-05, 'epoch': 302.44}
{'loss': -3.4372, 'grad_norm': 21.89870834350586, 'learning_rate': 4.3685636856368564e-05, 'epoch': 303.41}
{'loss': -3.4279, 'grad_norm': 28.215045928955078, 'learning_rate': 4.346883468834689e-05, 'epoch': 304.39}
{'loss': -3.4329, 'grad_norm': 35.888980865478516, 'learning_rate': 4.3252032520325204e-05, 'epoch': 305.37}
{'loss': -3.4408, 'grad_norm': 26.851245880126953, 'learning_rate': 4.303523035230353e-05, 'epoch': 306.34}
{'loss': -3.4442, 'grad_norm': 34.76858139038086, 'learning_rate': 4.281842818428184e-05, 'epoch': 307.32}
{'loss': -3.4405, 'grad_norm': 38.326316833496094, 'learning_rate': 4.2601626016260166e-05, 'epoch': 308.29}
{'loss': -3.4354, 'grad_norm': 46.481510162353516, 'learning_rate': 4.238482384823849e-05, 'epoch': 309.27}
{'loss': -3.4449, 'grad_norm': 28.83512306213379, 'learning_rate': 4.21680216802168e-05, 'epoch': 310.24}
{'loss': -3.448, 'grad_norm': 19.171567916870117, 'learning_rate': 4.195121951219512e-05, 'epoch': 311.22}
{'loss': -3.4489, 'grad_norm': 23.404300689697266, 'learning_rate': 4.1734417344173445e-05, 'epoch': 312.2}
{'loss': -3.4533, 'grad_norm': 27.97102928161621, 'learning_rate': 4.151761517615176e-05, 'epoch': 313.17}
{'loss': -3.4512, 'grad_norm': 27.701946258544922, 'learning_rate': 4.1300813008130085e-05, 'epoch': 314.15}
{'loss': -3.4546, 'grad_norm': 29.78420066833496, 'learning_rate': 4.108401084010841e-05, 'epoch': 315.12}
{'loss': -3.4567, 'grad_norm': 31.416004180908203, 'learning_rate': 4.0867208672086724e-05, 'epoch': 316.1}
{'loss': -3.4588, 'grad_norm': 18.771514892578125, 'learning_rate': 4.065040650406504e-05, 'epoch': 317.07}
{'loss': -3.4585, 'grad_norm': 19.93402862548828, 'learning_rate': 4.0433604336043364e-05, 'epoch': 318.05}
{'loss': -3.4597, 'grad_norm': 29.874216079711914, 'learning_rate': 4.021680216802168e-05, 'epoch': 319.02}
{'loss': -3.4561, 'grad_norm': 20.032119750976562, 'learning_rate': 4e-05, 'epoch': 320.0}
{'loss': -3.4578, 'grad_norm': 31.677806854248047, 'learning_rate': 3.978319783197832e-05, 'epoch': 320.98}
{'loss': -3.4635, 'grad_norm': 31.565597534179688, 'learning_rate': 3.956639566395664e-05, 'epoch': 321.95}
{'loss': -3.4656, 'grad_norm': 19.47515296936035, 'learning_rate': 3.934959349593496e-05, 'epoch': 322.93}
{'loss': -3.467, 'grad_norm': 18.476240158081055, 'learning_rate': 3.913279132791328e-05, 'epoch': 323.9}
{'loss': -3.4663, 'grad_norm': 31.018253326416016, 'learning_rate': 3.8915989159891605e-05, 'epoch': 324.88}
{'loss': -3.466, 'grad_norm': 29.035369873046875, 'learning_rate': 3.8699186991869915e-05, 'epoch': 325.85}
{'loss': -3.4649, 'grad_norm': 31.568897247314453, 'learning_rate': 3.848238482384824e-05, 'epoch': 326.83}
{'loss': -3.4701, 'grad_norm': 22.49831199645996, 'learning_rate': 3.826558265582656e-05, 'epoch': 327.8}
{'loss': -3.4738, 'grad_norm': 25.376567840576172, 'learning_rate': 3.804878048780488e-05, 'epoch': 328.78}
{'loss': -3.4752, 'grad_norm': 27.563962936401367, 'learning_rate': 3.78319783197832e-05, 'epoch': 329.76}
{'loss': -3.4755, 'grad_norm': 36.30087661743164, 'learning_rate': 3.7615176151761524e-05, 'epoch': 330.73}
{'loss': -3.4776, 'grad_norm': 22.903562545776367, 'learning_rate': 3.739837398373984e-05, 'epoch': 331.71}
{'loss': -3.4792, 'grad_norm': 31.84128761291504, 'learning_rate': 3.718157181571816e-05, 'epoch': 332.68}
{'loss': -3.4778, 'grad_norm': 31.244293212890625, 'learning_rate': 3.696476964769648e-05, 'epoch': 333.66}
{'loss': -3.48, 'grad_norm': 25.2869930267334, 'learning_rate': 3.67479674796748e-05, 'epoch': 334.63}
{'loss': -3.4788, 'grad_norm': 31.73046112060547, 'learning_rate': 3.653116531165312e-05, 'epoch': 335.61}
{'loss': -3.4818, 'grad_norm': 17.277748107910156, 'learning_rate': 3.6314363143631436e-05, 'epoch': 336.59}
{'loss': -3.4787, 'grad_norm': 19.219684600830078, 'learning_rate': 3.609756097560976e-05, 'epoch': 337.56}
{'loss': -3.4872, 'grad_norm': 27.340810775756836, 'learning_rate': 3.5880758807588075e-05, 'epoch': 338.54}
{'loss': -3.4837, 'grad_norm': 27.173091888427734, 'learning_rate': 3.56639566395664e-05, 'epoch': 339.51}
{'loss': -3.4862, 'grad_norm': 13.78930950164795, 'learning_rate': 3.544715447154472e-05, 'epoch': 340.49}
{'loss': -3.4913, 'grad_norm': 24.07379722595215, 'learning_rate': 3.523035230352303e-05, 'epoch': 341.46}
{'loss': -3.4881, 'grad_norm': 33.94367218017578, 'learning_rate': 3.5013550135501354e-05, 'epoch': 342.44}
{'loss': -3.487, 'grad_norm': 18.89475440979004, 'learning_rate': 3.479674796747968e-05, 'epoch': 343.41}
{'loss': -3.4904, 'grad_norm': 22.646129608154297, 'learning_rate': 3.4579945799457994e-05, 'epoch': 344.39}
{'loss': -3.4904, 'grad_norm': 25.930259704589844, 'learning_rate': 3.436314363143632e-05, 'epoch': 345.37}
{'loss': -3.4955, 'grad_norm': 21.57181739807129, 'learning_rate': 3.414634146341464e-05, 'epoch': 346.34}
{'loss': -3.4953, 'grad_norm': 25.940954208374023, 'learning_rate': 3.3929539295392956e-05, 'epoch': 347.32}
{'loss': -3.4836, 'grad_norm': 41.08937072753906, 'learning_rate': 3.371273712737127e-05, 'epoch': 348.29}
{'loss': -3.4984, 'grad_norm': 34.356380462646484, 'learning_rate': 3.3495934959349596e-05, 'epoch': 349.27}
{'loss': -3.498, 'grad_norm': 23.26080322265625, 'learning_rate': 3.327913279132792e-05, 'epoch': 350.24}
{'loss': -3.5011, 'grad_norm': 25.741682052612305, 'learning_rate': 3.3062330623306235e-05, 'epoch': 351.22}
{'loss': -3.4992, 'grad_norm': 17.8380126953125, 'learning_rate': 3.284552845528455e-05, 'epoch': 352.2}
{'loss': -3.5041, 'grad_norm': 31.414840698242188, 'learning_rate': 3.2628726287262875e-05, 'epoch': 353.17}
{'loss': -3.5043, 'grad_norm': 26.37006378173828, 'learning_rate': 3.241192411924119e-05, 'epoch': 354.15}
{'loss': -3.5044, 'grad_norm': 8.622376441955566, 'learning_rate': 3.2195121951219514e-05, 'epoch': 355.12}
{'loss': -3.5068, 'grad_norm': 30.193206787109375, 'learning_rate': 3.197831978319784e-05, 'epoch': 356.1}
{'loss': -3.5073, 'grad_norm': 23.041826248168945, 'learning_rate': 3.1761517615176154e-05, 'epoch': 357.07}
{'loss': -3.5068, 'grad_norm': 22.618864059448242, 'learning_rate': 3.154471544715447e-05, 'epoch': 358.05}
{'loss': -3.5036, 'grad_norm': 17.350940704345703, 'learning_rate': 3.1327913279132794e-05, 'epoch': 359.02}
{'loss': -3.5117, 'grad_norm': 20.4279842376709, 'learning_rate': 3.111111111111111e-05, 'epoch': 360.0}
{'loss': -3.5127, 'grad_norm': 13.197368621826172, 'learning_rate': 3.089430894308943e-05, 'epoch': 360.98}
{'loss': -3.513, 'grad_norm': 17.560914993286133, 'learning_rate': 3.0677506775067756e-05, 'epoch': 361.95}
{'loss': -3.5123, 'grad_norm': 13.30369758605957, 'learning_rate': 3.046070460704607e-05, 'epoch': 362.93}
{'loss': -3.518, 'grad_norm': 18.344152450561523, 'learning_rate': 3.0243902439024392e-05, 'epoch': 363.9}
{'loss': -3.5177, 'grad_norm': 19.42306137084961, 'learning_rate': 3.0027100271002712e-05, 'epoch': 364.88}
{'loss': -3.5162, 'grad_norm': 18.627105712890625, 'learning_rate': 2.9810298102981032e-05, 'epoch': 365.85}
{'loss': -3.5176, 'grad_norm': 26.276765823364258, 'learning_rate': 2.959349593495935e-05, 'epoch': 366.83}
{'loss': -3.5184, 'grad_norm': 19.323955535888672, 'learning_rate': 2.9376693766937668e-05, 'epoch': 367.8}
{'loss': -3.518, 'grad_norm': 31.102510452270508, 'learning_rate': 2.9159891598915988e-05, 'epoch': 368.78}
{'loss': -3.5241, 'grad_norm': 29.726694107055664, 'learning_rate': 2.894308943089431e-05, 'epoch': 369.76}
{'loss': -3.5181, 'grad_norm': 39.029109954833984, 'learning_rate': 2.872628726287263e-05, 'epoch': 370.73}
{'loss': -3.5237, 'grad_norm': 28.848257064819336, 'learning_rate': 2.850948509485095e-05, 'epoch': 371.71}
{'loss': -3.5243, 'grad_norm': 24.38401222229004, 'learning_rate': 2.8292682926829267e-05, 'epoch': 372.68}
{'loss': -3.521, 'grad_norm': 30.977535247802734, 'learning_rate': 2.8075880758807586e-05, 'epoch': 373.66}
{'loss': -3.5281, 'grad_norm': 23.389989852905273, 'learning_rate': 2.785907859078591e-05, 'epoch': 374.63}
{'loss': -3.5267, 'grad_norm': 19.774133682250977, 'learning_rate': 2.764227642276423e-05, 'epoch': 375.61}
{'loss': -3.5254, 'grad_norm': 25.93937873840332, 'learning_rate': 2.742547425474255e-05, 'epoch': 376.59}
{'loss': -3.5261, 'grad_norm': 16.995386123657227, 'learning_rate': 2.7208672086720872e-05, 'epoch': 377.56}
{'loss': -3.5335, 'grad_norm': 18.99248695373535, 'learning_rate': 2.6991869918699185e-05, 'epoch': 378.54}
{'loss': -3.5323, 'grad_norm': 13.391727447509766, 'learning_rate': 2.677506775067751e-05, 'epoch': 379.51}
{'loss': -3.5353, 'grad_norm': 17.810287475585938, 'learning_rate': 2.6558265582655828e-05, 'epoch': 380.49}
{'loss': -3.5354, 'grad_norm': 28.608858108520508, 'learning_rate': 2.6341463414634148e-05, 'epoch': 381.46}
{'loss': -3.533, 'grad_norm': 27.01082420349121, 'learning_rate': 2.612466124661247e-05, 'epoch': 382.44}
{'loss': -3.5384, 'grad_norm': 30.9062442779541, 'learning_rate': 2.5907859078590784e-05, 'epoch': 383.41}
{'loss': -3.5358, 'grad_norm': 18.809518814086914, 'learning_rate': 2.5691056910569107e-05, 'epoch': 384.39}
{'loss': -3.54, 'grad_norm': 15.430302619934082, 'learning_rate': 2.5474254742547427e-05, 'epoch': 385.37}
{'loss': -3.539, 'grad_norm': 23.238733291625977, 'learning_rate': 2.5257452574525747e-05, 'epoch': 386.34}
{'loss': -3.5403, 'grad_norm': 39.18204116821289, 'learning_rate': 2.5040650406504066e-05, 'epoch': 387.32}
{'loss': -3.5372, 'grad_norm': 36.620849609375, 'learning_rate': 2.4823848238482386e-05, 'epoch': 388.29}
{'loss': -3.5393, 'grad_norm': 21.54876136779785, 'learning_rate': 2.4607046070460706e-05, 'epoch': 389.27}
{'loss': -3.5429, 'grad_norm': 22.612764358520508, 'learning_rate': 2.4390243902439026e-05, 'epoch': 390.24}
{'loss': -3.5454, 'grad_norm': 25.64938735961914, 'learning_rate': 2.4173441734417345e-05, 'epoch': 391.22}
{'loss': -3.5452, 'grad_norm': 24.843896865844727, 'learning_rate': 2.3956639566395665e-05, 'epoch': 392.2}
{'loss': -3.5461, 'grad_norm': 15.794085502624512, 'learning_rate': 2.3739837398373985e-05, 'epoch': 393.17}
{'loss': -3.5447, 'grad_norm': 31.11493682861328, 'learning_rate': 2.3523035230352305e-05, 'epoch': 394.15}
{'loss': -3.5478, 'grad_norm': 13.905486106872559, 'learning_rate': 2.3306233062330625e-05, 'epoch': 395.12}
{'loss': -3.5469, 'grad_norm': 21.99822998046875, 'learning_rate': 2.3089430894308944e-05, 'epoch': 396.1}
{'loss': -3.5502, 'grad_norm': 22.594955444335938, 'learning_rate': 2.2872628726287264e-05, 'epoch': 397.07}
{'loss': -3.5495, 'grad_norm': 27.48809051513672, 'learning_rate': 2.2655826558265584e-05, 'epoch': 398.05}
{'loss': -3.55, 'grad_norm': 22.13283920288086, 'learning_rate': 2.2439024390243904e-05, 'epoch': 399.02}
{'loss': -3.5493, 'grad_norm': 18.031780242919922, 'learning_rate': 2.2222222222222223e-05, 'epoch': 400.0}
{'loss': -3.5376, 'grad_norm': 32.117061614990234, 'learning_rate': 2.2005420054200543e-05, 'epoch': 400.98}
{'loss': -3.5553, 'grad_norm': 18.145524978637695, 'learning_rate': 2.1788617886178863e-05, 'epoch': 401.95}
{'loss': -3.554, 'grad_norm': 14.678074836730957, 'learning_rate': 2.1571815718157183e-05, 'epoch': 402.93}
{'loss': -3.5533, 'grad_norm': 19.86784553527832, 'learning_rate': 2.1355013550135502e-05, 'epoch': 403.9}
{'loss': -3.5563, 'grad_norm': 21.88997459411621, 'learning_rate': 2.1138211382113822e-05, 'epoch': 404.88}
{'loss': -3.5567, 'grad_norm': 19.63445472717285, 'learning_rate': 2.0921409214092142e-05, 'epoch': 405.85}
{'loss': -3.5576, 'grad_norm': 21.854398727416992, 'learning_rate': 2.070460704607046e-05, 'epoch': 406.83}
{'loss': -3.5582, 'grad_norm': 27.09296226501465, 'learning_rate': 2.048780487804878e-05, 'epoch': 407.8}
{'loss': -3.5566, 'grad_norm': 25.783687591552734, 'learning_rate': 2.02710027100271e-05, 'epoch': 408.78}
{'loss': -3.5577, 'grad_norm': 29.230133056640625, 'learning_rate': 2.005420054200542e-05, 'epoch': 409.76}
{'loss': -3.5591, 'grad_norm': 17.969093322753906, 'learning_rate': 1.983739837398374e-05, 'epoch': 410.73}
{'loss': -3.5576, 'grad_norm': 21.60174560546875, 'learning_rate': 1.962059620596206e-05, 'epoch': 411.71}
{'loss': -3.5595, 'grad_norm': 20.863637924194336, 'learning_rate': 1.940379403794038e-05, 'epoch': 412.68}
{'loss': -3.56, 'grad_norm': 15.279288291931152, 'learning_rate': 1.91869918699187e-05, 'epoch': 413.66}
{'loss': -3.5598, 'grad_norm': 14.16064453125, 'learning_rate': 1.897018970189702e-05, 'epoch': 414.63}
{'loss': -3.5629, 'grad_norm': 25.5905704498291, 'learning_rate': 1.875338753387534e-05, 'epoch': 415.61}
{'loss': -3.5595, 'grad_norm': 22.24761962890625, 'learning_rate': 1.853658536585366e-05, 'epoch': 416.59}
{'loss': -3.5623, 'grad_norm': 13.776659965515137, 'learning_rate': 1.831978319783198e-05, 'epoch': 417.56}
{'loss': -3.5649, 'grad_norm': 17.494356155395508, 'learning_rate': 1.81029810298103e-05, 'epoch': 418.54}
{'loss': -3.5669, 'grad_norm': 16.06523323059082, 'learning_rate': 1.788617886178862e-05, 'epoch': 419.51}
{'loss': -3.5653, 'grad_norm': 13.974689483642578, 'learning_rate': 1.7669376693766938e-05, 'epoch': 420.49}
{'loss': -3.5665, 'grad_norm': 31.297916412353516, 'learning_rate': 1.7452574525745258e-05, 'epoch': 421.46}
{'loss': -3.5671, 'grad_norm': 9.423308372497559, 'learning_rate': 1.7235772357723578e-05, 'epoch': 422.44}
{'loss': -3.5667, 'grad_norm': 16.811071395874023, 'learning_rate': 1.7018970189701897e-05, 'epoch': 423.41}
{'loss': -3.5701, 'grad_norm': 23.145326614379883, 'learning_rate': 1.6802168021680217e-05, 'epoch': 424.39}
{'loss': -3.5686, 'grad_norm': 14.882879257202148, 'learning_rate': 1.6585365853658537e-05, 'epoch': 425.37}
{'loss': -3.5699, 'grad_norm': 25.321868896484375, 'learning_rate': 1.6368563685636857e-05, 'epoch': 426.34}
{'loss': -3.5714, 'grad_norm': 20.49849510192871, 'learning_rate': 1.6151761517615176e-05, 'epoch': 427.32}
{'loss': -3.572, 'grad_norm': 13.77579402923584, 'learning_rate': 1.5934959349593496e-05, 'epoch': 428.29}
{'loss': -3.5728, 'grad_norm': 13.242796897888184, 'learning_rate': 1.5718157181571816e-05, 'epoch': 429.27}
{'loss': -3.5722, 'grad_norm': 26.18911361694336, 'learning_rate': 1.5501355013550136e-05, 'epoch': 430.24}
{'loss': -3.5739, 'grad_norm': 19.189666748046875, 'learning_rate': 1.5284552845528455e-05, 'epoch': 431.22}
{'loss': -3.5737, 'grad_norm': 24.0412540435791, 'learning_rate': 1.5067750677506775e-05, 'epoch': 432.2}
{'loss': -3.5735, 'grad_norm': 25.93117904663086, 'learning_rate': 1.4850948509485097e-05, 'epoch': 433.17}
{'loss': -3.5739, 'grad_norm': 22.96122932434082, 'learning_rate': 1.4634146341463415e-05, 'epoch': 434.15}
{'loss': -3.5756, 'grad_norm': 12.030473709106445, 'learning_rate': 1.4417344173441735e-05, 'epoch': 435.12}
{'loss': -3.5769, 'grad_norm': 24.12677764892578, 'learning_rate': 1.4200542005420056e-05, 'epoch': 436.1}
{'loss': -3.5782, 'grad_norm': 18.41663932800293, 'learning_rate': 1.3983739837398374e-05, 'epoch': 437.07}
{'loss': -3.5785, 'grad_norm': 32.871543884277344, 'learning_rate': 1.3766937669376695e-05, 'epoch': 438.05}
{'loss': -3.5789, 'grad_norm': 15.840951919555664, 'learning_rate': 1.3550135501355014e-05, 'epoch': 439.02}
{'loss': -3.5802, 'grad_norm': 14.254400253295898, 'learning_rate': 1.3333333333333333e-05, 'epoch': 440.0}
{'loss': -3.5797, 'grad_norm': 18.81587791442871, 'learning_rate': 1.3116531165311655e-05, 'epoch': 440.98}
{'loss': -3.5801, 'grad_norm': 9.300371170043945, 'learning_rate': 1.2899728997289973e-05, 'epoch': 441.95}
{'loss': -3.5825, 'grad_norm': 14.422492980957031, 'learning_rate': 1.2682926829268294e-05, 'epoch': 442.93}
{'loss': -3.5819, 'grad_norm': 18.193395614624023, 'learning_rate': 1.2466124661246612e-05, 'epoch': 443.9}
{'loss': -3.5827, 'grad_norm': 20.818058013916016, 'learning_rate': 1.2249322493224932e-05, 'epoch': 444.88}
{'loss': -3.5855, 'grad_norm': 14.61628246307373, 'learning_rate': 1.2032520325203254e-05, 'epoch': 445.85}
{'loss': -3.5852, 'grad_norm': 14.61384391784668, 'learning_rate': 1.1815718157181573e-05, 'epoch': 446.83}
{'loss': -3.5841, 'grad_norm': 7.43710470199585, 'learning_rate': 1.1598915989159891e-05, 'epoch': 447.8}
{'loss': -3.5856, 'grad_norm': 19.719945907592773, 'learning_rate': 1.1382113821138211e-05, 'epoch': 448.78}
{'loss': -3.5852, 'grad_norm': 22.882858276367188, 'learning_rate': 1.1165311653116533e-05, 'epoch': 449.76}
{'loss': -3.5849, 'grad_norm': 9.093960762023926, 'learning_rate': 1.0948509485094852e-05, 'epoch': 450.73}
{'loss': -3.5868, 'grad_norm': 8.593060493469238, 'learning_rate': 1.073170731707317e-05, 'epoch': 451.71}
{'loss': -3.5867, 'grad_norm': 9.900103569030762, 'learning_rate': 1.051490514905149e-05, 'epoch': 452.68}
{'loss': -3.5883, 'grad_norm': 14.249323844909668, 'learning_rate': 1.0298102981029812e-05, 'epoch': 453.66}
{'loss': -3.5887, 'grad_norm': 11.706562995910645, 'learning_rate': 1.0081300813008131e-05, 'epoch': 454.63}
{'loss': -3.5872, 'grad_norm': 9.917927742004395, 'learning_rate': 9.86449864498645e-06, 'epoch': 455.61}
{'loss': -3.5891, 'grad_norm': 10.556861877441406, 'learning_rate': 9.647696476964769e-06, 'epoch': 456.59}
{'loss': -3.5886, 'grad_norm': 16.45484161376953, 'learning_rate': 9.43089430894309e-06, 'epoch': 457.56}
{'loss': -3.5896, 'grad_norm': 7.319434642791748, 'learning_rate': 9.21409214092141e-06, 'epoch': 458.54}
{'loss': -3.5911, 'grad_norm': 13.494122505187988, 'learning_rate': 8.997289972899728e-06, 'epoch': 459.51}
{'loss': -3.5908, 'grad_norm': 11.526704788208008, 'learning_rate': 8.780487804878048e-06, 'epoch': 460.49}
{'loss': -3.5907, 'grad_norm': 9.098688125610352, 'learning_rate': 8.56368563685637e-06, 'epoch': 461.46}
{'loss': -3.5924, 'grad_norm': 8.368009567260742, 'learning_rate': 8.34688346883469e-06, 'epoch': 462.44}
{'loss': -3.5909, 'grad_norm': 11.232967376708984, 'learning_rate': 8.130081300813009e-06, 'epoch': 463.41}
{'loss': -3.5912, 'grad_norm': 9.070764541625977, 'learning_rate': 7.913279132791327e-06, 'epoch': 464.39}
{'loss': -3.5923, 'grad_norm': 10.813114166259766, 'learning_rate': 7.696476964769649e-06, 'epoch': 465.37}
{'loss': -3.5935, 'grad_norm': 21.138263702392578, 'learning_rate': 7.479674796747968e-06, 'epoch': 466.34}
{'loss': -3.5944, 'grad_norm': 13.483464241027832, 'learning_rate': 7.262872628726287e-06, 'epoch': 467.32}
{'loss': -3.5955, 'grad_norm': 9.368244171142578, 'learning_rate': 7.046070460704607e-06, 'epoch': 468.29}
{'loss': -3.5947, 'grad_norm': 8.426389694213867, 'learning_rate': 6.829268292682928e-06, 'epoch': 469.27}
{'loss': -3.5966, 'grad_norm': 18.950782775878906, 'learning_rate': 6.6124661246612474e-06, 'epoch': 470.24}
{'loss': -3.5969, 'grad_norm': 10.494750022888184, 'learning_rate': 6.395663956639566e-06, 'epoch': 471.22}
{'loss': -3.5973, 'grad_norm': 11.108845710754395, 'learning_rate': 6.178861788617887e-06, 'epoch': 472.2}
{'loss': -3.5978, 'grad_norm': 7.9563398361206055, 'learning_rate': 5.962059620596206e-06, 'epoch': 473.17}
{'loss': -3.5959, 'grad_norm': 10.070443153381348, 'learning_rate': 5.7452574525745265e-06, 'epoch': 474.15}
{'loss': -3.5985, 'grad_norm': 7.717207431793213, 'learning_rate': 5.528455284552845e-06, 'epoch': 475.12}
{'loss': -3.5987, 'grad_norm': 8.283064842224121, 'learning_rate': 5.311653116531166e-06, 'epoch': 476.1}
{'loss': -3.5994, 'grad_norm': 7.656280517578125, 'learning_rate': 5.094850948509485e-06, 'epoch': 477.07}
{'loss': -3.5986, 'grad_norm': 11.223138809204102, 'learning_rate': 4.8780487804878055e-06, 'epoch': 478.05}
{'loss': -3.5988, 'grad_norm': 10.072680473327637, 'learning_rate': 4.661246612466124e-06, 'epoch': 479.02}
{'loss': -3.599, 'grad_norm': 6.497979164123535, 'learning_rate': 4.444444444444445e-06, 'epoch': 480.0}
{'loss': -3.5996, 'grad_norm': 7.635451316833496, 'learning_rate': 4.227642276422764e-06, 'epoch': 480.98}
{'loss': -3.6013, 'grad_norm': 8.762526512145996, 'learning_rate': 4.0108401084010845e-06, 'epoch': 481.95}
{'loss': -3.6026, 'grad_norm': 14.307108879089355, 'learning_rate': 3.794037940379404e-06, 'epoch': 482.93}
{'loss': -3.6007, 'grad_norm': 9.466141700744629, 'learning_rate': 3.577235772357724e-06, 'epoch': 483.9}
{'loss': -3.6032, 'grad_norm': 12.221747398376465, 'learning_rate': 3.3604336043360434e-06, 'epoch': 484.88}
{'loss': -3.6018, 'grad_norm': 7.0919294357299805, 'learning_rate': 3.1436314363143635e-06, 'epoch': 485.85}
{'loss': -3.6018, 'grad_norm': 7.3502726554870605, 'learning_rate': 2.9268292682926833e-06, 'epoch': 486.83}
{'loss': -3.6027, 'grad_norm': 8.456802368164062, 'learning_rate': 2.710027100271003e-06, 'epoch': 487.8}
{'loss': -3.6034, 'grad_norm': 7.290465354919434, 'learning_rate': 2.493224932249323e-06, 'epoch': 488.78}
{'loss': -3.6015, 'grad_norm': 10.026357650756836, 'learning_rate': 2.2764227642276426e-06, 'epoch': 489.76}
{'loss': -3.6026, 'grad_norm': 5.83610725402832, 'learning_rate': 2.0596205962059623e-06, 'epoch': 490.73}
{'loss': -3.6032, 'grad_norm': 6.152314186096191, 'learning_rate': 1.842818428184282e-06, 'epoch': 491.71}
{'loss': -3.6024, 'grad_norm': 6.556464672088623, 'learning_rate': 1.6260162601626018e-06, 'epoch': 492.68}
{'loss': -3.6029, 'grad_norm': 5.629257678985596, 'learning_rate': 1.4092140921409214e-06, 'epoch': 493.66}
{'loss': -3.6036, 'grad_norm': 4.859321117401123, 'learning_rate': 1.1924119241192413e-06, 'epoch': 494.63}
{'loss': -3.6028, 'grad_norm': 7.556278228759766, 'learning_rate': 9.75609756097561e-07, 'epoch': 495.61}
{'loss': -3.6029, 'grad_norm': 5.245527267456055, 'learning_rate': 7.588075880758807e-07, 'epoch': 496.59}
{'loss': -3.6031, 'grad_norm': 4.829811096191406, 'learning_rate': 5.420054200542006e-07, 'epoch': 497.56}
{'loss': -3.6028, 'grad_norm': 7.443673133850098, 'learning_rate': 3.2520325203252037e-07, 'epoch': 498.54}
{'loss': -3.6022, 'grad_norm': 7.60786247253418, 'learning_rate': 1.0840108401084011e-07, 'epoch': 499.51}
{'train_runtime': 10379.6883, 'train_samples_per_second': 17613.005, 'train_steps_per_second': 1.975, 'train_loss': -3.0613838239995443, 'epoch': 500.0}
========== Model is trained ==========
========== Model is in evaluation mode ==========
=== Model is saved, at /proj/gaia/RayDT/dataset/processed_data/../../outputs/huggingface_test_result_noise_20/models/huggingface_trained_dt_noise_20_20240824-132441_2/ ===
Finished concurrent execution of tasks.
Ending time: Sat Aug 24 16:17:50 CEST 2024
