Starting time: Sat Aug 24 13:24:13 CEST 2024
no change     /proj/gaia/RayDT/mamba_ray/condabin/conda
no change     /proj/gaia/RayDT/mamba_ray/bin/conda
no change     /proj/gaia/RayDT/mamba_ray/bin/conda-env
no change     /proj/gaia/RayDT/mamba_ray/bin/activate
no change     /proj/gaia/RayDT/mamba_ray/bin/deactivate
no change     /proj/gaia/RayDT/mamba_ray/etc/profile.d/conda.sh
no change     /proj/gaia/RayDT/mamba_ray/etc/fish/conf.d/conda.fish
no change     /proj/gaia/RayDT/mamba_ray/shell/condabin/Conda.psm1
no change     /proj/gaia/RayDT/mamba_ray/shell/condabin/conda-hook.ps1
no change     /proj/gaia/RayDT/mamba_ray/lib/python3.10/site-packages/xontrib/conda.xsh
no change     /proj/gaia/RayDT/mamba_ray/etc/profile.d/conda.csh
no change     /home/x_yifji/.bashrc
No action taken.
config =  {'env_index': 4, 'add_type_loss': True, 'eval_from': None, 'test_seed': 42, 'test_data': 'test', 'Tx_id': 0, 'allTx': True, 'Rx_id': None, 'Rx1_id': None, 'Rx2_id': None, 'debug_path_flag': False, 'path_id': 6, 'add_noise': False, 'optim_load': False, 'small_batch': False, 'big_batch': False, 'debug': False, 'produce_fig': False, 'wandb': True, 'replot_baseline_only': False, 'Ofunc': False, 'noise_sample': 20, 'path': None, 'data_postfix': '', 'data_prefix': 'allTx', 'gen_func': <function gen_data_sample_across_rx at 0x14bca9a30d30>}
========== Training config ==========
Found matching repo for training dataset: allTx_HFds__noise_20__20240821_021540_env_index_4
========== loading Data from /proj/gaia/RayDT/dataset/processed_data/trainwoAug/all_Tx_data/allTx_HFds__noise_20__20240821_021540_env_index_4 ==========
========== Training Data is loaded ==========
Type loss is added
========== Model is initialized ==========
{'loss': 1.5699, 'grad_norm': 3.9247899055480957, 'learning_rate': 1.86046511627907e-06, 'epoch': 0.93}
{'loss': 1.5417, 'grad_norm': 3.87969708442688, 'learning_rate': 3.72093023255814e-06, 'epoch': 1.86}
{'loss': 1.486, 'grad_norm': 3.7984135150909424, 'learning_rate': 5.581395348837209e-06, 'epoch': 2.79}
{'loss': 1.4021, 'grad_norm': 3.6526987552642822, 'learning_rate': 7.44186046511628e-06, 'epoch': 3.72}
{'loss': 1.2881, 'grad_norm': 3.4365499019622803, 'learning_rate': 9.302325581395349e-06, 'epoch': 4.65}
{'loss': 1.1385, 'grad_norm': 3.1550912857055664, 'learning_rate': 1.1162790697674418e-05, 'epoch': 5.58}
{'loss': 0.9497, 'grad_norm': 2.687203884124756, 'learning_rate': 1.3023255813953488e-05, 'epoch': 6.51}
{'loss': 0.7331, 'grad_norm': 2.090663194656372, 'learning_rate': 1.488372093023256e-05, 'epoch': 7.44}
{'loss': 0.5185, 'grad_norm': 1.5699366331100464, 'learning_rate': 1.674418604651163e-05, 'epoch': 8.37}
{'loss': 0.3396, 'grad_norm': 1.2242118120193481, 'learning_rate': 1.8604651162790697e-05, 'epoch': 9.3}
{'loss': 0.1728, 'grad_norm': 1.143970012664795, 'learning_rate': 2.046511627906977e-05, 'epoch': 10.23}
{'loss': -0.0185, 'grad_norm': 1.2139334678649902, 'learning_rate': 2.2325581395348837e-05, 'epoch': 11.16}
{'loss': -0.21, 'grad_norm': 1.0457152128219604, 'learning_rate': 2.4186046511627908e-05, 'epoch': 12.09}
{'loss': -0.3819, 'grad_norm': 1.1936659812927246, 'learning_rate': 2.6046511627906976e-05, 'epoch': 13.02}
{'loss': -0.5652, 'grad_norm': 1.0487815141677856, 'learning_rate': 2.7906976744186048e-05, 'epoch': 13.95}
{'loss': -0.761, 'grad_norm': 1.171697735786438, 'learning_rate': 2.976744186046512e-05, 'epoch': 14.88}
{'loss': -0.9245, 'grad_norm': 1.0055729150772095, 'learning_rate': 3.162790697674419e-05, 'epoch': 15.81}
{'loss': -1.074, 'grad_norm': 1.0930734872817993, 'learning_rate': 3.348837209302326e-05, 'epoch': 16.74}
{'loss': -1.2056, 'grad_norm': 1.2163214683532715, 'learning_rate': 3.5348837209302326e-05, 'epoch': 17.67}
{'loss': -1.3239, 'grad_norm': 1.135699987411499, 'learning_rate': 3.7209302325581394e-05, 'epoch': 18.6}
{'loss': -1.4392, 'grad_norm': 1.3639774322509766, 'learning_rate': 3.906976744186047e-05, 'epoch': 19.53}
{'loss': -1.5317, 'grad_norm': 2.3165926933288574, 'learning_rate': 4.093023255813954e-05, 'epoch': 20.47}
{'loss': -1.6091, 'grad_norm': 1.8204312324523926, 'learning_rate': 4.2790697674418605e-05, 'epoch': 21.4}
{'loss': -1.6791, 'grad_norm': 2.2888481616973877, 'learning_rate': 4.465116279069767e-05, 'epoch': 22.33}
{'loss': -1.744, 'grad_norm': 2.618037223815918, 'learning_rate': 4.651162790697675e-05, 'epoch': 23.26}
{'loss': -1.7939, 'grad_norm': 4.5290961265563965, 'learning_rate': 4.8372093023255816e-05, 'epoch': 24.19}
{'loss': -1.8348, 'grad_norm': 3.149421453475952, 'learning_rate': 5.023255813953489e-05, 'epoch': 25.12}
{'loss': -1.8723, 'grad_norm': 3.7383456230163574, 'learning_rate': 5.209302325581395e-05, 'epoch': 26.05}
{'loss': -1.9094, 'grad_norm': 4.151895999908447, 'learning_rate': 5.3953488372093034e-05, 'epoch': 26.98}
{'loss': -1.9441, 'grad_norm': 4.191923141479492, 'learning_rate': 5.5813953488372095e-05, 'epoch': 27.91}
{'loss': -1.9706, 'grad_norm': 6.983590602874756, 'learning_rate': 5.767441860465117e-05, 'epoch': 28.84}
{'loss': -1.9991, 'grad_norm': 4.055568695068359, 'learning_rate': 5.953488372093024e-05, 'epoch': 29.77}
{'loss': -2.0282, 'grad_norm': 6.697023868560791, 'learning_rate': 6.139534883720931e-05, 'epoch': 30.7}
{'loss': -2.0569, 'grad_norm': 4.934481143951416, 'learning_rate': 6.325581395348838e-05, 'epoch': 31.63}
{'loss': -2.091, 'grad_norm': 5.491919994354248, 'learning_rate': 6.511627906976745e-05, 'epoch': 32.56}
{'loss': -2.1191, 'grad_norm': 5.3295440673828125, 'learning_rate': 6.697674418604652e-05, 'epoch': 33.49}
{'loss': -2.1353, 'grad_norm': 7.88975191116333, 'learning_rate': 6.883720930232558e-05, 'epoch': 34.42}
{'loss': -2.1565, 'grad_norm': 5.982189655303955, 'learning_rate': 7.069767441860465e-05, 'epoch': 35.35}
{'loss': -2.178, 'grad_norm': 4.009220600128174, 'learning_rate': 7.255813953488373e-05, 'epoch': 36.28}
{'loss': -2.1965, 'grad_norm': 5.632743835449219, 'learning_rate': 7.441860465116279e-05, 'epoch': 37.21}
{'loss': -2.2177, 'grad_norm': 12.705951690673828, 'learning_rate': 7.627906976744187e-05, 'epoch': 38.14}
{'loss': -2.2345, 'grad_norm': 16.529743194580078, 'learning_rate': 7.813953488372094e-05, 'epoch': 39.07}
{'loss': -2.2463, 'grad_norm': 11.378310203552246, 'learning_rate': 8e-05, 'epoch': 40.0}
{'loss': -2.2592, 'grad_norm': 11.04335880279541, 'learning_rate': 8.186046511627907e-05, 'epoch': 40.93}
{'loss': -2.2714, 'grad_norm': 16.721590042114258, 'learning_rate': 8.372093023255814e-05, 'epoch': 41.86}
{'loss': -2.29, 'grad_norm': 16.11008644104004, 'learning_rate': 8.558139534883721e-05, 'epoch': 42.79}
{'loss': -2.3004, 'grad_norm': 7.734323024749756, 'learning_rate': 8.744186046511629e-05, 'epoch': 43.72}
{'loss': -2.3133, 'grad_norm': 11.658380508422852, 'learning_rate': 8.930232558139535e-05, 'epoch': 44.65}
{'loss': -2.3257, 'grad_norm': 15.990442276000977, 'learning_rate': 9.116279069767443e-05, 'epoch': 45.58}
{'loss': -2.3447, 'grad_norm': 10.203396797180176, 'learning_rate': 9.30232558139535e-05, 'epoch': 46.51}
{'loss': -2.3537, 'grad_norm': 21.210861206054688, 'learning_rate': 9.488372093023256e-05, 'epoch': 47.44}
{'loss': -2.3693, 'grad_norm': 16.56053924560547, 'learning_rate': 9.674418604651163e-05, 'epoch': 48.37}
{'loss': -2.3806, 'grad_norm': 12.480920791625977, 'learning_rate': 9.86046511627907e-05, 'epoch': 49.3}
{'loss': -2.3985, 'grad_norm': 14.001626968383789, 'learning_rate': 9.994832041343671e-05, 'epoch': 50.23}
{'loss': -2.4124, 'grad_norm': 10.63123893737793, 'learning_rate': 9.974160206718347e-05, 'epoch': 51.16}
{'loss': -2.4259, 'grad_norm': 12.883838653564453, 'learning_rate': 9.953488372093024e-05, 'epoch': 52.09}
{'loss': -2.4389, 'grad_norm': 15.12611198425293, 'learning_rate': 9.9328165374677e-05, 'epoch': 53.02}
{'loss': -2.4518, 'grad_norm': 11.8137845993042, 'learning_rate': 9.912144702842377e-05, 'epoch': 53.95}
{'loss': -2.4618, 'grad_norm': 13.344233512878418, 'learning_rate': 9.891472868217055e-05, 'epoch': 54.88}
{'loss': -2.4769, 'grad_norm': 14.501941680908203, 'learning_rate': 9.870801033591732e-05, 'epoch': 55.81}
{'loss': -2.481, 'grad_norm': 18.91739845275879, 'learning_rate': 9.85012919896641e-05, 'epoch': 56.74}
{'loss': -2.4841, 'grad_norm': 9.066017150878906, 'learning_rate': 9.829457364341085e-05, 'epoch': 57.67}
{'loss': -2.5098, 'grad_norm': 11.337532997131348, 'learning_rate': 9.808785529715763e-05, 'epoch': 58.6}
{'loss': -2.5243, 'grad_norm': 28.18517303466797, 'learning_rate': 9.78811369509044e-05, 'epoch': 59.53}
{'loss': -2.5222, 'grad_norm': 13.26689338684082, 'learning_rate': 9.767441860465116e-05, 'epoch': 60.47}
{'loss': -2.5484, 'grad_norm': 10.229464530944824, 'learning_rate': 9.746770025839795e-05, 'epoch': 61.4}
{'loss': -2.5603, 'grad_norm': 13.84652328491211, 'learning_rate': 9.72609819121447e-05, 'epoch': 62.33}
{'loss': -2.5674, 'grad_norm': 20.48565101623535, 'learning_rate': 9.705426356589148e-05, 'epoch': 63.26}
{'loss': -2.5759, 'grad_norm': 24.50198745727539, 'learning_rate': 9.684754521963825e-05, 'epoch': 64.19}
{'loss': -2.5821, 'grad_norm': 13.471872329711914, 'learning_rate': 9.664082687338501e-05, 'epoch': 65.12}
{'loss': -2.5876, 'grad_norm': 18.64358901977539, 'learning_rate': 9.643410852713179e-05, 'epoch': 66.05}
{'loss': -2.5969, 'grad_norm': 24.52606964111328, 'learning_rate': 9.622739018087856e-05, 'epoch': 66.98}
{'loss': -2.6137, 'grad_norm': 15.535832405090332, 'learning_rate': 9.602067183462533e-05, 'epoch': 67.91}
{'loss': -2.6266, 'grad_norm': 17.608577728271484, 'learning_rate': 9.58139534883721e-05, 'epoch': 68.84}
{'loss': -2.6437, 'grad_norm': 15.686882972717285, 'learning_rate': 9.560723514211886e-05, 'epoch': 69.77}
{'loss': -2.6431, 'grad_norm': 16.144041061401367, 'learning_rate': 9.540051679586564e-05, 'epoch': 70.7}
{'loss': -2.658, 'grad_norm': 23.706039428710938, 'learning_rate': 9.51937984496124e-05, 'epoch': 71.63}
{'loss': -2.6708, 'grad_norm': 12.841915130615234, 'learning_rate': 9.498708010335918e-05, 'epoch': 72.56}
{'loss': -2.6808, 'grad_norm': 19.97603988647461, 'learning_rate': 9.478036175710596e-05, 'epoch': 73.49}
{'loss': -2.6833, 'grad_norm': 19.312044143676758, 'learning_rate': 9.457364341085272e-05, 'epoch': 74.42}
{'loss': -2.6999, 'grad_norm': 12.440579414367676, 'learning_rate': 9.436692506459949e-05, 'epoch': 75.35}
{'loss': -2.7084, 'grad_norm': 14.477818489074707, 'learning_rate': 9.416020671834625e-05, 'epoch': 76.28}
{'loss': -2.7183, 'grad_norm': 20.20298957824707, 'learning_rate': 9.395348837209302e-05, 'epoch': 77.21}
{'loss': -2.7288, 'grad_norm': 12.296208381652832, 'learning_rate': 9.37467700258398e-05, 'epoch': 78.14}
{'loss': -2.7314, 'grad_norm': 20.53671646118164, 'learning_rate': 9.354005167958657e-05, 'epoch': 79.07}
{'loss': -2.7381, 'grad_norm': 19.909954071044922, 'learning_rate': 9.333333333333334e-05, 'epoch': 80.0}
{'loss': -2.7318, 'grad_norm': 19.322601318359375, 'learning_rate': 9.31266149870801e-05, 'epoch': 80.93}
{'loss': -2.7617, 'grad_norm': 19.45488739013672, 'learning_rate': 9.291989664082688e-05, 'epoch': 81.86}
{'loss': -2.773, 'grad_norm': 23.790206909179688, 'learning_rate': 9.271317829457365e-05, 'epoch': 82.79}
{'loss': -2.7796, 'grad_norm': 20.63187599182129, 'learning_rate': 9.250645994832042e-05, 'epoch': 83.72}
{'loss': -2.7872, 'grad_norm': 21.98604965209961, 'learning_rate': 9.22997416020672e-05, 'epoch': 84.65}
{'loss': -2.7953, 'grad_norm': 18.68780517578125, 'learning_rate': 9.209302325581396e-05, 'epoch': 85.58}
{'loss': -2.8035, 'grad_norm': 18.77975845336914, 'learning_rate': 9.188630490956073e-05, 'epoch': 86.51}
{'loss': -2.8093, 'grad_norm': 15.798627853393555, 'learning_rate': 9.16795865633075e-05, 'epoch': 87.44}
{'loss': -2.8179, 'grad_norm': 16.915462493896484, 'learning_rate': 9.147286821705426e-05, 'epoch': 88.37}
{'loss': -2.8303, 'grad_norm': 18.3790225982666, 'learning_rate': 9.126614987080105e-05, 'epoch': 89.3}
{'loss': -2.8237, 'grad_norm': 24.60902976989746, 'learning_rate': 9.105943152454781e-05, 'epoch': 90.23}
{'loss': -2.8387, 'grad_norm': 27.5604248046875, 'learning_rate': 9.085271317829458e-05, 'epoch': 91.16}
{'loss': -2.846, 'grad_norm': 31.44108772277832, 'learning_rate': 9.064599483204134e-05, 'epoch': 92.09}
{'loss': -2.8503, 'grad_norm': 21.319089889526367, 'learning_rate': 9.043927648578811e-05, 'epoch': 93.02}
{'loss': -2.8584, 'grad_norm': 15.918500900268555, 'learning_rate': 9.023255813953489e-05, 'epoch': 93.95}
{'loss': -2.8705, 'grad_norm': 14.72504711151123, 'learning_rate': 9.002583979328166e-05, 'epoch': 94.88}
{'loss': -2.8784, 'grad_norm': 20.06590461730957, 'learning_rate': 8.981912144702843e-05, 'epoch': 95.81}
{'loss': -2.8847, 'grad_norm': 16.953157424926758, 'learning_rate': 8.96124031007752e-05, 'epoch': 96.74}
{'loss': -2.8878, 'grad_norm': 19.082307815551758, 'learning_rate': 8.940568475452197e-05, 'epoch': 97.67}
{'loss': -2.8951, 'grad_norm': 18.857460021972656, 'learning_rate': 8.919896640826874e-05, 'epoch': 98.6}
{'loss': -2.8972, 'grad_norm': 20.77805519104004, 'learning_rate': 8.89922480620155e-05, 'epoch': 99.53}
{'loss': -2.9009, 'grad_norm': 23.619985580444336, 'learning_rate': 8.878552971576229e-05, 'epoch': 100.47}
{'loss': -2.9125, 'grad_norm': 14.915189743041992, 'learning_rate': 8.857881136950905e-05, 'epoch': 101.4}
{'loss': -2.9207, 'grad_norm': 17.019210815429688, 'learning_rate': 8.837209302325582e-05, 'epoch': 102.33}
{'loss': -2.9316, 'grad_norm': 14.484620094299316, 'learning_rate': 8.816537467700259e-05, 'epoch': 103.26}
{'loss': -2.929, 'grad_norm': 33.737972259521484, 'learning_rate': 8.795865633074935e-05, 'epoch': 104.19}
{'loss': -2.9402, 'grad_norm': 18.455856323242188, 'learning_rate': 8.775193798449613e-05, 'epoch': 105.12}
{'loss': -2.9494, 'grad_norm': 10.807740211486816, 'learning_rate': 8.75452196382429e-05, 'epoch': 106.05}
{'loss': -2.9343, 'grad_norm': 26.689496994018555, 'learning_rate': 8.733850129198967e-05, 'epoch': 106.98}
{'loss': -2.9459, 'grad_norm': 34.24835968017578, 'learning_rate': 8.713178294573645e-05, 'epoch': 107.91}
{'loss': -2.9531, 'grad_norm': 23.08368682861328, 'learning_rate': 8.69250645994832e-05, 'epoch': 108.84}
{'loss': -2.9647, 'grad_norm': 31.355987548828125, 'learning_rate': 8.671834625322998e-05, 'epoch': 109.77}
{'loss': -2.966, 'grad_norm': 33.23749923706055, 'learning_rate': 8.651162790697674e-05, 'epoch': 110.7}
{'loss': -2.9674, 'grad_norm': 12.88255786895752, 'learning_rate': 8.630490956072352e-05, 'epoch': 111.63}
{'loss': -2.985, 'grad_norm': 25.174148559570312, 'learning_rate': 8.60981912144703e-05, 'epoch': 112.56}
{'loss': -2.9899, 'grad_norm': 22.57910919189453, 'learning_rate': 8.589147286821706e-05, 'epoch': 113.49}
{'loss': -2.992, 'grad_norm': 27.68296241760254, 'learning_rate': 8.568475452196383e-05, 'epoch': 114.42}
{'loss': -3.0024, 'grad_norm': 18.07506561279297, 'learning_rate': 8.547803617571059e-05, 'epoch': 115.35}
{'loss': -3.0075, 'grad_norm': 30.034852981567383, 'learning_rate': 8.527131782945736e-05, 'epoch': 116.28}
{'loss': -3.0083, 'grad_norm': 27.572172164916992, 'learning_rate': 8.506459948320415e-05, 'epoch': 117.21}
{'loss': -3.0126, 'grad_norm': 27.99542999267578, 'learning_rate': 8.485788113695091e-05, 'epoch': 118.14}
{'loss': -3.0217, 'grad_norm': 31.09628677368164, 'learning_rate': 8.465116279069768e-05, 'epoch': 119.07}
{'loss': -3.0238, 'grad_norm': 31.8394718170166, 'learning_rate': 8.444444444444444e-05, 'epoch': 120.0}
{'loss': -3.0289, 'grad_norm': 19.121129989624023, 'learning_rate': 8.423772609819122e-05, 'epoch': 120.93}
{'loss': -3.0393, 'grad_norm': 30.509431838989258, 'learning_rate': 8.403100775193799e-05, 'epoch': 121.86}
{'loss': -3.044, 'grad_norm': 33.435394287109375, 'learning_rate': 8.382428940568476e-05, 'epoch': 122.79}
{'loss': -3.0484, 'grad_norm': 29.30328369140625, 'learning_rate': 8.361757105943154e-05, 'epoch': 123.72}
{'loss': -3.0492, 'grad_norm': 19.44677734375, 'learning_rate': 8.34108527131783e-05, 'epoch': 124.65}
{'loss': -3.0519, 'grad_norm': 13.728172302246094, 'learning_rate': 8.320413436692507e-05, 'epoch': 125.58}
{'loss': -3.0657, 'grad_norm': 12.30752182006836, 'learning_rate': 8.299741602067184e-05, 'epoch': 126.51}
{'loss': -3.066, 'grad_norm': 19.876094818115234, 'learning_rate': 8.27906976744186e-05, 'epoch': 127.44}
{'loss': -3.0683, 'grad_norm': 26.39409065246582, 'learning_rate': 8.258397932816539e-05, 'epoch': 128.37}
{'loss': -3.0803, 'grad_norm': 26.72123146057129, 'learning_rate': 8.237726098191215e-05, 'epoch': 129.3}
{'loss': -3.0823, 'grad_norm': 21.926225662231445, 'learning_rate': 8.217054263565892e-05, 'epoch': 130.23}
{'loss': -3.0879, 'grad_norm': 40.484169006347656, 'learning_rate': 8.19638242894057e-05, 'epoch': 131.16}
{'loss': -3.09, 'grad_norm': 18.01685905456543, 'learning_rate': 8.175710594315245e-05, 'epoch': 132.09}
{'loss': -3.0945, 'grad_norm': 21.695602416992188, 'learning_rate': 8.155038759689923e-05, 'epoch': 133.02}
{'loss': -3.1001, 'grad_norm': 26.322280883789062, 'learning_rate': 8.1343669250646e-05, 'epoch': 133.95}
{'loss': -3.1066, 'grad_norm': 26.35920524597168, 'learning_rate': 8.113695090439277e-05, 'epoch': 134.88}
{'loss': -3.1109, 'grad_norm': 29.99951934814453, 'learning_rate': 8.093023255813953e-05, 'epoch': 135.81}
{'loss': -3.1161, 'grad_norm': 25.8037109375, 'learning_rate': 8.072351421188631e-05, 'epoch': 136.74}
{'loss': -3.1184, 'grad_norm': 26.85761070251465, 'learning_rate': 8.051679586563308e-05, 'epoch': 137.67}
{'loss': -3.1207, 'grad_norm': 24.803342819213867, 'learning_rate': 8.031007751937984e-05, 'epoch': 138.6}
{'loss': -3.1269, 'grad_norm': 29.49814224243164, 'learning_rate': 8.010335917312663e-05, 'epoch': 139.53}
{'loss': -3.1273, 'grad_norm': 32.78299331665039, 'learning_rate': 7.989664082687339e-05, 'epoch': 140.47}
{'loss': -3.1246, 'grad_norm': 39.271888732910156, 'learning_rate': 7.968992248062016e-05, 'epoch': 141.4}
{'loss': -3.1238, 'grad_norm': 31.425397872924805, 'learning_rate': 7.948320413436693e-05, 'epoch': 142.33}
{'loss': -3.1229, 'grad_norm': 39.679630279541016, 'learning_rate': 7.927648578811369e-05, 'epoch': 143.26}
{'loss': -3.1309, 'grad_norm': 22.6885929107666, 'learning_rate': 7.906976744186047e-05, 'epoch': 144.19}
{'loss': -3.136, 'grad_norm': 32.45057678222656, 'learning_rate': 7.886304909560724e-05, 'epoch': 145.12}
{'loss': -3.1492, 'grad_norm': 16.530664443969727, 'learning_rate': 7.865633074935401e-05, 'epoch': 146.05}
{'loss': -3.1509, 'grad_norm': 25.080564498901367, 'learning_rate': 7.844961240310079e-05, 'epoch': 146.98}
{'loss': -3.1586, 'grad_norm': 32.599708557128906, 'learning_rate': 7.824289405684755e-05, 'epoch': 147.91}
{'loss': -3.1636, 'grad_norm': 29.923328399658203, 'learning_rate': 7.803617571059432e-05, 'epoch': 148.84}
{'loss': -3.1681, 'grad_norm': 31.301820755004883, 'learning_rate': 7.782945736434109e-05, 'epoch': 149.77}
{'loss': -3.1737, 'grad_norm': 27.3834171295166, 'learning_rate': 7.762273901808786e-05, 'epoch': 150.7}
{'loss': -3.178, 'grad_norm': 25.25071907043457, 'learning_rate': 7.741602067183464e-05, 'epoch': 151.63}
{'loss': -3.1789, 'grad_norm': 9.459161758422852, 'learning_rate': 7.72093023255814e-05, 'epoch': 152.56}
{'loss': -3.1792, 'grad_norm': 28.7511043548584, 'learning_rate': 7.700258397932817e-05, 'epoch': 153.49}
{'loss': -3.192, 'grad_norm': 17.744070053100586, 'learning_rate': 7.679586563307493e-05, 'epoch': 154.42}
{'loss': -3.1897, 'grad_norm': 33.36730194091797, 'learning_rate': 7.65891472868217e-05, 'epoch': 155.35}
{'loss': -3.1717, 'grad_norm': 40.997718811035156, 'learning_rate': 7.638242894056849e-05, 'epoch': 156.28}
{'loss': -3.1877, 'grad_norm': 29.5303897857666, 'learning_rate': 7.617571059431525e-05, 'epoch': 157.21}
{'loss': -3.1998, 'grad_norm': 15.217300415039062, 'learning_rate': 7.596899224806202e-05, 'epoch': 158.14}
{'loss': -3.1989, 'grad_norm': 35.38431167602539, 'learning_rate': 7.576227390180878e-05, 'epoch': 159.07}
{'loss': -3.2101, 'grad_norm': 24.01106071472168, 'learning_rate': 7.555555555555556e-05, 'epoch': 160.0}
{'loss': -3.2095, 'grad_norm': 18.31418228149414, 'learning_rate': 7.534883720930233e-05, 'epoch': 160.93}
{'loss': -3.2145, 'grad_norm': 31.398948669433594, 'learning_rate': 7.51421188630491e-05, 'epoch': 161.86}
{'loss': -3.1996, 'grad_norm': 38.79553985595703, 'learning_rate': 7.493540051679588e-05, 'epoch': 162.79}
{'loss': -3.2179, 'grad_norm': 24.987287521362305, 'learning_rate': 7.472868217054264e-05, 'epoch': 163.72}
{'loss': -3.2105, 'grad_norm': 44.384361267089844, 'learning_rate': 7.452196382428941e-05, 'epoch': 164.65}
{'loss': -3.2147, 'grad_norm': 52.745784759521484, 'learning_rate': 7.431524547803618e-05, 'epoch': 165.58}
{'loss': -3.2287, 'grad_norm': 21.0406551361084, 'learning_rate': 7.410852713178294e-05, 'epoch': 166.51}
{'loss': -3.2326, 'grad_norm': 19.13263702392578, 'learning_rate': 7.390180878552973e-05, 'epoch': 167.44}
{'loss': -3.228, 'grad_norm': 18.34613800048828, 'learning_rate': 7.369509043927649e-05, 'epoch': 168.37}
{'loss': -3.2346, 'grad_norm': 28.973247528076172, 'learning_rate': 7.348837209302326e-05, 'epoch': 169.3}
{'loss': -3.2344, 'grad_norm': 32.38835144042969, 'learning_rate': 7.328165374677003e-05, 'epoch': 170.23}
{'loss': -3.2489, 'grad_norm': 36.714561462402344, 'learning_rate': 7.30749354005168e-05, 'epoch': 171.16}
{'loss': -3.2526, 'grad_norm': 37.948551177978516, 'learning_rate': 7.286821705426357e-05, 'epoch': 172.09}
{'loss': -3.2541, 'grad_norm': 33.052337646484375, 'learning_rate': 7.266149870801034e-05, 'epoch': 173.02}
{'loss': -3.2577, 'grad_norm': 30.938629150390625, 'learning_rate': 7.245478036175711e-05, 'epoch': 173.95}
{'loss': -3.262, 'grad_norm': 32.46578598022461, 'learning_rate': 7.224806201550389e-05, 'epoch': 174.88}
{'loss': -3.2632, 'grad_norm': 27.525972366333008, 'learning_rate': 7.204134366925065e-05, 'epoch': 175.81}
{'loss': -3.2686, 'grad_norm': 32.47681427001953, 'learning_rate': 7.183462532299742e-05, 'epoch': 176.74}
{'loss': -3.2699, 'grad_norm': 39.1994743347168, 'learning_rate': 7.162790697674418e-05, 'epoch': 177.67}
{'loss': -3.2738, 'grad_norm': 29.69817352294922, 'learning_rate': 7.142118863049097e-05, 'epoch': 178.6}
{'loss': -3.2752, 'grad_norm': 29.76581573486328, 'learning_rate': 7.121447028423773e-05, 'epoch': 179.53}
{'loss': -3.2769, 'grad_norm': 26.019582748413086, 'learning_rate': 7.10077519379845e-05, 'epoch': 180.47}
{'loss': -3.2739, 'grad_norm': 37.261661529541016, 'learning_rate': 7.080103359173127e-05, 'epoch': 181.4}
{'loss': -3.2737, 'grad_norm': 28.908628463745117, 'learning_rate': 7.059431524547803e-05, 'epoch': 182.33}
{'loss': -3.2753, 'grad_norm': 39.85002899169922, 'learning_rate': 7.03875968992248e-05, 'epoch': 183.26}
{'loss': -3.2876, 'grad_norm': 28.45924186706543, 'learning_rate': 7.018087855297158e-05, 'epoch': 184.19}
{'loss': -3.2807, 'grad_norm': 27.657442092895508, 'learning_rate': 6.997416020671835e-05, 'epoch': 185.12}
{'loss': -3.2899, 'grad_norm': 40.0283088684082, 'learning_rate': 6.976744186046513e-05, 'epoch': 186.05}
{'loss': -3.2994, 'grad_norm': 15.880670547485352, 'learning_rate': 6.956072351421189e-05, 'epoch': 186.98}
{'loss': -3.2915, 'grad_norm': 38.959537506103516, 'learning_rate': 6.935400516795866e-05, 'epoch': 187.91}
{'loss': -3.2993, 'grad_norm': 29.784034729003906, 'learning_rate': 6.914728682170543e-05, 'epoch': 188.84}
{'loss': -3.3056, 'grad_norm': 23.583189010620117, 'learning_rate': 6.89405684754522e-05, 'epoch': 189.77}
{'loss': -3.3105, 'grad_norm': 33.79673385620117, 'learning_rate': 6.873385012919898e-05, 'epoch': 190.7}
{'loss': -3.3111, 'grad_norm': 29.256729125976562, 'learning_rate': 6.852713178294574e-05, 'epoch': 191.63}
{'loss': -3.3125, 'grad_norm': 27.93828010559082, 'learning_rate': 6.832041343669251e-05, 'epoch': 192.56}
{'loss': -3.316, 'grad_norm': 23.163957595825195, 'learning_rate': 6.811369509043928e-05, 'epoch': 193.49}
{'loss': -3.3203, 'grad_norm': 29.000425338745117, 'learning_rate': 6.790697674418604e-05, 'epoch': 194.42}
{'loss': -3.3248, 'grad_norm': 28.6513614654541, 'learning_rate': 6.770025839793283e-05, 'epoch': 195.35}
{'loss': -3.3285, 'grad_norm': 33.002197265625, 'learning_rate': 6.749354005167959e-05, 'epoch': 196.28}
{'loss': -3.3298, 'grad_norm': 25.782752990722656, 'learning_rate': 6.728682170542636e-05, 'epoch': 197.21}
{'loss': -3.3259, 'grad_norm': 10.697003364562988, 'learning_rate': 6.708010335917312e-05, 'epoch': 198.14}
{'loss': -3.321, 'grad_norm': 38.75739669799805, 'learning_rate': 6.68733850129199e-05, 'epoch': 199.07}
{'loss': -3.3196, 'grad_norm': 24.620573043823242, 'learning_rate': 6.666666666666667e-05, 'epoch': 200.0}
{'loss': -3.3394, 'grad_norm': 46.052276611328125, 'learning_rate': 6.645994832041343e-05, 'epoch': 200.93}
{'loss': -3.3416, 'grad_norm': 34.37362289428711, 'learning_rate': 6.625322997416022e-05, 'epoch': 201.86}
{'loss': -3.3453, 'grad_norm': 33.77011489868164, 'learning_rate': 6.604651162790698e-05, 'epoch': 202.79}
{'loss': -3.3466, 'grad_norm': 29.183229446411133, 'learning_rate': 6.583979328165375e-05, 'epoch': 203.72}
{'loss': -3.3421, 'grad_norm': 27.971525192260742, 'learning_rate': 6.563307493540052e-05, 'epoch': 204.65}
{'loss': -3.3518, 'grad_norm': 33.498313903808594, 'learning_rate': 6.542635658914728e-05, 'epoch': 205.58}
{'loss': -3.3504, 'grad_norm': 34.24571228027344, 'learning_rate': 6.521963824289406e-05, 'epoch': 206.51}
{'loss': -3.3516, 'grad_norm': 29.81501007080078, 'learning_rate': 6.501291989664083e-05, 'epoch': 207.44}
{'loss': -3.3579, 'grad_norm': 29.3897762298584, 'learning_rate': 6.48062015503876e-05, 'epoch': 208.37}
{'loss': -3.359, 'grad_norm': 30.19685173034668, 'learning_rate': 6.459948320413438e-05, 'epoch': 209.3}
{'loss': -3.3519, 'grad_norm': 26.071855545043945, 'learning_rate': 6.439276485788113e-05, 'epoch': 210.23}
{'loss': -3.368, 'grad_norm': 35.0848388671875, 'learning_rate': 6.418604651162791e-05, 'epoch': 211.16}
{'loss': -3.3732, 'grad_norm': 30.429256439208984, 'learning_rate': 6.397932816537468e-05, 'epoch': 212.09}
{'loss': -3.3757, 'grad_norm': 41.4835205078125, 'learning_rate': 6.377260981912145e-05, 'epoch': 213.02}
{'loss': -3.3775, 'grad_norm': 38.59842300415039, 'learning_rate': 6.356589147286823e-05, 'epoch': 213.95}
{'loss': -3.3787, 'grad_norm': 15.735276222229004, 'learning_rate': 6.335917312661499e-05, 'epoch': 214.88}
{'loss': -3.3798, 'grad_norm': 27.508291244506836, 'learning_rate': 6.315245478036176e-05, 'epoch': 215.81}
{'loss': -3.3818, 'grad_norm': 43.8369026184082, 'learning_rate': 6.294573643410852e-05, 'epoch': 216.74}
{'loss': -3.3815, 'grad_norm': 46.78146743774414, 'learning_rate': 6.27390180878553e-05, 'epoch': 217.67}
{'loss': -3.3826, 'grad_norm': 25.625680923461914, 'learning_rate': 6.253229974160208e-05, 'epoch': 218.6}
{'loss': -3.3832, 'grad_norm': 34.42373275756836, 'learning_rate': 6.232558139534884e-05, 'epoch': 219.53}
{'loss': -3.3842, 'grad_norm': 24.03508758544922, 'learning_rate': 6.211886304909561e-05, 'epoch': 220.47}
{'loss': -3.3868, 'grad_norm': 30.350454330444336, 'learning_rate': 6.191214470284237e-05, 'epoch': 221.4}
{'loss': -3.3907, 'grad_norm': 44.439456939697266, 'learning_rate': 6.170542635658915e-05, 'epoch': 222.33}
{'loss': -3.3983, 'grad_norm': 29.458654403686523, 'learning_rate': 6.149870801033592e-05, 'epoch': 223.26}
{'loss': -3.4049, 'grad_norm': 34.34115219116211, 'learning_rate': 6.129198966408269e-05, 'epoch': 224.19}
{'loss': -3.399, 'grad_norm': 29.68248176574707, 'learning_rate': 6.108527131782947e-05, 'epoch': 225.12}
{'loss': -3.4056, 'grad_norm': 21.4453125, 'learning_rate': 6.087855297157623e-05, 'epoch': 226.05}
{'loss': -3.3969, 'grad_norm': 31.520069122314453, 'learning_rate': 6.0671834625323e-05, 'epoch': 226.98}
{'loss': -3.3983, 'grad_norm': 30.10945701599121, 'learning_rate': 6.0465116279069765e-05, 'epoch': 227.91}
{'loss': -3.412, 'grad_norm': 28.60223960876465, 'learning_rate': 6.025839793281653e-05, 'epoch': 228.84}
{'loss': -3.4161, 'grad_norm': 35.98952102661133, 'learning_rate': 6.005167958656331e-05, 'epoch': 229.77}
{'loss': -3.4171, 'grad_norm': 49.53218078613281, 'learning_rate': 5.9844961240310085e-05, 'epoch': 230.7}
{'loss': -3.4203, 'grad_norm': 39.70400619506836, 'learning_rate': 5.963824289405685e-05, 'epoch': 231.63}
{'loss': -3.4189, 'grad_norm': 37.74214553833008, 'learning_rate': 5.943152454780362e-05, 'epoch': 232.56}
{'loss': -3.4197, 'grad_norm': 26.343517303466797, 'learning_rate': 5.9224806201550384e-05, 'epoch': 233.49}
{'loss': -3.419, 'grad_norm': 30.99128532409668, 'learning_rate': 5.901808785529716e-05, 'epoch': 234.42}
{'loss': -3.416, 'grad_norm': 31.061561584472656, 'learning_rate': 5.881136950904394e-05, 'epoch': 235.35}
{'loss': -3.4236, 'grad_norm': 18.607528686523438, 'learning_rate': 5.8604651162790704e-05, 'epoch': 236.28}
{'loss': -3.4274, 'grad_norm': 32.845760345458984, 'learning_rate': 5.839793281653747e-05, 'epoch': 237.21}
{'loss': -3.4238, 'grad_norm': 39.94749450683594, 'learning_rate': 5.819121447028424e-05, 'epoch': 238.14}
{'loss': -3.4357, 'grad_norm': 24.085657119750977, 'learning_rate': 5.798449612403101e-05, 'epoch': 239.07}
{'loss': -3.4379, 'grad_norm': 26.695388793945312, 'learning_rate': 5.7777777777777776e-05, 'epoch': 240.0}
{'loss': -3.4246, 'grad_norm': 39.355342864990234, 'learning_rate': 5.7571059431524556e-05, 'epoch': 240.93}
{'loss': -3.4443, 'grad_norm': 34.494266510009766, 'learning_rate': 5.736434108527132e-05, 'epoch': 241.86}
{'loss': -3.4414, 'grad_norm': 36.585811614990234, 'learning_rate': 5.715762273901809e-05, 'epoch': 242.79}
{'loss': -3.4454, 'grad_norm': 40.40098571777344, 'learning_rate': 5.6950904392764856e-05, 'epoch': 243.72}
{'loss': -3.4474, 'grad_norm': 37.92817687988281, 'learning_rate': 5.674418604651163e-05, 'epoch': 244.65}
{'loss': -3.4506, 'grad_norm': 32.806610107421875, 'learning_rate': 5.6537467700258396e-05, 'epoch': 245.58}
{'loss': -3.4461, 'grad_norm': 36.67762756347656, 'learning_rate': 5.6330749354005176e-05, 'epoch': 246.51}
{'loss': -3.4491, 'grad_norm': 32.5646858215332, 'learning_rate': 5.612403100775194e-05, 'epoch': 247.44}
{'loss': -3.4553, 'grad_norm': 30.67432975769043, 'learning_rate': 5.591731266149871e-05, 'epoch': 248.37}
{'loss': -3.4566, 'grad_norm': 27.228618621826172, 'learning_rate': 5.571059431524548e-05, 'epoch': 249.3}
{'loss': -3.4565, 'grad_norm': 27.871871948242188, 'learning_rate': 5.550387596899225e-05, 'epoch': 250.23}
{'loss': -3.4596, 'grad_norm': 35.974220275878906, 'learning_rate': 5.5297157622739015e-05, 'epoch': 251.16}
{'loss': -3.4633, 'grad_norm': 40.59194564819336, 'learning_rate': 5.5090439276485795e-05, 'epoch': 252.09}
{'loss': -3.4651, 'grad_norm': 36.069793701171875, 'learning_rate': 5.488372093023256e-05, 'epoch': 253.02}
{'loss': -3.4654, 'grad_norm': 25.552867889404297, 'learning_rate': 5.4677002583979334e-05, 'epoch': 253.95}
{'loss': -3.469, 'grad_norm': 23.903966903686523, 'learning_rate': 5.44702842377261e-05, 'epoch': 254.88}
{'loss': -3.4741, 'grad_norm': 28.199331283569336, 'learning_rate': 5.426356589147287e-05, 'epoch': 255.81}
{'loss': -3.4727, 'grad_norm': 25.011852264404297, 'learning_rate': 5.4056847545219634e-05, 'epoch': 256.74}
{'loss': -3.4686, 'grad_norm': 24.28927230834961, 'learning_rate': 5.3850129198966414e-05, 'epoch': 257.67}
{'loss': -3.4639, 'grad_norm': 52.11845779418945, 'learning_rate': 5.364341085271318e-05, 'epoch': 258.6}
{'loss': -3.4639, 'grad_norm': 16.800498962402344, 'learning_rate': 5.343669250645995e-05, 'epoch': 259.53}
{'loss': -3.4756, 'grad_norm': 36.22065734863281, 'learning_rate': 5.322997416020672e-05, 'epoch': 260.47}
{'loss': -3.4816, 'grad_norm': 37.466644287109375, 'learning_rate': 5.3023255813953486e-05, 'epoch': 261.4}
{'loss': -3.4839, 'grad_norm': 28.80010986328125, 'learning_rate': 5.281653746770025e-05, 'epoch': 262.33}
{'loss': -3.486, 'grad_norm': 37.38291931152344, 'learning_rate': 5.260981912144703e-05, 'epoch': 263.26}
{'loss': -3.4874, 'grad_norm': 34.893829345703125, 'learning_rate': 5.2403100775193806e-05, 'epoch': 264.19}
{'loss': -3.4829, 'grad_norm': 36.36814880371094, 'learning_rate': 5.219638242894057e-05, 'epoch': 265.12}
{'loss': -3.4899, 'grad_norm': 26.474834442138672, 'learning_rate': 5.198966408268734e-05, 'epoch': 266.05}
{'loss': -3.4919, 'grad_norm': 51.3425407409668, 'learning_rate': 5.1782945736434105e-05, 'epoch': 266.98}
{'loss': -3.4791, 'grad_norm': 46.286865234375, 'learning_rate': 5.157622739018088e-05, 'epoch': 267.91}
{'loss': -3.4907, 'grad_norm': 35.00957489013672, 'learning_rate': 5.136950904392765e-05, 'epoch': 268.84}
{'loss': -3.4917, 'grad_norm': 58.25431823730469, 'learning_rate': 5.1162790697674425e-05, 'epoch': 269.77}
{'loss': -3.4956, 'grad_norm': 47.870643615722656, 'learning_rate': 5.095607235142119e-05, 'epoch': 270.7}
{'loss': -3.4857, 'grad_norm': 38.758880615234375, 'learning_rate': 5.074935400516796e-05, 'epoch': 271.63}
{'loss': -3.4979, 'grad_norm': 26.179323196411133, 'learning_rate': 5.0542635658914724e-05, 'epoch': 272.56}
{'loss': -3.5019, 'grad_norm': 30.494361877441406, 'learning_rate': 5.03359173126615e-05, 'epoch': 273.49}
{'loss': -3.5014, 'grad_norm': 42.481163024902344, 'learning_rate': 5.012919896640828e-05, 'epoch': 274.42}
{'loss': -3.5039, 'grad_norm': 42.13603591918945, 'learning_rate': 4.9922480620155044e-05, 'epoch': 275.35}
{'loss': -3.5083, 'grad_norm': 20.34817886352539, 'learning_rate': 4.971576227390181e-05, 'epoch': 276.28}
{'loss': -3.5053, 'grad_norm': 48.896331787109375, 'learning_rate': 4.950904392764858e-05, 'epoch': 277.21}
{'loss': -3.5049, 'grad_norm': 28.896791458129883, 'learning_rate': 4.930232558139535e-05, 'epoch': 278.14}
{'loss': -3.5139, 'grad_norm': 41.87815856933594, 'learning_rate': 4.9095607235142123e-05, 'epoch': 279.07}
{'loss': -3.5126, 'grad_norm': 34.516231536865234, 'learning_rate': 4.888888888888889e-05, 'epoch': 280.0}
{'loss': -3.5103, 'grad_norm': 27.33319664001465, 'learning_rate': 4.868217054263566e-05, 'epoch': 280.93}
{'loss': -3.5154, 'grad_norm': 31.78112030029297, 'learning_rate': 4.847545219638243e-05, 'epoch': 281.86}
{'loss': -3.5172, 'grad_norm': 45.38077163696289, 'learning_rate': 4.82687338501292e-05, 'epoch': 282.79}
{'loss': -3.5184, 'grad_norm': 27.56093978881836, 'learning_rate': 4.8062015503875976e-05, 'epoch': 283.72}
{'loss': -3.5208, 'grad_norm': 25.88886260986328, 'learning_rate': 4.785529715762274e-05, 'epoch': 284.65}
{'loss': -3.5238, 'grad_norm': 35.064353942871094, 'learning_rate': 4.764857881136951e-05, 'epoch': 285.58}
{'loss': -3.5223, 'grad_norm': 17.53938102722168, 'learning_rate': 4.744186046511628e-05, 'epoch': 286.51}
{'loss': -3.5251, 'grad_norm': 48.04045867919922, 'learning_rate': 4.723514211886305e-05, 'epoch': 287.44}
{'loss': -3.5295, 'grad_norm': 28.06631088256836, 'learning_rate': 4.702842377260982e-05, 'epoch': 288.37}
{'loss': -3.5299, 'grad_norm': 31.577510833740234, 'learning_rate': 4.6821705426356595e-05, 'epoch': 289.3}
{'loss': -3.5288, 'grad_norm': 32.87574005126953, 'learning_rate': 4.661498708010336e-05, 'epoch': 290.23}
{'loss': -3.5327, 'grad_norm': 35.460540771484375, 'learning_rate': 4.640826873385013e-05, 'epoch': 291.16}
{'loss': -3.5362, 'grad_norm': 38.29405212402344, 'learning_rate': 4.62015503875969e-05, 'epoch': 292.09}
{'loss': -3.5391, 'grad_norm': 37.785682678222656, 'learning_rate': 4.5994832041343674e-05, 'epoch': 293.02}
{'loss': -3.5411, 'grad_norm': 34.848114013671875, 'learning_rate': 4.578811369509044e-05, 'epoch': 293.95}
{'loss': -3.5416, 'grad_norm': 34.68042755126953, 'learning_rate': 4.5581395348837214e-05, 'epoch': 294.88}
{'loss': -3.5282, 'grad_norm': 25.733322143554688, 'learning_rate': 4.537467700258398e-05, 'epoch': 295.81}
{'loss': -3.5408, 'grad_norm': 44.75253677368164, 'learning_rate': 4.516795865633075e-05, 'epoch': 296.74}
{'loss': -3.5388, 'grad_norm': 25.863811492919922, 'learning_rate': 4.496124031007753e-05, 'epoch': 297.67}
{'loss': -3.5433, 'grad_norm': 18.590957641601562, 'learning_rate': 4.4754521963824294e-05, 'epoch': 298.6}
{'loss': -3.548, 'grad_norm': 44.8093376159668, 'learning_rate': 4.454780361757106e-05, 'epoch': 299.53}
{'loss': -3.5473, 'grad_norm': 28.786476135253906, 'learning_rate': 4.434108527131783e-05, 'epoch': 300.47}
{'loss': -3.5508, 'grad_norm': 30.654193878173828, 'learning_rate': 4.41343669250646e-05, 'epoch': 301.4}
{'loss': -3.5497, 'grad_norm': 34.790653228759766, 'learning_rate': 4.392764857881137e-05, 'epoch': 302.33}
{'loss': -3.5507, 'grad_norm': 41.01929473876953, 'learning_rate': 4.3720930232558146e-05, 'epoch': 303.26}
{'loss': -3.5501, 'grad_norm': 31.899580001831055, 'learning_rate': 4.351421188630491e-05, 'epoch': 304.19}
{'loss': -3.5498, 'grad_norm': 36.12809371948242, 'learning_rate': 4.330749354005168e-05, 'epoch': 305.12}
{'loss': -3.5563, 'grad_norm': 30.27225112915039, 'learning_rate': 4.310077519379845e-05, 'epoch': 306.05}
{'loss': -3.5579, 'grad_norm': 42.653446197509766, 'learning_rate': 4.289405684754522e-05, 'epoch': 306.98}
{'loss': -3.5589, 'grad_norm': 28.327180862426758, 'learning_rate': 4.268733850129199e-05, 'epoch': 307.91}
{'loss': -3.5588, 'grad_norm': 30.784725189208984, 'learning_rate': 4.2480620155038765e-05, 'epoch': 308.84}
{'loss': -3.5611, 'grad_norm': 27.105152130126953, 'learning_rate': 4.227390180878553e-05, 'epoch': 309.77}
{'loss': -3.5672, 'grad_norm': 35.32822036743164, 'learning_rate': 4.20671834625323e-05, 'epoch': 310.7}
{'loss': -3.5671, 'grad_norm': 24.875255584716797, 'learning_rate': 4.186046511627907e-05, 'epoch': 311.63}
{'loss': -3.5655, 'grad_norm': 53.13134765625, 'learning_rate': 4.1653746770025845e-05, 'epoch': 312.56}
{'loss': -3.5663, 'grad_norm': 21.197010040283203, 'learning_rate': 4.144702842377261e-05, 'epoch': 313.49}
{'loss': -3.571, 'grad_norm': 22.29981231689453, 'learning_rate': 4.1240310077519384e-05, 'epoch': 314.42}
{'loss': -3.5648, 'grad_norm': 39.522361755371094, 'learning_rate': 4.103359173126615e-05, 'epoch': 315.35}
{'loss': -3.5742, 'grad_norm': 34.78635787963867, 'learning_rate': 4.082687338501292e-05, 'epoch': 316.28}
{'loss': -3.5658, 'grad_norm': 28.443119049072266, 'learning_rate': 4.06201550387597e-05, 'epoch': 317.21}
{'loss': -3.5742, 'grad_norm': 34.28028106689453, 'learning_rate': 4.0413436692506464e-05, 'epoch': 318.14}
{'loss': -3.5761, 'grad_norm': 27.75996208190918, 'learning_rate': 4.020671834625323e-05, 'epoch': 319.07}
{'loss': -3.5773, 'grad_norm': 54.15972900390625, 'learning_rate': 4e-05, 'epoch': 320.0}
{'loss': -3.5713, 'grad_norm': 28.39745330810547, 'learning_rate': 3.979328165374677e-05, 'epoch': 320.93}
{'loss': -3.5785, 'grad_norm': 46.91959762573242, 'learning_rate': 3.958656330749354e-05, 'epoch': 321.86}
{'loss': -3.5803, 'grad_norm': 40.47117614746094, 'learning_rate': 3.9379844961240316e-05, 'epoch': 322.79}
{'loss': -3.5813, 'grad_norm': 38.51315689086914, 'learning_rate': 3.917312661498708e-05, 'epoch': 323.72}
{'loss': -3.5831, 'grad_norm': 34.208740234375, 'learning_rate': 3.896640826873385e-05, 'epoch': 324.65}
{'loss': -3.5855, 'grad_norm': 27.736038208007812, 'learning_rate': 3.875968992248062e-05, 'epoch': 325.58}
{'loss': -3.5864, 'grad_norm': 32.9047737121582, 'learning_rate': 3.8552971576227396e-05, 'epoch': 326.51}
{'loss': -3.5876, 'grad_norm': 43.94876480102539, 'learning_rate': 3.834625322997416e-05, 'epoch': 327.44}
{'loss': -3.5819, 'grad_norm': 33.26892852783203, 'learning_rate': 3.8139534883720935e-05, 'epoch': 328.37}
{'loss': -3.5786, 'grad_norm': 45.52207565307617, 'learning_rate': 3.79328165374677e-05, 'epoch': 329.3}
{'loss': -3.5863, 'grad_norm': 20.383255004882812, 'learning_rate': 3.772609819121447e-05, 'epoch': 330.23}
{'loss': -3.5847, 'grad_norm': 46.93314743041992, 'learning_rate': 3.751937984496124e-05, 'epoch': 331.16}
{'loss': -3.5884, 'grad_norm': 22.072893142700195, 'learning_rate': 3.7312661498708015e-05, 'epoch': 332.09}
{'loss': -3.5863, 'grad_norm': 50.08221435546875, 'learning_rate': 3.710594315245478e-05, 'epoch': 333.02}
{'loss': -3.5918, 'grad_norm': 22.817127227783203, 'learning_rate': 3.6899224806201554e-05, 'epoch': 333.95}
{'loss': -3.5933, 'grad_norm': 32.37269592285156, 'learning_rate': 3.669250645994832e-05, 'epoch': 334.88}
{'loss': -3.5993, 'grad_norm': 37.527732849121094, 'learning_rate': 3.6485788113695094e-05, 'epoch': 335.81}
{'loss': -3.5954, 'grad_norm': 31.187381744384766, 'learning_rate': 3.627906976744187e-05, 'epoch': 336.74}
{'loss': -3.5968, 'grad_norm': 20.959579467773438, 'learning_rate': 3.6072351421188634e-05, 'epoch': 337.67}
{'loss': -3.5982, 'grad_norm': 35.336727142333984, 'learning_rate': 3.58656330749354e-05, 'epoch': 338.6}
{'loss': -3.6032, 'grad_norm': 54.706756591796875, 'learning_rate': 3.565891472868217e-05, 'epoch': 339.53}
{'loss': -3.5929, 'grad_norm': 52.165042877197266, 'learning_rate': 3.545219638242894e-05, 'epoch': 340.47}
{'loss': -3.599, 'grad_norm': 26.244550704956055, 'learning_rate': 3.524547803617571e-05, 'epoch': 341.4}
{'loss': -3.6055, 'grad_norm': 34.001426696777344, 'learning_rate': 3.5038759689922486e-05, 'epoch': 342.33}
{'loss': -3.6035, 'grad_norm': 30.880619049072266, 'learning_rate': 3.483204134366925e-05, 'epoch': 343.26}
{'loss': -3.6079, 'grad_norm': 31.648292541503906, 'learning_rate': 3.462532299741602e-05, 'epoch': 344.19}
{'loss': -3.606, 'grad_norm': 34.82276916503906, 'learning_rate': 3.441860465116279e-05, 'epoch': 345.12}
{'loss': -3.6035, 'grad_norm': 21.53137969970703, 'learning_rate': 3.4211886304909566e-05, 'epoch': 346.05}
{'loss': -3.6146, 'grad_norm': 23.051393508911133, 'learning_rate': 3.400516795865633e-05, 'epoch': 346.98}
{'loss': -3.6093, 'grad_norm': 46.69072723388672, 'learning_rate': 3.3798449612403105e-05, 'epoch': 347.91}
{'loss': -3.6071, 'grad_norm': 26.317832946777344, 'learning_rate': 3.359173126614987e-05, 'epoch': 348.84}
{'loss': -3.6106, 'grad_norm': 29.16769027709961, 'learning_rate': 3.338501291989664e-05, 'epoch': 349.77}
{'loss': -3.6144, 'grad_norm': 33.26896667480469, 'learning_rate': 3.317829457364341e-05, 'epoch': 350.7}
{'loss': -3.6097, 'grad_norm': 29.36621856689453, 'learning_rate': 3.2971576227390185e-05, 'epoch': 351.63}
{'loss': -3.6175, 'grad_norm': 38.63922119140625, 'learning_rate': 3.276485788113695e-05, 'epoch': 352.56}
{'loss': -3.6155, 'grad_norm': 28.894573211669922, 'learning_rate': 3.2558139534883724e-05, 'epoch': 353.49}
{'loss': -3.6216, 'grad_norm': 45.108463287353516, 'learning_rate': 3.235142118863049e-05, 'epoch': 354.42}
{'loss': -3.6139, 'grad_norm': 22.154232025146484, 'learning_rate': 3.2144702842377264e-05, 'epoch': 355.35}
{'loss': -3.6157, 'grad_norm': 38.237457275390625, 'learning_rate': 3.193798449612404e-05, 'epoch': 356.28}
{'loss': -3.6197, 'grad_norm': 38.34074783325195, 'learning_rate': 3.1731266149870804e-05, 'epoch': 357.21}
{'loss': -3.6202, 'grad_norm': 39.46907043457031, 'learning_rate': 3.152454780361757e-05, 'epoch': 358.14}
{'loss': -3.6257, 'grad_norm': 36.35367965698242, 'learning_rate': 3.1317829457364343e-05, 'epoch': 359.07}
{'loss': -3.6247, 'grad_norm': 43.980712890625, 'learning_rate': 3.111111111111111e-05, 'epoch': 360.0}
{'loss': -3.624, 'grad_norm': 18.211685180664062, 'learning_rate': 3.090439276485788e-05, 'epoch': 360.93}
{'loss': -3.6279, 'grad_norm': 10.216485977172852, 'learning_rate': 3.0697674418604656e-05, 'epoch': 361.86}
{'loss': -3.6193, 'grad_norm': 25.02985191345215, 'learning_rate': 3.0490956072351423e-05, 'epoch': 362.79}
{'loss': -3.6287, 'grad_norm': 18.737531661987305, 'learning_rate': 3.0284237726098193e-05, 'epoch': 363.72}
{'loss': -3.6302, 'grad_norm': 26.02690887451172, 'learning_rate': 3.0077519379844966e-05, 'epoch': 364.65}
{'loss': -3.6318, 'grad_norm': 28.923038482666016, 'learning_rate': 2.9870801033591732e-05, 'epoch': 365.58}
{'loss': -3.6306, 'grad_norm': 33.265411376953125, 'learning_rate': 2.9664082687338502e-05, 'epoch': 366.51}
{'loss': -3.6346, 'grad_norm': 14.859318733215332, 'learning_rate': 2.9457364341085275e-05, 'epoch': 367.44}
{'loss': -3.6337, 'grad_norm': 36.7420654296875, 'learning_rate': 2.9250645994832042e-05, 'epoch': 368.37}
{'loss': -3.635, 'grad_norm': 21.663679122924805, 'learning_rate': 2.9043927648578812e-05, 'epoch': 369.3}
{'loss': -3.6375, 'grad_norm': 20.206167221069336, 'learning_rate': 2.8837209302325585e-05, 'epoch': 370.23}
{'loss': -3.632, 'grad_norm': 30.233016967773438, 'learning_rate': 2.8630490956072355e-05, 'epoch': 371.16}
{'loss': -3.6354, 'grad_norm': 31.796781539916992, 'learning_rate': 2.842377260981912e-05, 'epoch': 372.09}
{'loss': -3.634, 'grad_norm': 40.83269500732422, 'learning_rate': 2.8217054263565894e-05, 'epoch': 373.02}
{'loss': -3.638, 'grad_norm': 46.10675811767578, 'learning_rate': 2.8010335917312664e-05, 'epoch': 373.95}
{'loss': -3.6362, 'grad_norm': 44.00897216796875, 'learning_rate': 2.780361757105943e-05, 'epoch': 374.88}
{'loss': -3.6419, 'grad_norm': 26.095972061157227, 'learning_rate': 2.7596899224806204e-05, 'epoch': 375.81}
{'loss': -3.6421, 'grad_norm': 26.924034118652344, 'learning_rate': 2.7390180878552974e-05, 'epoch': 376.74}
{'loss': -3.6426, 'grad_norm': 9.87757682800293, 'learning_rate': 2.718346253229974e-05, 'epoch': 377.67}
{'loss': -3.6422, 'grad_norm': 27.34545135498047, 'learning_rate': 2.6976744186046517e-05, 'epoch': 378.6}
{'loss': -3.6427, 'grad_norm': 34.89649963378906, 'learning_rate': 2.6770025839793283e-05, 'epoch': 379.53}
{'loss': -3.6434, 'grad_norm': 30.274633407592773, 'learning_rate': 2.6563307493540053e-05, 'epoch': 380.47}
{'loss': -3.6481, 'grad_norm': 28.30675506591797, 'learning_rate': 2.6356589147286826e-05, 'epoch': 381.4}
{'loss': -3.6467, 'grad_norm': 31.453516006469727, 'learning_rate': 2.6149870801033593e-05, 'epoch': 382.33}
{'loss': -3.6487, 'grad_norm': 34.49746322631836, 'learning_rate': 2.5943152454780363e-05, 'epoch': 383.26}
{'loss': -3.6495, 'grad_norm': 24.486513137817383, 'learning_rate': 2.5736434108527136e-05, 'epoch': 384.19}
{'loss': -3.6496, 'grad_norm': 26.873044967651367, 'learning_rate': 2.5529715762273902e-05, 'epoch': 385.12}
{'loss': -3.6516, 'grad_norm': 16.181896209716797, 'learning_rate': 2.5322997416020672e-05, 'epoch': 386.05}
{'loss': -3.6499, 'grad_norm': 19.38368797302246, 'learning_rate': 2.5116279069767445e-05, 'epoch': 386.98}
{'loss': -3.6505, 'grad_norm': 19.26252555847168, 'learning_rate': 2.4909560723514215e-05, 'epoch': 387.91}
{'loss': -3.6484, 'grad_norm': 50.74040603637695, 'learning_rate': 2.4702842377260982e-05, 'epoch': 388.84}
{'loss': -3.6553, 'grad_norm': 18.14175796508789, 'learning_rate': 2.449612403100775e-05, 'epoch': 389.77}
{'loss': -3.6581, 'grad_norm': 32.7042350769043, 'learning_rate': 2.4289405684754525e-05, 'epoch': 390.7}
{'loss': -3.6574, 'grad_norm': 25.811691284179688, 'learning_rate': 2.408268733850129e-05, 'epoch': 391.63}
{'loss': -3.6549, 'grad_norm': 17.18243980407715, 'learning_rate': 2.387596899224806e-05, 'epoch': 392.56}
{'loss': -3.6534, 'grad_norm': 23.21271324157715, 'learning_rate': 2.3669250645994834e-05, 'epoch': 393.49}
{'loss': -3.6595, 'grad_norm': 25.976545333862305, 'learning_rate': 2.34625322997416e-05, 'epoch': 394.42}
{'loss': -3.6582, 'grad_norm': 32.8167724609375, 'learning_rate': 2.3255813953488374e-05, 'epoch': 395.35}
{'loss': -3.659, 'grad_norm': 33.094268798828125, 'learning_rate': 2.3049095607235144e-05, 'epoch': 396.28}
{'loss': -3.6598, 'grad_norm': 15.744674682617188, 'learning_rate': 2.284237726098191e-05, 'epoch': 397.21}
{'loss': -3.6603, 'grad_norm': 33.35715866088867, 'learning_rate': 2.2635658914728684e-05, 'epoch': 398.14}
{'loss': -3.6606, 'grad_norm': 21.089309692382812, 'learning_rate': 2.2428940568475453e-05, 'epoch': 399.07}
{'loss': -3.6587, 'grad_norm': 21.064289093017578, 'learning_rate': 2.2222222222222223e-05, 'epoch': 400.0}
{'loss': -3.664, 'grad_norm': 35.81181335449219, 'learning_rate': 2.2015503875968993e-05, 'epoch': 400.93}
{'loss': -3.6642, 'grad_norm': 43.288970947265625, 'learning_rate': 2.1808785529715763e-05, 'epoch': 401.86}
{'loss': -3.6644, 'grad_norm': 17.849409103393555, 'learning_rate': 2.1602067183462533e-05, 'epoch': 402.79}
{'loss': -3.6656, 'grad_norm': 21.38066291809082, 'learning_rate': 2.1395348837209303e-05, 'epoch': 403.72}
{'loss': -3.6677, 'grad_norm': 14.96774673461914, 'learning_rate': 2.1188630490956073e-05, 'epoch': 404.65}
{'loss': -3.6685, 'grad_norm': 18.070430755615234, 'learning_rate': 2.0981912144702842e-05, 'epoch': 405.58}
{'loss': -3.6674, 'grad_norm': 18.406902313232422, 'learning_rate': 2.0775193798449612e-05, 'epoch': 406.51}
{'loss': -3.6673, 'grad_norm': 20.7491512298584, 'learning_rate': 2.0568475452196385e-05, 'epoch': 407.44}
{'loss': -3.6685, 'grad_norm': 22.47262954711914, 'learning_rate': 2.0361757105943152e-05, 'epoch': 408.37}
{'loss': -3.6699, 'grad_norm': 23.463638305664062, 'learning_rate': 2.0155038759689922e-05, 'epoch': 409.3}
{'loss': -3.6716, 'grad_norm': 15.552322387695312, 'learning_rate': 1.9948320413436695e-05, 'epoch': 410.23}
{'loss': -3.672, 'grad_norm': 23.38909339904785, 'learning_rate': 1.974160206718346e-05, 'epoch': 411.16}
{'loss': -3.6738, 'grad_norm': 35.34246826171875, 'learning_rate': 1.9534883720930235e-05, 'epoch': 412.09}
{'loss': -3.6722, 'grad_norm': 39.15267562866211, 'learning_rate': 1.9328165374677004e-05, 'epoch': 413.02}
{'loss': -3.6744, 'grad_norm': 9.136550903320312, 'learning_rate': 1.912144702842377e-05, 'epoch': 413.95}
{'loss': -3.6751, 'grad_norm': 30.803421020507812, 'learning_rate': 1.8914728682170544e-05, 'epoch': 414.88}
{'loss': -3.6741, 'grad_norm': 16.76532554626465, 'learning_rate': 1.8708010335917314e-05, 'epoch': 415.81}
{'loss': -3.6767, 'grad_norm': 12.080351829528809, 'learning_rate': 1.8501291989664084e-05, 'epoch': 416.74}
{'loss': -3.6775, 'grad_norm': 10.70242691040039, 'learning_rate': 1.8294573643410854e-05, 'epoch': 417.67}
{'loss': -3.6773, 'grad_norm': 19.25907325744629, 'learning_rate': 1.8087855297157624e-05, 'epoch': 418.6}
{'loss': -3.6803, 'grad_norm': 18.719873428344727, 'learning_rate': 1.7881136950904393e-05, 'epoch': 419.53}
{'loss': -3.6787, 'grad_norm': 14.074871063232422, 'learning_rate': 1.7674418604651163e-05, 'epoch': 420.47}
{'loss': -3.6814, 'grad_norm': 16.008325576782227, 'learning_rate': 1.7467700258397933e-05, 'epoch': 421.4}
{'loss': -3.6803, 'grad_norm': 28.256011962890625, 'learning_rate': 1.7260981912144703e-05, 'epoch': 422.33}
{'loss': -3.6818, 'grad_norm': 31.370569229125977, 'learning_rate': 1.7054263565891473e-05, 'epoch': 423.26}
{'loss': -3.6817, 'grad_norm': 25.133129119873047, 'learning_rate': 1.6847545219638246e-05, 'epoch': 424.19}
{'loss': -3.6806, 'grad_norm': 14.215228080749512, 'learning_rate': 1.6640826873385012e-05, 'epoch': 425.12}
{'loss': -3.6839, 'grad_norm': 13.231797218322754, 'learning_rate': 1.6434108527131782e-05, 'epoch': 426.05}
{'loss': -3.6842, 'grad_norm': 24.90377426147461, 'learning_rate': 1.6227390180878555e-05, 'epoch': 426.98}
{'loss': -3.6862, 'grad_norm': 14.25117015838623, 'learning_rate': 1.6020671834625322e-05, 'epoch': 427.91}
{'loss': -3.687, 'grad_norm': 11.361870765686035, 'learning_rate': 1.5813953488372095e-05, 'epoch': 428.84}
{'loss': -3.6854, 'grad_norm': 14.18830680847168, 'learning_rate': 1.5607235142118865e-05, 'epoch': 429.77}
{'loss': -3.687, 'grad_norm': 41.52159881591797, 'learning_rate': 1.540051679586563e-05, 'epoch': 430.7}
{'loss': -3.6863, 'grad_norm': 13.420198440551758, 'learning_rate': 1.5193798449612403e-05, 'epoch': 431.63}
{'loss': -3.6873, 'grad_norm': 11.975275039672852, 'learning_rate': 1.4987080103359175e-05, 'epoch': 432.56}
{'loss': -3.6891, 'grad_norm': 10.134415626525879, 'learning_rate': 1.4780361757105943e-05, 'epoch': 433.49}
{'loss': -3.6877, 'grad_norm': 20.242406845092773, 'learning_rate': 1.4573643410852714e-05, 'epoch': 434.42}
{'loss': -3.6899, 'grad_norm': 19.317861557006836, 'learning_rate': 1.4366925064599484e-05, 'epoch': 435.35}
{'loss': -3.689, 'grad_norm': 35.36296844482422, 'learning_rate': 1.4160206718346252e-05, 'epoch': 436.28}
{'loss': -3.691, 'grad_norm': 24.166658401489258, 'learning_rate': 1.3953488372093024e-05, 'epoch': 437.21}
{'loss': -3.6931, 'grad_norm': 21.21033477783203, 'learning_rate': 1.3746770025839795e-05, 'epoch': 438.14}
{'loss': -3.6936, 'grad_norm': 16.63675308227539, 'learning_rate': 1.3540051679586563e-05, 'epoch': 439.07}
{'loss': -3.6926, 'grad_norm': 38.746055603027344, 'learning_rate': 1.3333333333333333e-05, 'epoch': 440.0}
{'loss': -3.6939, 'grad_norm': 32.605472564697266, 'learning_rate': 1.3126614987080105e-05, 'epoch': 440.93}
{'loss': -3.6946, 'grad_norm': 14.014145851135254, 'learning_rate': 1.2919896640826873e-05, 'epoch': 441.86}
{'loss': -3.6979, 'grad_norm': 10.662094116210938, 'learning_rate': 1.2713178294573645e-05, 'epoch': 442.79}
{'loss': -3.6955, 'grad_norm': 12.446661949157715, 'learning_rate': 1.2506459948320414e-05, 'epoch': 443.72}
{'loss': -3.6922, 'grad_norm': 36.81808090209961, 'learning_rate': 1.2299741602067184e-05, 'epoch': 444.65}
{'loss': -3.6979, 'grad_norm': 11.675074577331543, 'learning_rate': 1.2093023255813954e-05, 'epoch': 445.58}
{'loss': -3.6965, 'grad_norm': 12.287447929382324, 'learning_rate': 1.1886304909560724e-05, 'epoch': 446.51}
{'loss': -3.6991, 'grad_norm': 17.470638275146484, 'learning_rate': 1.1679586563307494e-05, 'epoch': 447.44}
{'loss': -3.6969, 'grad_norm': 15.30526065826416, 'learning_rate': 1.1472868217054264e-05, 'epoch': 448.37}
{'loss': -3.6992, 'grad_norm': 21.534591674804688, 'learning_rate': 1.1266149870801033e-05, 'epoch': 449.3}
{'loss': -3.6984, 'grad_norm': 25.680431365966797, 'learning_rate': 1.1059431524547805e-05, 'epoch': 450.23}
{'loss': -3.6993, 'grad_norm': 19.251081466674805, 'learning_rate': 1.0852713178294575e-05, 'epoch': 451.16}
{'loss': -3.6999, 'grad_norm': 27.393381118774414, 'learning_rate': 1.0645994832041343e-05, 'epoch': 452.09}
{'loss': -3.7012, 'grad_norm': 19.018295288085938, 'learning_rate': 1.0439276485788114e-05, 'epoch': 453.02}
{'loss': -3.7012, 'grad_norm': 11.533469200134277, 'learning_rate': 1.0232558139534884e-05, 'epoch': 453.95}
{'loss': -3.701, 'grad_norm': 13.018481254577637, 'learning_rate': 1.0025839793281654e-05, 'epoch': 454.88}
{'loss': -3.7032, 'grad_norm': 12.61751651763916, 'learning_rate': 9.819121447028424e-06, 'epoch': 455.81}
{'loss': -3.7021, 'grad_norm': 15.532866477966309, 'learning_rate': 9.612403100775194e-06, 'epoch': 456.74}
{'loss': -3.7013, 'grad_norm': 19.363630294799805, 'learning_rate': 9.405684754521964e-06, 'epoch': 457.67}
{'loss': -3.7036, 'grad_norm': 16.77419662475586, 'learning_rate': 9.198966408268735e-06, 'epoch': 458.6}
{'loss': -3.7032, 'grad_norm': 11.649201393127441, 'learning_rate': 8.992248062015503e-06, 'epoch': 459.53}
{'loss': -3.7039, 'grad_norm': 14.818582534790039, 'learning_rate': 8.785529715762273e-06, 'epoch': 460.47}
{'loss': -3.7046, 'grad_norm': 14.135809898376465, 'learning_rate': 8.578811369509045e-06, 'epoch': 461.4}
{'loss': -3.7061, 'grad_norm': 24.163846969604492, 'learning_rate': 8.372093023255815e-06, 'epoch': 462.33}
{'loss': -3.705, 'grad_norm': 9.999823570251465, 'learning_rate': 8.165374677002584e-06, 'epoch': 463.26}
{'loss': -3.7077, 'grad_norm': 10.115127563476562, 'learning_rate': 7.958656330749354e-06, 'epoch': 464.19}
{'loss': -3.7069, 'grad_norm': 18.64044952392578, 'learning_rate': 7.751937984496124e-06, 'epoch': 465.12}
{'loss': -3.7073, 'grad_norm': 18.157339096069336, 'learning_rate': 7.545219638242894e-06, 'epoch': 466.05}
{'loss': -3.7071, 'grad_norm': 15.458632469177246, 'learning_rate': 7.338501291989665e-06, 'epoch': 466.98}
{'loss': -3.7095, 'grad_norm': 10.246837615966797, 'learning_rate': 7.1317829457364345e-06, 'epoch': 467.91}
{'loss': -3.7072, 'grad_norm': 40.40153503417969, 'learning_rate': 6.9250645994832035e-06, 'epoch': 468.84}
{'loss': -3.7105, 'grad_norm': 10.830012321472168, 'learning_rate': 6.718346253229975e-06, 'epoch': 469.77}
{'loss': -3.7103, 'grad_norm': 9.42007064819336, 'learning_rate': 6.511627906976744e-06, 'epoch': 470.7}
{'loss': -3.7096, 'grad_norm': 12.48186206817627, 'learning_rate': 6.304909560723514e-06, 'epoch': 471.63}
{'loss': -3.7111, 'grad_norm': 7.689000129699707, 'learning_rate': 6.0981912144702846e-06, 'epoch': 472.56}
{'loss': -3.7107, 'grad_norm': 14.552644729614258, 'learning_rate': 5.891472868217054e-06, 'epoch': 473.49}
{'loss': -3.7112, 'grad_norm': 8.37163257598877, 'learning_rate': 5.684754521963825e-06, 'epoch': 474.42}
{'loss': -3.7119, 'grad_norm': 7.0570387840271, 'learning_rate': 5.478036175710594e-06, 'epoch': 475.35}
{'loss': -3.7113, 'grad_norm': 10.143670082092285, 'learning_rate': 5.271317829457365e-06, 'epoch': 476.28}
{'loss': -3.7125, 'grad_norm': 8.120950698852539, 'learning_rate': 5.064599483204135e-06, 'epoch': 477.21}
{'loss': -3.7124, 'grad_norm': 6.704986095428467, 'learning_rate': 4.8578811369509045e-06, 'epoch': 478.14}
{'loss': -3.7124, 'grad_norm': 10.813899993896484, 'learning_rate': 4.651162790697674e-06, 'epoch': 479.07}
{'loss': -3.7132, 'grad_norm': 8.533839225769043, 'learning_rate': 4.444444444444445e-06, 'epoch': 480.0}
{'loss': -3.7142, 'grad_norm': 9.869744300842285, 'learning_rate': 4.237726098191214e-06, 'epoch': 480.93}
{'loss': -3.7143, 'grad_norm': 9.017585754394531, 'learning_rate': 4.031007751937985e-06, 'epoch': 481.86}
{'loss': -3.7143, 'grad_norm': 8.025272369384766, 'learning_rate': 3.8242894056847545e-06, 'epoch': 482.79}
{'loss': -3.7142, 'grad_norm': 6.388485431671143, 'learning_rate': 3.6175710594315244e-06, 'epoch': 483.72}
{'loss': -3.7135, 'grad_norm': 11.928216934204102, 'learning_rate': 3.4108527131782946e-06, 'epoch': 484.65}
{'loss': -3.7144, 'grad_norm': 5.992430210113525, 'learning_rate': 3.204134366925065e-06, 'epoch': 485.58}
{'loss': -3.7158, 'grad_norm': 11.777556419372559, 'learning_rate': 2.9974160206718347e-06, 'epoch': 486.51}
{'loss': -3.7145, 'grad_norm': 8.441252708435059, 'learning_rate': 2.7906976744186046e-06, 'epoch': 487.44}
{'loss': -3.7154, 'grad_norm': 8.621760368347168, 'learning_rate': 2.583979328165375e-06, 'epoch': 488.37}
{'loss': -3.7162, 'grad_norm': 9.13871955871582, 'learning_rate': 2.3772609819121447e-06, 'epoch': 489.3}
{'loss': -3.716, 'grad_norm': 6.6850104331970215, 'learning_rate': 2.170542635658915e-06, 'epoch': 490.23}
{'loss': -3.7159, 'grad_norm': 10.85718059539795, 'learning_rate': 1.963824289405685e-06, 'epoch': 491.16}
{'loss': -3.7172, 'grad_norm': 10.412141799926758, 'learning_rate': 1.7571059431524549e-06, 'epoch': 492.09}
{'loss': -3.7164, 'grad_norm': 6.711848735809326, 'learning_rate': 1.550387596899225e-06, 'epoch': 493.02}
{'loss': -3.7167, 'grad_norm': 5.187608242034912, 'learning_rate': 1.343669250645995e-06, 'epoch': 493.95}
{'loss': -3.7184, 'grad_norm': 11.762677192687988, 'learning_rate': 1.1369509043927648e-06, 'epoch': 494.88}
{'loss': -3.719, 'grad_norm': 5.9429731369018555, 'learning_rate': 9.30232558139535e-07, 'epoch': 495.81}
{'loss': -3.7176, 'grad_norm': 5.575312614440918, 'learning_rate': 7.235142118863049e-07, 'epoch': 496.74}
{'loss': -3.7167, 'grad_norm': 6.0726237297058105, 'learning_rate': 5.16795865633075e-07, 'epoch': 497.67}
{'loss': -3.7173, 'grad_norm': 5.783329963684082, 'learning_rate': 3.1007751937984497e-07, 'epoch': 498.6}
{'loss': -3.7182, 'grad_norm': 5.638914108276367, 'learning_rate': 1.0335917312661499e-07, 'epoch': 499.53}
{'train_runtime': 10707.7781, 'train_samples_per_second': 17764.75, 'train_steps_per_second': 2.008, 'train_loss': -3.171850847840309, 'epoch': 500.0}
========== Model is trained ==========
========== Model is in evaluation mode ==========
=== Model is saved, at /proj/gaia/RayDT/dataset/processed_data/../../outputs/huggingface_test_result_noise_20/models/huggingface_trained_dt_noise_20_20240824-132453_4/ ===
Finished concurrent execution of tasks.
Ending time: Sat Aug 24 16:23:33 CEST 2024
