Starting time: Sat Aug 24 13:24:18 CEST 2024
no change     /proj/gaia/RayDT/mamba_ray/condabin/conda
no change     /proj/gaia/RayDT/mamba_ray/bin/conda
no change     /proj/gaia/RayDT/mamba_ray/bin/conda-env
no change     /proj/gaia/RayDT/mamba_ray/bin/activate
no change     /proj/gaia/RayDT/mamba_ray/bin/deactivate
no change     /proj/gaia/RayDT/mamba_ray/etc/profile.d/conda.sh
no change     /proj/gaia/RayDT/mamba_ray/etc/fish/conf.d/conda.fish
no change     /proj/gaia/RayDT/mamba_ray/shell/condabin/Conda.psm1
no change     /proj/gaia/RayDT/mamba_ray/shell/condabin/conda-hook.ps1
no change     /proj/gaia/RayDT/mamba_ray/lib/python3.10/site-packages/xontrib/conda.xsh
no change     /proj/gaia/RayDT/mamba_ray/etc/profile.d/conda.csh
no change     /home/x_yifji/.bashrc
No action taken.
config =  {'env_index': 5, 'add_type_loss': True, 'eval_from': None, 'test_seed': 42, 'test_data': 'test', 'Tx_id': 0, 'allTx': True, 'Rx_id': None, 'Rx1_id': None, 'Rx2_id': None, 'debug_path_flag': False, 'path_id': 6, 'add_noise': False, 'optim_load': False, 'small_batch': False, 'big_batch': False, 'debug': False, 'produce_fig': False, 'wandb': True, 'replot_baseline_only': False, 'Ofunc': False, 'noise_sample': 20, 'path': None, 'data_postfix': '', 'data_prefix': 'allTx', 'gen_func': <function gen_data_sample_across_rx at 0x151949bd8d30>}
========== Training config ==========
Found matching repo for training dataset: allTx_HFds__noise_20__20240821_021540_env_index_5
========== loading Data from /proj/gaia/RayDT/dataset/processed_data/trainwoAug/all_Tx_data/allTx_HFds__noise_20__20240821_021540_env_index_5 ==========
========== Training Data is loaded ==========
Type loss is added
========== Model is initialized ==========
{'loss': 1.5971, 'grad_norm': 3.683520555496216, 'learning_rate': 1.9047619047619051e-06, 'epoch': 0.95}
{'loss': 1.5704, 'grad_norm': 3.632258892059326, 'learning_rate': 3.8095238095238102e-06, 'epoch': 1.9}
{'loss': 1.5168, 'grad_norm': 3.5594325065612793, 'learning_rate': 5.7142857142857145e-06, 'epoch': 2.86}
{'loss': 1.4369, 'grad_norm': 3.414015531539917, 'learning_rate': 7.6190476190476205e-06, 'epoch': 3.81}
{'loss': 1.328, 'grad_norm': 3.234647274017334, 'learning_rate': 9.523809523809523e-06, 'epoch': 4.76}
{'loss': 1.1856, 'grad_norm': 2.957381248474121, 'learning_rate': 1.1428571428571429e-05, 'epoch': 5.71}
{'loss': 1.0048, 'grad_norm': 2.520876169204712, 'learning_rate': 1.3333333333333333e-05, 'epoch': 6.67}
{'loss': 0.7947, 'grad_norm': 1.9668368101119995, 'learning_rate': 1.5238095238095241e-05, 'epoch': 7.62}
{'loss': 0.5874, 'grad_norm': 1.475361704826355, 'learning_rate': 1.7142857142857145e-05, 'epoch': 8.57}
{'loss': 0.412, 'grad_norm': 1.1936564445495605, 'learning_rate': 1.9047619047619046e-05, 'epoch': 9.52}
{'loss': 0.2371, 'grad_norm': 1.1704342365264893, 'learning_rate': 2.0952380952380954e-05, 'epoch': 10.48}
{'loss': 0.0364, 'grad_norm': 1.2266868352890015, 'learning_rate': 2.2857142857142858e-05, 'epoch': 11.43}
{'loss': -0.1561, 'grad_norm': 0.9902448654174805, 'learning_rate': 2.4761904761904762e-05, 'epoch': 12.38}
{'loss': -0.333, 'grad_norm': 0.953141987323761, 'learning_rate': 2.6666666666666667e-05, 'epoch': 13.33}
{'loss': -0.5284, 'grad_norm': 0.9461631178855896, 'learning_rate': 2.857142857142857e-05, 'epoch': 14.29}
{'loss': -0.7227, 'grad_norm': 1.0040987730026245, 'learning_rate': 3.0476190476190482e-05, 'epoch': 15.24}
{'loss': -0.874, 'grad_norm': 1.2710623741149902, 'learning_rate': 3.2380952380952386e-05, 'epoch': 16.19}
{'loss': -1.0033, 'grad_norm': 1.710334300994873, 'learning_rate': 3.428571428571429e-05, 'epoch': 17.14}
{'loss': -1.1284, 'grad_norm': 1.8643158674240112, 'learning_rate': 3.619047619047619e-05, 'epoch': 18.1}
{'loss': -1.2434, 'grad_norm': 2.369812488555908, 'learning_rate': 3.809523809523809e-05, 'epoch': 19.05}
{'loss': -1.349, 'grad_norm': 4.406843185424805, 'learning_rate': 4e-05, 'epoch': 20.0}
{'loss': -1.4469, 'grad_norm': 1.811612606048584, 'learning_rate': 4.190476190476191e-05, 'epoch': 20.95}
{'loss': -1.5269, 'grad_norm': 2.539766788482666, 'learning_rate': 4.380952380952381e-05, 'epoch': 21.9}
{'loss': -1.5941, 'grad_norm': 2.572340250015259, 'learning_rate': 4.5714285714285716e-05, 'epoch': 22.86}
{'loss': -1.6522, 'grad_norm': 1.805498480796814, 'learning_rate': 4.761904761904762e-05, 'epoch': 23.81}
{'loss': -1.7113, 'grad_norm': 2.5450992584228516, 'learning_rate': 4.9523809523809525e-05, 'epoch': 24.76}
{'loss': -1.7603, 'grad_norm': 4.615530967712402, 'learning_rate': 5.142857142857143e-05, 'epoch': 25.71}
{'loss': -1.8061, 'grad_norm': 4.785090923309326, 'learning_rate': 5.333333333333333e-05, 'epoch': 26.67}
{'loss': -1.8491, 'grad_norm': 3.1223199367523193, 'learning_rate': 5.5238095238095244e-05, 'epoch': 27.62}
{'loss': -1.8835, 'grad_norm': 4.259742736816406, 'learning_rate': 5.714285714285714e-05, 'epoch': 28.57}
{'loss': -1.9172, 'grad_norm': 3.105712413787842, 'learning_rate': 5.904761904761905e-05, 'epoch': 29.52}
{'loss': -1.9547, 'grad_norm': 6.80826997756958, 'learning_rate': 6.0952380952380964e-05, 'epoch': 30.48}
{'loss': -1.99, 'grad_norm': 3.7743282318115234, 'learning_rate': 6.285714285714286e-05, 'epoch': 31.43}
{'loss': -2.0221, 'grad_norm': 8.620594024658203, 'learning_rate': 6.476190476190477e-05, 'epoch': 32.38}
{'loss': -2.0454, 'grad_norm': 6.663092613220215, 'learning_rate': 6.666666666666667e-05, 'epoch': 33.33}
{'loss': -2.0656, 'grad_norm': 7.798661708831787, 'learning_rate': 6.857142857142858e-05, 'epoch': 34.29}
{'loss': -2.092, 'grad_norm': 5.340525150299072, 'learning_rate': 7.047619047619048e-05, 'epoch': 35.24}
{'loss': -2.1165, 'grad_norm': 7.28963565826416, 'learning_rate': 7.238095238095238e-05, 'epoch': 36.19}
{'loss': -2.1395, 'grad_norm': 8.542047500610352, 'learning_rate': 7.428571428571429e-05, 'epoch': 37.14}
{'loss': -2.1601, 'grad_norm': 6.460812091827393, 'learning_rate': 7.619047619047618e-05, 'epoch': 38.1}
{'loss': -2.1814, 'grad_norm': 6.9235734939575195, 'learning_rate': 7.80952380952381e-05, 'epoch': 39.05}
{'loss': -2.2057, 'grad_norm': 18.46060562133789, 'learning_rate': 8e-05, 'epoch': 40.0}
{'loss': -2.219, 'grad_norm': 7.144994258880615, 'learning_rate': 8.19047619047619e-05, 'epoch': 40.95}
{'loss': -2.2412, 'grad_norm': 7.868948459625244, 'learning_rate': 8.380952380952382e-05, 'epoch': 41.9}
{'loss': -2.2583, 'grad_norm': 8.885994911193848, 'learning_rate': 8.571428571428571e-05, 'epoch': 42.86}
{'loss': -2.2586, 'grad_norm': 20.27455711364746, 'learning_rate': 8.761904761904762e-05, 'epoch': 43.81}
{'loss': -2.2786, 'grad_norm': 9.370469093322754, 'learning_rate': 8.952380952380953e-05, 'epoch': 44.76}
{'loss': -2.2989, 'grad_norm': 9.916912078857422, 'learning_rate': 9.142857142857143e-05, 'epoch': 45.71}
{'loss': -2.3165, 'grad_norm': 4.334662914276123, 'learning_rate': 9.333333333333334e-05, 'epoch': 46.67}
{'loss': -2.3323, 'grad_norm': 7.355871200561523, 'learning_rate': 9.523809523809524e-05, 'epoch': 47.62}
{'loss': -2.3446, 'grad_norm': 15.582228660583496, 'learning_rate': 9.714285714285715e-05, 'epoch': 48.57}
{'loss': -2.3621, 'grad_norm': 11.424687385559082, 'learning_rate': 9.904761904761905e-05, 'epoch': 49.52}
{'loss': -2.3738, 'grad_norm': 8.566886901855469, 'learning_rate': 9.989417989417989e-05, 'epoch': 50.48}
{'loss': -2.3965, 'grad_norm': 17.223552703857422, 'learning_rate': 9.968253968253969e-05, 'epoch': 51.43}
{'loss': -2.4051, 'grad_norm': 10.355453491210938, 'learning_rate': 9.947089947089946e-05, 'epoch': 52.38}
{'loss': -2.4184, 'grad_norm': 15.953011512756348, 'learning_rate': 9.925925925925926e-05, 'epoch': 53.33}
{'loss': -2.4319, 'grad_norm': 14.948105812072754, 'learning_rate': 9.904761904761905e-05, 'epoch': 54.29}
{'loss': -2.442, 'grad_norm': 20.14065170288086, 'learning_rate': 9.883597883597884e-05, 'epoch': 55.24}
{'loss': -2.4544, 'grad_norm': 14.093446731567383, 'learning_rate': 9.862433862433864e-05, 'epoch': 56.19}
{'loss': -2.4691, 'grad_norm': 19.277700424194336, 'learning_rate': 9.841269841269841e-05, 'epoch': 57.14}
{'loss': -2.4802, 'grad_norm': 19.046279907226562, 'learning_rate': 9.820105820105821e-05, 'epoch': 58.1}
{'loss': -2.4923, 'grad_norm': 12.774539947509766, 'learning_rate': 9.7989417989418e-05, 'epoch': 59.05}
{'loss': -2.5016, 'grad_norm': 32.52497863769531, 'learning_rate': 9.777777777777778e-05, 'epoch': 60.0}
{'loss': -2.5089, 'grad_norm': 9.111639022827148, 'learning_rate': 9.756613756613757e-05, 'epoch': 60.95}
{'loss': -2.5274, 'grad_norm': 10.203829765319824, 'learning_rate': 9.735449735449735e-05, 'epoch': 61.9}
{'loss': -2.5406, 'grad_norm': 8.328492164611816, 'learning_rate': 9.714285714285715e-05, 'epoch': 62.86}
{'loss': -2.5475, 'grad_norm': 18.95615005493164, 'learning_rate': 9.693121693121694e-05, 'epoch': 63.81}
{'loss': -2.5612, 'grad_norm': 15.621002197265625, 'learning_rate': 9.671957671957672e-05, 'epoch': 64.76}
{'loss': -2.5734, 'grad_norm': 8.717266082763672, 'learning_rate': 9.650793650793651e-05, 'epoch': 65.71}
{'loss': -2.5851, 'grad_norm': 12.6631498336792, 'learning_rate': 9.62962962962963e-05, 'epoch': 66.67}
{'loss': -2.5947, 'grad_norm': 16.844200134277344, 'learning_rate': 9.608465608465608e-05, 'epoch': 67.62}
{'loss': -2.6086, 'grad_norm': 22.78313636779785, 'learning_rate': 9.587301587301588e-05, 'epoch': 68.57}
{'loss': -2.6148, 'grad_norm': 13.356311798095703, 'learning_rate': 9.566137566137567e-05, 'epoch': 69.52}
{'loss': -2.63, 'grad_norm': 7.99779748916626, 'learning_rate': 9.544973544973545e-05, 'epoch': 70.48}
{'loss': -2.6372, 'grad_norm': 11.052135467529297, 'learning_rate': 9.523809523809524e-05, 'epoch': 71.43}
{'loss': -2.6495, 'grad_norm': 13.859465599060059, 'learning_rate': 9.502645502645503e-05, 'epoch': 72.38}
{'loss': -2.6586, 'grad_norm': 16.895116806030273, 'learning_rate': 9.481481481481483e-05, 'epoch': 73.33}
{'loss': -2.6623, 'grad_norm': 22.791656494140625, 'learning_rate': 9.46031746031746e-05, 'epoch': 74.29}
{'loss': -2.6689, 'grad_norm': 17.417421340942383, 'learning_rate': 9.43915343915344e-05, 'epoch': 75.24}
{'loss': -2.676, 'grad_norm': 26.94476318359375, 'learning_rate': 9.417989417989419e-05, 'epoch': 76.19}
{'loss': -2.6797, 'grad_norm': 14.308075904846191, 'learning_rate': 9.396825396825397e-05, 'epoch': 77.14}
{'loss': -2.6854, 'grad_norm': 24.941905975341797, 'learning_rate': 9.375661375661377e-05, 'epoch': 78.1}
{'loss': -2.6945, 'grad_norm': 19.033843994140625, 'learning_rate': 9.354497354497354e-05, 'epoch': 79.05}
{'loss': -2.703, 'grad_norm': 24.246246337890625, 'learning_rate': 9.333333333333334e-05, 'epoch': 80.0}
{'loss': -2.7149, 'grad_norm': 19.95506477355957, 'learning_rate': 9.312169312169312e-05, 'epoch': 80.95}
{'loss': -2.7239, 'grad_norm': 21.070131301879883, 'learning_rate': 9.291005291005292e-05, 'epoch': 81.9}
{'loss': -2.7194, 'grad_norm': 10.148432731628418, 'learning_rate': 9.26984126984127e-05, 'epoch': 82.86}
{'loss': -2.7294, 'grad_norm': 16.221927642822266, 'learning_rate': 9.248677248677249e-05, 'epoch': 83.81}
{'loss': -2.7472, 'grad_norm': 12.167876243591309, 'learning_rate': 9.227513227513229e-05, 'epoch': 84.76}
{'loss': -2.747, 'grad_norm': 17.513492584228516, 'learning_rate': 9.206349206349206e-05, 'epoch': 85.71}
{'loss': -2.7639, 'grad_norm': 22.143367767333984, 'learning_rate': 9.185185185185186e-05, 'epoch': 86.67}
{'loss': -2.7632, 'grad_norm': 17.042325973510742, 'learning_rate': 9.164021164021165e-05, 'epoch': 87.62}
{'loss': -2.7747, 'grad_norm': 23.466888427734375, 'learning_rate': 9.142857142857143e-05, 'epoch': 88.57}
{'loss': -2.7797, 'grad_norm': 18.67095375061035, 'learning_rate': 9.121693121693122e-05, 'epoch': 89.52}
{'loss': -2.7913, 'grad_norm': 12.583864212036133, 'learning_rate': 9.1005291005291e-05, 'epoch': 90.48}
{'loss': -2.7963, 'grad_norm': 20.61966896057129, 'learning_rate': 9.079365079365079e-05, 'epoch': 91.43}
{'loss': -2.8064, 'grad_norm': 16.30317497253418, 'learning_rate': 9.058201058201059e-05, 'epoch': 92.38}
{'loss': -2.8079, 'grad_norm': 27.686777114868164, 'learning_rate': 9.037037037037038e-05, 'epoch': 93.33}
{'loss': -2.8181, 'grad_norm': 19.98192024230957, 'learning_rate': 9.015873015873016e-05, 'epoch': 94.29}
{'loss': -2.827, 'grad_norm': 26.924877166748047, 'learning_rate': 8.994708994708995e-05, 'epoch': 95.24}
{'loss': -2.8347, 'grad_norm': 16.34125518798828, 'learning_rate': 8.973544973544973e-05, 'epoch': 96.19}
{'loss': -2.8376, 'grad_norm': 17.74840545654297, 'learning_rate': 8.952380952380953e-05, 'epoch': 97.14}
{'loss': -2.8406, 'grad_norm': 18.068084716796875, 'learning_rate': 8.931216931216931e-05, 'epoch': 98.1}
{'loss': -2.8527, 'grad_norm': 16.31892204284668, 'learning_rate': 8.910052910052911e-05, 'epoch': 99.05}
{'loss': -2.8613, 'grad_norm': 24.732881546020508, 'learning_rate': 8.888888888888889e-05, 'epoch': 100.0}
{'loss': -2.8636, 'grad_norm': 16.004331588745117, 'learning_rate': 8.867724867724868e-05, 'epoch': 100.95}
{'loss': -2.8741, 'grad_norm': 24.87994956970215, 'learning_rate': 8.846560846560848e-05, 'epoch': 101.9}
{'loss': -2.8804, 'grad_norm': 21.47942543029785, 'learning_rate': 8.825396825396825e-05, 'epoch': 102.86}
{'loss': -2.8826, 'grad_norm': 13.951618194580078, 'learning_rate': 8.804232804232805e-05, 'epoch': 103.81}
{'loss': -2.8837, 'grad_norm': 13.94396686553955, 'learning_rate': 8.783068783068782e-05, 'epoch': 104.76}
{'loss': -2.8904, 'grad_norm': 19.522977828979492, 'learning_rate': 8.761904761904762e-05, 'epoch': 105.71}
{'loss': -2.8859, 'grad_norm': 29.26812744140625, 'learning_rate': 8.740740740740741e-05, 'epoch': 106.67}
{'loss': -2.902, 'grad_norm': 32.48432540893555, 'learning_rate': 8.71957671957672e-05, 'epoch': 107.62}
{'loss': -2.9009, 'grad_norm': 23.64738655090332, 'learning_rate': 8.6984126984127e-05, 'epoch': 108.57}
{'loss': -2.9053, 'grad_norm': 23.991308212280273, 'learning_rate': 8.677248677248677e-05, 'epoch': 109.52}
{'loss': -2.9147, 'grad_norm': 28.471134185791016, 'learning_rate': 8.656084656084657e-05, 'epoch': 110.48}
{'loss': -2.9194, 'grad_norm': 14.154120445251465, 'learning_rate': 8.634920634920635e-05, 'epoch': 111.43}
{'loss': -2.9269, 'grad_norm': 15.001876831054688, 'learning_rate': 8.613756613756614e-05, 'epoch': 112.38}
{'loss': -2.9371, 'grad_norm': 26.13726234436035, 'learning_rate': 8.592592592592593e-05, 'epoch': 113.33}
{'loss': -2.9364, 'grad_norm': 25.45560646057129, 'learning_rate': 8.571428571428571e-05, 'epoch': 114.29}
{'loss': -2.9466, 'grad_norm': 22.86504364013672, 'learning_rate': 8.550264550264551e-05, 'epoch': 115.24}
{'loss': -2.9529, 'grad_norm': 18.876678466796875, 'learning_rate': 8.52910052910053e-05, 'epoch': 116.19}
{'loss': -2.9614, 'grad_norm': 16.720325469970703, 'learning_rate': 8.507936507936508e-05, 'epoch': 117.14}
{'loss': -2.961, 'grad_norm': 14.43559455871582, 'learning_rate': 8.486772486772487e-05, 'epoch': 118.1}
{'loss': -2.9716, 'grad_norm': 20.84836196899414, 'learning_rate': 8.465608465608466e-05, 'epoch': 119.05}
{'loss': -2.9774, 'grad_norm': 85.47893524169922, 'learning_rate': 8.444444444444444e-05, 'epoch': 120.0}
{'loss': -2.9845, 'grad_norm': 22.42232894897461, 'learning_rate': 8.423280423280424e-05, 'epoch': 120.95}
{'loss': -2.976, 'grad_norm': 23.472211837768555, 'learning_rate': 8.402116402116403e-05, 'epoch': 121.9}
{'loss': -2.9813, 'grad_norm': 30.35192108154297, 'learning_rate': 8.380952380952382e-05, 'epoch': 122.86}
{'loss': -2.9886, 'grad_norm': 33.41828155517578, 'learning_rate': 8.35978835978836e-05, 'epoch': 123.81}
{'loss': -2.9871, 'grad_norm': 25.41731834411621, 'learning_rate': 8.338624338624339e-05, 'epoch': 124.76}
{'loss': -2.9976, 'grad_norm': 20.641382217407227, 'learning_rate': 8.317460317460319e-05, 'epoch': 125.71}
{'loss': -3.007, 'grad_norm': 22.44635581970215, 'learning_rate': 8.296296296296296e-05, 'epoch': 126.67}
{'loss': -3.01, 'grad_norm': 25.4497013092041, 'learning_rate': 8.275132275132276e-05, 'epoch': 127.62}
{'loss': -3.0134, 'grad_norm': 28.492481231689453, 'learning_rate': 8.253968253968255e-05, 'epoch': 128.57}
{'loss': -3.0134, 'grad_norm': 22.109922409057617, 'learning_rate': 8.232804232804233e-05, 'epoch': 129.52}
{'loss': -3.023, 'grad_norm': 19.75250244140625, 'learning_rate': 8.211640211640212e-05, 'epoch': 130.48}
{'loss': -3.0341, 'grad_norm': 15.50324821472168, 'learning_rate': 8.19047619047619e-05, 'epoch': 131.43}
{'loss': -3.0353, 'grad_norm': 31.89714813232422, 'learning_rate': 8.16931216931217e-05, 'epoch': 132.38}
{'loss': -3.0398, 'grad_norm': 20.435890197753906, 'learning_rate': 8.148148148148148e-05, 'epoch': 133.33}
{'loss': -3.0433, 'grad_norm': 20.77790641784668, 'learning_rate': 8.126984126984128e-05, 'epoch': 134.29}
{'loss': -3.0399, 'grad_norm': 39.21586227416992, 'learning_rate': 8.105820105820106e-05, 'epoch': 135.24}
{'loss': -3.0462, 'grad_norm': 31.673316955566406, 'learning_rate': 8.084656084656085e-05, 'epoch': 136.19}
{'loss': -3.0526, 'grad_norm': 23.781291961669922, 'learning_rate': 8.063492063492063e-05, 'epoch': 137.14}
{'loss': -3.0648, 'grad_norm': 37.75584030151367, 'learning_rate': 8.042328042328042e-05, 'epoch': 138.1}
{'loss': -3.0634, 'grad_norm': 19.617589950561523, 'learning_rate': 8.021164021164022e-05, 'epoch': 139.05}
{'loss': -3.0682, 'grad_norm': 35.85655212402344, 'learning_rate': 8e-05, 'epoch': 140.0}
{'loss': -3.0682, 'grad_norm': 38.92897033691406, 'learning_rate': 7.978835978835979e-05, 'epoch': 140.95}
{'loss': -3.0735, 'grad_norm': 14.632221221923828, 'learning_rate': 7.957671957671958e-05, 'epoch': 141.9}
{'loss': -3.0803, 'grad_norm': 34.02367401123047, 'learning_rate': 7.936507936507937e-05, 'epoch': 142.86}
{'loss': -3.0907, 'grad_norm': 31.573165893554688, 'learning_rate': 7.915343915343915e-05, 'epoch': 143.81}
{'loss': -3.0972, 'grad_norm': 25.020185470581055, 'learning_rate': 7.894179894179895e-05, 'epoch': 144.76}
{'loss': -3.0863, 'grad_norm': 30.39629554748535, 'learning_rate': 7.873015873015874e-05, 'epoch': 145.71}
{'loss': -3.0938, 'grad_norm': 27.74641990661621, 'learning_rate': 7.851851851851852e-05, 'epoch': 146.67}
{'loss': -3.104, 'grad_norm': 16.531877517700195, 'learning_rate': 7.830687830687831e-05, 'epoch': 147.62}
{'loss': -3.107, 'grad_norm': 28.002347946166992, 'learning_rate': 7.80952380952381e-05, 'epoch': 148.57}
{'loss': -3.1086, 'grad_norm': 20.600482940673828, 'learning_rate': 7.78835978835979e-05, 'epoch': 149.52}
{'loss': -3.1143, 'grad_norm': 23.026113510131836, 'learning_rate': 7.767195767195767e-05, 'epoch': 150.48}
{'loss': -3.1215, 'grad_norm': 26.537389755249023, 'learning_rate': 7.746031746031747e-05, 'epoch': 151.43}
{'loss': -3.1267, 'grad_norm': 27.513206481933594, 'learning_rate': 7.724867724867725e-05, 'epoch': 152.38}
{'loss': -3.1287, 'grad_norm': 23.992828369140625, 'learning_rate': 7.703703703703704e-05, 'epoch': 153.33}
{'loss': -3.1351, 'grad_norm': 27.408588409423828, 'learning_rate': 7.682539682539684e-05, 'epoch': 154.29}
{'loss': -3.1369, 'grad_norm': 14.82827091217041, 'learning_rate': 7.661375661375661e-05, 'epoch': 155.24}
{'loss': -3.14, 'grad_norm': 18.77469825744629, 'learning_rate': 7.640211640211641e-05, 'epoch': 156.19}
{'loss': -3.142, 'grad_norm': 21.571739196777344, 'learning_rate': 7.619047619047618e-05, 'epoch': 157.14}
{'loss': -3.1392, 'grad_norm': 25.962371826171875, 'learning_rate': 7.597883597883598e-05, 'epoch': 158.1}
{'loss': -3.1508, 'grad_norm': 31.8961238861084, 'learning_rate': 7.576719576719577e-05, 'epoch': 159.05}
{'loss': -3.1575, 'grad_norm': 135.03150939941406, 'learning_rate': 7.555555555555556e-05, 'epoch': 160.0}
{'loss': -3.1613, 'grad_norm': 35.07147216796875, 'learning_rate': 7.534391534391536e-05, 'epoch': 160.95}
{'loss': -3.1648, 'grad_norm': 22.37113380432129, 'learning_rate': 7.513227513227513e-05, 'epoch': 161.9}
{'loss': -3.1656, 'grad_norm': 29.62489891052246, 'learning_rate': 7.492063492063493e-05, 'epoch': 162.86}
{'loss': -3.1761, 'grad_norm': 29.955760955810547, 'learning_rate': 7.470899470899471e-05, 'epoch': 163.81}
{'loss': -3.1779, 'grad_norm': 28.951929092407227, 'learning_rate': 7.44973544973545e-05, 'epoch': 164.76}
{'loss': -3.177, 'grad_norm': 16.422060012817383, 'learning_rate': 7.428571428571429e-05, 'epoch': 165.71}
{'loss': -3.1788, 'grad_norm': 23.69049644470215, 'learning_rate': 7.407407407407407e-05, 'epoch': 166.67}
{'loss': -3.1854, 'grad_norm': 22.613801956176758, 'learning_rate': 7.386243386243387e-05, 'epoch': 167.62}
{'loss': -3.1911, 'grad_norm': 23.01959800720215, 'learning_rate': 7.365079365079366e-05, 'epoch': 168.57}
{'loss': -3.1933, 'grad_norm': 17.471704483032227, 'learning_rate': 7.343915343915345e-05, 'epoch': 169.52}
{'loss': -3.1953, 'grad_norm': 27.47174644470215, 'learning_rate': 7.322751322751323e-05, 'epoch': 170.48}
{'loss': -3.2008, 'grad_norm': 22.101215362548828, 'learning_rate': 7.301587301587302e-05, 'epoch': 171.43}
{'loss': -3.2033, 'grad_norm': 41.29189682006836, 'learning_rate': 7.28042328042328e-05, 'epoch': 172.38}
{'loss': -3.2061, 'grad_norm': 18.185211181640625, 'learning_rate': 7.25925925925926e-05, 'epoch': 173.33}
{'loss': -3.2099, 'grad_norm': 22.789962768554688, 'learning_rate': 7.238095238095238e-05, 'epoch': 174.29}
{'loss': -3.1963, 'grad_norm': 26.169462203979492, 'learning_rate': 7.216931216931218e-05, 'epoch': 175.24}
{'loss': -3.2169, 'grad_norm': 26.35124397277832, 'learning_rate': 7.195767195767196e-05, 'epoch': 176.19}
{'loss': -3.2176, 'grad_norm': 32.6051139831543, 'learning_rate': 7.174603174603175e-05, 'epoch': 177.14}
{'loss': -3.2161, 'grad_norm': 34.09535217285156, 'learning_rate': 7.153439153439155e-05, 'epoch': 178.1}
{'loss': -3.2237, 'grad_norm': 31.88570213317871, 'learning_rate': 7.132275132275132e-05, 'epoch': 179.05}
{'loss': -3.2279, 'grad_norm': 43.478973388671875, 'learning_rate': 7.111111111111112e-05, 'epoch': 180.0}
{'loss': -3.2338, 'grad_norm': 29.655189514160156, 'learning_rate': 7.089947089947089e-05, 'epoch': 180.95}
{'loss': -3.2366, 'grad_norm': 25.967784881591797, 'learning_rate': 7.068783068783069e-05, 'epoch': 181.9}
{'loss': -3.2382, 'grad_norm': 32.94261932373047, 'learning_rate': 7.047619047619048e-05, 'epoch': 182.86}
{'loss': -3.2474, 'grad_norm': 25.286209106445312, 'learning_rate': 7.026455026455026e-05, 'epoch': 183.81}
{'loss': -3.2532, 'grad_norm': 26.20478057861328, 'learning_rate': 7.005291005291006e-05, 'epoch': 184.76}
{'loss': -3.2407, 'grad_norm': 44.46044158935547, 'learning_rate': 6.984126984126984e-05, 'epoch': 185.71}
{'loss': -3.2378, 'grad_norm': 26.865644454956055, 'learning_rate': 6.962962962962964e-05, 'epoch': 186.67}
{'loss': -3.2429, 'grad_norm': 38.38935470581055, 'learning_rate': 6.941798941798942e-05, 'epoch': 187.62}
{'loss': -3.2462, 'grad_norm': 18.12860107421875, 'learning_rate': 6.920634920634921e-05, 'epoch': 188.57}
{'loss': -3.2559, 'grad_norm': 25.655988693237305, 'learning_rate': 6.8994708994709e-05, 'epoch': 189.52}
{'loss': -3.2605, 'grad_norm': 27.798419952392578, 'learning_rate': 6.878306878306878e-05, 'epoch': 190.48}
{'loss': -3.2537, 'grad_norm': 35.718379974365234, 'learning_rate': 6.857142857142858e-05, 'epoch': 191.43}
{'loss': -3.2638, 'grad_norm': 33.05488967895508, 'learning_rate': 6.835978835978837e-05, 'epoch': 192.38}
{'loss': -3.27, 'grad_norm': 24.96894645690918, 'learning_rate': 6.814814814814815e-05, 'epoch': 193.33}
{'loss': -3.2761, 'grad_norm': 33.51172637939453, 'learning_rate': 6.793650793650794e-05, 'epoch': 194.29}
{'loss': -3.2759, 'grad_norm': 29.77675437927246, 'learning_rate': 6.772486772486773e-05, 'epoch': 195.24}
{'loss': -3.2748, 'grad_norm': 38.77944564819336, 'learning_rate': 6.751322751322751e-05, 'epoch': 196.19}
{'loss': -3.2801, 'grad_norm': 25.545949935913086, 'learning_rate': 6.730158730158731e-05, 'epoch': 197.14}
{'loss': -3.2815, 'grad_norm': 28.262521743774414, 'learning_rate': 6.70899470899471e-05, 'epoch': 198.1}
{'loss': -3.282, 'grad_norm': 30.960092544555664, 'learning_rate': 6.687830687830688e-05, 'epoch': 199.05}
{'loss': -3.2821, 'grad_norm': 28.28180694580078, 'learning_rate': 6.666666666666667e-05, 'epoch': 200.0}
{'loss': -3.2822, 'grad_norm': 29.036907196044922, 'learning_rate': 6.645502645502646e-05, 'epoch': 200.95}
{'loss': -3.2897, 'grad_norm': 25.631731033325195, 'learning_rate': 6.624338624338626e-05, 'epoch': 201.9}
{'loss': -3.2881, 'grad_norm': 41.463897705078125, 'learning_rate': 6.603174603174603e-05, 'epoch': 202.86}
{'loss': -3.3013, 'grad_norm': 29.722991943359375, 'learning_rate': 6.582010582010583e-05, 'epoch': 203.81}
{'loss': -3.3063, 'grad_norm': 27.08580207824707, 'learning_rate': 6.560846560846561e-05, 'epoch': 204.76}
{'loss': -3.3047, 'grad_norm': 22.05021095275879, 'learning_rate': 6.53968253968254e-05, 'epoch': 205.71}
{'loss': -3.3075, 'grad_norm': 16.274131774902344, 'learning_rate': 6.51851851851852e-05, 'epoch': 206.67}
{'loss': -3.3054, 'grad_norm': 36.36974334716797, 'learning_rate': 6.497354497354497e-05, 'epoch': 207.62}
{'loss': -3.3152, 'grad_norm': 26.57403564453125, 'learning_rate': 6.476190476190477e-05, 'epoch': 208.57}
{'loss': -3.3125, 'grad_norm': 52.21299362182617, 'learning_rate': 6.455026455026454e-05, 'epoch': 209.52}
{'loss': -3.3186, 'grad_norm': 23.82473373413086, 'learning_rate': 6.433862433862434e-05, 'epoch': 210.48}
{'loss': -3.3222, 'grad_norm': 21.739513397216797, 'learning_rate': 6.412698412698413e-05, 'epoch': 211.43}
{'loss': -3.3076, 'grad_norm': 40.989498138427734, 'learning_rate': 6.391534391534392e-05, 'epoch': 212.38}
{'loss': -3.3217, 'grad_norm': 22.013277053833008, 'learning_rate': 6.37037037037037e-05, 'epoch': 213.33}
{'loss': -3.3272, 'grad_norm': 24.015413284301758, 'learning_rate': 6.349206349206349e-05, 'epoch': 214.29}
{'loss': -3.3286, 'grad_norm': 36.2105712890625, 'learning_rate': 6.328042328042329e-05, 'epoch': 215.24}
{'loss': -3.3349, 'grad_norm': 31.219511032104492, 'learning_rate': 6.306878306878308e-05, 'epoch': 216.19}
{'loss': -3.3402, 'grad_norm': 53.36052703857422, 'learning_rate': 6.285714285714286e-05, 'epoch': 217.14}
{'loss': -3.3154, 'grad_norm': 42.58887481689453, 'learning_rate': 6.264550264550265e-05, 'epoch': 218.1}
{'loss': -3.3432, 'grad_norm': 25.68313980102539, 'learning_rate': 6.243386243386243e-05, 'epoch': 219.05}
{'loss': -3.3448, 'grad_norm': 23.364471435546875, 'learning_rate': 6.222222222222222e-05, 'epoch': 220.0}
{'loss': -3.3402, 'grad_norm': 31.120059967041016, 'learning_rate': 6.201058201058202e-05, 'epoch': 220.95}
{'loss': -3.3473, 'grad_norm': 19.623580932617188, 'learning_rate': 6.17989417989418e-05, 'epoch': 221.9}
{'loss': -3.3482, 'grad_norm': 27.032440185546875, 'learning_rate': 6.158730158730159e-05, 'epoch': 222.86}
{'loss': -3.3559, 'grad_norm': 30.14234733581543, 'learning_rate': 6.137566137566138e-05, 'epoch': 223.81}
{'loss': -3.3502, 'grad_norm': 20.096290588378906, 'learning_rate': 6.116402116402116e-05, 'epoch': 224.76}
{'loss': -3.3308, 'grad_norm': 23.35410499572754, 'learning_rate': 6.0952380952380964e-05, 'epoch': 225.71}
{'loss': -3.3477, 'grad_norm': 38.38040542602539, 'learning_rate': 6.074074074074074e-05, 'epoch': 226.67}
{'loss': -3.3563, 'grad_norm': 32.842411041259766, 'learning_rate': 6.0529100529100536e-05, 'epoch': 227.62}
{'loss': -3.3631, 'grad_norm': 31.65083885192871, 'learning_rate': 6.0317460317460316e-05, 'epoch': 228.57}
{'loss': -3.3703, 'grad_norm': 29.27970314025879, 'learning_rate': 6.010582010582011e-05, 'epoch': 229.52}
{'loss': -3.37, 'grad_norm': 34.25912094116211, 'learning_rate': 5.9894179894179895e-05, 'epoch': 230.48}
{'loss': -3.3724, 'grad_norm': 21.8048152923584, 'learning_rate': 5.968253968253969e-05, 'epoch': 231.43}
{'loss': -3.3722, 'grad_norm': 43.048221588134766, 'learning_rate': 5.947089947089948e-05, 'epoch': 232.38}
{'loss': -3.3781, 'grad_norm': 21.513179779052734, 'learning_rate': 5.925925925925926e-05, 'epoch': 233.33}
{'loss': -3.3663, 'grad_norm': 44.65660858154297, 'learning_rate': 5.904761904761905e-05, 'epoch': 234.29}
{'loss': -3.3738, 'grad_norm': 33.23817443847656, 'learning_rate': 5.883597883597883e-05, 'epoch': 235.24}
{'loss': -3.3702, 'grad_norm': 39.601802825927734, 'learning_rate': 5.8624338624338625e-05, 'epoch': 236.19}
{'loss': -3.3666, 'grad_norm': 53.194034576416016, 'learning_rate': 5.841269841269842e-05, 'epoch': 237.14}
{'loss': -3.3846, 'grad_norm': 17.873044967651367, 'learning_rate': 5.82010582010582e-05, 'epoch': 238.1}
{'loss': -3.383, 'grad_norm': 35.605350494384766, 'learning_rate': 5.798941798941799e-05, 'epoch': 239.05}
{'loss': -3.3871, 'grad_norm': 56.13745880126953, 'learning_rate': 5.7777777777777776e-05, 'epoch': 240.0}
{'loss': -3.3925, 'grad_norm': 25.571456909179688, 'learning_rate': 5.756613756613757e-05, 'epoch': 240.95}
{'loss': -3.386, 'grad_norm': 45.95138931274414, 'learning_rate': 5.735449735449736e-05, 'epoch': 241.9}
{'loss': -3.3846, 'grad_norm': 25.780311584472656, 'learning_rate': 5.714285714285714e-05, 'epoch': 242.86}
{'loss': -3.3985, 'grad_norm': 26.99927520751953, 'learning_rate': 5.6931216931216935e-05, 'epoch': 243.81}
{'loss': -3.4004, 'grad_norm': 36.838661193847656, 'learning_rate': 5.6719576719576714e-05, 'epoch': 244.76}
{'loss': -3.3937, 'grad_norm': 25.69478416442871, 'learning_rate': 5.650793650793651e-05, 'epoch': 245.71}
{'loss': -3.4025, 'grad_norm': 32.69157409667969, 'learning_rate': 5.62962962962963e-05, 'epoch': 246.67}
{'loss': -3.4089, 'grad_norm': 24.663190841674805, 'learning_rate': 5.6084656084656086e-05, 'epoch': 247.62}
{'loss': -3.4015, 'grad_norm': 36.89644241333008, 'learning_rate': 5.587301587301588e-05, 'epoch': 248.57}
{'loss': -3.4019, 'grad_norm': 46.005985260009766, 'learning_rate': 5.566137566137566e-05, 'epoch': 249.52}
{'loss': -3.4036, 'grad_norm': 49.18088912963867, 'learning_rate': 5.544973544973545e-05, 'epoch': 250.48}
{'loss': -3.4041, 'grad_norm': 30.326871871948242, 'learning_rate': 5.5238095238095244e-05, 'epoch': 251.43}
{'loss': -3.4113, 'grad_norm': 36.02979278564453, 'learning_rate': 5.5026455026455024e-05, 'epoch': 252.38}
{'loss': -3.4175, 'grad_norm': 22.15213394165039, 'learning_rate': 5.4814814814814817e-05, 'epoch': 253.33}
{'loss': -3.4194, 'grad_norm': 21.99630355834961, 'learning_rate': 5.46031746031746e-05, 'epoch': 254.29}
{'loss': -3.4204, 'grad_norm': 28.860095977783203, 'learning_rate': 5.4391534391534396e-05, 'epoch': 255.24}
{'loss': -3.4271, 'grad_norm': 13.914411544799805, 'learning_rate': 5.417989417989419e-05, 'epoch': 256.19}
{'loss': -3.4283, 'grad_norm': 31.062545776367188, 'learning_rate': 5.396825396825397e-05, 'epoch': 257.14}
{'loss': -3.4279, 'grad_norm': 43.212738037109375, 'learning_rate': 5.375661375661376e-05, 'epoch': 258.1}
{'loss': -3.4307, 'grad_norm': 42.993675231933594, 'learning_rate': 5.354497354497354e-05, 'epoch': 259.05}
{'loss': -3.4289, 'grad_norm': 36.89670944213867, 'learning_rate': 5.333333333333333e-05, 'epoch': 260.0}
{'loss': -3.4368, 'grad_norm': 36.97404479980469, 'learning_rate': 5.3121693121693126e-05, 'epoch': 260.95}
{'loss': -3.4402, 'grad_norm': 18.018817901611328, 'learning_rate': 5.291005291005291e-05, 'epoch': 261.9}
{'loss': -3.4407, 'grad_norm': 33.10884475708008, 'learning_rate': 5.2698412698412705e-05, 'epoch': 262.86}
{'loss': -3.4334, 'grad_norm': 40.23567581176758, 'learning_rate': 5.2486772486772485e-05, 'epoch': 263.81}
{'loss': -3.4341, 'grad_norm': 38.857479095458984, 'learning_rate': 5.227513227513228e-05, 'epoch': 264.76}
{'loss': -3.4348, 'grad_norm': 46.91133117675781, 'learning_rate': 5.206349206349207e-05, 'epoch': 265.71}
{'loss': -3.4403, 'grad_norm': 25.95058250427246, 'learning_rate': 5.185185185185185e-05, 'epoch': 266.67}
{'loss': -3.4495, 'grad_norm': 20.85215950012207, 'learning_rate': 5.164021164021164e-05, 'epoch': 267.62}
{'loss': -3.44, 'grad_norm': 29.390926361083984, 'learning_rate': 5.142857142857143e-05, 'epoch': 268.57}
{'loss': -3.4509, 'grad_norm': 29.385347366333008, 'learning_rate': 5.121693121693122e-05, 'epoch': 269.52}
{'loss': -3.4489, 'grad_norm': 26.828723907470703, 'learning_rate': 5.1005291005291015e-05, 'epoch': 270.48}
{'loss': -3.4544, 'grad_norm': 43.60454177856445, 'learning_rate': 5.0793650793650794e-05, 'epoch': 271.43}
{'loss': -3.4571, 'grad_norm': 32.36227798461914, 'learning_rate': 5.058201058201059e-05, 'epoch': 272.38}
{'loss': -3.4615, 'grad_norm': 22.381772994995117, 'learning_rate': 5.0370370370370366e-05, 'epoch': 273.33}
{'loss': -3.4611, 'grad_norm': 37.87466049194336, 'learning_rate': 5.015873015873016e-05, 'epoch': 274.29}
{'loss': -3.4646, 'grad_norm': 34.79638671875, 'learning_rate': 4.9947089947089946e-05, 'epoch': 275.24}
{'loss': -3.4649, 'grad_norm': 33.23424530029297, 'learning_rate': 4.973544973544973e-05, 'epoch': 276.19}
{'loss': -3.466, 'grad_norm': 14.37955379486084, 'learning_rate': 4.9523809523809525e-05, 'epoch': 277.14}
{'loss': -3.4684, 'grad_norm': 19.22568130493164, 'learning_rate': 4.931216931216932e-05, 'epoch': 278.1}
{'loss': -3.4686, 'grad_norm': 26.23295021057129, 'learning_rate': 4.9100529100529104e-05, 'epoch': 279.05}
{'loss': -3.4715, 'grad_norm': 32.0749626159668, 'learning_rate': 4.888888888888889e-05, 'epoch': 280.0}
{'loss': -3.4751, 'grad_norm': 19.935134887695312, 'learning_rate': 4.8677248677248676e-05, 'epoch': 280.95}
{'loss': -3.4769, 'grad_norm': 26.73024559020996, 'learning_rate': 4.846560846560847e-05, 'epoch': 281.9}
{'loss': -3.4754, 'grad_norm': 41.623165130615234, 'learning_rate': 4.8253968253968255e-05, 'epoch': 282.86}
{'loss': -3.4703, 'grad_norm': 44.42157745361328, 'learning_rate': 4.804232804232804e-05, 'epoch': 283.81}
{'loss': -3.4814, 'grad_norm': 43.44130325317383, 'learning_rate': 4.7830687830687834e-05, 'epoch': 284.76}
{'loss': -3.4803, 'grad_norm': 44.894107818603516, 'learning_rate': 4.761904761904762e-05, 'epoch': 285.71}
{'loss': -3.4859, 'grad_norm': 24.08789825439453, 'learning_rate': 4.740740740740741e-05, 'epoch': 286.67}
{'loss': -3.4867, 'grad_norm': 39.15492630004883, 'learning_rate': 4.71957671957672e-05, 'epoch': 287.62}
{'loss': -3.4904, 'grad_norm': 28.685396194458008, 'learning_rate': 4.6984126984126986e-05, 'epoch': 288.57}
{'loss': -3.4912, 'grad_norm': 35.87944793701172, 'learning_rate': 4.677248677248677e-05, 'epoch': 289.52}
{'loss': -3.492, 'grad_norm': 34.481754302978516, 'learning_rate': 4.656084656084656e-05, 'epoch': 290.48}
{'loss': -3.4889, 'grad_norm': 15.826759338378906, 'learning_rate': 4.634920634920635e-05, 'epoch': 291.43}
{'loss': -3.4816, 'grad_norm': 23.18453598022461, 'learning_rate': 4.6137566137566144e-05, 'epoch': 292.38}
{'loss': -3.4939, 'grad_norm': 22.41465950012207, 'learning_rate': 4.592592592592593e-05, 'epoch': 293.33}
{'loss': -3.4922, 'grad_norm': 40.92038345336914, 'learning_rate': 4.5714285714285716e-05, 'epoch': 294.29}
{'loss': -3.4909, 'grad_norm': 30.2034854888916, 'learning_rate': 4.55026455026455e-05, 'epoch': 295.24}
{'loss': -3.4991, 'grad_norm': 36.93244171142578, 'learning_rate': 4.5291005291005295e-05, 'epoch': 296.19}
{'loss': -3.5017, 'grad_norm': 25.022502899169922, 'learning_rate': 4.507936507936508e-05, 'epoch': 297.14}
{'loss': -3.5019, 'grad_norm': 34.63818359375, 'learning_rate': 4.486772486772487e-05, 'epoch': 298.1}
{'loss': -3.4946, 'grad_norm': 43.24332046508789, 'learning_rate': 4.4656084656084654e-05, 'epoch': 299.05}
{'loss': -3.5026, 'grad_norm': 40.156009674072266, 'learning_rate': 4.4444444444444447e-05, 'epoch': 300.0}
{'loss': -3.5079, 'grad_norm': 26.835493087768555, 'learning_rate': 4.423280423280424e-05, 'epoch': 300.95}
{'loss': -3.506, 'grad_norm': 26.595705032348633, 'learning_rate': 4.4021164021164026e-05, 'epoch': 301.9}
{'loss': -3.5098, 'grad_norm': 28.76750373840332, 'learning_rate': 4.380952380952381e-05, 'epoch': 302.86}
{'loss': -3.5027, 'grad_norm': 43.950218200683594, 'learning_rate': 4.35978835978836e-05, 'epoch': 303.81}
{'loss': -3.5097, 'grad_norm': 22.791549682617188, 'learning_rate': 4.3386243386243384e-05, 'epoch': 304.76}
{'loss': -3.5111, 'grad_norm': 18.958925247192383, 'learning_rate': 4.317460317460318e-05, 'epoch': 305.71}
{'loss': -3.5024, 'grad_norm': 50.12279510498047, 'learning_rate': 4.296296296296296e-05, 'epoch': 306.67}
{'loss': -3.5124, 'grad_norm': 37.495479583740234, 'learning_rate': 4.2751322751322756e-05, 'epoch': 307.62}
{'loss': -3.5182, 'grad_norm': 29.54560661315918, 'learning_rate': 4.253968253968254e-05, 'epoch': 308.57}
{'loss': -3.5153, 'grad_norm': 29.493778228759766, 'learning_rate': 4.232804232804233e-05, 'epoch': 309.52}
{'loss': -3.5189, 'grad_norm': 32.97145462036133, 'learning_rate': 4.211640211640212e-05, 'epoch': 310.48}
{'loss': -3.5216, 'grad_norm': 16.879106521606445, 'learning_rate': 4.190476190476191e-05, 'epoch': 311.43}
{'loss': -3.52, 'grad_norm': 34.518489837646484, 'learning_rate': 4.1693121693121694e-05, 'epoch': 312.38}
{'loss': -3.5183, 'grad_norm': 30.737899780273438, 'learning_rate': 4.148148148148148e-05, 'epoch': 313.33}
{'loss': -3.5219, 'grad_norm': 19.979591369628906, 'learning_rate': 4.126984126984127e-05, 'epoch': 314.29}
{'loss': -3.5294, 'grad_norm': 23.719451904296875, 'learning_rate': 4.105820105820106e-05, 'epoch': 315.24}
{'loss': -3.5268, 'grad_norm': 32.74428939819336, 'learning_rate': 4.084656084656085e-05, 'epoch': 316.19}
{'loss': -3.5297, 'grad_norm': 51.5301513671875, 'learning_rate': 4.063492063492064e-05, 'epoch': 317.14}
{'loss': -3.5291, 'grad_norm': 25.99215316772461, 'learning_rate': 4.0423280423280424e-05, 'epoch': 318.1}
{'loss': -3.5309, 'grad_norm': 34.9020881652832, 'learning_rate': 4.021164021164021e-05, 'epoch': 319.05}
{'loss': -3.5324, 'grad_norm': 37.398414611816406, 'learning_rate': 4e-05, 'epoch': 320.0}
{'loss': -3.5356, 'grad_norm': 50.61520004272461, 'learning_rate': 3.978835978835979e-05, 'epoch': 320.95}
{'loss': -3.5305, 'grad_norm': 29.506120681762695, 'learning_rate': 3.9576719576719576e-05, 'epoch': 321.9}
{'loss': -3.5424, 'grad_norm': 30.27008628845215, 'learning_rate': 3.936507936507937e-05, 'epoch': 322.86}
{'loss': -3.5418, 'grad_norm': 19.82120132446289, 'learning_rate': 3.9153439153439155e-05, 'epoch': 323.81}
{'loss': -3.5348, 'grad_norm': 26.770458221435547, 'learning_rate': 3.894179894179895e-05, 'epoch': 324.76}
{'loss': -3.5441, 'grad_norm': 29.156736373901367, 'learning_rate': 3.8730158730158734e-05, 'epoch': 325.71}
{'loss': -3.5418, 'grad_norm': 13.79825496673584, 'learning_rate': 3.851851851851852e-05, 'epoch': 326.67}
{'loss': -3.5454, 'grad_norm': 33.644710540771484, 'learning_rate': 3.8306878306878306e-05, 'epoch': 327.62}
{'loss': -3.5428, 'grad_norm': 37.200199127197266, 'learning_rate': 3.809523809523809e-05, 'epoch': 328.57}
{'loss': -3.5515, 'grad_norm': 20.243179321289062, 'learning_rate': 3.7883597883597885e-05, 'epoch': 329.52}
{'loss': -3.5516, 'grad_norm': 37.170799255371094, 'learning_rate': 3.767195767195768e-05, 'epoch': 330.48}
{'loss': -3.5487, 'grad_norm': 49.41021728515625, 'learning_rate': 3.7460317460317464e-05, 'epoch': 331.43}
{'loss': -3.5482, 'grad_norm': 27.20153045654297, 'learning_rate': 3.724867724867725e-05, 'epoch': 332.38}
{'loss': -3.5495, 'grad_norm': 20.686445236206055, 'learning_rate': 3.7037037037037037e-05, 'epoch': 333.33}
{'loss': -3.547, 'grad_norm': 33.90583419799805, 'learning_rate': 3.682539682539683e-05, 'epoch': 334.29}
{'loss': -3.5566, 'grad_norm': 24.560487747192383, 'learning_rate': 3.6613756613756616e-05, 'epoch': 335.24}
{'loss': -3.5514, 'grad_norm': 22.57817268371582, 'learning_rate': 3.64021164021164e-05, 'epoch': 336.19}
{'loss': -3.558, 'grad_norm': 29.16499137878418, 'learning_rate': 3.619047619047619e-05, 'epoch': 337.14}
{'loss': -3.5588, 'grad_norm': 22.456785202026367, 'learning_rate': 3.597883597883598e-05, 'epoch': 338.1}
{'loss': -3.5585, 'grad_norm': 34.36450958251953, 'learning_rate': 3.5767195767195774e-05, 'epoch': 339.05}
{'loss': -3.5617, 'grad_norm': 40.619300842285156, 'learning_rate': 3.555555555555556e-05, 'epoch': 340.0}
{'loss': -3.5613, 'grad_norm': 37.54625701904297, 'learning_rate': 3.5343915343915346e-05, 'epoch': 340.95}
{'loss': -3.563, 'grad_norm': 39.18613052368164, 'learning_rate': 3.513227513227513e-05, 'epoch': 341.9}
{'loss': -3.5675, 'grad_norm': 27.24273109436035, 'learning_rate': 3.492063492063492e-05, 'epoch': 342.86}
{'loss': -3.566, 'grad_norm': 28.989871978759766, 'learning_rate': 3.470899470899471e-05, 'epoch': 343.81}
{'loss': -3.5682, 'grad_norm': 15.924221992492676, 'learning_rate': 3.44973544973545e-05, 'epoch': 344.76}
{'loss': -3.5686, 'grad_norm': 16.568923950195312, 'learning_rate': 3.428571428571429e-05, 'epoch': 345.71}
{'loss': -3.5657, 'grad_norm': 38.375118255615234, 'learning_rate': 3.4074074074074077e-05, 'epoch': 346.67}
{'loss': -3.5718, 'grad_norm': 31.896455764770508, 'learning_rate': 3.386243386243386e-05, 'epoch': 347.62}
{'loss': -3.5694, 'grad_norm': 33.60200119018555, 'learning_rate': 3.3650793650793656e-05, 'epoch': 348.57}
{'loss': -3.5721, 'grad_norm': 22.222322463989258, 'learning_rate': 3.343915343915344e-05, 'epoch': 349.52}
{'loss': -3.5667, 'grad_norm': 33.38078308105469, 'learning_rate': 3.322751322751323e-05, 'epoch': 350.48}
{'loss': -3.5755, 'grad_norm': 30.76011085510254, 'learning_rate': 3.3015873015873014e-05, 'epoch': 351.43}
{'loss': -3.5767, 'grad_norm': 41.11701583862305, 'learning_rate': 3.280423280423281e-05, 'epoch': 352.38}
{'loss': -3.5774, 'grad_norm': 33.495426177978516, 'learning_rate': 3.25925925925926e-05, 'epoch': 353.33}
{'loss': -3.5748, 'grad_norm': 21.594970703125, 'learning_rate': 3.2380952380952386e-05, 'epoch': 354.29}
{'loss': -3.5747, 'grad_norm': 46.878517150878906, 'learning_rate': 3.216931216931217e-05, 'epoch': 355.24}
{'loss': -3.5767, 'grad_norm': 25.56689453125, 'learning_rate': 3.195767195767196e-05, 'epoch': 356.19}
{'loss': -3.5831, 'grad_norm': 30.612295150756836, 'learning_rate': 3.1746031746031745e-05, 'epoch': 357.14}
{'loss': -3.5811, 'grad_norm': 21.13091468811035, 'learning_rate': 3.153439153439154e-05, 'epoch': 358.1}
{'loss': -3.5851, 'grad_norm': 28.46109390258789, 'learning_rate': 3.1322751322751324e-05, 'epoch': 359.05}
{'loss': -3.5843, 'grad_norm': 88.50033569335938, 'learning_rate': 3.111111111111111e-05, 'epoch': 360.0}
{'loss': -3.581, 'grad_norm': 32.158103942871094, 'learning_rate': 3.08994708994709e-05, 'epoch': 360.95}
{'loss': -3.589, 'grad_norm': 22.17204475402832, 'learning_rate': 3.068783068783069e-05, 'epoch': 361.9}
{'loss': -3.5868, 'grad_norm': 27.52638053894043, 'learning_rate': 3.0476190476190482e-05, 'epoch': 362.86}
{'loss': -3.5919, 'grad_norm': 23.568620681762695, 'learning_rate': 3.0264550264550268e-05, 'epoch': 363.81}
{'loss': -3.5913, 'grad_norm': 27.8237361907959, 'learning_rate': 3.0052910052910054e-05, 'epoch': 364.76}
{'loss': -3.5862, 'grad_norm': 49.760921478271484, 'learning_rate': 2.9841269841269844e-05, 'epoch': 365.71}
{'loss': -3.5909, 'grad_norm': 24.103187561035156, 'learning_rate': 2.962962962962963e-05, 'epoch': 366.67}
{'loss': -3.594, 'grad_norm': 27.460567474365234, 'learning_rate': 2.9417989417989416e-05, 'epoch': 367.62}
{'loss': -3.5922, 'grad_norm': 22.88324546813965, 'learning_rate': 2.920634920634921e-05, 'epoch': 368.57}
{'loss': -3.5939, 'grad_norm': 36.8341178894043, 'learning_rate': 2.8994708994708995e-05, 'epoch': 369.52}
{'loss': -3.593, 'grad_norm': 27.23151969909668, 'learning_rate': 2.8783068783068785e-05, 'epoch': 370.48}
{'loss': -3.5959, 'grad_norm': 23.158084869384766, 'learning_rate': 2.857142857142857e-05, 'epoch': 371.43}
{'loss': -3.5972, 'grad_norm': 23.862932205200195, 'learning_rate': 2.8359788359788357e-05, 'epoch': 372.38}
{'loss': -3.6002, 'grad_norm': 10.31822395324707, 'learning_rate': 2.814814814814815e-05, 'epoch': 373.33}
{'loss': -3.5968, 'grad_norm': 22.216373443603516, 'learning_rate': 2.793650793650794e-05, 'epoch': 374.29}
{'loss': -3.6032, 'grad_norm': 28.57493782043457, 'learning_rate': 2.7724867724867726e-05, 'epoch': 375.24}
{'loss': -3.6002, 'grad_norm': 21.612211227416992, 'learning_rate': 2.7513227513227512e-05, 'epoch': 376.19}
{'loss': -3.6026, 'grad_norm': 20.195728302001953, 'learning_rate': 2.73015873015873e-05, 'epoch': 377.14}
{'loss': -3.6015, 'grad_norm': 40.427764892578125, 'learning_rate': 2.7089947089947094e-05, 'epoch': 378.1}
{'loss': -3.6024, 'grad_norm': 14.101247787475586, 'learning_rate': 2.687830687830688e-05, 'epoch': 379.05}
{'loss': -3.6074, 'grad_norm': 49.1844482421875, 'learning_rate': 2.6666666666666667e-05, 'epoch': 380.0}
{'loss': -3.6017, 'grad_norm': 14.268754005432129, 'learning_rate': 2.6455026455026456e-05, 'epoch': 380.95}
{'loss': -3.6113, 'grad_norm': 15.05112075805664, 'learning_rate': 2.6243386243386242e-05, 'epoch': 381.9}
{'loss': -3.6092, 'grad_norm': 12.882145881652832, 'learning_rate': 2.6031746031746035e-05, 'epoch': 382.86}
{'loss': -3.6111, 'grad_norm': 17.612520217895508, 'learning_rate': 2.582010582010582e-05, 'epoch': 383.81}
{'loss': -3.6118, 'grad_norm': 33.7523307800293, 'learning_rate': 2.560846560846561e-05, 'epoch': 384.76}
{'loss': -3.6118, 'grad_norm': 22.059017181396484, 'learning_rate': 2.5396825396825397e-05, 'epoch': 385.71}
{'loss': -3.6125, 'grad_norm': 36.458953857421875, 'learning_rate': 2.5185185185185183e-05, 'epoch': 386.67}
{'loss': -3.6115, 'grad_norm': 10.902549743652344, 'learning_rate': 2.4973544973544973e-05, 'epoch': 387.62}
{'loss': -3.6112, 'grad_norm': 27.951751708984375, 'learning_rate': 2.4761904761904762e-05, 'epoch': 388.57}
{'loss': -3.6153, 'grad_norm': 32.54975509643555, 'learning_rate': 2.4550264550264552e-05, 'epoch': 389.52}
{'loss': -3.6155, 'grad_norm': 15.11176586151123, 'learning_rate': 2.4338624338624338e-05, 'epoch': 390.48}
{'loss': -3.6163, 'grad_norm': 26.425872802734375, 'learning_rate': 2.4126984126984128e-05, 'epoch': 391.43}
{'loss': -3.6186, 'grad_norm': 20.854476928710938, 'learning_rate': 2.3915343915343917e-05, 'epoch': 392.38}
{'loss': -3.6192, 'grad_norm': 23.07849884033203, 'learning_rate': 2.3703703703703707e-05, 'epoch': 393.33}
{'loss': -3.6189, 'grad_norm': 25.342510223388672, 'learning_rate': 2.3492063492063493e-05, 'epoch': 394.29}
{'loss': -3.6223, 'grad_norm': 23.68605613708496, 'learning_rate': 2.328042328042328e-05, 'epoch': 395.24}
{'loss': -3.6204, 'grad_norm': 22.25413703918457, 'learning_rate': 2.3068783068783072e-05, 'epoch': 396.19}
{'loss': -3.6211, 'grad_norm': 26.206003189086914, 'learning_rate': 2.2857142857142858e-05, 'epoch': 397.14}
{'loss': -3.6241, 'grad_norm': 20.20831871032715, 'learning_rate': 2.2645502645502648e-05, 'epoch': 398.1}
{'loss': -3.6215, 'grad_norm': 17.36009407043457, 'learning_rate': 2.2433862433862434e-05, 'epoch': 399.05}
{'loss': -3.6203, 'grad_norm': 46.34326934814453, 'learning_rate': 2.2222222222222223e-05, 'epoch': 400.0}
{'loss': -3.625, 'grad_norm': 24.309188842773438, 'learning_rate': 2.2010582010582013e-05, 'epoch': 400.95}
{'loss': -3.6271, 'grad_norm': 35.695796966552734, 'learning_rate': 2.17989417989418e-05, 'epoch': 401.9}
{'loss': -3.6283, 'grad_norm': 21.78412437438965, 'learning_rate': 2.158730158730159e-05, 'epoch': 402.86}
{'loss': -3.6274, 'grad_norm': 16.435047149658203, 'learning_rate': 2.1375661375661378e-05, 'epoch': 403.81}
{'loss': -3.6288, 'grad_norm': 17.14341926574707, 'learning_rate': 2.1164021164021164e-05, 'epoch': 404.76}
{'loss': -3.6271, 'grad_norm': 16.252649307250977, 'learning_rate': 2.0952380952380954e-05, 'epoch': 405.71}
{'loss': -3.628, 'grad_norm': 16.94257164001465, 'learning_rate': 2.074074074074074e-05, 'epoch': 406.67}
{'loss': -3.63, 'grad_norm': 21.36475372314453, 'learning_rate': 2.052910052910053e-05, 'epoch': 407.62}
{'loss': -3.6306, 'grad_norm': 12.691465377807617, 'learning_rate': 2.031746031746032e-05, 'epoch': 408.57}
{'loss': -3.6319, 'grad_norm': 12.993420600891113, 'learning_rate': 2.0105820105820105e-05, 'epoch': 409.52}
{'loss': -3.6314, 'grad_norm': 31.72145652770996, 'learning_rate': 1.9894179894179895e-05, 'epoch': 410.48}
{'loss': -3.6332, 'grad_norm': 21.731548309326172, 'learning_rate': 1.9682539682539684e-05, 'epoch': 411.43}
{'loss': -3.6338, 'grad_norm': 10.869089126586914, 'learning_rate': 1.9470899470899474e-05, 'epoch': 412.38}
{'loss': -3.6336, 'grad_norm': 21.964845657348633, 'learning_rate': 1.925925925925926e-05, 'epoch': 413.33}
{'loss': -3.6313, 'grad_norm': 12.012723922729492, 'learning_rate': 1.9047619047619046e-05, 'epoch': 414.29}
{'loss': -3.6371, 'grad_norm': 30.995506286621094, 'learning_rate': 1.883597883597884e-05, 'epoch': 415.24}
{'loss': -3.6371, 'grad_norm': 11.041263580322266, 'learning_rate': 1.8624338624338625e-05, 'epoch': 416.19}
{'loss': -3.6386, 'grad_norm': 14.376933097839355, 'learning_rate': 1.8412698412698415e-05, 'epoch': 417.14}
{'loss': -3.6372, 'grad_norm': 27.312389373779297, 'learning_rate': 1.82010582010582e-05, 'epoch': 418.1}
{'loss': -3.6403, 'grad_norm': 20.120092391967773, 'learning_rate': 1.798941798941799e-05, 'epoch': 419.05}
{'loss': -3.639, 'grad_norm': 37.99326705932617, 'learning_rate': 1.777777777777778e-05, 'epoch': 420.0}
{'loss': -3.6402, 'grad_norm': 31.65704345703125, 'learning_rate': 1.7566137566137566e-05, 'epoch': 420.95}
{'loss': -3.6454, 'grad_norm': 19.51235580444336, 'learning_rate': 1.7354497354497356e-05, 'epoch': 421.9}
{'loss': -3.6438, 'grad_norm': 26.747434616088867, 'learning_rate': 1.7142857142857145e-05, 'epoch': 422.86}
{'loss': -3.6435, 'grad_norm': 22.112201690673828, 'learning_rate': 1.693121693121693e-05, 'epoch': 423.81}
{'loss': -3.6451, 'grad_norm': 17.098892211914062, 'learning_rate': 1.671957671957672e-05, 'epoch': 424.76}
{'loss': -3.6429, 'grad_norm': 26.996030807495117, 'learning_rate': 1.6507936507936507e-05, 'epoch': 425.71}
{'loss': -3.6423, 'grad_norm': 20.2225284576416, 'learning_rate': 1.62962962962963e-05, 'epoch': 426.67}
{'loss': -3.645, 'grad_norm': 12.6550931930542, 'learning_rate': 1.6084656084656086e-05, 'epoch': 427.62}
{'loss': -3.6469, 'grad_norm': 9.16708755493164, 'learning_rate': 1.5873015873015872e-05, 'epoch': 428.57}
{'loss': -3.647, 'grad_norm': 24.294157028198242, 'learning_rate': 1.5661375661375662e-05, 'epoch': 429.52}
{'loss': -3.648, 'grad_norm': 9.629900932312012, 'learning_rate': 1.544973544973545e-05, 'epoch': 430.48}
{'loss': -3.646, 'grad_norm': 38.64263916015625, 'learning_rate': 1.5238095238095241e-05, 'epoch': 431.43}
{'loss': -3.6489, 'grad_norm': 23.56634521484375, 'learning_rate': 1.5026455026455027e-05, 'epoch': 432.38}
{'loss': -3.65, 'grad_norm': 14.859225273132324, 'learning_rate': 1.4814814814814815e-05, 'epoch': 433.33}
{'loss': -3.6493, 'grad_norm': 12.696951866149902, 'learning_rate': 1.4603174603174605e-05, 'epoch': 434.29}
{'loss': -3.6504, 'grad_norm': 15.40336799621582, 'learning_rate': 1.4391534391534392e-05, 'epoch': 435.24}
{'loss': -3.6523, 'grad_norm': 15.995170593261719, 'learning_rate': 1.4179894179894179e-05, 'epoch': 436.19}
{'loss': -3.6513, 'grad_norm': 16.487159729003906, 'learning_rate': 1.396825396825397e-05, 'epoch': 437.14}
{'loss': -3.6507, 'grad_norm': 34.49711608886719, 'learning_rate': 1.3756613756613756e-05, 'epoch': 438.1}
{'loss': -3.6524, 'grad_norm': 14.52625560760498, 'learning_rate': 1.3544973544973547e-05, 'epoch': 439.05}
{'loss': -3.6541, 'grad_norm': 22.567508697509766, 'learning_rate': 1.3333333333333333e-05, 'epoch': 440.0}
{'loss': -3.6557, 'grad_norm': 13.429938316345215, 'learning_rate': 1.3121693121693121e-05, 'epoch': 440.95}
{'loss': -3.6548, 'grad_norm': 16.500328063964844, 'learning_rate': 1.291005291005291e-05, 'epoch': 441.9}
{'loss': -3.6567, 'grad_norm': 17.51249122619629, 'learning_rate': 1.2698412698412699e-05, 'epoch': 442.86}
{'loss': -3.6572, 'grad_norm': 19.721017837524414, 'learning_rate': 1.2486772486772486e-05, 'epoch': 443.81}
{'loss': -3.6562, 'grad_norm': 11.239346504211426, 'learning_rate': 1.2275132275132276e-05, 'epoch': 444.76}
{'loss': -3.6585, 'grad_norm': 12.923378944396973, 'learning_rate': 1.2063492063492064e-05, 'epoch': 445.71}
{'loss': -3.6573, 'grad_norm': 16.46172332763672, 'learning_rate': 1.1851851851851853e-05, 'epoch': 446.67}
{'loss': -3.659, 'grad_norm': 15.86534309387207, 'learning_rate': 1.164021164021164e-05, 'epoch': 447.62}
{'loss': -3.6591, 'grad_norm': 7.3497633934021, 'learning_rate': 1.1428571428571429e-05, 'epoch': 448.57}
{'loss': -3.6588, 'grad_norm': 12.907641410827637, 'learning_rate': 1.1216931216931217e-05, 'epoch': 449.52}
{'loss': -3.66, 'grad_norm': 12.953256607055664, 'learning_rate': 1.1005291005291006e-05, 'epoch': 450.48}
{'loss': -3.6594, 'grad_norm': 6.33315372467041, 'learning_rate': 1.0793650793650794e-05, 'epoch': 451.43}
{'loss': -3.6624, 'grad_norm': 12.3394136428833, 'learning_rate': 1.0582010582010582e-05, 'epoch': 452.38}
{'loss': -3.6625, 'grad_norm': 26.30048179626465, 'learning_rate': 1.037037037037037e-05, 'epoch': 453.33}
{'loss': -3.6603, 'grad_norm': 18.285512924194336, 'learning_rate': 1.015873015873016e-05, 'epoch': 454.29}
{'loss': -3.6618, 'grad_norm': 33.93220138549805, 'learning_rate': 9.947089947089947e-06, 'epoch': 455.24}
{'loss': -3.6637, 'grad_norm': 12.474841117858887, 'learning_rate': 9.735449735449737e-06, 'epoch': 456.19}
{'loss': -3.6617, 'grad_norm': 9.591939926147461, 'learning_rate': 9.523809523809523e-06, 'epoch': 457.14}
{'loss': -3.6631, 'grad_norm': 9.766655921936035, 'learning_rate': 9.312169312169313e-06, 'epoch': 458.1}
{'loss': -3.6651, 'grad_norm': 13.811369895935059, 'learning_rate': 9.1005291005291e-06, 'epoch': 459.05}
{'loss': -3.6659, 'grad_norm': 19.687877655029297, 'learning_rate': 8.88888888888889e-06, 'epoch': 460.0}
{'loss': -3.6658, 'grad_norm': 8.232064247131348, 'learning_rate': 8.677248677248678e-06, 'epoch': 460.95}
{'loss': -3.6657, 'grad_norm': 17.040050506591797, 'learning_rate': 8.465608465608466e-06, 'epoch': 461.9}
{'loss': -3.6683, 'grad_norm': 11.10595417022705, 'learning_rate': 8.253968253968254e-06, 'epoch': 462.86}
{'loss': -3.667, 'grad_norm': 22.56952667236328, 'learning_rate': 8.042328042328043e-06, 'epoch': 463.81}
{'loss': -3.669, 'grad_norm': 20.38157081604004, 'learning_rate': 7.830687830687831e-06, 'epoch': 464.76}
{'loss': -3.6682, 'grad_norm': 16.915889739990234, 'learning_rate': 7.6190476190476205e-06, 'epoch': 465.71}
{'loss': -3.6667, 'grad_norm': 12.023025512695312, 'learning_rate': 7.4074074074074075e-06, 'epoch': 466.67}
{'loss': -3.6685, 'grad_norm': 17.76649284362793, 'learning_rate': 7.195767195767196e-06, 'epoch': 467.62}
{'loss': -3.6689, 'grad_norm': 12.350502014160156, 'learning_rate': 6.984126984126985e-06, 'epoch': 468.57}
{'loss': -3.669, 'grad_norm': 12.719499588012695, 'learning_rate': 6.7724867724867736e-06, 'epoch': 469.52}
{'loss': -3.6716, 'grad_norm': 8.322958946228027, 'learning_rate': 6.5608465608465606e-06, 'epoch': 470.48}
{'loss': -3.6711, 'grad_norm': 8.901151657104492, 'learning_rate': 6.349206349206349e-06, 'epoch': 471.43}
{'loss': -3.6711, 'grad_norm': 13.343734741210938, 'learning_rate': 6.137566137566138e-06, 'epoch': 472.38}
{'loss': -3.6722, 'grad_norm': 10.273660659790039, 'learning_rate': 5.925925925925927e-06, 'epoch': 473.33}
{'loss': -3.6703, 'grad_norm': 7.175608158111572, 'learning_rate': 5.7142857142857145e-06, 'epoch': 474.29}
{'loss': -3.6717, 'grad_norm': 9.218080520629883, 'learning_rate': 5.502645502645503e-06, 'epoch': 475.24}
{'loss': -3.6716, 'grad_norm': 8.849302291870117, 'learning_rate': 5.291005291005291e-06, 'epoch': 476.19}
{'loss': -3.6745, 'grad_norm': 18.51752471923828, 'learning_rate': 5.07936507936508e-06, 'epoch': 477.14}
{'loss': -3.6743, 'grad_norm': 13.80691146850586, 'learning_rate': 4.8677248677248685e-06, 'epoch': 478.1}
{'loss': -3.6749, 'grad_norm': 9.657620429992676, 'learning_rate': 4.656084656084656e-06, 'epoch': 479.05}
{'loss': -3.6719, 'grad_norm': 110.47795867919922, 'learning_rate': 4.444444444444445e-06, 'epoch': 480.0}
{'loss': -3.6746, 'grad_norm': 7.052268028259277, 'learning_rate': 4.232804232804233e-06, 'epoch': 480.95}
{'loss': -3.6762, 'grad_norm': 8.406118392944336, 'learning_rate': 4.0211640211640215e-06, 'epoch': 481.9}
{'loss': -3.6765, 'grad_norm': 6.685807704925537, 'learning_rate': 3.8095238095238102e-06, 'epoch': 482.86}
{'loss': -3.6744, 'grad_norm': 11.180521011352539, 'learning_rate': 3.597883597883598e-06, 'epoch': 483.81}
{'loss': -3.6749, 'grad_norm': 15.876276969909668, 'learning_rate': 3.3862433862433868e-06, 'epoch': 484.76}
{'loss': -3.6752, 'grad_norm': 5.4359307289123535, 'learning_rate': 3.1746031746031746e-06, 'epoch': 485.71}
{'loss': -3.6744, 'grad_norm': 5.863851070404053, 'learning_rate': 2.9629629629629633e-06, 'epoch': 486.67}
{'loss': -3.6752, 'grad_norm': 6.445181846618652, 'learning_rate': 2.7513227513227516e-06, 'epoch': 487.62}
{'loss': -3.6761, 'grad_norm': 6.474189281463623, 'learning_rate': 2.53968253968254e-06, 'epoch': 488.57}
{'loss': -3.6761, 'grad_norm': 6.707381725311279, 'learning_rate': 2.328042328042328e-06, 'epoch': 489.52}
{'loss': -3.6759, 'grad_norm': 14.438557624816895, 'learning_rate': 2.1164021164021164e-06, 'epoch': 490.48}
{'loss': -3.6768, 'grad_norm': 8.828934669494629, 'learning_rate': 1.9047619047619051e-06, 'epoch': 491.43}
{'loss': -3.6755, 'grad_norm': 12.919710159301758, 'learning_rate': 1.6931216931216934e-06, 'epoch': 492.38}
{'loss': -3.678, 'grad_norm': 4.816188812255859, 'learning_rate': 1.4814814814814817e-06, 'epoch': 493.33}
{'loss': -3.678, 'grad_norm': 7.026646614074707, 'learning_rate': 1.26984126984127e-06, 'epoch': 494.29}
{'loss': -3.679, 'grad_norm': 8.81771469116211, 'learning_rate': 1.0582010582010582e-06, 'epoch': 495.24}
{'loss': -3.6766, 'grad_norm': 5.752357006072998, 'learning_rate': 8.465608465608467e-07, 'epoch': 496.19}
{'loss': -3.6788, 'grad_norm': 5.500288486480713, 'learning_rate': 6.34920634920635e-07, 'epoch': 497.14}
{'loss': -3.676, 'grad_norm': 5.0945281982421875, 'learning_rate': 4.2328042328042335e-07, 'epoch': 498.1}
{'loss': -3.678, 'grad_norm': 5.45117712020874, 'learning_rate': 2.1164021164021167e-07, 'epoch': 499.05}
{'loss': -3.6792, 'grad_norm': 19.98821449279785, 'learning_rate': 0.0, 'epoch': 500.0}
{'train_runtime': 10421.5283, 'train_samples_per_second': 17718.035, 'train_steps_per_second': 2.015, 'train_loss': -3.126010484258334, 'epoch': 500.0}
========== Model is trained ==========
========== Model is in evaluation mode ==========
=== Model is saved, at /proj/gaia/RayDT/dataset/processed_data/../../outputs/huggingface_test_result_noise_20/models/huggingface_trained_dt_noise_20_20240824-132456_5/ ===
Finished concurrent execution of tasks.
Ending time: Sat Aug 24 16:18:46 CEST 2024
