Starting time: Sat Aug 24 13:24:02 CEST 2024
no change     /proj/gaia/RayDT/mamba_ray/condabin/conda
no change     /proj/gaia/RayDT/mamba_ray/bin/conda
no change     /proj/gaia/RayDT/mamba_ray/bin/conda-env
no change     /proj/gaia/RayDT/mamba_ray/bin/activate
no change     /proj/gaia/RayDT/mamba_ray/bin/deactivate
no change     /proj/gaia/RayDT/mamba_ray/etc/profile.d/conda.sh
no change     /proj/gaia/RayDT/mamba_ray/etc/fish/conf.d/conda.fish
no change     /proj/gaia/RayDT/mamba_ray/shell/condabin/Conda.psm1
no change     /proj/gaia/RayDT/mamba_ray/shell/condabin/conda-hook.ps1
no change     /proj/gaia/RayDT/mamba_ray/lib/python3.10/site-packages/xontrib/conda.xsh
no change     /proj/gaia/RayDT/mamba_ray/etc/profile.d/conda.csh
no change     /home/x_yifji/.bashrc
No action taken.
config =  {'env_index': 1, 'add_type_loss': True, 'eval_from': None, 'test_seed': 42, 'test_data': 'test', 'Tx_id': 0, 'allTx': True, 'Rx_id': None, 'Rx1_id': None, 'Rx2_id': None, 'debug_path_flag': False, 'path_id': 6, 'add_noise': False, 'optim_load': False, 'small_batch': False, 'big_batch': False, 'debug': False, 'produce_fig': False, 'wandb': True, 'replot_baseline_only': False, 'Ofunc': False, 'noise_sample': 20, 'path': None, 'data_postfix': '', 'data_prefix': 'allTx', 'gen_func': <function gen_data_sample_across_rx at 0x146dd790cd30>}
========== Training config ==========
Found matching repo for training dataset: allTx_HFds__noise_20__20240821_021540_env_index_1
========== loading Data from /proj/gaia/RayDT/dataset/processed_data/trainwoAug/all_Tx_data/allTx_HFds__noise_20__20240821_021540_env_index_1 ==========
========== Training Data is loaded ==========
Type loss is added
========== Model is initialized ==========
{'loss': 1.6049, 'grad_norm': 3.686520576477051, 'learning_rate': 2.0000000000000003e-06, 'epoch': 1.0}
{'loss': 1.5774, 'grad_norm': 3.6400041580200195, 'learning_rate': 4.000000000000001e-06, 'epoch': 2.0}
{'loss': 1.5228, 'grad_norm': 3.5638492107391357, 'learning_rate': 6e-06, 'epoch': 3.0}
{'loss': 1.4408, 'grad_norm': 3.438481092453003, 'learning_rate': 8.000000000000001e-06, 'epoch': 4.0}
{'loss': 1.3276, 'grad_norm': 3.2550201416015625, 'learning_rate': 1e-05, 'epoch': 5.0}
{'loss': 1.1764, 'grad_norm': 2.974195718765259, 'learning_rate': 1.2e-05, 'epoch': 6.0}
{'loss': 0.9822, 'grad_norm': 2.468642234802246, 'learning_rate': 1.4000000000000001e-05, 'epoch': 7.0}
{'loss': 0.7604, 'grad_norm': 1.8348619937896729, 'learning_rate': 1.6000000000000003e-05, 'epoch': 8.0}
{'loss': 0.5541, 'grad_norm': 1.3514962196350098, 'learning_rate': 1.8e-05, 'epoch': 9.0}
{'loss': 0.3845, 'grad_norm': 1.1238147020339966, 'learning_rate': 2e-05, 'epoch': 10.0}
{'loss': 0.2082, 'grad_norm': 1.173359990119934, 'learning_rate': 2.2000000000000003e-05, 'epoch': 11.0}
{'loss': 0.0105, 'grad_norm': 1.106640100479126, 'learning_rate': 2.4e-05, 'epoch': 12.0}
{'loss': -0.1735, 'grad_norm': 1.0635383129119873, 'learning_rate': 2.6000000000000002e-05, 'epoch': 13.0}
{'loss': -0.3594, 'grad_norm': 1.1086395978927612, 'learning_rate': 2.8000000000000003e-05, 'epoch': 14.0}
{'loss': -0.5482, 'grad_norm': 1.2145527601242065, 'learning_rate': 3e-05, 'epoch': 15.0}
{'loss': -0.7106, 'grad_norm': 1.1163777112960815, 'learning_rate': 3.2000000000000005e-05, 'epoch': 16.0}
{'loss': -0.8507, 'grad_norm': 1.0911448001861572, 'learning_rate': 3.4000000000000007e-05, 'epoch': 17.0}
{'loss': -0.9756, 'grad_norm': 1.3960092067718506, 'learning_rate': 3.6e-05, 'epoch': 18.0}
{'loss': -1.0963, 'grad_norm': 1.5635414123535156, 'learning_rate': 3.8e-05, 'epoch': 19.0}
{'loss': -1.2173, 'grad_norm': 2.1899144649505615, 'learning_rate': 4e-05, 'epoch': 20.0}
{'loss': -1.309, 'grad_norm': 2.549506187438965, 'learning_rate': 4.2e-05, 'epoch': 21.0}
{'loss': -1.4018, 'grad_norm': 2.3148887157440186, 'learning_rate': 4.4000000000000006e-05, 'epoch': 22.0}
{'loss': -1.4892, 'grad_norm': 2.5894935131073, 'learning_rate': 4.600000000000001e-05, 'epoch': 23.0}
{'loss': -1.5619, 'grad_norm': 2.8223609924316406, 'learning_rate': 4.8e-05, 'epoch': 24.0}
{'loss': -1.6235, 'grad_norm': 2.755518674850464, 'learning_rate': 5e-05, 'epoch': 25.0}
{'loss': -1.6797, 'grad_norm': 2.695854425430298, 'learning_rate': 5.2000000000000004e-05, 'epoch': 26.0}
{'loss': -1.7331, 'grad_norm': 2.841204881668091, 'learning_rate': 5.4000000000000005e-05, 'epoch': 27.0}
{'loss': -1.7815, 'grad_norm': 3.6766953468322754, 'learning_rate': 5.6000000000000006e-05, 'epoch': 28.0}
{'loss': -1.8257, 'grad_norm': 3.4529812335968018, 'learning_rate': 5.8e-05, 'epoch': 29.0}
{'loss': -1.8663, 'grad_norm': 5.485959529876709, 'learning_rate': 6e-05, 'epoch': 30.0}
{'loss': -1.8987, 'grad_norm': 4.206729888916016, 'learning_rate': 6.2e-05, 'epoch': 31.0}
{'loss': -1.9319, 'grad_norm': 6.339416980743408, 'learning_rate': 6.400000000000001e-05, 'epoch': 32.0}
{'loss': -1.9625, 'grad_norm': 4.061194896697998, 'learning_rate': 6.6e-05, 'epoch': 33.0}
{'loss': -1.9953, 'grad_norm': 6.377722263336182, 'learning_rate': 6.800000000000001e-05, 'epoch': 34.0}
{'loss': -2.0277, 'grad_norm': 6.1929521560668945, 'learning_rate': 7e-05, 'epoch': 35.0}
{'loss': -2.0561, 'grad_norm': 6.62492561340332, 'learning_rate': 7.2e-05, 'epoch': 36.0}
{'loss': -2.0862, 'grad_norm': 3.9637861251831055, 'learning_rate': 7.4e-05, 'epoch': 37.0}
{'loss': -2.1102, 'grad_norm': 6.887446880340576, 'learning_rate': 7.6e-05, 'epoch': 38.0}
{'loss': -2.1295, 'grad_norm': 6.653347015380859, 'learning_rate': 7.800000000000001e-05, 'epoch': 39.0}
{'loss': -2.15, 'grad_norm': 12.14393138885498, 'learning_rate': 8e-05, 'epoch': 40.0}
{'loss': -2.1752, 'grad_norm': 7.544288158416748, 'learning_rate': 8.2e-05, 'epoch': 41.0}
{'loss': -2.1989, 'grad_norm': 6.034872531890869, 'learning_rate': 8.4e-05, 'epoch': 42.0}
{'loss': -2.2183, 'grad_norm': 9.582453727722168, 'learning_rate': 8.6e-05, 'epoch': 43.0}
{'loss': -2.2397, 'grad_norm': 9.303853034973145, 'learning_rate': 8.800000000000001e-05, 'epoch': 44.0}
{'loss': -2.2581, 'grad_norm': 8.425348281860352, 'learning_rate': 9e-05, 'epoch': 45.0}
{'loss': -2.2755, 'grad_norm': 13.412745475769043, 'learning_rate': 9.200000000000001e-05, 'epoch': 46.0}
{'loss': -2.2942, 'grad_norm': 13.76024055480957, 'learning_rate': 9.4e-05, 'epoch': 47.0}
{'loss': -2.3085, 'grad_norm': 11.405692100524902, 'learning_rate': 9.6e-05, 'epoch': 48.0}
{'loss': -2.3246, 'grad_norm': 5.123211860656738, 'learning_rate': 9.8e-05, 'epoch': 49.0}
{'loss': -2.338, 'grad_norm': 9.284035682678223, 'learning_rate': 0.0001, 'epoch': 50.0}
{'loss': -2.3529, 'grad_norm': 7.297225475311279, 'learning_rate': 9.977777777777779e-05, 'epoch': 51.0}
{'loss': -2.3718, 'grad_norm': 10.9187650680542, 'learning_rate': 9.955555555555556e-05, 'epoch': 52.0}
{'loss': -2.3918, 'grad_norm': 14.001008033752441, 'learning_rate': 9.933333333333334e-05, 'epoch': 53.0}
{'loss': -2.4038, 'grad_norm': 17.442485809326172, 'learning_rate': 9.911111111111112e-05, 'epoch': 54.0}
{'loss': -2.4163, 'grad_norm': 12.818620681762695, 'learning_rate': 9.888888888888889e-05, 'epoch': 55.0}
{'loss': -2.4304, 'grad_norm': 11.300569534301758, 'learning_rate': 9.866666666666668e-05, 'epoch': 56.0}
{'loss': -2.4417, 'grad_norm': 17.83403778076172, 'learning_rate': 9.844444444444444e-05, 'epoch': 57.0}
{'loss': -2.4426, 'grad_norm': 20.524778366088867, 'learning_rate': 9.822222222222223e-05, 'epoch': 58.0}
{'loss': -2.4417, 'grad_norm': 19.66221046447754, 'learning_rate': 9.8e-05, 'epoch': 59.0}
{'loss': -2.4585, 'grad_norm': 18.66484260559082, 'learning_rate': 9.777777777777778e-05, 'epoch': 60.0}
{'loss': -2.468, 'grad_norm': 11.185576438903809, 'learning_rate': 9.755555555555555e-05, 'epoch': 61.0}
{'loss': -2.4936, 'grad_norm': 9.229393005371094, 'learning_rate': 9.733333333333335e-05, 'epoch': 62.0}
{'loss': -2.5087, 'grad_norm': 13.35940933227539, 'learning_rate': 9.711111111111111e-05, 'epoch': 63.0}
{'loss': -2.5176, 'grad_norm': 13.7598876953125, 'learning_rate': 9.68888888888889e-05, 'epoch': 64.0}
{'loss': -2.5315, 'grad_norm': 13.552212715148926, 'learning_rate': 9.666666666666667e-05, 'epoch': 65.0}
{'loss': -2.5419, 'grad_norm': 10.96341609954834, 'learning_rate': 9.644444444444445e-05, 'epoch': 66.0}
{'loss': -2.5515, 'grad_norm': 15.748079299926758, 'learning_rate': 9.622222222222222e-05, 'epoch': 67.0}
{'loss': -2.5612, 'grad_norm': 12.495407104492188, 'learning_rate': 9.6e-05, 'epoch': 68.0}
{'loss': -2.5762, 'grad_norm': 14.469388961791992, 'learning_rate': 9.577777777777777e-05, 'epoch': 69.0}
{'loss': -2.587, 'grad_norm': 11.133423805236816, 'learning_rate': 9.555555555555557e-05, 'epoch': 70.0}
{'loss': -2.5919, 'grad_norm': 8.875587463378906, 'learning_rate': 9.533333333333334e-05, 'epoch': 71.0}
{'loss': -2.6065, 'grad_norm': 16.520587921142578, 'learning_rate': 9.511111111111112e-05, 'epoch': 72.0}
{'loss': -2.6146, 'grad_norm': 15.777311325073242, 'learning_rate': 9.488888888888889e-05, 'epoch': 73.0}
{'loss': -2.6265, 'grad_norm': 19.281253814697266, 'learning_rate': 9.466666666666667e-05, 'epoch': 74.0}
{'loss': -2.6305, 'grad_norm': 14.02145767211914, 'learning_rate': 9.444444444444444e-05, 'epoch': 75.0}
{'loss': -2.6268, 'grad_norm': 11.91207504272461, 'learning_rate': 9.422222222222223e-05, 'epoch': 76.0}
{'loss': -2.6529, 'grad_norm': 12.775862693786621, 'learning_rate': 9.4e-05, 'epoch': 77.0}
{'loss': -2.6652, 'grad_norm': 9.767849922180176, 'learning_rate': 9.377777777777779e-05, 'epoch': 78.0}
{'loss': -2.6745, 'grad_norm': 15.061942100524902, 'learning_rate': 9.355555555555556e-05, 'epoch': 79.0}
{'loss': -2.68, 'grad_norm': 18.441450119018555, 'learning_rate': 9.333333333333334e-05, 'epoch': 80.0}
{'loss': -2.6913, 'grad_norm': 17.456083297729492, 'learning_rate': 9.311111111111111e-05, 'epoch': 81.0}
{'loss': -2.6977, 'grad_norm': 14.88137435913086, 'learning_rate': 9.28888888888889e-05, 'epoch': 82.0}
{'loss': -2.7058, 'grad_norm': 17.26665687561035, 'learning_rate': 9.266666666666666e-05, 'epoch': 83.0}
{'loss': -2.7118, 'grad_norm': 21.421916961669922, 'learning_rate': 9.244444444444445e-05, 'epoch': 84.0}
{'loss': -2.7159, 'grad_norm': 17.27509307861328, 'learning_rate': 9.222222222222223e-05, 'epoch': 85.0}
{'loss': -2.7312, 'grad_norm': 9.65225601196289, 'learning_rate': 9.200000000000001e-05, 'epoch': 86.0}
{'loss': -2.737, 'grad_norm': 19.63984489440918, 'learning_rate': 9.177777777777778e-05, 'epoch': 87.0}
{'loss': -2.7447, 'grad_norm': 16.971837997436523, 'learning_rate': 9.155555555555557e-05, 'epoch': 88.0}
{'loss': -2.7537, 'grad_norm': 24.87479591369629, 'learning_rate': 9.133333333333334e-05, 'epoch': 89.0}
{'loss': -2.7641, 'grad_norm': 16.891944885253906, 'learning_rate': 9.111111111111112e-05, 'epoch': 90.0}
{'loss': -2.771, 'grad_norm': 13.902971267700195, 'learning_rate': 9.088888888888889e-05, 'epoch': 91.0}
{'loss': -2.7772, 'grad_norm': 28.224939346313477, 'learning_rate': 9.066666666666667e-05, 'epoch': 92.0}
{'loss': -2.7527, 'grad_norm': 18.076683044433594, 'learning_rate': 9.044444444444445e-05, 'epoch': 93.0}
{'loss': -2.7759, 'grad_norm': 26.052143096923828, 'learning_rate': 9.022222222222224e-05, 'epoch': 94.0}
{'loss': -2.796, 'grad_norm': 15.344008445739746, 'learning_rate': 9e-05, 'epoch': 95.0}
{'loss': -2.7947, 'grad_norm': 22.849912643432617, 'learning_rate': 8.977777777777779e-05, 'epoch': 96.0}
{'loss': -2.8075, 'grad_norm': 24.836318969726562, 'learning_rate': 8.955555555555556e-05, 'epoch': 97.0}
{'loss': -2.8147, 'grad_norm': 25.05011558532715, 'learning_rate': 8.933333333333334e-05, 'epoch': 98.0}
{'loss': -2.8192, 'grad_norm': 12.103428840637207, 'learning_rate': 8.911111111111111e-05, 'epoch': 99.0}
{'loss': -2.833, 'grad_norm': 15.167259216308594, 'learning_rate': 8.888888888888889e-05, 'epoch': 100.0}
{'loss': -2.8357, 'grad_norm': 14.906092643737793, 'learning_rate': 8.866666666666668e-05, 'epoch': 101.0}
{'loss': -2.8418, 'grad_norm': 20.413166046142578, 'learning_rate': 8.844444444444445e-05, 'epoch': 102.0}
{'loss': -2.8496, 'grad_norm': 22.463253021240234, 'learning_rate': 8.822222222222223e-05, 'epoch': 103.0}
{'loss': -2.8541, 'grad_norm': 14.844801902770996, 'learning_rate': 8.800000000000001e-05, 'epoch': 104.0}
{'loss': -2.8586, 'grad_norm': 19.67900848388672, 'learning_rate': 8.777777777777778e-05, 'epoch': 105.0}
{'loss': -2.8651, 'grad_norm': 18.54893684387207, 'learning_rate': 8.755555555555556e-05, 'epoch': 106.0}
{'loss': -2.8723, 'grad_norm': 17.134578704833984, 'learning_rate': 8.733333333333333e-05, 'epoch': 107.0}
{'loss': -2.8776, 'grad_norm': 17.304943084716797, 'learning_rate': 8.711111111111112e-05, 'epoch': 108.0}
{'loss': -2.8825, 'grad_norm': 16.030162811279297, 'learning_rate': 8.68888888888889e-05, 'epoch': 109.0}
{'loss': -2.885, 'grad_norm': 18.74871253967285, 'learning_rate': 8.666666666666667e-05, 'epoch': 110.0}
{'loss': -2.8886, 'grad_norm': 21.722713470458984, 'learning_rate': 8.644444444444445e-05, 'epoch': 111.0}
{'loss': -2.8932, 'grad_norm': 11.710308074951172, 'learning_rate': 8.622222222222222e-05, 'epoch': 112.0}
{'loss': -2.9024, 'grad_norm': 26.569562911987305, 'learning_rate': 8.6e-05, 'epoch': 113.0}
{'loss': -2.9117, 'grad_norm': 19.17229652404785, 'learning_rate': 8.577777777777777e-05, 'epoch': 114.0}
{'loss': -2.9165, 'grad_norm': 20.665285110473633, 'learning_rate': 8.555555555555556e-05, 'epoch': 115.0}
{'loss': -2.9238, 'grad_norm': 12.832452774047852, 'learning_rate': 8.533333333333334e-05, 'epoch': 116.0}
{'loss': -2.931, 'grad_norm': 18.99683380126953, 'learning_rate': 8.511111111111112e-05, 'epoch': 117.0}
{'loss': -2.9325, 'grad_norm': 20.65693473815918, 'learning_rate': 8.488888888888889e-05, 'epoch': 118.0}
{'loss': -2.9421, 'grad_norm': 23.83322525024414, 'learning_rate': 8.466666666666667e-05, 'epoch': 119.0}
{'loss': -2.946, 'grad_norm': 14.172301292419434, 'learning_rate': 8.444444444444444e-05, 'epoch': 120.0}
{'loss': -2.947, 'grad_norm': 10.963730812072754, 'learning_rate': 8.422222222222223e-05, 'epoch': 121.0}
{'loss': -2.9525, 'grad_norm': 20.290395736694336, 'learning_rate': 8.4e-05, 'epoch': 122.0}
{'loss': -2.9588, 'grad_norm': 10.756861686706543, 'learning_rate': 8.377777777777778e-05, 'epoch': 123.0}
{'loss': -2.9605, 'grad_norm': 19.55453109741211, 'learning_rate': 8.355555555555556e-05, 'epoch': 124.0}
{'loss': -2.9682, 'grad_norm': 27.265241622924805, 'learning_rate': 8.333333333333334e-05, 'epoch': 125.0}
{'loss': -2.9649, 'grad_norm': 18.49312973022461, 'learning_rate': 8.311111111111111e-05, 'epoch': 126.0}
{'loss': -2.9728, 'grad_norm': 38.31550979614258, 'learning_rate': 8.28888888888889e-05, 'epoch': 127.0}
{'loss': -2.9613, 'grad_norm': 35.065269470214844, 'learning_rate': 8.266666666666667e-05, 'epoch': 128.0}
{'loss': -2.9755, 'grad_norm': 40.672706604003906, 'learning_rate': 8.244444444444445e-05, 'epoch': 129.0}
{'loss': -2.9841, 'grad_norm': 23.366891860961914, 'learning_rate': 8.222222222222222e-05, 'epoch': 130.0}
{'loss': -2.9863, 'grad_norm': 28.114004135131836, 'learning_rate': 8.2e-05, 'epoch': 131.0}
{'loss': -2.9901, 'grad_norm': 22.124666213989258, 'learning_rate': 8.177777777777778e-05, 'epoch': 132.0}
{'loss': -3.0009, 'grad_norm': 22.90366554260254, 'learning_rate': 8.155555555555557e-05, 'epoch': 133.0}
{'loss': -3.0075, 'grad_norm': 19.31121063232422, 'learning_rate': 8.133333333333334e-05, 'epoch': 134.0}
{'loss': -3.0077, 'grad_norm': 15.019122123718262, 'learning_rate': 8.111111111111112e-05, 'epoch': 135.0}
{'loss': -3.0098, 'grad_norm': 44.19731140136719, 'learning_rate': 8.088888888888889e-05, 'epoch': 136.0}
{'loss': -3.0029, 'grad_norm': 26.445947647094727, 'learning_rate': 8.066666666666667e-05, 'epoch': 137.0}
{'loss': -3.0096, 'grad_norm': 18.78066062927246, 'learning_rate': 8.044444444444444e-05, 'epoch': 138.0}
{'loss': -3.0229, 'grad_norm': 18.92047691345215, 'learning_rate': 8.022222222222222e-05, 'epoch': 139.0}
{'loss': -3.0233, 'grad_norm': 26.983596801757812, 'learning_rate': 8e-05, 'epoch': 140.0}
{'loss': -3.0312, 'grad_norm': 12.636216163635254, 'learning_rate': 7.977777777777779e-05, 'epoch': 141.0}
{'loss': -3.0356, 'grad_norm': 22.01606559753418, 'learning_rate': 7.955555555555556e-05, 'epoch': 142.0}
{'loss': -3.0423, 'grad_norm': 24.142446517944336, 'learning_rate': 7.933333333333334e-05, 'epoch': 143.0}
{'loss': -3.0459, 'grad_norm': 23.451154708862305, 'learning_rate': 7.911111111111111e-05, 'epoch': 144.0}
{'loss': -3.0483, 'grad_norm': 24.975194931030273, 'learning_rate': 7.88888888888889e-05, 'epoch': 145.0}
{'loss': -3.0519, 'grad_norm': 25.96999740600586, 'learning_rate': 7.866666666666666e-05, 'epoch': 146.0}
{'loss': -3.0561, 'grad_norm': 28.42365837097168, 'learning_rate': 7.844444444444446e-05, 'epoch': 147.0}
{'loss': -3.0613, 'grad_norm': 17.545652389526367, 'learning_rate': 7.822222222222223e-05, 'epoch': 148.0}
{'loss': -3.0655, 'grad_norm': 27.17099952697754, 'learning_rate': 7.800000000000001e-05, 'epoch': 149.0}
{'loss': -3.0654, 'grad_norm': 17.188112258911133, 'learning_rate': 7.777777777777778e-05, 'epoch': 150.0}
{'loss': -3.0676, 'grad_norm': 20.014019012451172, 'learning_rate': 7.755555555555556e-05, 'epoch': 151.0}
{'loss': -3.0742, 'grad_norm': 18.426355361938477, 'learning_rate': 7.733333333333333e-05, 'epoch': 152.0}
{'loss': -3.077, 'grad_norm': 24.578638076782227, 'learning_rate': 7.711111111111112e-05, 'epoch': 153.0}
{'loss': -3.0798, 'grad_norm': 29.794382095336914, 'learning_rate': 7.688888888888889e-05, 'epoch': 154.0}
{'loss': -3.0694, 'grad_norm': 42.31096267700195, 'learning_rate': 7.666666666666667e-05, 'epoch': 155.0}
{'loss': -3.0821, 'grad_norm': 13.502697944641113, 'learning_rate': 7.644444444444445e-05, 'epoch': 156.0}
{'loss': -3.0906, 'grad_norm': 20.84650993347168, 'learning_rate': 7.622222222222223e-05, 'epoch': 157.0}
{'loss': -3.0875, 'grad_norm': 33.565555572509766, 'learning_rate': 7.6e-05, 'epoch': 158.0}
{'loss': -3.0856, 'grad_norm': 30.59201431274414, 'learning_rate': 7.577777777777779e-05, 'epoch': 159.0}
{'loss': -3.0996, 'grad_norm': 26.563383102416992, 'learning_rate': 7.555555555555556e-05, 'epoch': 160.0}
{'loss': -3.108, 'grad_norm': 26.90150260925293, 'learning_rate': 7.533333333333334e-05, 'epoch': 161.0}
{'loss': -3.1087, 'grad_norm': 27.626108169555664, 'learning_rate': 7.511111111111111e-05, 'epoch': 162.0}
{'loss': -3.1141, 'grad_norm': 22.71455192565918, 'learning_rate': 7.488888888888889e-05, 'epoch': 163.0}
{'loss': -3.1161, 'grad_norm': 31.233055114746094, 'learning_rate': 7.466666666666667e-05, 'epoch': 164.0}
{'loss': -3.1204, 'grad_norm': 20.35509490966797, 'learning_rate': 7.444444444444444e-05, 'epoch': 165.0}
{'loss': -3.1236, 'grad_norm': 21.623462677001953, 'learning_rate': 7.422222222222223e-05, 'epoch': 166.0}
{'loss': -3.1268, 'grad_norm': 27.157983779907227, 'learning_rate': 7.4e-05, 'epoch': 167.0}
{'loss': -3.1311, 'grad_norm': 30.876096725463867, 'learning_rate': 7.377777777777778e-05, 'epoch': 168.0}
{'loss': -3.1331, 'grad_norm': 17.32493019104004, 'learning_rate': 7.355555555555556e-05, 'epoch': 169.0}
{'loss': -3.1394, 'grad_norm': 21.111671447753906, 'learning_rate': 7.333333333333333e-05, 'epoch': 170.0}
{'loss': -3.1283, 'grad_norm': 27.54657554626465, 'learning_rate': 7.311111111111111e-05, 'epoch': 171.0}
{'loss': -3.1433, 'grad_norm': 31.088171005249023, 'learning_rate': 7.28888888888889e-05, 'epoch': 172.0}
{'loss': -3.1454, 'grad_norm': 29.47888946533203, 'learning_rate': 7.266666666666667e-05, 'epoch': 173.0}
{'loss': -3.1525, 'grad_norm': 39.673160552978516, 'learning_rate': 7.244444444444445e-05, 'epoch': 174.0}
{'loss': -3.1447, 'grad_norm': 41.45951461791992, 'learning_rate': 7.222222222222222e-05, 'epoch': 175.0}
{'loss': -3.1495, 'grad_norm': 27.78778648376465, 'learning_rate': 7.2e-05, 'epoch': 176.0}
{'loss': -3.1603, 'grad_norm': 25.894569396972656, 'learning_rate': 7.177777777777777e-05, 'epoch': 177.0}
{'loss': -3.1639, 'grad_norm': 23.4555721282959, 'learning_rate': 7.155555555555555e-05, 'epoch': 178.0}
{'loss': -3.1671, 'grad_norm': 20.11748504638672, 'learning_rate': 7.133333333333334e-05, 'epoch': 179.0}
{'loss': -3.1698, 'grad_norm': 26.609426498413086, 'learning_rate': 7.111111111111112e-05, 'epoch': 180.0}
{'loss': -3.1728, 'grad_norm': 18.970911026000977, 'learning_rate': 7.088888888888889e-05, 'epoch': 181.0}
{'loss': -3.17, 'grad_norm': 23.834518432617188, 'learning_rate': 7.066666666666667e-05, 'epoch': 182.0}
{'loss': -3.1763, 'grad_norm': 34.81275939941406, 'learning_rate': 7.044444444444444e-05, 'epoch': 183.0}
{'loss': -3.1811, 'grad_norm': 32.025814056396484, 'learning_rate': 7.022222222222222e-05, 'epoch': 184.0}
{'loss': -3.1738, 'grad_norm': 26.696748733520508, 'learning_rate': 7e-05, 'epoch': 185.0}
{'loss': -3.1859, 'grad_norm': 24.90799903869629, 'learning_rate': 6.977777777777779e-05, 'epoch': 186.0}
{'loss': -3.1924, 'grad_norm': 24.453405380249023, 'learning_rate': 6.955555555555556e-05, 'epoch': 187.0}
{'loss': -3.1949, 'grad_norm': 20.818614959716797, 'learning_rate': 6.933333333333334e-05, 'epoch': 188.0}
{'loss': -3.1978, 'grad_norm': 29.00828742980957, 'learning_rate': 6.911111111111111e-05, 'epoch': 189.0}
{'loss': -3.1986, 'grad_norm': 35.62594223022461, 'learning_rate': 6.88888888888889e-05, 'epoch': 190.0}
{'loss': -3.2044, 'grad_norm': 27.175609588623047, 'learning_rate': 6.866666666666666e-05, 'epoch': 191.0}
{'loss': -3.1959, 'grad_norm': 17.9884090423584, 'learning_rate': 6.844444444444445e-05, 'epoch': 192.0}
{'loss': -3.2099, 'grad_norm': 32.8505744934082, 'learning_rate': 6.822222222222222e-05, 'epoch': 193.0}
{'loss': -3.21, 'grad_norm': 38.13069534301758, 'learning_rate': 6.800000000000001e-05, 'epoch': 194.0}
{'loss': -3.2103, 'grad_norm': 36.55952835083008, 'learning_rate': 6.777777777777778e-05, 'epoch': 195.0}
{'loss': -3.2179, 'grad_norm': 27.46183967590332, 'learning_rate': 6.755555555555557e-05, 'epoch': 196.0}
{'loss': -3.218, 'grad_norm': 35.9091682434082, 'learning_rate': 6.733333333333333e-05, 'epoch': 197.0}
{'loss': -3.222, 'grad_norm': 39.44951248168945, 'learning_rate': 6.711111111111112e-05, 'epoch': 198.0}
{'loss': -3.2239, 'grad_norm': 26.361635208129883, 'learning_rate': 6.688888888888889e-05, 'epoch': 199.0}
{'loss': -3.2263, 'grad_norm': 20.95465660095215, 'learning_rate': 6.666666666666667e-05, 'epoch': 200.0}
{'loss': -3.2328, 'grad_norm': 27.149316787719727, 'learning_rate': 6.644444444444444e-05, 'epoch': 201.0}
{'loss': -3.2381, 'grad_norm': 11.01562213897705, 'learning_rate': 6.622222222222224e-05, 'epoch': 202.0}
{'loss': -3.2324, 'grad_norm': 50.59408950805664, 'learning_rate': 6.6e-05, 'epoch': 203.0}
{'loss': -3.2244, 'grad_norm': 16.42934799194336, 'learning_rate': 6.577777777777779e-05, 'epoch': 204.0}
{'loss': -3.242, 'grad_norm': 17.52981185913086, 'learning_rate': 6.555555555555556e-05, 'epoch': 205.0}
{'loss': -3.2377, 'grad_norm': 20.749324798583984, 'learning_rate': 6.533333333333334e-05, 'epoch': 206.0}
{'loss': -3.2464, 'grad_norm': 32.9940299987793, 'learning_rate': 6.511111111111111e-05, 'epoch': 207.0}
{'loss': -3.2427, 'grad_norm': 31.3404483795166, 'learning_rate': 6.488888888888889e-05, 'epoch': 208.0}
{'loss': -3.2539, 'grad_norm': 28.030363082885742, 'learning_rate': 6.466666666666666e-05, 'epoch': 209.0}
{'loss': -3.2554, 'grad_norm': 34.45279312133789, 'learning_rate': 6.444444444444446e-05, 'epoch': 210.0}
{'loss': -3.2594, 'grad_norm': 29.659189224243164, 'learning_rate': 6.422222222222223e-05, 'epoch': 211.0}
{'loss': -3.2622, 'grad_norm': 35.66473388671875, 'learning_rate': 6.400000000000001e-05, 'epoch': 212.0}
{'loss': -3.2654, 'grad_norm': 31.52085304260254, 'learning_rate': 6.377777777777778e-05, 'epoch': 213.0}
{'loss': -3.2665, 'grad_norm': 26.12772560119629, 'learning_rate': 6.355555555555556e-05, 'epoch': 214.0}
{'loss': -3.2658, 'grad_norm': 27.661033630371094, 'learning_rate': 6.333333333333333e-05, 'epoch': 215.0}
{'loss': -3.2704, 'grad_norm': 22.795381546020508, 'learning_rate': 6.311111111111112e-05, 'epoch': 216.0}
{'loss': -3.2657, 'grad_norm': 32.336395263671875, 'learning_rate': 6.28888888888889e-05, 'epoch': 217.0}
{'loss': -3.2625, 'grad_norm': 30.40172004699707, 'learning_rate': 6.266666666666667e-05, 'epoch': 218.0}
{'loss': -3.2732, 'grad_norm': 29.113719940185547, 'learning_rate': 6.244444444444445e-05, 'epoch': 219.0}
{'loss': -3.2678, 'grad_norm': 45.25775909423828, 'learning_rate': 6.222222222222222e-05, 'epoch': 220.0}
{'loss': -3.261, 'grad_norm': 30.643238067626953, 'learning_rate': 6.2e-05, 'epoch': 221.0}
{'loss': -3.2736, 'grad_norm': 44.857025146484375, 'learning_rate': 6.177777777777779e-05, 'epoch': 222.0}
{'loss': -3.275, 'grad_norm': 50.210025787353516, 'learning_rate': 6.155555555555555e-05, 'epoch': 223.0}
{'loss': -3.273, 'grad_norm': 35.12857437133789, 'learning_rate': 6.133333333333334e-05, 'epoch': 224.0}
{'loss': -3.2765, 'grad_norm': 30.528610229492188, 'learning_rate': 6.111111111111112e-05, 'epoch': 225.0}
{'loss': -3.2903, 'grad_norm': 25.81733512878418, 'learning_rate': 6.08888888888889e-05, 'epoch': 226.0}
{'loss': -3.291, 'grad_norm': 30.218952178955078, 'learning_rate': 6.066666666666667e-05, 'epoch': 227.0}
{'loss': -3.298, 'grad_norm': 37.30455780029297, 'learning_rate': 6.044444444444445e-05, 'epoch': 228.0}
{'loss': -3.295, 'grad_norm': 34.779666900634766, 'learning_rate': 6.0222222222222225e-05, 'epoch': 229.0}
{'loss': -3.3015, 'grad_norm': 32.744224548339844, 'learning_rate': 6e-05, 'epoch': 230.0}
{'loss': -3.3015, 'grad_norm': 30.778188705444336, 'learning_rate': 5.977777777777778e-05, 'epoch': 231.0}
{'loss': -3.3055, 'grad_norm': 26.627172470092773, 'learning_rate': 5.9555555555555554e-05, 'epoch': 232.0}
{'loss': -3.2773, 'grad_norm': 30.03997802734375, 'learning_rate': 5.9333333333333343e-05, 'epoch': 233.0}
{'loss': -3.3043, 'grad_norm': 29.84844398498535, 'learning_rate': 5.911111111111112e-05, 'epoch': 234.0}
{'loss': -3.3048, 'grad_norm': 24.347177505493164, 'learning_rate': 5.8888888888888896e-05, 'epoch': 235.0}
{'loss': -3.3085, 'grad_norm': 27.322450637817383, 'learning_rate': 5.866666666666667e-05, 'epoch': 236.0}
{'loss': -3.3123, 'grad_norm': 41.906639099121094, 'learning_rate': 5.844444444444445e-05, 'epoch': 237.0}
{'loss': -3.3106, 'grad_norm': 35.79209518432617, 'learning_rate': 5.8222222222222224e-05, 'epoch': 238.0}
{'loss': -3.3217, 'grad_norm': 27.776592254638672, 'learning_rate': 5.8e-05, 'epoch': 239.0}
{'loss': -3.3247, 'grad_norm': 29.177074432373047, 'learning_rate': 5.7777777777777776e-05, 'epoch': 240.0}
{'loss': -3.3257, 'grad_norm': 30.267127990722656, 'learning_rate': 5.755555555555556e-05, 'epoch': 241.0}
{'loss': -3.3274, 'grad_norm': 34.51034927368164, 'learning_rate': 5.7333333333333336e-05, 'epoch': 242.0}
{'loss': -3.3213, 'grad_norm': 48.2838134765625, 'learning_rate': 5.711111111111112e-05, 'epoch': 243.0}
{'loss': -3.3175, 'grad_norm': 52.49397277832031, 'learning_rate': 5.6888888888888895e-05, 'epoch': 244.0}
{'loss': -3.3257, 'grad_norm': 31.145872116088867, 'learning_rate': 5.666666666666667e-05, 'epoch': 245.0}
{'loss': -3.3223, 'grad_norm': 30.077600479125977, 'learning_rate': 5.644444444444445e-05, 'epoch': 246.0}
{'loss': -3.3315, 'grad_norm': 39.89802551269531, 'learning_rate': 5.622222222222222e-05, 'epoch': 247.0}
{'loss': -3.3379, 'grad_norm': 33.34788513183594, 'learning_rate': 5.6000000000000006e-05, 'epoch': 248.0}
{'loss': -3.3401, 'grad_norm': 27.61260223388672, 'learning_rate': 5.577777777777778e-05, 'epoch': 249.0}
{'loss': -3.3422, 'grad_norm': 34.23227310180664, 'learning_rate': 5.555555555555556e-05, 'epoch': 250.0}
{'loss': -3.341, 'grad_norm': 19.955713272094727, 'learning_rate': 5.5333333333333334e-05, 'epoch': 251.0}
{'loss': -3.3452, 'grad_norm': 30.38214111328125, 'learning_rate': 5.511111111111111e-05, 'epoch': 252.0}
{'loss': -3.3422, 'grad_norm': 20.770851135253906, 'learning_rate': 5.488888888888889e-05, 'epoch': 253.0}
{'loss': -3.3476, 'grad_norm': 29.619089126586914, 'learning_rate': 5.466666666666666e-05, 'epoch': 254.0}
{'loss': -3.3487, 'grad_norm': 24.989164352416992, 'learning_rate': 5.4444444444444446e-05, 'epoch': 255.0}
{'loss': -3.3508, 'grad_norm': 48.517356872558594, 'learning_rate': 5.422222222222223e-05, 'epoch': 256.0}
{'loss': -3.3267, 'grad_norm': 44.463653564453125, 'learning_rate': 5.4000000000000005e-05, 'epoch': 257.0}
{'loss': -3.3579, 'grad_norm': 15.97244644165039, 'learning_rate': 5.377777777777778e-05, 'epoch': 258.0}
{'loss': -3.3536, 'grad_norm': 29.769123077392578, 'learning_rate': 5.355555555555556e-05, 'epoch': 259.0}
{'loss': -3.3574, 'grad_norm': 20.1356201171875, 'learning_rate': 5.333333333333333e-05, 'epoch': 260.0}
{'loss': -3.3629, 'grad_norm': 29.393205642700195, 'learning_rate': 5.311111111111111e-05, 'epoch': 261.0}
{'loss': -3.3658, 'grad_norm': 18.68000602722168, 'learning_rate': 5.2888888888888885e-05, 'epoch': 262.0}
{'loss': -3.3608, 'grad_norm': 46.14796447753906, 'learning_rate': 5.266666666666666e-05, 'epoch': 263.0}
{'loss': -3.3679, 'grad_norm': 27.178781509399414, 'learning_rate': 5.244444444444445e-05, 'epoch': 264.0}
{'loss': -3.3647, 'grad_norm': 28.959211349487305, 'learning_rate': 5.222222222222223e-05, 'epoch': 265.0}
{'loss': -3.3668, 'grad_norm': 26.87569236755371, 'learning_rate': 5.2000000000000004e-05, 'epoch': 266.0}
{'loss': -3.3713, 'grad_norm': 30.78031349182129, 'learning_rate': 5.177777777777778e-05, 'epoch': 267.0}
{'loss': -3.3765, 'grad_norm': 27.690017700195312, 'learning_rate': 5.1555555555555556e-05, 'epoch': 268.0}
{'loss': -3.3799, 'grad_norm': 30.775766372680664, 'learning_rate': 5.133333333333333e-05, 'epoch': 269.0}
{'loss': -3.3822, 'grad_norm': 36.19468307495117, 'learning_rate': 5.111111111111111e-05, 'epoch': 270.0}
{'loss': -3.3838, 'grad_norm': 36.436710357666016, 'learning_rate': 5.0888888888888884e-05, 'epoch': 271.0}
{'loss': -3.3855, 'grad_norm': 36.68244934082031, 'learning_rate': 5.0666666666666674e-05, 'epoch': 272.0}
{'loss': -3.3873, 'grad_norm': 36.39521026611328, 'learning_rate': 5.044444444444445e-05, 'epoch': 273.0}
{'loss': -3.3873, 'grad_norm': 28.407291412353516, 'learning_rate': 5.0222222222222226e-05, 'epoch': 274.0}
{'loss': -3.3916, 'grad_norm': 15.369603157043457, 'learning_rate': 5e-05, 'epoch': 275.0}
{'loss': -3.3908, 'grad_norm': 43.59366226196289, 'learning_rate': 4.977777777777778e-05, 'epoch': 276.0}
{'loss': -3.3935, 'grad_norm': 24.855365753173828, 'learning_rate': 4.955555555555556e-05, 'epoch': 277.0}
{'loss': -3.3941, 'grad_norm': 21.518598556518555, 'learning_rate': 4.933333333333334e-05, 'epoch': 278.0}
{'loss': -3.3952, 'grad_norm': 18.78986358642578, 'learning_rate': 4.9111111111111114e-05, 'epoch': 279.0}
{'loss': -3.3995, 'grad_norm': 18.6881103515625, 'learning_rate': 4.888888888888889e-05, 'epoch': 280.0}
{'loss': -3.396, 'grad_norm': 45.4505615234375, 'learning_rate': 4.866666666666667e-05, 'epoch': 281.0}
{'loss': -3.4019, 'grad_norm': 22.1154842376709, 'learning_rate': 4.844444444444445e-05, 'epoch': 282.0}
{'loss': -3.3976, 'grad_norm': 38.32780456542969, 'learning_rate': 4.8222222222222225e-05, 'epoch': 283.0}
{'loss': -3.4049, 'grad_norm': 18.16811180114746, 'learning_rate': 4.8e-05, 'epoch': 284.0}
{'loss': -3.3995, 'grad_norm': 40.033905029296875, 'learning_rate': 4.7777777777777784e-05, 'epoch': 285.0}
{'loss': -3.4082, 'grad_norm': 29.283138275146484, 'learning_rate': 4.755555555555556e-05, 'epoch': 286.0}
{'loss': -3.4131, 'grad_norm': 43.473548889160156, 'learning_rate': 4.7333333333333336e-05, 'epoch': 287.0}
{'loss': -3.4154, 'grad_norm': 26.316526412963867, 'learning_rate': 4.711111111111111e-05, 'epoch': 288.0}
{'loss': -3.4165, 'grad_norm': 26.81145477294922, 'learning_rate': 4.6888888888888895e-05, 'epoch': 289.0}
{'loss': -3.4185, 'grad_norm': 29.72584342956543, 'learning_rate': 4.666666666666667e-05, 'epoch': 290.0}
{'loss': -3.422, 'grad_norm': 34.599815368652344, 'learning_rate': 4.644444444444445e-05, 'epoch': 291.0}
{'loss': -3.4215, 'grad_norm': 35.47197723388672, 'learning_rate': 4.6222222222222224e-05, 'epoch': 292.0}
{'loss': -3.4193, 'grad_norm': 37.607112884521484, 'learning_rate': 4.600000000000001e-05, 'epoch': 293.0}
{'loss': -3.4128, 'grad_norm': 36.41349411010742, 'learning_rate': 4.577777777777778e-05, 'epoch': 294.0}
{'loss': -3.4171, 'grad_norm': 27.889633178710938, 'learning_rate': 4.555555555555556e-05, 'epoch': 295.0}
{'loss': -3.4168, 'grad_norm': 34.339813232421875, 'learning_rate': 4.5333333333333335e-05, 'epoch': 296.0}
{'loss': -3.4281, 'grad_norm': 25.3195858001709, 'learning_rate': 4.511111111111112e-05, 'epoch': 297.0}
{'loss': -3.429, 'grad_norm': 34.604915618896484, 'learning_rate': 4.4888888888888894e-05, 'epoch': 298.0}
{'loss': -3.4289, 'grad_norm': 19.515880584716797, 'learning_rate': 4.466666666666667e-05, 'epoch': 299.0}
{'loss': -3.4316, 'grad_norm': 29.94097137451172, 'learning_rate': 4.4444444444444447e-05, 'epoch': 300.0}
{'loss': -3.4356, 'grad_norm': 28.57950782775879, 'learning_rate': 4.422222222222222e-05, 'epoch': 301.0}
{'loss': -3.4359, 'grad_norm': 53.19479751586914, 'learning_rate': 4.4000000000000006e-05, 'epoch': 302.0}
{'loss': -3.4324, 'grad_norm': 29.25931739807129, 'learning_rate': 4.377777777777778e-05, 'epoch': 303.0}
{'loss': -3.4394, 'grad_norm': 27.438711166381836, 'learning_rate': 4.355555555555556e-05, 'epoch': 304.0}
{'loss': -3.4422, 'grad_norm': 26.549890518188477, 'learning_rate': 4.3333333333333334e-05, 'epoch': 305.0}
{'loss': -3.4424, 'grad_norm': 19.36528205871582, 'learning_rate': 4.311111111111111e-05, 'epoch': 306.0}
{'loss': -3.4351, 'grad_norm': 26.10631561279297, 'learning_rate': 4.2888888888888886e-05, 'epoch': 307.0}
{'loss': -3.4461, 'grad_norm': 28.032163619995117, 'learning_rate': 4.266666666666667e-05, 'epoch': 308.0}
{'loss': -3.4491, 'grad_norm': 37.49226379394531, 'learning_rate': 4.2444444444444445e-05, 'epoch': 309.0}
{'loss': -3.4499, 'grad_norm': 30.748497009277344, 'learning_rate': 4.222222222222222e-05, 'epoch': 310.0}
{'loss': -3.4541, 'grad_norm': 16.581212997436523, 'learning_rate': 4.2e-05, 'epoch': 311.0}
{'loss': -3.4484, 'grad_norm': 27.923198699951172, 'learning_rate': 4.177777777777778e-05, 'epoch': 312.0}
{'loss': -3.4482, 'grad_norm': 54.639320373535156, 'learning_rate': 4.155555555555556e-05, 'epoch': 313.0}
{'loss': -3.4522, 'grad_norm': 33.5234489440918, 'learning_rate': 4.133333333333333e-05, 'epoch': 314.0}
{'loss': -3.4568, 'grad_norm': 25.03992462158203, 'learning_rate': 4.111111111111111e-05, 'epoch': 315.0}
{'loss': -3.4534, 'grad_norm': 37.5462646484375, 'learning_rate': 4.088888888888889e-05, 'epoch': 316.0}
{'loss': -3.4525, 'grad_norm': 39.880897521972656, 'learning_rate': 4.066666666666667e-05, 'epoch': 317.0}
{'loss': -3.4596, 'grad_norm': 20.84450340270996, 'learning_rate': 4.0444444444444444e-05, 'epoch': 318.0}
{'loss': -3.4604, 'grad_norm': 36.22962951660156, 'learning_rate': 4.022222222222222e-05, 'epoch': 319.0}
{'loss': -3.4647, 'grad_norm': 27.164745330810547, 'learning_rate': 4e-05, 'epoch': 320.0}
{'loss': -3.4642, 'grad_norm': 28.650230407714844, 'learning_rate': 3.977777777777778e-05, 'epoch': 321.0}
{'loss': -3.4659, 'grad_norm': 23.785381317138672, 'learning_rate': 3.9555555555555556e-05, 'epoch': 322.0}
{'loss': -3.4674, 'grad_norm': 30.46885871887207, 'learning_rate': 3.933333333333333e-05, 'epoch': 323.0}
{'loss': -3.4637, 'grad_norm': 50.30601119995117, 'learning_rate': 3.9111111111111115e-05, 'epoch': 324.0}
{'loss': -3.4651, 'grad_norm': 23.709888458251953, 'learning_rate': 3.888888888888889e-05, 'epoch': 325.0}
{'loss': -3.4685, 'grad_norm': 37.4759407043457, 'learning_rate': 3.866666666666667e-05, 'epoch': 326.0}
{'loss': -3.4691, 'grad_norm': 13.205009460449219, 'learning_rate': 3.844444444444444e-05, 'epoch': 327.0}
{'loss': -3.473, 'grad_norm': 32.02836608886719, 'learning_rate': 3.8222222222222226e-05, 'epoch': 328.0}
{'loss': -3.4742, 'grad_norm': 41.237674713134766, 'learning_rate': 3.8e-05, 'epoch': 329.0}
{'loss': -3.4752, 'grad_norm': 27.369638442993164, 'learning_rate': 3.777777777777778e-05, 'epoch': 330.0}
{'loss': -3.48, 'grad_norm': 23.812685012817383, 'learning_rate': 3.7555555555555554e-05, 'epoch': 331.0}
{'loss': -3.4801, 'grad_norm': 27.31372833251953, 'learning_rate': 3.733333333333334e-05, 'epoch': 332.0}
{'loss': -3.4839, 'grad_norm': 26.394691467285156, 'learning_rate': 3.7111111111111113e-05, 'epoch': 333.0}
{'loss': -3.4843, 'grad_norm': 10.112210273742676, 'learning_rate': 3.688888888888889e-05, 'epoch': 334.0}
{'loss': -3.4764, 'grad_norm': 32.575355529785156, 'learning_rate': 3.6666666666666666e-05, 'epoch': 335.0}
{'loss': -3.4849, 'grad_norm': 24.106218338012695, 'learning_rate': 3.644444444444445e-05, 'epoch': 336.0}
{'loss': -3.4862, 'grad_norm': 22.39693260192871, 'learning_rate': 3.6222222222222225e-05, 'epoch': 337.0}
{'loss': -3.488, 'grad_norm': 18.139413833618164, 'learning_rate': 3.6e-05, 'epoch': 338.0}
{'loss': -3.4883, 'grad_norm': 24.00664520263672, 'learning_rate': 3.577777777777778e-05, 'epoch': 339.0}
{'loss': -3.4917, 'grad_norm': 21.290706634521484, 'learning_rate': 3.555555555555556e-05, 'epoch': 340.0}
{'loss': -3.4937, 'grad_norm': 32.29661560058594, 'learning_rate': 3.5333333333333336e-05, 'epoch': 341.0}
{'loss': -3.4945, 'grad_norm': 15.417981147766113, 'learning_rate': 3.511111111111111e-05, 'epoch': 342.0}
{'loss': -3.4942, 'grad_norm': 30.709299087524414, 'learning_rate': 3.4888888888888895e-05, 'epoch': 343.0}
{'loss': -3.497, 'grad_norm': 27.675477981567383, 'learning_rate': 3.466666666666667e-05, 'epoch': 344.0}
{'loss': -3.4984, 'grad_norm': 28.939228057861328, 'learning_rate': 3.444444444444445e-05, 'epoch': 345.0}
{'loss': -3.5016, 'grad_norm': 29.976003646850586, 'learning_rate': 3.4222222222222224e-05, 'epoch': 346.0}
{'loss': -3.5, 'grad_norm': 29.175312042236328, 'learning_rate': 3.4000000000000007e-05, 'epoch': 347.0}
{'loss': -3.5031, 'grad_norm': 36.47047424316406, 'learning_rate': 3.377777777777778e-05, 'epoch': 348.0}
{'loss': -3.5051, 'grad_norm': 23.22580909729004, 'learning_rate': 3.355555555555556e-05, 'epoch': 349.0}
{'loss': -3.5051, 'grad_norm': 30.364248275756836, 'learning_rate': 3.3333333333333335e-05, 'epoch': 350.0}
{'loss': -3.5073, 'grad_norm': 17.174129486083984, 'learning_rate': 3.311111111111112e-05, 'epoch': 351.0}
{'loss': -3.5077, 'grad_norm': 31.569942474365234, 'learning_rate': 3.2888888888888894e-05, 'epoch': 352.0}
{'loss': -3.5074, 'grad_norm': 34.93528747558594, 'learning_rate': 3.266666666666667e-05, 'epoch': 353.0}
{'loss': -3.5127, 'grad_norm': 27.52887535095215, 'learning_rate': 3.2444444444444446e-05, 'epoch': 354.0}
{'loss': -3.5127, 'grad_norm': 23.44947624206543, 'learning_rate': 3.222222222222223e-05, 'epoch': 355.0}
{'loss': -3.5131, 'grad_norm': 28.11563491821289, 'learning_rate': 3.2000000000000005e-05, 'epoch': 356.0}
{'loss': -3.5164, 'grad_norm': 32.500877380371094, 'learning_rate': 3.177777777777778e-05, 'epoch': 357.0}
{'loss': -3.5157, 'grad_norm': 26.82622718811035, 'learning_rate': 3.155555555555556e-05, 'epoch': 358.0}
{'loss': -3.5158, 'grad_norm': 24.960472106933594, 'learning_rate': 3.1333333333333334e-05, 'epoch': 359.0}
{'loss': -3.5153, 'grad_norm': 21.507381439208984, 'learning_rate': 3.111111111111111e-05, 'epoch': 360.0}
{'loss': -3.5137, 'grad_norm': 41.750396728515625, 'learning_rate': 3.088888888888889e-05, 'epoch': 361.0}
{'loss': -3.5187, 'grad_norm': 24.910287857055664, 'learning_rate': 3.066666666666667e-05, 'epoch': 362.0}
{'loss': -3.5203, 'grad_norm': 21.76666259765625, 'learning_rate': 3.044444444444445e-05, 'epoch': 363.0}
{'loss': -3.519, 'grad_norm': 39.91438674926758, 'learning_rate': 3.0222222222222225e-05, 'epoch': 364.0}
{'loss': -3.5238, 'grad_norm': 25.100608825683594, 'learning_rate': 3e-05, 'epoch': 365.0}
{'loss': -3.5257, 'grad_norm': 19.830720901489258, 'learning_rate': 2.9777777777777777e-05, 'epoch': 366.0}
{'loss': -3.5266, 'grad_norm': 24.21712303161621, 'learning_rate': 2.955555555555556e-05, 'epoch': 367.0}
{'loss': -3.526, 'grad_norm': 28.332300186157227, 'learning_rate': 2.9333333333333336e-05, 'epoch': 368.0}
{'loss': -3.529, 'grad_norm': 33.67605209350586, 'learning_rate': 2.9111111111111112e-05, 'epoch': 369.0}
{'loss': -3.5277, 'grad_norm': 24.9279727935791, 'learning_rate': 2.8888888888888888e-05, 'epoch': 370.0}
{'loss': -3.5297, 'grad_norm': 19.018413543701172, 'learning_rate': 2.8666666666666668e-05, 'epoch': 371.0}
{'loss': -3.5346, 'grad_norm': 28.419281005859375, 'learning_rate': 2.8444444444444447e-05, 'epoch': 372.0}
{'loss': -3.5346, 'grad_norm': 14.816851615905762, 'learning_rate': 2.8222222222222223e-05, 'epoch': 373.0}
{'loss': -3.5325, 'grad_norm': 26.96792984008789, 'learning_rate': 2.8000000000000003e-05, 'epoch': 374.0}
{'loss': -3.5351, 'grad_norm': 18.327774047851562, 'learning_rate': 2.777777777777778e-05, 'epoch': 375.0}
{'loss': -3.533, 'grad_norm': 34.91750717163086, 'learning_rate': 2.7555555555555555e-05, 'epoch': 376.0}
{'loss': -3.5338, 'grad_norm': 23.07084083557129, 'learning_rate': 2.733333333333333e-05, 'epoch': 377.0}
{'loss': -3.5347, 'grad_norm': 33.46449279785156, 'learning_rate': 2.7111111111111114e-05, 'epoch': 378.0}
{'loss': -3.5329, 'grad_norm': 22.912626266479492, 'learning_rate': 2.688888888888889e-05, 'epoch': 379.0}
{'loss': -3.5365, 'grad_norm': 23.034717559814453, 'learning_rate': 2.6666666666666667e-05, 'epoch': 380.0}
{'loss': -3.5397, 'grad_norm': 16.957839965820312, 'learning_rate': 2.6444444444444443e-05, 'epoch': 381.0}
{'loss': -3.5411, 'grad_norm': 33.985145568847656, 'learning_rate': 2.6222222222222226e-05, 'epoch': 382.0}
{'loss': -3.546, 'grad_norm': 23.997386932373047, 'learning_rate': 2.6000000000000002e-05, 'epoch': 383.0}
{'loss': -3.5448, 'grad_norm': 16.806819915771484, 'learning_rate': 2.5777777777777778e-05, 'epoch': 384.0}
{'loss': -3.5449, 'grad_norm': 29.743864059448242, 'learning_rate': 2.5555555555555554e-05, 'epoch': 385.0}
{'loss': -3.5476, 'grad_norm': 18.722368240356445, 'learning_rate': 2.5333333333333337e-05, 'epoch': 386.0}
{'loss': -3.548, 'grad_norm': 28.025707244873047, 'learning_rate': 2.5111111111111113e-05, 'epoch': 387.0}
{'loss': -3.5481, 'grad_norm': 19.655628204345703, 'learning_rate': 2.488888888888889e-05, 'epoch': 388.0}
{'loss': -3.5505, 'grad_norm': 17.43721580505371, 'learning_rate': 2.466666666666667e-05, 'epoch': 389.0}
{'loss': -3.552, 'grad_norm': 27.191936492919922, 'learning_rate': 2.4444444444444445e-05, 'epoch': 390.0}
{'loss': -3.5528, 'grad_norm': 20.345081329345703, 'learning_rate': 2.4222222222222224e-05, 'epoch': 391.0}
{'loss': -3.5549, 'grad_norm': 19.87339973449707, 'learning_rate': 2.4e-05, 'epoch': 392.0}
{'loss': -3.5547, 'grad_norm': 19.560108184814453, 'learning_rate': 2.377777777777778e-05, 'epoch': 393.0}
{'loss': -3.556, 'grad_norm': 32.241798400878906, 'learning_rate': 2.3555555555555556e-05, 'epoch': 394.0}
{'loss': -3.5561, 'grad_norm': 27.610010147094727, 'learning_rate': 2.3333333333333336e-05, 'epoch': 395.0}
{'loss': -3.5583, 'grad_norm': 28.116943359375, 'learning_rate': 2.3111111111111112e-05, 'epoch': 396.0}
{'loss': -3.5562, 'grad_norm': 31.488235473632812, 'learning_rate': 2.288888888888889e-05, 'epoch': 397.0}
{'loss': -3.5581, 'grad_norm': 15.367883682250977, 'learning_rate': 2.2666666666666668e-05, 'epoch': 398.0}
{'loss': -3.5561, 'grad_norm': 72.39828491210938, 'learning_rate': 2.2444444444444447e-05, 'epoch': 399.0}
{'loss': -3.5468, 'grad_norm': 33.72804641723633, 'learning_rate': 2.2222222222222223e-05, 'epoch': 400.0}
{'loss': -3.5615, 'grad_norm': 21.51642417907715, 'learning_rate': 2.2000000000000003e-05, 'epoch': 401.0}
{'loss': -3.563, 'grad_norm': 23.950162887573242, 'learning_rate': 2.177777777777778e-05, 'epoch': 402.0}
{'loss': -3.564, 'grad_norm': 20.727863311767578, 'learning_rate': 2.1555555555555555e-05, 'epoch': 403.0}
{'loss': -3.5614, 'grad_norm': 34.72096252441406, 'learning_rate': 2.1333333333333335e-05, 'epoch': 404.0}
{'loss': -3.5609, 'grad_norm': 37.239707946777344, 'learning_rate': 2.111111111111111e-05, 'epoch': 405.0}
{'loss': -3.5665, 'grad_norm': 32.5218505859375, 'learning_rate': 2.088888888888889e-05, 'epoch': 406.0}
{'loss': -3.5665, 'grad_norm': 36.75072479248047, 'learning_rate': 2.0666666666666666e-05, 'epoch': 407.0}
{'loss': -3.563, 'grad_norm': 23.164161682128906, 'learning_rate': 2.0444444444444446e-05, 'epoch': 408.0}
{'loss': -3.5676, 'grad_norm': 22.029743194580078, 'learning_rate': 2.0222222222222222e-05, 'epoch': 409.0}
{'loss': -3.567, 'grad_norm': 21.8585147857666, 'learning_rate': 2e-05, 'epoch': 410.0}
{'loss': -3.5691, 'grad_norm': 15.735748291015625, 'learning_rate': 1.9777777777777778e-05, 'epoch': 411.0}
{'loss': -3.5682, 'grad_norm': 20.129865646362305, 'learning_rate': 1.9555555555555557e-05, 'epoch': 412.0}
{'loss': -3.5702, 'grad_norm': 14.694862365722656, 'learning_rate': 1.9333333333333333e-05, 'epoch': 413.0}
{'loss': -3.573, 'grad_norm': 10.63677978515625, 'learning_rate': 1.9111111111111113e-05, 'epoch': 414.0}
{'loss': -3.572, 'grad_norm': 30.272594451904297, 'learning_rate': 1.888888888888889e-05, 'epoch': 415.0}
{'loss': -3.5737, 'grad_norm': 12.963080406188965, 'learning_rate': 1.866666666666667e-05, 'epoch': 416.0}
{'loss': -3.5716, 'grad_norm': 35.819435119628906, 'learning_rate': 1.8444444444444445e-05, 'epoch': 417.0}
{'loss': -3.5759, 'grad_norm': 25.887849807739258, 'learning_rate': 1.8222222222222224e-05, 'epoch': 418.0}
{'loss': -3.5739, 'grad_norm': 27.36440086364746, 'learning_rate': 1.8e-05, 'epoch': 419.0}
{'loss': -3.5759, 'grad_norm': 14.555712699890137, 'learning_rate': 1.777777777777778e-05, 'epoch': 420.0}
{'loss': -3.577, 'grad_norm': 37.87504196166992, 'learning_rate': 1.7555555555555556e-05, 'epoch': 421.0}
{'loss': -3.5775, 'grad_norm': 26.041015625, 'learning_rate': 1.7333333333333336e-05, 'epoch': 422.0}
{'loss': -3.578, 'grad_norm': 20.858976364135742, 'learning_rate': 1.7111111111111112e-05, 'epoch': 423.0}
{'loss': -3.5788, 'grad_norm': 30.535593032836914, 'learning_rate': 1.688888888888889e-05, 'epoch': 424.0}
{'loss': -3.5798, 'grad_norm': 13.312644004821777, 'learning_rate': 1.6666666666666667e-05, 'epoch': 425.0}
{'loss': -3.5807, 'grad_norm': 17.597412109375, 'learning_rate': 1.6444444444444447e-05, 'epoch': 426.0}
{'loss': -3.5812, 'grad_norm': 12.321405410766602, 'learning_rate': 1.6222222222222223e-05, 'epoch': 427.0}
{'loss': -3.5814, 'grad_norm': 23.129568099975586, 'learning_rate': 1.6000000000000003e-05, 'epoch': 428.0}
{'loss': -3.585, 'grad_norm': 23.855825424194336, 'learning_rate': 1.577777777777778e-05, 'epoch': 429.0}
{'loss': -3.5833, 'grad_norm': 9.811102867126465, 'learning_rate': 1.5555555555555555e-05, 'epoch': 430.0}
{'loss': -3.5841, 'grad_norm': 23.1953125, 'learning_rate': 1.5333333333333334e-05, 'epoch': 431.0}
{'loss': -3.586, 'grad_norm': 26.033344268798828, 'learning_rate': 1.5111111111111112e-05, 'epoch': 432.0}
{'loss': -3.5872, 'grad_norm': 20.775402069091797, 'learning_rate': 1.4888888888888888e-05, 'epoch': 433.0}
{'loss': -3.5874, 'grad_norm': 32.42791748046875, 'learning_rate': 1.4666666666666668e-05, 'epoch': 434.0}
{'loss': -3.587, 'grad_norm': 17.272008895874023, 'learning_rate': 1.4444444444444444e-05, 'epoch': 435.0}
{'loss': -3.5887, 'grad_norm': 16.163658142089844, 'learning_rate': 1.4222222222222224e-05, 'epoch': 436.0}
{'loss': -3.5914, 'grad_norm': 15.945402145385742, 'learning_rate': 1.4000000000000001e-05, 'epoch': 437.0}
{'loss': -3.5901, 'grad_norm': 12.41591739654541, 'learning_rate': 1.3777777777777778e-05, 'epoch': 438.0}
{'loss': -3.5911, 'grad_norm': 27.82701873779297, 'learning_rate': 1.3555555555555557e-05, 'epoch': 439.0}
{'loss': -3.5927, 'grad_norm': 15.724844932556152, 'learning_rate': 1.3333333333333333e-05, 'epoch': 440.0}
{'loss': -3.5924, 'grad_norm': 31.910539627075195, 'learning_rate': 1.3111111111111113e-05, 'epoch': 441.0}
{'loss': -3.5925, 'grad_norm': 16.774127960205078, 'learning_rate': 1.2888888888888889e-05, 'epoch': 442.0}
{'loss': -3.5938, 'grad_norm': 16.067602157592773, 'learning_rate': 1.2666666666666668e-05, 'epoch': 443.0}
{'loss': -3.5946, 'grad_norm': 11.075305938720703, 'learning_rate': 1.2444444444444445e-05, 'epoch': 444.0}
{'loss': -3.5962, 'grad_norm': 18.2980899810791, 'learning_rate': 1.2222222222222222e-05, 'epoch': 445.0}
{'loss': -3.5953, 'grad_norm': 18.13686752319336, 'learning_rate': 1.2e-05, 'epoch': 446.0}
{'loss': -3.5956, 'grad_norm': 11.633012771606445, 'learning_rate': 1.1777777777777778e-05, 'epoch': 447.0}
{'loss': -3.5957, 'grad_norm': 13.134846687316895, 'learning_rate': 1.1555555555555556e-05, 'epoch': 448.0}
{'loss': -3.5977, 'grad_norm': 16.293123245239258, 'learning_rate': 1.1333333333333334e-05, 'epoch': 449.0}
{'loss': -3.5979, 'grad_norm': 11.207674980163574, 'learning_rate': 1.1111111111111112e-05, 'epoch': 450.0}
{'loss': -3.5994, 'grad_norm': 16.168668746948242, 'learning_rate': 1.088888888888889e-05, 'epoch': 451.0}
{'loss': -3.6009, 'grad_norm': 11.453115463256836, 'learning_rate': 1.0666666666666667e-05, 'epoch': 452.0}
{'loss': -3.6006, 'grad_norm': 21.175912857055664, 'learning_rate': 1.0444444444444445e-05, 'epoch': 453.0}
{'loss': -3.6003, 'grad_norm': 32.290340423583984, 'learning_rate': 1.0222222222222223e-05, 'epoch': 454.0}
{'loss': -3.6012, 'grad_norm': 12.526041984558105, 'learning_rate': 1e-05, 'epoch': 455.0}
{'loss': -3.6019, 'grad_norm': 13.674758911132812, 'learning_rate': 9.777777777777779e-06, 'epoch': 456.0}
{'loss': -3.6022, 'grad_norm': 14.441154479980469, 'learning_rate': 9.555555555555556e-06, 'epoch': 457.0}
{'loss': -3.6025, 'grad_norm': 12.154497146606445, 'learning_rate': 9.333333333333334e-06, 'epoch': 458.0}
{'loss': -3.6031, 'grad_norm': 10.845560073852539, 'learning_rate': 9.111111111111112e-06, 'epoch': 459.0}
{'loss': -3.6037, 'grad_norm': 8.365517616271973, 'learning_rate': 8.88888888888889e-06, 'epoch': 460.0}
{'loss': -3.6052, 'grad_norm': 11.261785507202148, 'learning_rate': 8.666666666666668e-06, 'epoch': 461.0}
{'loss': -3.6045, 'grad_norm': 11.174078941345215, 'learning_rate': 8.444444444444446e-06, 'epoch': 462.0}
{'loss': -3.6053, 'grad_norm': 8.057999610900879, 'learning_rate': 8.222222222222223e-06, 'epoch': 463.0}
{'loss': -3.6068, 'grad_norm': 10.457812309265137, 'learning_rate': 8.000000000000001e-06, 'epoch': 464.0}
{'loss': -3.607, 'grad_norm': 8.5336332321167, 'learning_rate': 7.777777777777777e-06, 'epoch': 465.0}
{'loss': -3.607, 'grad_norm': 14.535419464111328, 'learning_rate': 7.555555555555556e-06, 'epoch': 466.0}
{'loss': -3.6075, 'grad_norm': 17.262420654296875, 'learning_rate': 7.333333333333334e-06, 'epoch': 467.0}
{'loss': -3.6094, 'grad_norm': 9.506919860839844, 'learning_rate': 7.111111111111112e-06, 'epoch': 468.0}
{'loss': -3.6094, 'grad_norm': 10.619281768798828, 'learning_rate': 6.888888888888889e-06, 'epoch': 469.0}
{'loss': -3.6095, 'grad_norm': 17.384111404418945, 'learning_rate': 6.666666666666667e-06, 'epoch': 470.0}
{'loss': -3.6101, 'grad_norm': 8.95220947265625, 'learning_rate': 6.4444444444444445e-06, 'epoch': 471.0}
{'loss': -3.6102, 'grad_norm': 14.279265403747559, 'learning_rate': 6.222222222222222e-06, 'epoch': 472.0}
{'loss': -3.6113, 'grad_norm': 9.36792278289795, 'learning_rate': 6e-06, 'epoch': 473.0}
{'loss': -3.6112, 'grad_norm': 17.11153793334961, 'learning_rate': 5.777777777777778e-06, 'epoch': 474.0}
{'loss': -3.6116, 'grad_norm': 9.195335388183594, 'learning_rate': 5.555555555555556e-06, 'epoch': 475.0}
{'loss': -3.6119, 'grad_norm': 8.213903427124023, 'learning_rate': 5.333333333333334e-06, 'epoch': 476.0}
{'loss': -3.6118, 'grad_norm': 12.310583114624023, 'learning_rate': 5.1111111111111115e-06, 'epoch': 477.0}
{'loss': -3.6127, 'grad_norm': 24.301668167114258, 'learning_rate': 4.888888888888889e-06, 'epoch': 478.0}
{'loss': -3.6135, 'grad_norm': 10.430727005004883, 'learning_rate': 4.666666666666667e-06, 'epoch': 479.0}
{'loss': -3.6116, 'grad_norm': 14.040863990783691, 'learning_rate': 4.444444444444445e-06, 'epoch': 480.0}
{'loss': -3.6138, 'grad_norm': 7.180665016174316, 'learning_rate': 4.222222222222223e-06, 'epoch': 481.0}
{'loss': -3.613, 'grad_norm': 10.87602424621582, 'learning_rate': 4.000000000000001e-06, 'epoch': 482.0}
{'loss': -3.6133, 'grad_norm': 13.09729290008545, 'learning_rate': 3.777777777777778e-06, 'epoch': 483.0}
{'loss': -3.6151, 'grad_norm': 10.599004745483398, 'learning_rate': 3.555555555555556e-06, 'epoch': 484.0}
{'loss': -3.6158, 'grad_norm': 6.7736334800720215, 'learning_rate': 3.3333333333333333e-06, 'epoch': 485.0}
{'loss': -3.6155, 'grad_norm': 6.761415958404541, 'learning_rate': 3.111111111111111e-06, 'epoch': 486.0}
{'loss': -3.615, 'grad_norm': 7.748714447021484, 'learning_rate': 2.888888888888889e-06, 'epoch': 487.0}
{'loss': -3.6164, 'grad_norm': 7.93526554107666, 'learning_rate': 2.666666666666667e-06, 'epoch': 488.0}
{'loss': -3.6156, 'grad_norm': 8.462855339050293, 'learning_rate': 2.4444444444444447e-06, 'epoch': 489.0}
{'loss': -3.6154, 'grad_norm': 7.360459327697754, 'learning_rate': 2.2222222222222225e-06, 'epoch': 490.0}
{'loss': -3.6163, 'grad_norm': 10.437359809875488, 'learning_rate': 2.0000000000000003e-06, 'epoch': 491.0}
{'loss': -3.6156, 'grad_norm': 5.403492450714111, 'learning_rate': 1.777777777777778e-06, 'epoch': 492.0}
{'loss': -3.6165, 'grad_norm': 7.0479536056518555, 'learning_rate': 1.5555555555555556e-06, 'epoch': 493.0}
{'loss': -3.6156, 'grad_norm': 8.052594184875488, 'learning_rate': 1.3333333333333334e-06, 'epoch': 494.0}
{'loss': -3.6179, 'grad_norm': 5.555418491363525, 'learning_rate': 1.1111111111111112e-06, 'epoch': 495.0}
{'loss': -3.6171, 'grad_norm': 5.332011699676514, 'learning_rate': 8.88888888888889e-07, 'epoch': 496.0}
{'loss': -3.6188, 'grad_norm': 8.237217903137207, 'learning_rate': 6.666666666666667e-07, 'epoch': 497.0}
{'loss': -3.6173, 'grad_norm': 6.232619285583496, 'learning_rate': 4.444444444444445e-07, 'epoch': 498.0}
{'loss': -3.6187, 'grad_norm': 12.19832992553711, 'learning_rate': 2.2222222222222224e-07, 'epoch': 499.0}
{'loss': -3.6188, 'grad_norm': 7.338531494140625, 'learning_rate': 0.0, 'epoch': 500.0}
{'train_runtime': 10087.6791, 'train_samples_per_second': 17650.343, 'train_steps_per_second': 1.983, 'train_loss': -3.067204799091816, 'epoch': 500.0}
========== Model is trained ==========
========== Model is in evaluation mode ==========
=== Model is saved, at /proj/gaia/RayDT/dataset/processed_data/../../outputs/huggingface_test_result_noise_20/models/huggingface_trained_dt_noise_20_20240824-132440_1/ ===
Finished concurrent execution of tasks.
Ending time: Sat Aug 24 16:13:01 CEST 2024
