Starting time: Sat Aug 24 13:24:10 CEST 2024
no change     /proj/gaia/RayDT/mamba_ray/condabin/conda
no change     /proj/gaia/RayDT/mamba_ray/bin/conda
no change     /proj/gaia/RayDT/mamba_ray/bin/conda-env
no change     /proj/gaia/RayDT/mamba_ray/bin/activate
no change     /proj/gaia/RayDT/mamba_ray/bin/deactivate
no change     /proj/gaia/RayDT/mamba_ray/etc/profile.d/conda.sh
no change     /proj/gaia/RayDT/mamba_ray/etc/fish/conf.d/conda.fish
no change     /proj/gaia/RayDT/mamba_ray/shell/condabin/Conda.psm1
no change     /proj/gaia/RayDT/mamba_ray/shell/condabin/conda-hook.ps1
no change     /proj/gaia/RayDT/mamba_ray/lib/python3.10/site-packages/xontrib/conda.xsh
no change     /proj/gaia/RayDT/mamba_ray/etc/profile.d/conda.csh
no change     /home/x_yifji/.bashrc
No action taken.
config =  {'env_index': 3, 'add_type_loss': True, 'eval_from': None, 'test_seed': 42, 'test_data': 'test', 'Tx_id': 0, 'allTx': True, 'Rx_id': None, 'Rx1_id': None, 'Rx2_id': None, 'debug_path_flag': False, 'path_id': 6, 'add_noise': False, 'optim_load': False, 'small_batch': False, 'big_batch': False, 'debug': False, 'produce_fig': False, 'wandb': True, 'replot_baseline_only': False, 'Ofunc': False, 'noise_sample': 20, 'path': None, 'data_postfix': '', 'data_prefix': 'allTx', 'gen_func': <function gen_data_sample_across_rx at 0x14856003cd30>}
========== Training config ==========
Found matching repo for training dataset: allTx_HFds__noise_20__20240821_021540_env_index_3
========== loading Data from /proj/gaia/RayDT/dataset/processed_data/trainwoAug/all_Tx_data/allTx_HFds__noise_20__20240821_021540_env_index_3 ==========
========== Training Data is loaded ==========
Type loss is added
========== Model is initialized ==========
{'loss': 1.6172, 'grad_norm': 3.6044299602508545, 'learning_rate': 1.951219512195122e-06, 'epoch': 0.98}
{'loss': 1.5909, 'grad_norm': 3.5383269786834717, 'learning_rate': 3.902439024390244e-06, 'epoch': 1.95}
{'loss': 1.5384, 'grad_norm': 3.447434186935425, 'learning_rate': 5.853658536585367e-06, 'epoch': 2.93}
{'loss': 1.46, 'grad_norm': 3.3064119815826416, 'learning_rate': 7.804878048780489e-06, 'epoch': 3.9}
{'loss': 1.3528, 'grad_norm': 3.112807273864746, 'learning_rate': 9.756097560975611e-06, 'epoch': 4.88}
{'loss': 1.2102, 'grad_norm': 2.8469927310943604, 'learning_rate': 1.1707317073170733e-05, 'epoch': 5.85}
{'loss': 1.0275, 'grad_norm': 2.4055280685424805, 'learning_rate': 1.3658536585365855e-05, 'epoch': 6.83}
{'loss': 0.8148, 'grad_norm': 1.8453105688095093, 'learning_rate': 1.5609756097560978e-05, 'epoch': 7.8}
{'loss': 0.6103, 'grad_norm': 1.3909229040145874, 'learning_rate': 1.7560975609756096e-05, 'epoch': 8.78}
{'loss': 0.435, 'grad_norm': 1.1675904989242554, 'learning_rate': 1.9512195121951222e-05, 'epoch': 9.76}
{'loss': 0.2523, 'grad_norm': 1.2124720811843872, 'learning_rate': 2.146341463414634e-05, 'epoch': 10.73}
{'loss': 0.0508, 'grad_norm': 1.140077829360962, 'learning_rate': 2.3414634146341466e-05, 'epoch': 11.71}
{'loss': -0.1365, 'grad_norm': 0.8925070762634277, 'learning_rate': 2.536585365853659e-05, 'epoch': 12.68}
{'loss': -0.3182, 'grad_norm': 0.9040715098381042, 'learning_rate': 2.731707317073171e-05, 'epoch': 13.66}
{'loss': -0.5098, 'grad_norm': 0.8514036536216736, 'learning_rate': 2.926829268292683e-05, 'epoch': 14.63}
{'loss': -0.6932, 'grad_norm': 1.2790133953094482, 'learning_rate': 3.1219512195121955e-05, 'epoch': 15.61}
{'loss': -0.8512, 'grad_norm': 1.1617976427078247, 'learning_rate': 3.3170731707317074e-05, 'epoch': 16.59}
{'loss': -0.9977, 'grad_norm': 1.1412886381149292, 'learning_rate': 3.512195121951219e-05, 'epoch': 17.56}
{'loss': -1.1272, 'grad_norm': 1.2974616289138794, 'learning_rate': 3.707317073170732e-05, 'epoch': 18.54}
{'loss': -1.2549, 'grad_norm': 1.2094814777374268, 'learning_rate': 3.9024390243902444e-05, 'epoch': 19.51}
{'loss': -1.3635, 'grad_norm': 1.8417054414749146, 'learning_rate': 4.097560975609756e-05, 'epoch': 20.49}
{'loss': -1.4459, 'grad_norm': 2.335507869720459, 'learning_rate': 4.292682926829268e-05, 'epoch': 21.46}
{'loss': -1.5186, 'grad_norm': 2.8802850246429443, 'learning_rate': 4.487804878048781e-05, 'epoch': 22.44}
{'loss': -1.5858, 'grad_norm': 2.1166229248046875, 'learning_rate': 4.682926829268293e-05, 'epoch': 23.41}
{'loss': -1.6474, 'grad_norm': 3.1141347885131836, 'learning_rate': 4.878048780487805e-05, 'epoch': 24.39}
{'loss': -1.7002, 'grad_norm': 3.0624029636383057, 'learning_rate': 5.073170731707318e-05, 'epoch': 25.37}
{'loss': -1.7461, 'grad_norm': 5.3007402420043945, 'learning_rate': 5.2682926829268296e-05, 'epoch': 26.34}
{'loss': -1.7916, 'grad_norm': 2.714177131652832, 'learning_rate': 5.463414634146342e-05, 'epoch': 27.32}
{'loss': -1.8306, 'grad_norm': 4.73301887512207, 'learning_rate': 5.6585365853658533e-05, 'epoch': 28.29}
{'loss': -1.8659, 'grad_norm': 4.847961902618408, 'learning_rate': 5.853658536585366e-05, 'epoch': 29.27}
{'loss': -1.9006, 'grad_norm': 5.065347194671631, 'learning_rate': 6.0487804878048785e-05, 'epoch': 30.24}
{'loss': -1.9332, 'grad_norm': 3.4464900493621826, 'learning_rate': 6.243902439024391e-05, 'epoch': 31.22}
{'loss': -1.9673, 'grad_norm': 6.637836456298828, 'learning_rate': 6.439024390243903e-05, 'epoch': 32.2}
{'loss': -1.9953, 'grad_norm': 6.5761590003967285, 'learning_rate': 6.634146341463415e-05, 'epoch': 33.17}
{'loss': -2.0238, 'grad_norm': 4.582743167877197, 'learning_rate': 6.829268292682928e-05, 'epoch': 34.15}
{'loss': -2.0511, 'grad_norm': 3.9819722175598145, 'learning_rate': 7.024390243902439e-05, 'epoch': 35.12}
{'loss': -2.0741, 'grad_norm': 6.581189155578613, 'learning_rate': 7.219512195121952e-05, 'epoch': 36.1}
{'loss': -2.0967, 'grad_norm': 4.355240821838379, 'learning_rate': 7.414634146341464e-05, 'epoch': 37.07}
{'loss': -2.119, 'grad_norm': 7.68046760559082, 'learning_rate': 7.609756097560976e-05, 'epoch': 38.05}
{'loss': -2.1382, 'grad_norm': 8.853219032287598, 'learning_rate': 7.804878048780489e-05, 'epoch': 39.02}
{'loss': -2.1555, 'grad_norm': 9.497077941894531, 'learning_rate': 8e-05, 'epoch': 40.0}
{'loss': -2.174, 'grad_norm': 6.651915073394775, 'learning_rate': 8.195121951219513e-05, 'epoch': 40.98}
{'loss': -2.1961, 'grad_norm': 6.652604103088379, 'learning_rate': 8.390243902439024e-05, 'epoch': 41.95}
{'loss': -2.2172, 'grad_norm': 6.437252521514893, 'learning_rate': 8.585365853658536e-05, 'epoch': 42.93}
{'loss': -2.2379, 'grad_norm': 6.105708122253418, 'learning_rate': 8.78048780487805e-05, 'epoch': 43.9}
{'loss': -2.2531, 'grad_norm': 10.964198112487793, 'learning_rate': 8.975609756097561e-05, 'epoch': 44.88}
{'loss': -2.2725, 'grad_norm': 6.523324489593506, 'learning_rate': 9.170731707317075e-05, 'epoch': 45.85}
{'loss': -2.2906, 'grad_norm': 9.551987648010254, 'learning_rate': 9.365853658536587e-05, 'epoch': 46.83}
{'loss': -2.3024, 'grad_norm': 10.878727912902832, 'learning_rate': 9.560975609756097e-05, 'epoch': 47.8}
{'loss': -2.3235, 'grad_norm': 12.006832122802734, 'learning_rate': 9.75609756097561e-05, 'epoch': 48.78}
{'loss': -2.338, 'grad_norm': 14.36683464050293, 'learning_rate': 9.951219512195122e-05, 'epoch': 49.76}
{'loss': -2.3518, 'grad_norm': 10.577509880065918, 'learning_rate': 9.983739837398374e-05, 'epoch': 50.73}
{'loss': -2.3615, 'grad_norm': 11.521294593811035, 'learning_rate': 9.962059620596207e-05, 'epoch': 51.71}
{'loss': -2.3747, 'grad_norm': 13.267454147338867, 'learning_rate': 9.940379403794038e-05, 'epoch': 52.68}
{'loss': -2.3925, 'grad_norm': 4.884554862976074, 'learning_rate': 9.91869918699187e-05, 'epoch': 53.66}
{'loss': -2.4087, 'grad_norm': 10.175626754760742, 'learning_rate': 9.897018970189702e-05, 'epoch': 54.63}
{'loss': -2.4198, 'grad_norm': 15.401127815246582, 'learning_rate': 9.875338753387535e-05, 'epoch': 55.61}
{'loss': -2.433, 'grad_norm': 14.687933921813965, 'learning_rate': 9.853658536585366e-05, 'epoch': 56.59}
{'loss': -2.4432, 'grad_norm': 19.82588768005371, 'learning_rate': 9.831978319783198e-05, 'epoch': 57.56}
{'loss': -2.4568, 'grad_norm': 7.509826183319092, 'learning_rate': 9.81029810298103e-05, 'epoch': 58.54}
{'loss': -2.473, 'grad_norm': 12.73213005065918, 'learning_rate': 9.788617886178862e-05, 'epoch': 59.51}
{'loss': -2.4805, 'grad_norm': 9.462841033935547, 'learning_rate': 9.766937669376695e-05, 'epoch': 60.49}
{'loss': -2.4933, 'grad_norm': 11.81888484954834, 'learning_rate': 9.745257452574527e-05, 'epoch': 61.46}
{'loss': -2.5073, 'grad_norm': 17.52220344543457, 'learning_rate': 9.723577235772358e-05, 'epoch': 62.44}
{'loss': -2.5126, 'grad_norm': 19.38705062866211, 'learning_rate': 9.701897018970189e-05, 'epoch': 63.41}
{'loss': -2.5228, 'grad_norm': 12.408072471618652, 'learning_rate': 9.680216802168021e-05, 'epoch': 64.39}
{'loss': -2.5324, 'grad_norm': 12.954733848571777, 'learning_rate': 9.658536585365854e-05, 'epoch': 65.37}
{'loss': -2.5444, 'grad_norm': 17.928308486938477, 'learning_rate': 9.636856368563686e-05, 'epoch': 66.34}
{'loss': -2.5567, 'grad_norm': 15.048675537109375, 'learning_rate': 9.615176151761518e-05, 'epoch': 67.32}
{'loss': -2.5692, 'grad_norm': 19.716394424438477, 'learning_rate': 9.59349593495935e-05, 'epoch': 68.29}
{'loss': -2.5798, 'grad_norm': 10.177227973937988, 'learning_rate': 9.571815718157182e-05, 'epoch': 69.27}
{'loss': -2.5894, 'grad_norm': 19.803701400756836, 'learning_rate': 9.550135501355014e-05, 'epoch': 70.24}
{'loss': -2.596, 'grad_norm': 16.229999542236328, 'learning_rate': 9.528455284552846e-05, 'epoch': 71.22}
{'loss': -2.6114, 'grad_norm': 11.569313049316406, 'learning_rate': 9.506775067750679e-05, 'epoch': 72.2}
{'loss': -2.6131, 'grad_norm': 18.388280868530273, 'learning_rate': 9.485094850948511e-05, 'epoch': 73.17}
{'loss': -2.6307, 'grad_norm': 14.166065216064453, 'learning_rate': 9.463414634146342e-05, 'epoch': 74.15}
{'loss': -2.6393, 'grad_norm': 17.615161895751953, 'learning_rate': 9.441734417344174e-05, 'epoch': 75.12}
{'loss': -2.6484, 'grad_norm': 16.794687271118164, 'learning_rate': 9.420054200542005e-05, 'epoch': 76.1}
{'loss': -2.6555, 'grad_norm': 13.73437213897705, 'learning_rate': 9.398373983739837e-05, 'epoch': 77.07}
{'loss': -2.6638, 'grad_norm': 19.142438888549805, 'learning_rate': 9.37669376693767e-05, 'epoch': 78.05}
{'loss': -2.6693, 'grad_norm': 15.941726684570312, 'learning_rate': 9.355013550135502e-05, 'epoch': 79.02}
{'loss': -2.6803, 'grad_norm': 12.874756813049316, 'learning_rate': 9.333333333333334e-05, 'epoch': 80.0}
{'loss': -2.6827, 'grad_norm': 13.37071704864502, 'learning_rate': 9.311653116531167e-05, 'epoch': 80.98}
{'loss': -2.6971, 'grad_norm': 19.906387329101562, 'learning_rate': 9.289972899728998e-05, 'epoch': 81.95}
{'loss': -2.7064, 'grad_norm': 15.605234146118164, 'learning_rate': 9.26829268292683e-05, 'epoch': 82.93}
{'loss': -2.7152, 'grad_norm': 10.757668495178223, 'learning_rate': 9.246612466124661e-05, 'epoch': 83.9}
{'loss': -2.7209, 'grad_norm': 16.095706939697266, 'learning_rate': 9.224932249322493e-05, 'epoch': 84.88}
{'loss': -2.7263, 'grad_norm': 7.357235431671143, 'learning_rate': 9.203252032520325e-05, 'epoch': 85.85}
{'loss': -2.7363, 'grad_norm': 12.907356262207031, 'learning_rate': 9.181571815718158e-05, 'epoch': 86.83}
{'loss': -2.73, 'grad_norm': 23.866926193237305, 'learning_rate': 9.15989159891599e-05, 'epoch': 87.8}
{'loss': -2.7461, 'grad_norm': 7.745752334594727, 'learning_rate': 9.138211382113821e-05, 'epoch': 88.78}
{'loss': -2.753, 'grad_norm': 16.3887939453125, 'learning_rate': 9.116531165311653e-05, 'epoch': 89.76}
{'loss': -2.7653, 'grad_norm': 12.826334953308105, 'learning_rate': 9.094850948509486e-05, 'epoch': 90.73}
{'loss': -2.771, 'grad_norm': 15.172837257385254, 'learning_rate': 9.073170731707318e-05, 'epoch': 91.71}
{'loss': -2.7832, 'grad_norm': 16.162965774536133, 'learning_rate': 9.05149051490515e-05, 'epoch': 92.68}
{'loss': -2.7862, 'grad_norm': 11.543188095092773, 'learning_rate': 9.029810298102981e-05, 'epoch': 93.66}
{'loss': -2.7973, 'grad_norm': 15.46430492401123, 'learning_rate': 9.008130081300812e-05, 'epoch': 94.63}
{'loss': -2.804, 'grad_norm': 22.664037704467773, 'learning_rate': 8.986449864498645e-05, 'epoch': 95.61}
{'loss': -2.8134, 'grad_norm': 18.299652099609375, 'learning_rate': 8.964769647696477e-05, 'epoch': 96.59}
{'loss': -2.8006, 'grad_norm': 20.981962203979492, 'learning_rate': 8.943089430894309e-05, 'epoch': 97.56}
{'loss': -2.8222, 'grad_norm': 15.037556648254395, 'learning_rate': 8.921409214092142e-05, 'epoch': 98.54}
{'loss': -2.8264, 'grad_norm': 22.081003189086914, 'learning_rate': 8.899728997289974e-05, 'epoch': 99.51}
{'loss': -2.8352, 'grad_norm': 19.864402770996094, 'learning_rate': 8.878048780487805e-05, 'epoch': 100.49}
{'loss': -2.84, 'grad_norm': 19.849889755249023, 'learning_rate': 8.856368563685637e-05, 'epoch': 101.46}
{'loss': -2.8461, 'grad_norm': 15.143111228942871, 'learning_rate': 8.83468834688347e-05, 'epoch': 102.44}
{'loss': -2.8487, 'grad_norm': 14.588603973388672, 'learning_rate': 8.813008130081302e-05, 'epoch': 103.41}
{'loss': -2.8556, 'grad_norm': 15.343716621398926, 'learning_rate': 8.791327913279134e-05, 'epoch': 104.39}
{'loss': -2.8568, 'grad_norm': 18.70630645751953, 'learning_rate': 8.769647696476965e-05, 'epoch': 105.37}
{'loss': -2.8624, 'grad_norm': 16.112401962280273, 'learning_rate': 8.747967479674797e-05, 'epoch': 106.34}
{'loss': -2.8711, 'grad_norm': 13.76744556427002, 'learning_rate': 8.726287262872628e-05, 'epoch': 107.32}
{'loss': -2.8776, 'grad_norm': 9.864651679992676, 'learning_rate': 8.70460704607046e-05, 'epoch': 108.29}
{'loss': -2.8805, 'grad_norm': 19.937131881713867, 'learning_rate': 8.682926829268293e-05, 'epoch': 109.27}
{'loss': -2.8884, 'grad_norm': 23.41668128967285, 'learning_rate': 8.661246612466125e-05, 'epoch': 110.24}
{'loss': -2.8964, 'grad_norm': 14.820497512817383, 'learning_rate': 8.639566395663958e-05, 'epoch': 111.22}
{'loss': -2.9016, 'grad_norm': 18.81389045715332, 'learning_rate': 8.61788617886179e-05, 'epoch': 112.2}
{'loss': -2.9079, 'grad_norm': 20.122879028320312, 'learning_rate': 8.596205962059621e-05, 'epoch': 113.17}
{'loss': -2.9142, 'grad_norm': 15.422113418579102, 'learning_rate': 8.574525745257453e-05, 'epoch': 114.15}
{'loss': -2.9086, 'grad_norm': 10.210394859313965, 'learning_rate': 8.552845528455284e-05, 'epoch': 115.12}
{'loss': -2.9235, 'grad_norm': 20.690046310424805, 'learning_rate': 8.531165311653116e-05, 'epoch': 116.1}
{'loss': -2.9259, 'grad_norm': 21.885766983032227, 'learning_rate': 8.509485094850949e-05, 'epoch': 117.07}
{'loss': -2.9319, 'grad_norm': 11.762872695922852, 'learning_rate': 8.487804878048781e-05, 'epoch': 118.05}
{'loss': -2.9268, 'grad_norm': 15.098843574523926, 'learning_rate': 8.466124661246613e-05, 'epoch': 119.02}
{'loss': -2.9322, 'grad_norm': 33.14922332763672, 'learning_rate': 8.444444444444444e-05, 'epoch': 120.0}
{'loss': -2.9407, 'grad_norm': 18.866308212280273, 'learning_rate': 8.422764227642277e-05, 'epoch': 120.98}
{'loss': -2.9454, 'grad_norm': 12.777437210083008, 'learning_rate': 8.401084010840109e-05, 'epoch': 121.95}
{'loss': -2.9521, 'grad_norm': 19.24863624572754, 'learning_rate': 8.379403794037941e-05, 'epoch': 122.93}
{'loss': -2.9586, 'grad_norm': 21.185745239257812, 'learning_rate': 8.357723577235774e-05, 'epoch': 123.9}
{'loss': -2.9624, 'grad_norm': 21.682939529418945, 'learning_rate': 8.336043360433606e-05, 'epoch': 124.88}
{'loss': -2.9659, 'grad_norm': 22.867095947265625, 'learning_rate': 8.314363143631437e-05, 'epoch': 125.85}
{'loss': -2.9645, 'grad_norm': 23.201461791992188, 'learning_rate': 8.292682926829268e-05, 'epoch': 126.83}
{'loss': -2.9731, 'grad_norm': 16.56919288635254, 'learning_rate': 8.2710027100271e-05, 'epoch': 127.8}
{'loss': -2.9722, 'grad_norm': 19.474441528320312, 'learning_rate': 8.249322493224932e-05, 'epoch': 128.78}
{'loss': -2.9718, 'grad_norm': 22.68048858642578, 'learning_rate': 8.227642276422765e-05, 'epoch': 129.76}
{'loss': -2.9876, 'grad_norm': 11.898886680603027, 'learning_rate': 8.205962059620597e-05, 'epoch': 130.73}
{'loss': -2.9902, 'grad_norm': 16.134845733642578, 'learning_rate': 8.184281842818428e-05, 'epoch': 131.71}
{'loss': -2.993, 'grad_norm': 15.041205406188965, 'learning_rate': 8.16260162601626e-05, 'epoch': 132.68}
{'loss': -2.9998, 'grad_norm': 20.121517181396484, 'learning_rate': 8.140921409214093e-05, 'epoch': 133.66}
{'loss': -3.0032, 'grad_norm': 24.507844924926758, 'learning_rate': 8.119241192411925e-05, 'epoch': 134.63}
{'loss': -3.0046, 'grad_norm': 24.157581329345703, 'learning_rate': 8.097560975609757e-05, 'epoch': 135.61}
{'loss': -3.0106, 'grad_norm': 31.232664108276367, 'learning_rate': 8.075880758807588e-05, 'epoch': 136.59}
{'loss': -3.0127, 'grad_norm': 12.311556816101074, 'learning_rate': 8.05420054200542e-05, 'epoch': 137.56}
{'loss': -3.0171, 'grad_norm': 17.858314514160156, 'learning_rate': 8.032520325203252e-05, 'epoch': 138.54}
{'loss': -3.0299, 'grad_norm': 13.851792335510254, 'learning_rate': 8.010840108401084e-05, 'epoch': 139.51}
{'loss': -3.0284, 'grad_norm': 28.07064437866211, 'learning_rate': 7.989159891598916e-05, 'epoch': 140.49}
{'loss': -3.0357, 'grad_norm': 27.39476203918457, 'learning_rate': 7.967479674796748e-05, 'epoch': 141.46}
{'loss': -3.0338, 'grad_norm': 20.528156280517578, 'learning_rate': 7.945799457994581e-05, 'epoch': 142.44}
{'loss': -3.0438, 'grad_norm': 21.176870346069336, 'learning_rate': 7.924119241192413e-05, 'epoch': 143.41}
{'loss': -3.0489, 'grad_norm': 13.12691593170166, 'learning_rate': 7.902439024390244e-05, 'epoch': 144.39}
{'loss': -3.0468, 'grad_norm': 28.87047004699707, 'learning_rate': 7.880758807588076e-05, 'epoch': 145.37}
{'loss': -3.0611, 'grad_norm': 15.654387474060059, 'learning_rate': 7.859078590785907e-05, 'epoch': 146.34}
{'loss': -3.0624, 'grad_norm': 17.46693229675293, 'learning_rate': 7.83739837398374e-05, 'epoch': 147.32}
{'loss': -3.0647, 'grad_norm': 27.795753479003906, 'learning_rate': 7.815718157181572e-05, 'epoch': 148.29}
{'loss': -3.0696, 'grad_norm': 20.303071975708008, 'learning_rate': 7.794037940379404e-05, 'epoch': 149.27}
{'loss': -3.0698, 'grad_norm': 19.986753463745117, 'learning_rate': 7.772357723577237e-05, 'epoch': 150.24}
{'loss': -3.0735, 'grad_norm': 17.921010971069336, 'learning_rate': 7.750677506775068e-05, 'epoch': 151.22}
{'loss': -3.0722, 'grad_norm': 14.541814804077148, 'learning_rate': 7.7289972899729e-05, 'epoch': 152.2}
{'loss': -3.0811, 'grad_norm': 21.59446144104004, 'learning_rate': 7.707317073170732e-05, 'epoch': 153.17}
{'loss': -3.0846, 'grad_norm': 20.8542423248291, 'learning_rate': 7.685636856368564e-05, 'epoch': 154.15}
{'loss': -3.0876, 'grad_norm': 13.556601524353027, 'learning_rate': 7.663956639566397e-05, 'epoch': 155.12}
{'loss': -3.0887, 'grad_norm': 29.524181365966797, 'learning_rate': 7.642276422764229e-05, 'epoch': 156.1}
{'loss': -3.0917, 'grad_norm': 24.865097045898438, 'learning_rate': 7.62059620596206e-05, 'epoch': 157.07}
{'loss': -3.1042, 'grad_norm': 12.25766658782959, 'learning_rate': 7.598915989159891e-05, 'epoch': 158.05}
{'loss': -3.0982, 'grad_norm': 26.173389434814453, 'learning_rate': 7.577235772357723e-05, 'epoch': 159.02}
{'loss': -3.1071, 'grad_norm': 33.9092903137207, 'learning_rate': 7.555555555555556e-05, 'epoch': 160.0}
{'loss': -3.1118, 'grad_norm': 27.5508975982666, 'learning_rate': 7.533875338753388e-05, 'epoch': 160.98}
{'loss': -3.1152, 'grad_norm': 23.090486526489258, 'learning_rate': 7.51219512195122e-05, 'epoch': 161.95}
{'loss': -3.1192, 'grad_norm': 26.37961196899414, 'learning_rate': 7.490514905149053e-05, 'epoch': 162.93}
{'loss': -3.1233, 'grad_norm': 28.615400314331055, 'learning_rate': 7.468834688346884e-05, 'epoch': 163.9}
{'loss': -3.1092, 'grad_norm': 15.8755521774292, 'learning_rate': 7.447154471544716e-05, 'epoch': 164.88}
{'loss': -3.1291, 'grad_norm': 17.392454147338867, 'learning_rate': 7.425474254742548e-05, 'epoch': 165.85}
{'loss': -3.1262, 'grad_norm': 28.569318771362305, 'learning_rate': 7.40379403794038e-05, 'epoch': 166.83}
{'loss': -3.1298, 'grad_norm': 24.71831703186035, 'learning_rate': 7.382113821138211e-05, 'epoch': 167.8}
{'loss': -3.1377, 'grad_norm': 11.789530754089355, 'learning_rate': 7.360433604336044e-05, 'epoch': 168.78}
{'loss': -3.1319, 'grad_norm': 25.62811851501465, 'learning_rate': 7.338753387533876e-05, 'epoch': 169.76}
{'loss': -3.1454, 'grad_norm': 31.32286262512207, 'learning_rate': 7.317073170731707e-05, 'epoch': 170.73}
{'loss': -3.1472, 'grad_norm': 21.9822998046875, 'learning_rate': 7.29539295392954e-05, 'epoch': 171.71}
{'loss': -3.151, 'grad_norm': 40.61338806152344, 'learning_rate': 7.273712737127372e-05, 'epoch': 172.68}
{'loss': -3.1521, 'grad_norm': 27.81392478942871, 'learning_rate': 7.252032520325204e-05, 'epoch': 173.66}
{'loss': -3.1518, 'grad_norm': 27.072126388549805, 'learning_rate': 7.230352303523036e-05, 'epoch': 174.63}
{'loss': -3.1433, 'grad_norm': 32.83946990966797, 'learning_rate': 7.208672086720867e-05, 'epoch': 175.61}
{'loss': -3.1625, 'grad_norm': 19.724956512451172, 'learning_rate': 7.1869918699187e-05, 'epoch': 176.59}
{'loss': -3.1614, 'grad_norm': 23.111957550048828, 'learning_rate': 7.16531165311653e-05, 'epoch': 177.56}
{'loss': -3.1715, 'grad_norm': 20.090286254882812, 'learning_rate': 7.143631436314363e-05, 'epoch': 178.54}
{'loss': -3.1755, 'grad_norm': 17.224164962768555, 'learning_rate': 7.121951219512195e-05, 'epoch': 179.51}
{'loss': -3.1781, 'grad_norm': 17.978404998779297, 'learning_rate': 7.100271002710027e-05, 'epoch': 180.49}
{'loss': -3.1719, 'grad_norm': 17.649860382080078, 'learning_rate': 7.07859078590786e-05, 'epoch': 181.46}
{'loss': -3.1789, 'grad_norm': 14.059761047363281, 'learning_rate': 7.056910569105691e-05, 'epoch': 182.44}
{'loss': -3.1817, 'grad_norm': 39.61582565307617, 'learning_rate': 7.035230352303523e-05, 'epoch': 183.41}
{'loss': -3.1689, 'grad_norm': 24.42755699157715, 'learning_rate': 7.013550135501355e-05, 'epoch': 184.39}
{'loss': -3.1818, 'grad_norm': 27.00668716430664, 'learning_rate': 6.991869918699188e-05, 'epoch': 185.37}
{'loss': -3.1943, 'grad_norm': 28.4304256439209, 'learning_rate': 6.97018970189702e-05, 'epoch': 186.34}
{'loss': -3.1971, 'grad_norm': 25.2740478515625, 'learning_rate': 6.948509485094852e-05, 'epoch': 187.32}
{'loss': -3.2025, 'grad_norm': 20.924165725708008, 'learning_rate': 6.926829268292683e-05, 'epoch': 188.29}
{'loss': -3.2025, 'grad_norm': 13.485960006713867, 'learning_rate': 6.905149051490514e-05, 'epoch': 189.27}
{'loss': -3.2035, 'grad_norm': 30.172163009643555, 'learning_rate': 6.883468834688347e-05, 'epoch': 190.24}
{'loss': -3.2071, 'grad_norm': 13.993494987487793, 'learning_rate': 6.861788617886179e-05, 'epoch': 191.22}
{'loss': -3.2056, 'grad_norm': 24.12508201599121, 'learning_rate': 6.840108401084011e-05, 'epoch': 192.2}
{'loss': -3.2141, 'grad_norm': 35.17877197265625, 'learning_rate': 6.818428184281843e-05, 'epoch': 193.17}
{'loss': -3.2093, 'grad_norm': 15.305874824523926, 'learning_rate': 6.796747967479676e-05, 'epoch': 194.15}
{'loss': -3.2181, 'grad_norm': 23.709407806396484, 'learning_rate': 6.775067750677507e-05, 'epoch': 195.12}
{'loss': -3.226, 'grad_norm': 14.01584243774414, 'learning_rate': 6.753387533875339e-05, 'epoch': 196.1}
{'loss': -3.2238, 'grad_norm': 22.978200912475586, 'learning_rate': 6.731707317073171e-05, 'epoch': 197.07}
{'loss': -3.2291, 'grad_norm': 28.695947647094727, 'learning_rate': 6.710027100271004e-05, 'epoch': 198.05}
{'loss': -3.2313, 'grad_norm': 25.32980728149414, 'learning_rate': 6.688346883468835e-05, 'epoch': 199.02}
{'loss': -3.2356, 'grad_norm': 28.767086029052734, 'learning_rate': 6.666666666666667e-05, 'epoch': 200.0}
{'loss': -3.2367, 'grad_norm': 31.956289291381836, 'learning_rate': 6.644986449864499e-05, 'epoch': 200.98}
{'loss': -3.2369, 'grad_norm': 21.09259796142578, 'learning_rate': 6.62330623306233e-05, 'epoch': 201.95}
{'loss': -3.2394, 'grad_norm': 28.83686637878418, 'learning_rate': 6.601626016260163e-05, 'epoch': 202.93}
{'loss': -3.2454, 'grad_norm': 22.342605590820312, 'learning_rate': 6.579945799457995e-05, 'epoch': 203.9}
{'loss': -3.246, 'grad_norm': 14.20256233215332, 'learning_rate': 6.558265582655827e-05, 'epoch': 204.88}
{'loss': -3.2435, 'grad_norm': 25.64011573791504, 'learning_rate': 6.53658536585366e-05, 'epoch': 205.85}
{'loss': -3.2457, 'grad_norm': 23.360424041748047, 'learning_rate': 6.514905149051492e-05, 'epoch': 206.83}
{'loss': -3.2535, 'grad_norm': 22.013744354248047, 'learning_rate': 6.493224932249323e-05, 'epoch': 207.8}
{'loss': -3.2566, 'grad_norm': 39.98281478881836, 'learning_rate': 6.471544715447154e-05, 'epoch': 208.78}
{'loss': -3.2483, 'grad_norm': 49.01802444458008, 'learning_rate': 6.449864498644986e-05, 'epoch': 209.76}
{'loss': -3.258, 'grad_norm': 36.8135986328125, 'learning_rate': 6.428184281842818e-05, 'epoch': 210.73}
{'loss': -3.2618, 'grad_norm': 26.429574966430664, 'learning_rate': 6.406504065040651e-05, 'epoch': 211.71}
{'loss': -3.2654, 'grad_norm': 18.13096809387207, 'learning_rate': 6.384823848238483e-05, 'epoch': 212.68}
{'loss': -3.2673, 'grad_norm': 17.71211051940918, 'learning_rate': 6.363143631436315e-05, 'epoch': 213.66}
{'loss': -3.2687, 'grad_norm': 26.918149948120117, 'learning_rate': 6.341463414634146e-05, 'epoch': 214.63}
{'loss': -3.2595, 'grad_norm': 46.74882125854492, 'learning_rate': 6.319783197831979e-05, 'epoch': 215.61}
{'loss': -3.2747, 'grad_norm': 40.2183837890625, 'learning_rate': 6.298102981029811e-05, 'epoch': 216.59}
{'loss': -3.2774, 'grad_norm': 30.09983253479004, 'learning_rate': 6.276422764227643e-05, 'epoch': 217.56}
{'loss': -3.2811, 'grad_norm': 26.861331939697266, 'learning_rate': 6.254742547425476e-05, 'epoch': 218.54}
{'loss': -3.2824, 'grad_norm': 29.373517990112305, 'learning_rate': 6.233062330623306e-05, 'epoch': 219.51}
{'loss': -3.2817, 'grad_norm': 29.02884292602539, 'learning_rate': 6.211382113821137e-05, 'epoch': 220.49}
{'loss': -3.2845, 'grad_norm': 18.195812225341797, 'learning_rate': 6.18970189701897e-05, 'epoch': 221.46}
{'loss': -3.2793, 'grad_norm': 41.17021942138672, 'learning_rate': 6.168021680216802e-05, 'epoch': 222.44}
{'loss': -3.2879, 'grad_norm': 24.74166488647461, 'learning_rate': 6.146341463414634e-05, 'epoch': 223.41}
{'loss': -3.2936, 'grad_norm': 32.93229675292969, 'learning_rate': 6.124661246612467e-05, 'epoch': 224.39}
{'loss': -3.2936, 'grad_norm': 28.695053100585938, 'learning_rate': 6.1029810298102984e-05, 'epoch': 225.37}
{'loss': -3.2974, 'grad_norm': 34.70869064331055, 'learning_rate': 6.081300813008131e-05, 'epoch': 226.34}
{'loss': -3.2979, 'grad_norm': 18.54604721069336, 'learning_rate': 6.059620596205963e-05, 'epoch': 227.32}
{'loss': -3.2974, 'grad_norm': 60.96474075317383, 'learning_rate': 6.0379403794037946e-05, 'epoch': 228.29}
{'loss': -3.2975, 'grad_norm': 30.036697387695312, 'learning_rate': 6.016260162601627e-05, 'epoch': 229.27}
{'loss': -3.3045, 'grad_norm': 36.812042236328125, 'learning_rate': 5.994579945799458e-05, 'epoch': 230.24}
{'loss': -3.3048, 'grad_norm': 13.926820755004883, 'learning_rate': 5.97289972899729e-05, 'epoch': 231.22}
{'loss': -3.3076, 'grad_norm': 18.50980567932129, 'learning_rate': 5.951219512195122e-05, 'epoch': 232.2}
{'loss': -3.3095, 'grad_norm': 24.96515655517578, 'learning_rate': 5.929539295392954e-05, 'epoch': 233.17}
{'loss': -3.3142, 'grad_norm': 29.010589599609375, 'learning_rate': 5.9078590785907865e-05, 'epoch': 234.15}
{'loss': -3.3181, 'grad_norm': 23.064359664916992, 'learning_rate': 5.886178861788618e-05, 'epoch': 235.12}
{'loss': -3.3117, 'grad_norm': 29.77399253845215, 'learning_rate': 5.8644986449864504e-05, 'epoch': 236.1}
{'loss': -3.3205, 'grad_norm': 18.598501205444336, 'learning_rate': 5.842818428184282e-05, 'epoch': 237.07}
{'loss': -3.322, 'grad_norm': 29.442049026489258, 'learning_rate': 5.8211382113821144e-05, 'epoch': 238.05}
{'loss': -3.3259, 'grad_norm': 35.002010345458984, 'learning_rate': 5.799457994579947e-05, 'epoch': 239.02}
{'loss': -3.3267, 'grad_norm': 23.395366668701172, 'learning_rate': 5.7777777777777776e-05, 'epoch': 240.0}
{'loss': -3.3229, 'grad_norm': 35.122459411621094, 'learning_rate': 5.756097560975609e-05, 'epoch': 240.98}
{'loss': -3.3273, 'grad_norm': 28.570022583007812, 'learning_rate': 5.7344173441734416e-05, 'epoch': 241.95}
{'loss': -3.3325, 'grad_norm': 23.606718063354492, 'learning_rate': 5.712737127371274e-05, 'epoch': 242.93}
{'loss': -3.3358, 'grad_norm': 28.294626235961914, 'learning_rate': 5.6910569105691056e-05, 'epoch': 243.9}
{'loss': -3.34, 'grad_norm': 23.014734268188477, 'learning_rate': 5.669376693766938e-05, 'epoch': 244.88}
{'loss': -3.3378, 'grad_norm': 37.795379638671875, 'learning_rate': 5.64769647696477e-05, 'epoch': 245.85}
{'loss': -3.3408, 'grad_norm': 33.79363250732422, 'learning_rate': 5.626016260162602e-05, 'epoch': 246.83}
{'loss': -3.3315, 'grad_norm': 31.263500213623047, 'learning_rate': 5.604336043360434e-05, 'epoch': 247.8}
{'loss': -3.3471, 'grad_norm': 25.941240310668945, 'learning_rate': 5.5826558265582664e-05, 'epoch': 248.78}
{'loss': -3.3465, 'grad_norm': 15.867002487182617, 'learning_rate': 5.560975609756098e-05, 'epoch': 249.76}
{'loss': -3.3483, 'grad_norm': 23.650514602661133, 'learning_rate': 5.539295392953929e-05, 'epoch': 250.73}
{'loss': -3.3492, 'grad_norm': 35.39955139160156, 'learning_rate': 5.5176151761517614e-05, 'epoch': 251.71}
{'loss': -3.3492, 'grad_norm': 30.10779571533203, 'learning_rate': 5.495934959349594e-05, 'epoch': 252.68}
{'loss': -3.3519, 'grad_norm': 22.593881607055664, 'learning_rate': 5.474254742547425e-05, 'epoch': 253.66}
{'loss': -3.353, 'grad_norm': 31.737567901611328, 'learning_rate': 5.4525745257452576e-05, 'epoch': 254.63}
{'loss': -3.36, 'grad_norm': 31.803363800048828, 'learning_rate': 5.43089430894309e-05, 'epoch': 255.61}
{'loss': -3.3617, 'grad_norm': 30.681983947753906, 'learning_rate': 5.4092140921409216e-05, 'epoch': 256.59}
{'loss': -3.3638, 'grad_norm': 9.287991523742676, 'learning_rate': 5.387533875338754e-05, 'epoch': 257.56}
{'loss': -3.3607, 'grad_norm': 37.66832733154297, 'learning_rate': 5.365853658536586e-05, 'epoch': 258.54}
{'loss': -3.3647, 'grad_norm': 31.763607025146484, 'learning_rate': 5.344173441734418e-05, 'epoch': 259.51}
{'loss': -3.3671, 'grad_norm': 39.92686462402344, 'learning_rate': 5.32249322493225e-05, 'epoch': 260.49}
{'loss': -3.362, 'grad_norm': 22.08907699584961, 'learning_rate': 5.300813008130081e-05, 'epoch': 261.46}
{'loss': -3.3718, 'grad_norm': 21.27436637878418, 'learning_rate': 5.2791327913279134e-05, 'epoch': 262.44}
{'loss': -3.3736, 'grad_norm': 29.49777603149414, 'learning_rate': 5.257452574525745e-05, 'epoch': 263.41}
{'loss': -3.3668, 'grad_norm': 35.25993347167969, 'learning_rate': 5.2357723577235774e-05, 'epoch': 264.39}
{'loss': -3.3696, 'grad_norm': 21.726228713989258, 'learning_rate': 5.21409214092141e-05, 'epoch': 265.37}
{'loss': -3.3621, 'grad_norm': 37.647186279296875, 'learning_rate': 5.192411924119241e-05, 'epoch': 266.34}
{'loss': -3.3774, 'grad_norm': 31.811168670654297, 'learning_rate': 5.1707317073170736e-05, 'epoch': 267.32}
{'loss': -3.3814, 'grad_norm': 34.64531326293945, 'learning_rate': 5.149051490514906e-05, 'epoch': 268.29}
{'loss': -3.3832, 'grad_norm': 33.24600601196289, 'learning_rate': 5.1273712737127376e-05, 'epoch': 269.27}
{'loss': -3.3863, 'grad_norm': 31.506898880004883, 'learning_rate': 5.10569105691057e-05, 'epoch': 270.24}
{'loss': -3.3884, 'grad_norm': 26.54486846923828, 'learning_rate': 5.084010840108401e-05, 'epoch': 271.22}
{'loss': -3.3892, 'grad_norm': 33.11750030517578, 'learning_rate': 5.062330623306233e-05, 'epoch': 272.2}
{'loss': -3.3788, 'grad_norm': 44.341331481933594, 'learning_rate': 5.040650406504065e-05, 'epoch': 273.17}
{'loss': -3.3858, 'grad_norm': 17.706876754760742, 'learning_rate': 5.018970189701897e-05, 'epoch': 274.15}
{'loss': -3.3898, 'grad_norm': 32.918609619140625, 'learning_rate': 4.9972899728997294e-05, 'epoch': 275.12}
{'loss': -3.391, 'grad_norm': 16.945606231689453, 'learning_rate': 4.975609756097561e-05, 'epoch': 276.1}
{'loss': -3.396, 'grad_norm': 30.566099166870117, 'learning_rate': 4.9539295392953934e-05, 'epoch': 277.07}
{'loss': -3.3961, 'grad_norm': 15.38444995880127, 'learning_rate': 4.932249322493225e-05, 'epoch': 278.05}
{'loss': -3.3925, 'grad_norm': 34.80112075805664, 'learning_rate': 4.910569105691057e-05, 'epoch': 279.02}
{'loss': -3.3981, 'grad_norm': 22.38644027709961, 'learning_rate': 4.888888888888889e-05, 'epoch': 280.0}
{'loss': -3.4012, 'grad_norm': 23.414913177490234, 'learning_rate': 4.867208672086721e-05, 'epoch': 280.98}
{'loss': -3.4019, 'grad_norm': 21.444185256958008, 'learning_rate': 4.845528455284553e-05, 'epoch': 281.95}
{'loss': -3.4086, 'grad_norm': 18.7778377532959, 'learning_rate': 4.823848238482385e-05, 'epoch': 282.93}
{'loss': -3.4048, 'grad_norm': 27.05716896057129, 'learning_rate': 4.8021680216802176e-05, 'epoch': 283.9}
{'loss': -3.4117, 'grad_norm': 18.013715744018555, 'learning_rate': 4.7804878048780485e-05, 'epoch': 284.88}
{'loss': -3.4126, 'grad_norm': 26.98416519165039, 'learning_rate': 4.758807588075881e-05, 'epoch': 285.85}
{'loss': -3.4119, 'grad_norm': 43.17390823364258, 'learning_rate': 4.737127371273713e-05, 'epoch': 286.83}
{'loss': -3.4175, 'grad_norm': 19.28940200805664, 'learning_rate': 4.715447154471545e-05, 'epoch': 287.8}
{'loss': -3.4172, 'grad_norm': 26.999393463134766, 'learning_rate': 4.693766937669377e-05, 'epoch': 288.78}
{'loss': -3.4193, 'grad_norm': 25.33683204650879, 'learning_rate': 4.672086720867209e-05, 'epoch': 289.76}
{'loss': -3.4198, 'grad_norm': 20.079193115234375, 'learning_rate': 4.650406504065041e-05, 'epoch': 290.73}
{'loss': -3.4192, 'grad_norm': 41.57887268066406, 'learning_rate': 4.628726287262873e-05, 'epoch': 291.71}
{'loss': -3.4229, 'grad_norm': 29.079044342041016, 'learning_rate': 4.607046070460705e-05, 'epoch': 292.68}
{'loss': -3.4259, 'grad_norm': 35.476436614990234, 'learning_rate': 4.585365853658537e-05, 'epoch': 293.66}
{'loss': -3.4228, 'grad_norm': 30.016191482543945, 'learning_rate': 4.563685636856368e-05, 'epoch': 294.63}
{'loss': -3.4255, 'grad_norm': 37.643184661865234, 'learning_rate': 4.5420054200542006e-05, 'epoch': 295.61}
{'loss': -3.4275, 'grad_norm': 40.893341064453125, 'learning_rate': 4.520325203252033e-05, 'epoch': 296.59}
{'loss': -3.4222, 'grad_norm': 50.96248245239258, 'learning_rate': 4.4986449864498645e-05, 'epoch': 297.56}
{'loss': -3.4304, 'grad_norm': 14.031814575195312, 'learning_rate': 4.476964769647697e-05, 'epoch': 298.54}
{'loss': -3.4292, 'grad_norm': 22.8464412689209, 'learning_rate': 4.455284552845529e-05, 'epoch': 299.51}
{'loss': -3.433, 'grad_norm': 26.219820022583008, 'learning_rate': 4.43360433604336e-05, 'epoch': 300.49}
{'loss': -3.427, 'grad_norm': 44.71950149536133, 'learning_rate': 4.4119241192411925e-05, 'epoch': 301.46}
{'loss': -3.4273, 'grad_norm': 25.321367263793945, 'learning_rate': 4.390243902439025e-05, 'epoch': 302.44}
{'loss': -3.4384, 'grad_norm': 18.98358726501465, 'learning_rate': 4.3685636856368564e-05, 'epoch': 303.41}
{'loss': -3.4276, 'grad_norm': 26.85527229309082, 'learning_rate': 4.346883468834689e-05, 'epoch': 304.39}
{'loss': -3.4394, 'grad_norm': 31.217220306396484, 'learning_rate': 4.3252032520325204e-05, 'epoch': 305.37}
{'loss': -3.435, 'grad_norm': 21.410118103027344, 'learning_rate': 4.303523035230353e-05, 'epoch': 306.34}
{'loss': -3.4406, 'grad_norm': 31.515674591064453, 'learning_rate': 4.281842818428184e-05, 'epoch': 307.32}
{'loss': -3.4432, 'grad_norm': 34.328765869140625, 'learning_rate': 4.2601626016260166e-05, 'epoch': 308.29}
{'loss': -3.4395, 'grad_norm': 42.899818420410156, 'learning_rate': 4.238482384823849e-05, 'epoch': 309.27}
{'loss': -3.4446, 'grad_norm': 16.116878509521484, 'learning_rate': 4.21680216802168e-05, 'epoch': 310.24}
{'loss': -3.4496, 'grad_norm': 25.486465454101562, 'learning_rate': 4.195121951219512e-05, 'epoch': 311.22}
{'loss': -3.4445, 'grad_norm': 40.528385162353516, 'learning_rate': 4.1734417344173445e-05, 'epoch': 312.2}
{'loss': -3.4511, 'grad_norm': 23.12944221496582, 'learning_rate': 4.151761517615176e-05, 'epoch': 313.17}
{'loss': -3.4534, 'grad_norm': 45.419620513916016, 'learning_rate': 4.1300813008130085e-05, 'epoch': 314.15}
{'loss': -3.4507, 'grad_norm': 40.056053161621094, 'learning_rate': 4.108401084010841e-05, 'epoch': 315.12}
{'loss': -3.4533, 'grad_norm': 25.180252075195312, 'learning_rate': 4.0867208672086724e-05, 'epoch': 316.1}
{'loss': -3.4576, 'grad_norm': 34.157344818115234, 'learning_rate': 4.065040650406504e-05, 'epoch': 317.07}
{'loss': -3.4585, 'grad_norm': 27.825571060180664, 'learning_rate': 4.0433604336043364e-05, 'epoch': 318.05}
{'loss': -3.46, 'grad_norm': 25.889766693115234, 'learning_rate': 4.021680216802168e-05, 'epoch': 319.02}
{'loss': -3.4606, 'grad_norm': 29.089651107788086, 'learning_rate': 4e-05, 'epoch': 320.0}
{'loss': -3.4591, 'grad_norm': 39.000755310058594, 'learning_rate': 3.978319783197832e-05, 'epoch': 320.98}
{'loss': -3.4601, 'grad_norm': 30.864681243896484, 'learning_rate': 3.956639566395664e-05, 'epoch': 321.95}
{'loss': -3.4598, 'grad_norm': 17.376415252685547, 'learning_rate': 3.934959349593496e-05, 'epoch': 322.93}
{'loss': -3.4697, 'grad_norm': 27.586606979370117, 'learning_rate': 3.913279132791328e-05, 'epoch': 323.9}
{'loss': -3.4706, 'grad_norm': 24.000425338745117, 'learning_rate': 3.8915989159891605e-05, 'epoch': 324.88}
{'loss': -3.471, 'grad_norm': 26.16905975341797, 'learning_rate': 3.8699186991869915e-05, 'epoch': 325.85}
{'loss': -3.4719, 'grad_norm': 15.840140342712402, 'learning_rate': 3.848238482384824e-05, 'epoch': 326.83}
{'loss': -3.4719, 'grad_norm': 15.909738540649414, 'learning_rate': 3.826558265582656e-05, 'epoch': 327.8}
{'loss': -3.4676, 'grad_norm': 24.419782638549805, 'learning_rate': 3.804878048780488e-05, 'epoch': 328.78}
{'loss': -3.4678, 'grad_norm': 18.013898849487305, 'learning_rate': 3.78319783197832e-05, 'epoch': 329.76}
{'loss': -3.4697, 'grad_norm': 40.14256286621094, 'learning_rate': 3.7615176151761524e-05, 'epoch': 330.73}
{'loss': -3.4752, 'grad_norm': 11.3329439163208, 'learning_rate': 3.739837398373984e-05, 'epoch': 331.71}
{'loss': -3.4718, 'grad_norm': 31.868913650512695, 'learning_rate': 3.718157181571816e-05, 'epoch': 332.68}
{'loss': -3.4789, 'grad_norm': 34.265132904052734, 'learning_rate': 3.696476964769648e-05, 'epoch': 333.66}
{'loss': -3.4812, 'grad_norm': 27.2650089263916, 'learning_rate': 3.67479674796748e-05, 'epoch': 334.63}
{'loss': -3.4812, 'grad_norm': 29.93431282043457, 'learning_rate': 3.653116531165312e-05, 'epoch': 335.61}
{'loss': -3.4817, 'grad_norm': 22.788311004638672, 'learning_rate': 3.6314363143631436e-05, 'epoch': 336.59}
{'loss': -3.4868, 'grad_norm': 31.95237922668457, 'learning_rate': 3.609756097560976e-05, 'epoch': 337.56}
{'loss': -3.4841, 'grad_norm': 46.80924987792969, 'learning_rate': 3.5880758807588075e-05, 'epoch': 338.54}
{'loss': -3.4811, 'grad_norm': 25.171613693237305, 'learning_rate': 3.56639566395664e-05, 'epoch': 339.51}
{'loss': -3.4879, 'grad_norm': 17.97796630859375, 'learning_rate': 3.544715447154472e-05, 'epoch': 340.49}
{'loss': -3.4863, 'grad_norm': 47.044898986816406, 'learning_rate': 3.523035230352303e-05, 'epoch': 341.46}
{'loss': -3.482, 'grad_norm': 34.02875900268555, 'learning_rate': 3.5013550135501354e-05, 'epoch': 342.44}
{'loss': -3.4882, 'grad_norm': 25.692792892456055, 'learning_rate': 3.479674796747968e-05, 'epoch': 343.41}
{'loss': -3.4907, 'grad_norm': 33.044090270996094, 'learning_rate': 3.4579945799457994e-05, 'epoch': 344.39}
{'loss': -3.4936, 'grad_norm': 19.87095832824707, 'learning_rate': 3.436314363143632e-05, 'epoch': 345.37}
{'loss': -3.4917, 'grad_norm': 22.809818267822266, 'learning_rate': 3.414634146341464e-05, 'epoch': 346.34}
{'loss': -3.4944, 'grad_norm': 19.438814163208008, 'learning_rate': 3.3929539295392956e-05, 'epoch': 347.32}
{'loss': -3.4938, 'grad_norm': 17.156139373779297, 'learning_rate': 3.371273712737127e-05, 'epoch': 348.29}
{'loss': -3.4921, 'grad_norm': 20.87175941467285, 'learning_rate': 3.3495934959349596e-05, 'epoch': 349.27}
{'loss': -3.4942, 'grad_norm': 23.113840103149414, 'learning_rate': 3.327913279132792e-05, 'epoch': 350.24}
{'loss': -3.4994, 'grad_norm': 21.684246063232422, 'learning_rate': 3.3062330623306235e-05, 'epoch': 351.22}
{'loss': -3.4995, 'grad_norm': 16.737281799316406, 'learning_rate': 3.284552845528455e-05, 'epoch': 352.2}
{'loss': -3.4846, 'grad_norm': 64.88391876220703, 'learning_rate': 3.2628726287262875e-05, 'epoch': 353.17}
{'loss': -3.4977, 'grad_norm': 26.35765266418457, 'learning_rate': 3.241192411924119e-05, 'epoch': 354.15}
{'loss': -3.5036, 'grad_norm': 26.141788482666016, 'learning_rate': 3.2195121951219514e-05, 'epoch': 355.12}
{'loss': -3.504, 'grad_norm': 28.15860366821289, 'learning_rate': 3.197831978319784e-05, 'epoch': 356.1}
{'loss': -3.5062, 'grad_norm': 20.042112350463867, 'learning_rate': 3.1761517615176154e-05, 'epoch': 357.07}
{'loss': -3.5065, 'grad_norm': 27.539779663085938, 'learning_rate': 3.154471544715447e-05, 'epoch': 358.05}
{'loss': -3.5077, 'grad_norm': 22.880170822143555, 'learning_rate': 3.1327913279132794e-05, 'epoch': 359.02}
{'loss': -3.506, 'grad_norm': 16.88936996459961, 'learning_rate': 3.111111111111111e-05, 'epoch': 360.0}
{'loss': -3.5057, 'grad_norm': 43.193111419677734, 'learning_rate': 3.089430894308943e-05, 'epoch': 360.98}
{'loss': -3.5106, 'grad_norm': 24.398359298706055, 'learning_rate': 3.0677506775067756e-05, 'epoch': 361.95}
{'loss': -3.5102, 'grad_norm': 31.573911666870117, 'learning_rate': 3.046070460704607e-05, 'epoch': 362.93}
{'loss': -3.5118, 'grad_norm': 20.391902923583984, 'learning_rate': 3.0243902439024392e-05, 'epoch': 363.9}
{'loss': -3.514, 'grad_norm': 19.793750762939453, 'learning_rate': 3.0027100271002712e-05, 'epoch': 364.88}
{'loss': -3.5154, 'grad_norm': 21.023576736450195, 'learning_rate': 2.9810298102981032e-05, 'epoch': 365.85}
{'loss': -3.5142, 'grad_norm': 24.116079330444336, 'learning_rate': 2.959349593495935e-05, 'epoch': 366.83}
{'loss': -3.5161, 'grad_norm': 25.859586715698242, 'learning_rate': 2.9376693766937668e-05, 'epoch': 367.8}
{'loss': -3.5189, 'grad_norm': 20.674116134643555, 'learning_rate': 2.9159891598915988e-05, 'epoch': 368.78}
{'loss': -3.5132, 'grad_norm': 26.524301528930664, 'learning_rate': 2.894308943089431e-05, 'epoch': 369.76}
{'loss': -3.5128, 'grad_norm': 19.983858108520508, 'learning_rate': 2.872628726287263e-05, 'epoch': 370.73}
{'loss': -3.5214, 'grad_norm': 24.29829216003418, 'learning_rate': 2.850948509485095e-05, 'epoch': 371.71}
{'loss': -3.5207, 'grad_norm': 29.34511947631836, 'learning_rate': 2.8292682926829267e-05, 'epoch': 372.68}
{'loss': -3.5219, 'grad_norm': 12.737801551818848, 'learning_rate': 2.8075880758807586e-05, 'epoch': 373.66}
{'loss': -3.5218, 'grad_norm': 40.384395599365234, 'learning_rate': 2.785907859078591e-05, 'epoch': 374.63}
{'loss': -3.5225, 'grad_norm': 27.002885818481445, 'learning_rate': 2.764227642276423e-05, 'epoch': 375.61}
{'loss': -3.5262, 'grad_norm': 31.062700271606445, 'learning_rate': 2.742547425474255e-05, 'epoch': 376.59}
{'loss': -3.5257, 'grad_norm': 38.71027755737305, 'learning_rate': 2.7208672086720872e-05, 'epoch': 377.56}
{'loss': -3.5267, 'grad_norm': 28.459428787231445, 'learning_rate': 2.6991869918699185e-05, 'epoch': 378.54}
{'loss': -3.5268, 'grad_norm': 19.25667381286621, 'learning_rate': 2.677506775067751e-05, 'epoch': 379.51}
{'loss': -3.5273, 'grad_norm': 42.13751220703125, 'learning_rate': 2.6558265582655828e-05, 'epoch': 380.49}
{'loss': -3.5263, 'grad_norm': 16.87042236328125, 'learning_rate': 2.6341463414634148e-05, 'epoch': 381.46}
{'loss': -3.5305, 'grad_norm': 16.014604568481445, 'learning_rate': 2.612466124661247e-05, 'epoch': 382.44}
{'loss': -3.5312, 'grad_norm': 18.418500900268555, 'learning_rate': 2.5907859078590784e-05, 'epoch': 383.41}
{'loss': -3.5328, 'grad_norm': 16.252229690551758, 'learning_rate': 2.5691056910569107e-05, 'epoch': 384.39}
{'loss': -3.5334, 'grad_norm': 25.458803176879883, 'learning_rate': 2.5474254742547427e-05, 'epoch': 385.37}
{'loss': -3.5343, 'grad_norm': 27.858457565307617, 'learning_rate': 2.5257452574525747e-05, 'epoch': 386.34}
{'loss': -3.5357, 'grad_norm': 18.085405349731445, 'learning_rate': 2.5040650406504066e-05, 'epoch': 387.32}
{'loss': -3.5334, 'grad_norm': 26.9631404876709, 'learning_rate': 2.4823848238482386e-05, 'epoch': 388.29}
{'loss': -3.5363, 'grad_norm': 16.189420700073242, 'learning_rate': 2.4607046070460706e-05, 'epoch': 389.27}
{'loss': -3.5387, 'grad_norm': 23.21062660217285, 'learning_rate': 2.4390243902439026e-05, 'epoch': 390.24}
{'loss': -3.5365, 'grad_norm': 34.148380279541016, 'learning_rate': 2.4173441734417345e-05, 'epoch': 391.22}
{'loss': -3.5405, 'grad_norm': 34.137786865234375, 'learning_rate': 2.3956639566395665e-05, 'epoch': 392.2}
{'loss': -3.5384, 'grad_norm': 24.41297149658203, 'learning_rate': 2.3739837398373985e-05, 'epoch': 393.17}
{'loss': -3.541, 'grad_norm': 17.40654182434082, 'learning_rate': 2.3523035230352305e-05, 'epoch': 394.15}
{'loss': -3.5411, 'grad_norm': 14.718985557556152, 'learning_rate': 2.3306233062330625e-05, 'epoch': 395.12}
{'loss': -3.5359, 'grad_norm': 22.998960494995117, 'learning_rate': 2.3089430894308944e-05, 'epoch': 396.1}
{'loss': -3.5426, 'grad_norm': 14.389826774597168, 'learning_rate': 2.2872628726287264e-05, 'epoch': 397.07}
{'loss': -3.5423, 'grad_norm': 37.870811462402344, 'learning_rate': 2.2655826558265584e-05, 'epoch': 398.05}
{'loss': -3.5428, 'grad_norm': 25.260786056518555, 'learning_rate': 2.2439024390243904e-05, 'epoch': 399.02}
{'loss': -3.5455, 'grad_norm': 15.291960716247559, 'learning_rate': 2.2222222222222223e-05, 'epoch': 400.0}
{'loss': -3.5471, 'grad_norm': 19.533369064331055, 'learning_rate': 2.2005420054200543e-05, 'epoch': 400.98}
{'loss': -3.5499, 'grad_norm': 15.375713348388672, 'learning_rate': 2.1788617886178863e-05, 'epoch': 401.95}
{'loss': -3.548, 'grad_norm': 17.289358139038086, 'learning_rate': 2.1571815718157183e-05, 'epoch': 402.93}
{'loss': -3.5507, 'grad_norm': 19.63880729675293, 'learning_rate': 2.1355013550135502e-05, 'epoch': 403.9}
{'loss': -3.5497, 'grad_norm': 27.50950813293457, 'learning_rate': 2.1138211382113822e-05, 'epoch': 404.88}
{'loss': -3.5507, 'grad_norm': 25.942968368530273, 'learning_rate': 2.0921409214092142e-05, 'epoch': 405.85}
{'loss': -3.5512, 'grad_norm': 19.719438552856445, 'learning_rate': 2.070460704607046e-05, 'epoch': 406.83}
{'loss': -3.5515, 'grad_norm': 18.404462814331055, 'learning_rate': 2.048780487804878e-05, 'epoch': 407.8}
{'loss': -3.5535, 'grad_norm': 16.91774559020996, 'learning_rate': 2.02710027100271e-05, 'epoch': 408.78}
{'loss': -3.5501, 'grad_norm': 30.65880012512207, 'learning_rate': 2.005420054200542e-05, 'epoch': 409.76}
{'loss': -3.5535, 'grad_norm': 11.987421035766602, 'learning_rate': 1.983739837398374e-05, 'epoch': 410.73}
{'loss': -3.5548, 'grad_norm': 28.33102035522461, 'learning_rate': 1.962059620596206e-05, 'epoch': 411.71}
{'loss': -3.5561, 'grad_norm': 21.143905639648438, 'learning_rate': 1.940379403794038e-05, 'epoch': 412.68}
{'loss': -3.5561, 'grad_norm': 18.783187866210938, 'learning_rate': 1.91869918699187e-05, 'epoch': 413.66}
{'loss': -3.5586, 'grad_norm': 21.75356674194336, 'learning_rate': 1.897018970189702e-05, 'epoch': 414.63}
{'loss': -3.5597, 'grad_norm': 23.964096069335938, 'learning_rate': 1.875338753387534e-05, 'epoch': 415.61}
{'loss': -3.5567, 'grad_norm': 19.632299423217773, 'learning_rate': 1.853658536585366e-05, 'epoch': 416.59}
{'loss': -3.5616, 'grad_norm': 17.13814926147461, 'learning_rate': 1.831978319783198e-05, 'epoch': 417.56}
{'loss': -3.5595, 'grad_norm': 30.112403869628906, 'learning_rate': 1.81029810298103e-05, 'epoch': 418.54}
{'loss': -3.5613, 'grad_norm': 8.679811477661133, 'learning_rate': 1.788617886178862e-05, 'epoch': 419.51}
{'loss': -3.5618, 'grad_norm': 13.531621932983398, 'learning_rate': 1.7669376693766938e-05, 'epoch': 420.49}
{'loss': -3.5626, 'grad_norm': 15.182909965515137, 'learning_rate': 1.7452574525745258e-05, 'epoch': 421.46}
{'loss': -3.5638, 'grad_norm': 10.689177513122559, 'learning_rate': 1.7235772357723578e-05, 'epoch': 422.44}
{'loss': -3.5645, 'grad_norm': 21.435062408447266, 'learning_rate': 1.7018970189701897e-05, 'epoch': 423.41}
{'loss': -3.5646, 'grad_norm': 23.389799118041992, 'learning_rate': 1.6802168021680217e-05, 'epoch': 424.39}
{'loss': -3.5658, 'grad_norm': 13.226899147033691, 'learning_rate': 1.6585365853658537e-05, 'epoch': 425.37}
{'loss': -3.5678, 'grad_norm': 15.277166366577148, 'learning_rate': 1.6368563685636857e-05, 'epoch': 426.34}
{'loss': -3.5678, 'grad_norm': 19.41254997253418, 'learning_rate': 1.6151761517615176e-05, 'epoch': 427.32}
{'loss': -3.566, 'grad_norm': 17.929719924926758, 'learning_rate': 1.5934959349593496e-05, 'epoch': 428.29}
{'loss': -3.5697, 'grad_norm': 9.752422332763672, 'learning_rate': 1.5718157181571816e-05, 'epoch': 429.27}
{'loss': -3.5688, 'grad_norm': 14.014252662658691, 'learning_rate': 1.5501355013550136e-05, 'epoch': 430.24}
{'loss': -3.57, 'grad_norm': 24.07683563232422, 'learning_rate': 1.5284552845528455e-05, 'epoch': 431.22}
{'loss': -3.5692, 'grad_norm': 16.989402770996094, 'learning_rate': 1.5067750677506775e-05, 'epoch': 432.2}
{'loss': -3.5698, 'grad_norm': 22.998014450073242, 'learning_rate': 1.4850948509485097e-05, 'epoch': 433.17}
{'loss': -3.5703, 'grad_norm': 37.60865020751953, 'learning_rate': 1.4634146341463415e-05, 'epoch': 434.15}
{'loss': -3.5685, 'grad_norm': 14.877605438232422, 'learning_rate': 1.4417344173441735e-05, 'epoch': 435.12}
{'loss': -3.5718, 'grad_norm': 7.909270286560059, 'learning_rate': 1.4200542005420056e-05, 'epoch': 436.1}
{'loss': -3.5721, 'grad_norm': 15.173373222351074, 'learning_rate': 1.3983739837398374e-05, 'epoch': 437.07}
{'loss': -3.5751, 'grad_norm': 17.743671417236328, 'learning_rate': 1.3766937669376695e-05, 'epoch': 438.05}
{'loss': -3.5749, 'grad_norm': 18.88920021057129, 'learning_rate': 1.3550135501355014e-05, 'epoch': 439.02}
{'loss': -3.575, 'grad_norm': 36.098594665527344, 'learning_rate': 1.3333333333333333e-05, 'epoch': 440.0}
{'loss': -3.5755, 'grad_norm': 15.445939064025879, 'learning_rate': 1.3116531165311655e-05, 'epoch': 440.98}
{'loss': -3.5769, 'grad_norm': 18.49195671081543, 'learning_rate': 1.2899728997289973e-05, 'epoch': 441.95}
{'loss': -3.5769, 'grad_norm': 31.4558048248291, 'learning_rate': 1.2682926829268294e-05, 'epoch': 442.93}
{'loss': -3.5775, 'grad_norm': 9.523026466369629, 'learning_rate': 1.2466124661246612e-05, 'epoch': 443.9}
{'loss': -3.5767, 'grad_norm': 12.831258773803711, 'learning_rate': 1.2249322493224932e-05, 'epoch': 444.88}
{'loss': -3.5776, 'grad_norm': 17.040544509887695, 'learning_rate': 1.2032520325203254e-05, 'epoch': 445.85}
{'loss': -3.5805, 'grad_norm': 16.23097038269043, 'learning_rate': 1.1815718157181573e-05, 'epoch': 446.83}
{'loss': -3.5792, 'grad_norm': 11.322317123413086, 'learning_rate': 1.1598915989159891e-05, 'epoch': 447.8}
{'loss': -3.5824, 'grad_norm': 11.832685470581055, 'learning_rate': 1.1382113821138211e-05, 'epoch': 448.78}
{'loss': -3.5809, 'grad_norm': 22.043432235717773, 'learning_rate': 1.1165311653116533e-05, 'epoch': 449.76}
{'loss': -3.5815, 'grad_norm': 19.584054946899414, 'learning_rate': 1.0948509485094852e-05, 'epoch': 450.73}
{'loss': -3.5822, 'grad_norm': 13.172595977783203, 'learning_rate': 1.073170731707317e-05, 'epoch': 451.71}
{'loss': -3.581, 'grad_norm': 8.75108528137207, 'learning_rate': 1.051490514905149e-05, 'epoch': 452.68}
{'loss': -3.5834, 'grad_norm': 17.912511825561523, 'learning_rate': 1.0298102981029812e-05, 'epoch': 453.66}
{'loss': -3.5839, 'grad_norm': 9.443923950195312, 'learning_rate': 1.0081300813008131e-05, 'epoch': 454.63}
{'loss': -3.5837, 'grad_norm': 17.47511100769043, 'learning_rate': 9.86449864498645e-06, 'epoch': 455.61}
{'loss': -3.5835, 'grad_norm': 11.141937255859375, 'learning_rate': 9.647696476964769e-06, 'epoch': 456.59}
{'loss': -3.5857, 'grad_norm': 13.12607192993164, 'learning_rate': 9.43089430894309e-06, 'epoch': 457.56}
{'loss': -3.585, 'grad_norm': 19.31833839416504, 'learning_rate': 9.21409214092141e-06, 'epoch': 458.54}
{'loss': -3.5866, 'grad_norm': 14.972959518432617, 'learning_rate': 8.997289972899728e-06, 'epoch': 459.51}
{'loss': -3.5873, 'grad_norm': 6.663089752197266, 'learning_rate': 8.780487804878048e-06, 'epoch': 460.49}
{'loss': -3.587, 'grad_norm': 11.587665557861328, 'learning_rate': 8.56368563685637e-06, 'epoch': 461.46}
{'loss': -3.5879, 'grad_norm': 12.106379508972168, 'learning_rate': 8.34688346883469e-06, 'epoch': 462.44}
{'loss': -3.5885, 'grad_norm': 17.951963424682617, 'learning_rate': 8.130081300813009e-06, 'epoch': 463.41}
{'loss': -3.5887, 'grad_norm': 9.416444778442383, 'learning_rate': 7.913279132791327e-06, 'epoch': 464.39}
{'loss': -3.5903, 'grad_norm': 13.210736274719238, 'learning_rate': 7.696476964769649e-06, 'epoch': 465.37}
{'loss': -3.591, 'grad_norm': 8.252495765686035, 'learning_rate': 7.479674796747968e-06, 'epoch': 466.34}
{'loss': -3.5907, 'grad_norm': 10.165324211120605, 'learning_rate': 7.262872628726287e-06, 'epoch': 467.32}
{'loss': -3.5917, 'grad_norm': 10.314095497131348, 'learning_rate': 7.046070460704607e-06, 'epoch': 468.29}
{'loss': -3.5925, 'grad_norm': 9.772823333740234, 'learning_rate': 6.829268292682928e-06, 'epoch': 469.27}
{'loss': -3.5912, 'grad_norm': 16.353473663330078, 'learning_rate': 6.6124661246612474e-06, 'epoch': 470.24}
{'loss': -3.5921, 'grad_norm': 14.612157821655273, 'learning_rate': 6.395663956639566e-06, 'epoch': 471.22}
{'loss': -3.5913, 'grad_norm': 8.324080467224121, 'learning_rate': 6.178861788617887e-06, 'epoch': 472.2}
{'loss': -3.5912, 'grad_norm': 12.992701530456543, 'learning_rate': 5.962059620596206e-06, 'epoch': 473.17}
{'loss': -3.5937, 'grad_norm': 9.802740097045898, 'learning_rate': 5.7452574525745265e-06, 'epoch': 474.15}
{'loss': -3.5929, 'grad_norm': 14.0543851852417, 'learning_rate': 5.528455284552845e-06, 'epoch': 475.12}
{'loss': -3.5931, 'grad_norm': 7.8673787117004395, 'learning_rate': 5.311653116531166e-06, 'epoch': 476.1}
{'loss': -3.5952, 'grad_norm': 7.2150163650512695, 'learning_rate': 5.094850948509485e-06, 'epoch': 477.07}
{'loss': -3.5941, 'grad_norm': 13.788869857788086, 'learning_rate': 4.8780487804878055e-06, 'epoch': 478.05}
{'loss': -3.5951, 'grad_norm': 12.976380348205566, 'learning_rate': 4.661246612466124e-06, 'epoch': 479.02}
{'loss': -3.5947, 'grad_norm': 8.991345405578613, 'learning_rate': 4.444444444444445e-06, 'epoch': 480.0}
{'loss': -3.5972, 'grad_norm': 10.905397415161133, 'learning_rate': 4.227642276422764e-06, 'epoch': 480.98}
{'loss': -3.5975, 'grad_norm': 9.22673511505127, 'learning_rate': 4.0108401084010845e-06, 'epoch': 481.95}
{'loss': -3.5978, 'grad_norm': 5.870028495788574, 'learning_rate': 3.794037940379404e-06, 'epoch': 482.93}
{'loss': -3.5977, 'grad_norm': 8.578230857849121, 'learning_rate': 3.577235772357724e-06, 'epoch': 483.9}
{'loss': -3.5973, 'grad_norm': 11.491842269897461, 'learning_rate': 3.3604336043360434e-06, 'epoch': 484.88}
{'loss': -3.5976, 'grad_norm': 8.179617881774902, 'learning_rate': 3.1436314363143635e-06, 'epoch': 485.85}
{'loss': -3.5977, 'grad_norm': 8.803980827331543, 'learning_rate': 2.9268292682926833e-06, 'epoch': 486.83}
{'loss': -3.5969, 'grad_norm': 5.56901741027832, 'learning_rate': 2.710027100271003e-06, 'epoch': 487.8}
{'loss': -3.5989, 'grad_norm': 6.744962215423584, 'learning_rate': 2.493224932249323e-06, 'epoch': 488.78}
{'loss': -3.5971, 'grad_norm': 8.094919204711914, 'learning_rate': 2.2764227642276426e-06, 'epoch': 489.76}
{'loss': -3.5996, 'grad_norm': 11.990622520446777, 'learning_rate': 2.0596205962059623e-06, 'epoch': 490.73}
{'loss': -3.598, 'grad_norm': 4.462085247039795, 'learning_rate': 1.842818428184282e-06, 'epoch': 491.71}
{'loss': -3.599, 'grad_norm': 5.51164436340332, 'learning_rate': 1.6260162601626018e-06, 'epoch': 492.68}
{'loss': -3.5983, 'grad_norm': 5.286078929901123, 'learning_rate': 1.4092140921409214e-06, 'epoch': 493.66}
{'loss': -3.5995, 'grad_norm': 4.400434970855713, 'learning_rate': 1.1924119241192413e-06, 'epoch': 494.63}
{'loss': -3.5999, 'grad_norm': 4.123960018157959, 'learning_rate': 9.75609756097561e-07, 'epoch': 495.61}
{'loss': -3.5993, 'grad_norm': 4.766057014465332, 'learning_rate': 7.588075880758807e-07, 'epoch': 496.59}
{'loss': -3.5999, 'grad_norm': 6.145262718200684, 'learning_rate': 5.420054200542006e-07, 'epoch': 497.56}
{'loss': -3.5978, 'grad_norm': 4.205212116241455, 'learning_rate': 3.2520325203252037e-07, 'epoch': 498.54}
{'loss': -3.5994, 'grad_norm': 4.127349853515625, 'learning_rate': 1.0840108401084011e-07, 'epoch': 499.51}
{'train_runtime': 10351.0398, 'train_samples_per_second': 17559.83, 'train_steps_per_second': 1.98, 'train_loss': -3.066029919833672, 'epoch': 500.0}
========== Model is trained ==========
========== Model is in evaluation mode ==========
=== Model is saved, at /proj/gaia/RayDT/dataset/processed_data/../../outputs/huggingface_test_result_noise_20/models/huggingface_trained_dt_noise_20_20240824-132441_3/ ===
Finished concurrent execution of tasks.
Ending time: Sat Aug 24 16:17:21 CEST 2024
