Starting time: Wed May 29 16:25:24 CEST 2024
no change     /proj/gaia/RayDT/mamba_ray/condabin/conda
no change     /proj/gaia/RayDT/mamba_ray/bin/conda
no change     /proj/gaia/RayDT/mamba_ray/bin/conda-env
no change     /proj/gaia/RayDT/mamba_ray/bin/activate
no change     /proj/gaia/RayDT/mamba_ray/bin/deactivate
no change     /proj/gaia/RayDT/mamba_ray/etc/profile.d/conda.sh
no change     /proj/gaia/RayDT/mamba_ray/etc/fish/conf.d/conda.fish
no change     /proj/gaia/RayDT/mamba_ray/shell/condabin/Conda.psm1
no change     /proj/gaia/RayDT/mamba_ray/shell/condabin/conda-hook.ps1
no change     /proj/gaia/RayDT/mamba_ray/lib/python3.10/site-packages/xontrib/conda.xsh
no change     /proj/gaia/RayDT/mamba_ray/etc/profile.d/conda.csh
no change     /home/x_yifji/.bashrc
No action taken.
Activated conda environment
Conda environment:
/proj/gaia/RayDT/mamba_ray/bin/python
Python 3.10.14
Current working directory: /proj/gaia/RayDT/workspace/gfnrau/notebooks
Starting concurrent execution of tasks...
config =  {'obj': 3, 'Tx_id': 1, 'allTx': True, 'Rx_id': None, 'Rx1_id': None, 'Rx2_id': None, 'debug_path_flag': False, 'path_id': 6, 'add_noise': True, 'optim_load': False, 'small_batch': False, 'big_batch': False, 'debug': False, 'produce_fig': False, 'wandb': False, 'replot_baseline_only': False, 'test_seed': 42, 'eval_from': None, 'Ofunc': True, 'noise_sample': 5, 'path': None, 'data_prefix': 'allTx', 'data_postfix': '_noise', 'gen_func': <function gen_data_sample_across_rx at 0x154c9377b910>}
========== Training config ==========
gen_kwargs_list =  {'Rx_id': [None, None, None, None, None, None, None, None, None, None], 'rx_range': [None, None, None, None, None, None, None, None, None, None], 'debug_path': [False, False, False, False, False, False, False, False, False, False], 'path': [None, None, None, None, None, None, None, None, None, None], 'add_noise': [True, True, True, True, True, True, True, True, True, True], 'local_node': [True, True, True, True, True, True, True, True, True, True], 'append_receipt_loss': [True, True, True, True, True, True, True, True, True, True], 'do_assertion': [True, True, True, True, True, True, True, True, True, True], 'debug': [False, False, False, False, False, False, False, False, False, False], 'noise_sample': [5, 5, 5, 5, 5, 5, 5, 5, 5, 5], 'Tx_id': range(0, 10)}
multi_rays is empty, x tensor([1.4619, 2.9707, 0.0000], dtype=torch.float16), ray_directions tensor([-1.0000e+00, -5.9471e-03, -3.2187e-06], dtype=torch.float16)
multi_rays is empty, x tensor([4.3359, 4.8281, 0.0000], dtype=torch.float16), ray_directions tensor([-1.0000e+00, -3.1910e-03, -2.7418e-06], dtype=torch.float16)
multi_rays is empty, x tensor([2.9219, 2.4336, 0.0000], dtype=torch.float16), ray_directions tensor([-1.0000e+00, -8.9722e-03, -9.2387e-06], dtype=torch.float16)
multi_rays is empty, x tensor([0.4932, 0.0000, 1.0771], dtype=torch.float16), ray_directions tensor([-1.0000e+00, -5.9605e-06, -5.8889e-04], dtype=torch.float16)
multi_rays is empty, x tensor([2.3555, 2.8906, 0.0000], dtype=torch.float16), ray_directions tensor([-1.0000e+00, -8.8501e-03, -5.5432e-06], dtype=torch.float16)
multi_rays is empty, x tensor([4.5820, 2.5137, 0.0000], dtype=torch.float16), ray_directions tensor([-1.0000e+00, -8.8959e-03, -4.2319e-06], dtype=torch.float16)
multi_rays is empty, x tensor([0.1948, 0.0000, 0.7759], dtype=torch.float16), ray_directions tensor([-1.0000e+00, -7.6890e-06, -3.1013e-03], dtype=torch.float16)
multi_rays is empty, x tensor([3.4082, 0.0000, 1.0859], dtype=torch.float16), ray_directions tensor([-1.0000e+00, -5.9009e-06, -3.5439e-03], dtype=torch.float16)
multi_rays is empty, x tensor([1.2949, 0.0000, 1.7490], dtype=torch.float16), ray_directions tensor([-1.0000e+00, -7.5698e-06, -3.2520e-03], dtype=torch.float16)
multi_rays is empty, x tensor([8.0781, 2.0469, 0.0000], dtype=torch.float16), ray_directions tensor([-1.0000e+00, -4.4823e-03, -7.9870e-06], dtype=torch.float16)
multi_rays is empty, x tensor([8.0547, 2.5742, 0.0000], dtype=torch.float16), ray_directions tensor([-1.0000e+00, -5.7678e-03, -4.5896e-06], dtype=torch.float16)
multi_rays is empty, x tensor([2.8203, 0.0000, 1.8252], dtype=torch.float16), ray_directions tensor([-1.0000e+00, -4.8876e-06, -3.5954e-03], dtype=torch.float16)
multi_rays is empty, x tensor([3.1680, 0.0000, 1.6533], dtype=torch.float16), ray_directions tensor([-1.0000e+00, -9.4175e-06, -2.8172e-03], dtype=torch.float16)
multi_rays is empty, x tensor([0.1219, 0.0000, 0.5303], dtype=torch.float16), ray_directions tensor([-1.0000e+00, -4.6492e-06, -3.4294e-03], dtype=torch.float16)
multi_rays is empty, x tensor([4.1250, 2.3652, 0.0000], dtype=torch.float16), ray_directions tensor([-1.0000e+00, -9.6970e-03, -3.3379e-06], dtype=torch.float16)
multi_rays is empty, x tensor([2.4844, 3.0020, 0.0000], dtype=torch.float16), ray_directions tensor([-1.0000e+00, -6.0577e-03, -4.2915e-06], dtype=torch.float16)
multi_rays is empty, x tensor([3.7363, 0.0000, 0.0635], dtype=torch.float16), ray_directions tensor([-1.0000e+00, -6.7949e-06, -2.2240e-03], dtype=torch.float16)
multi_rays is empty, x tensor([3.7969, 1.2471, 0.0000], dtype=torch.float16), ray_directions tensor([-1.0000e+00, -3.9330e-03, -2.9802e-06], dtype=torch.float16)
multi_rays is empty, x tensor([1.3857, 0.9722, 0.0000], dtype=torch.float16), ray_directions tensor([-1.0000e+00, -1.9336e-04, -9.6560e-06], dtype=torch.float16)
multi_rays is empty, x tensor([4.4297, 2.6855, 0.0000], dtype=torch.float16), ray_directions tensor([-1.0000e+00, -7.4844e-03, -6.5565e-06], dtype=torch.float16)
multi_rays is empty, x tensor([9.3359, 2.8457, 0.0000], dtype=torch.float16), ray_directions tensor([-1.0000e+00, -3.6259e-03, -2.2650e-06], dtype=torch.float16)
multi_rays is empty, x tensor([2.1035, 2.2480, 0.0000], dtype=torch.float16), ray_directions tensor([-1.0000e+00, -3.5515e-03, -9.4175e-06], dtype=torch.float16)
multi_rays is empty, x tensor([1.1016, 0.6411, 0.0000], dtype=torch.float16), ray_directions tensor([-1.0000e+00, -3.4809e-03, -7.2718e-06], dtype=torch.float16)
multi_rays is empty, x tensor([2.0898, 1.9961, 0.0000], dtype=torch.float16), ray_directions tensor([-1.0000e+00, -5.9891e-03, -5.2452e-06], dtype=torch.float16)
multi_rays is empty, x tensor([0.1309, 0.0421, 0.0000], dtype=torch.float16), ray_directions tensor([-1.0000e+00, -2.1648e-03, -2.7418e-06], dtype=torch.float16)
multi_rays is empty, x tensor([2.3672, 0.9897, 0.0000], dtype=torch.float16), ray_directions tensor([-1.0000e+00, -6.2752e-03, -5.4836e-06], dtype=torch.float16)
multi_rays is empty, x tensor([1.3164, 0.1265, 0.0000], dtype=torch.float16), ray_directions tensor([-1.0000e+00, -5.4092e-03, -6.6757e-06], dtype=torch.float16)
multi_rays is empty, x tensor([1.4727, 1.5107, 0.0000], dtype=torch.float16), ray_directions tensor([-1.0000e+00, -7.7286e-03, -1.9670e-06], dtype=torch.float16)
multi_rays is empty, x tensor([3.6309, 0.0000, 0.7720], dtype=torch.float16), ray_directions tensor([-1.0000e+00, -2.8014e-06, -4.1046e-03], dtype=torch.float16)
multi_rays is empty, x tensor([3.1055, 0.0000, 0.6235], dtype=torch.float16), ray_directions tensor([-1.0000e+00, -4.7684e-07, -4.3488e-03], dtype=torch.float16)
multi_rays is empty, x tensor([2.1621, 0.9316, 0.0000], dtype=torch.float16), ray_directions tensor([-1.0000e+00, -9.5444e-03, -8.9407e-07], dtype=torch.float16)
multi_rays is empty, x tensor([0.7095, 0.1259, 0.0000], dtype=torch.float16), ray_directions tensor([-1.0000e+00, -8.0338e-03, -2.3842e-06], dtype=torch.float16)
multi_rays is empty, x tensor([3.5957, 0.0000, 1.6016], dtype=torch.float16), ray_directions tensor([-1.0000e+00, -4.2915e-06, -7.7009e-04], dtype=torch.float16)
multi_rays is empty, x tensor([1.7568, 0.3992, 0.0000], dtype=torch.float16), ray_directions tensor([-1.0000e+00, -9.0408e-03, -5.9009e-06], dtype=torch.float16)
multi_rays is empty, x tensor([0.7461, 0.0000, 0.1962], dtype=torch.float16), ray_directions tensor([-1.0000e+00, -3.0994e-06, -5.8031e-04], dtype=torch.float16)
multi_rays is empty, x tensor([1.4141, 0.6123, -0.0000], dtype=torch.float16), ray_directions tensor([-1.0000e+00, -1.0777e-03, -2.7418e-06], dtype=torch.float16)
multi_rays is empty, x tensor([0.8784, 0.1210, 0.0000], dtype=torch.float16), ray_directions tensor([-1.0000e+00, -5.4741e-03, -9.7156e-06], dtype=torch.float16)
multi_rays is empty, x tensor([1.6191, 0.6665, 0.0000], dtype=torch.float16), ray_directions tensor([-1.0000e+00, -5.4703e-03, -9.7156e-06], dtype=torch.float16)
multi_rays is empty, x tensor([2.4395, 0.0000, 0.7363], dtype=torch.float16), ray_directions tensor([-1.0000e+00, -7.1526e-07, -4.7255e-04], dtype=torch.float16)
multi_rays is empty, x tensor([0.8975, 0.7192, 0.0000], dtype=torch.float16), ray_directions tensor([-1.0000e+00, -3.2082e-03, -2.5034e-06], dtype=torch.float16)
multi_rays is empty, x tensor([6.9492, 2.0957, 0.0000], dtype=torch.float16), ray_directions tensor([-1.0000e+00, -4.4894e-04, -6.1989e-06], dtype=torch.float16)
multi_rays is empty, x tensor([6.9062, 2.4922, 0.0000], dtype=torch.float16), ray_directions tensor([-1.0000e+00, -2.0294e-03, -9.8348e-06], dtype=torch.float16)
multi_rays is empty, x tensor([3.2148, 0.0000, 0.0569], dtype=torch.float16), ray_directions tensor([-1.0000e+00, -1.1921e-06, -8.6746e-03], dtype=torch.float16)
multi_rays is empty, x tensor([5.1094, 1.5859, 0.0000], dtype=torch.float16), ray_directions tensor([-1.0000e+00, -6.5079e-03, -8.7619e-06], dtype=torch.float16)
multi_rays is empty, x tensor([1.4297, 0.0000, 0.3525], dtype=torch.float16), ray_directions tensor([-1.0000e+00, -8.2850e-06, -3.8757e-03], dtype=torch.float16)
multi_rays is empty, x tensor([1.8350, 0.0000, 0.5283], dtype=torch.float16), ray_directions tensor([-1.0000e+00, -6.9141e-06, -2.5616e-03], dtype=torch.float16)
multi_rays is empty, x tensor([5.4648, 1.3809, 0.0000], dtype=torch.float16), ray_directions tensor([-1.0000e+00, -4.4656e-04, -8.3447e-07], dtype=torch.float16)
multi_rays is empty, x tensor([5.5273, 1.2480, -0.0000], dtype=torch.float16), ray_directions tensor([-1.0000e+00, -9.3155e-03, -7.8678e-06], dtype=torch.float16)
multi_rays is empty, x tensor([0.5693, 0.8662, 0.0000], dtype=torch.float16), ray_directions tensor([-1.0000e+00, -8.2092e-03, -9.0599e-06], dtype=torch.float16)
multi_rays is empty, x tensor([7.2969, 0.0000, 0.8677], dtype=torch.float16), ray_directions tensor([-1.0000e+00, -5.7220e-06, -2.0790e-03], dtype=torch.float16)
multi_rays is empty, x tensor([5.9609, 1.7617, 0.0000], dtype=torch.float16), ray_directions tensor([-1.0000e+00, -2.2876e-04, -6.1989e-06], dtype=torch.float16)
multi_rays is empty, x tensor([2.4805, 0.4993, -0.0000], dtype=torch.float16), ray_directions tensor([-1.0000e+00, -5.5313e-03, -2.6822e-06], dtype=torch.float16)
multi_rays is empty, x tensor([3.5293, 0.6245, 0.0000], dtype=torch.float16), ray_directions tensor([-1.0000e+00, -8.3923e-03, -5.0068e-06], dtype=torch.float16)
multi_rays is empty, x tensor([2.9238, 0.4568, 0.0000], dtype=torch.float16), ray_directions tensor([-1.0000e+00, -6.7825e-03, -8.4043e-06], dtype=torch.float16)
multi_rays is empty, x tensor([2.9336, 1.6455, 0.0000], dtype=torch.float16), ray_directions tensor([-1.0000e+00, -4.3983e-03, -3.0994e-06], dtype=torch.float16)
multi_rays is empty, x tensor([1.2969, 1.0898, 0.0000], dtype=torch.float16), ray_directions tensor([-1.0000e+00, -4.7760e-03, -5.0664e-06], dtype=torch.float16)
multi_rays is empty, x tensor([4.0938, 1.7314, 0.0000], dtype=torch.float16), ray_directions tensor([-1.0000e+00, -1.1778e-03, -6.0201e-06], dtype=torch.float16)
multi_rays is empty, x tensor([7.3633, 3.4746, 0.0000], dtype=torch.float16), ray_directions tensor([-1.0000e+00, -8.2550e-03, -6.6757e-06], dtype=torch.float16)
multi_rays is empty, x tensor([0.1935, 0.4861, 0.0000], dtype=torch.float16), ray_directions tensor([-1.0000e+00, -9.6970e-03, -7.5698e-06], dtype=torch.float16)
multi_rays is empty, x tensor([2.0332, 0.0000, 1.7490], dtype=torch.float16), ray_directions tensor([-1.0000e+00, -3.3379e-06, -8.8501e-03], dtype=torch.float16)
multi_rays is empty, x tensor([1.9639, 4.6914, 0.0000], dtype=torch.float16), ray_directions tensor([-1.0000e+00, -9.2087e-03, -7.4506e-06], dtype=torch.float16)
multi_rays is empty, x tensor([3.8867, 0.0000, 0.5781], dtype=torch.float16), ray_directions tensor([-1.0000e+00, -7.6890e-06, -9.7504e-03], dtype=torch.float16)
multi_rays is empty, x tensor([3.4727, 0.0000, 1.7959], dtype=torch.float16), ray_directions tensor([-1.0000e+00, -8.7619e-06, -6.2141e-03], dtype=torch.float16)
multi_rays is empty, x tensor([1.6201, 0.0000, 1.7764], dtype=torch.float16), ray_directions tensor([-1.0000e+00, -3.1590e-06, -3.0022e-03], dtype=torch.float16)
multi_rays is empty, x tensor([2.6445, 3.1914, 0.0000], dtype=torch.float16), ray_directions tensor([-1.0000e+00, -4.8637e-03, -3.0398e-06], dtype=torch.float16)
multi_rays is empty, x tensor([1.0703, 1.7402, 0.0000], dtype=torch.float16), ray_directions tensor([-1.0000e+00, -5.8212e-03, -3.3379e-06], dtype=torch.float16)
multi_rays is empty, x tensor([1.5117, 1.9307, 0.0000], dtype=torch.float16), ray_directions tensor([-1.0000e+00, -9.2621e-03, -8.3447e-06], dtype=torch.float16)
multi_rays is empty, x tensor([3.8477, 2.4805, 0.0000], dtype=torch.float16), ray_directions tensor([-1.0000e+00, -4.0703e-03, -8.1658e-06], dtype=torch.float16)
multi_rays is empty, x tensor([1.1016, 0.0278, 0.0000], dtype=torch.float16), ray_directions tensor([-1.0000e+00, -3.3798e-03, -4.1723e-07], dtype=torch.float16)
multi_rays is empty, x tensor([2.6895, 0.0000, 1.7178], dtype=torch.float16), ray_directions tensor([-1.0000e+00, -9.1791e-06, -6.4964e-03], dtype=torch.float16)
multi_rays is empty, x tensor([4.0000, 0.0000, 1.2832], dtype=torch.float16), ray_directions tensor([-1.0000e+00, -8.3447e-06, -1.3885e-03], dtype=torch.float16)
multi_rays is empty, x tensor([3.0020, 0.0000, 0.5845], dtype=torch.float16), ray_directions tensor([-1.0000e+00, -9.4175e-06, -9.7580e-03], dtype=torch.float16)
multi_rays is empty, x tensor([7.5312, 0.0000, 1.3213], dtype=torch.float16), ray_directions tensor([-1.0000e+00, -9.6560e-06, -2.9011e-03], dtype=torch.float16)
multi_rays is empty, x tensor([7.1211, 0.0000, 1.7900], dtype=torch.float16), ray_directions tensor([-1.0000e+00, -6.8545e-06, -8.4915e-03], dtype=torch.float16)
multi_rays is empty, x tensor([7.9492, 0.5996, 0.0000], dtype=torch.float16), ray_directions tensor([-1.0000e+00, -3.3531e-03, -9.1791e-06], dtype=torch.float16)
multi_rays is empty, x tensor([0.5420, 0.8511, 0.0000], dtype=torch.float16), ray_directions tensor([-1.0000e+00, -9.0637e-03, -4.1127e-06], dtype=torch.float16)
multi_rays is empty, x tensor([4.0781, 1.2441, -0.0000], dtype=torch.float16), ray_directions tensor([-1.0000e+00, -3.6182e-03, -1.9073e-06], dtype=torch.float16)
multi_rays is empty, x tensor([4.7656, 1.1660, 0.0000], dtype=torch.float16), ray_directions tensor([-1.0000e+00, -2.1400e-03, -7.5102e-06], dtype=torch.float16)
multi_rays is empty, x tensor([6.5625, 0.0000, 0.6987], dtype=torch.float16), ray_directions tensor([-1.0000e+00, -7.0333e-06, -1.9610e-04], dtype=torch.float16)
multi_rays is empty, x tensor([4.4062, 1.0859, 0.0000], dtype=torch.float16), ray_directions tensor([-1.0000e+00, -9.4299e-03, -7.9274e-06], dtype=torch.float16)
multi_rays is empty, x tensor([2.6211, 0.4990, 0.0000], dtype=torch.float16), ray_directions tensor([-1.0000e+00, -1.6966e-03, -6.6161e-06], dtype=torch.float16)
multi_rays is empty, x tensor([2.8984, 0.8276, 0.0000], dtype=torch.float16), ray_directions tensor([-1.0000e+00, -4.0092e-03, -9.1195e-06], dtype=torch.float16)
multi_rays is empty, x tensor([2.6133, 0.5493, 0.0000], dtype=torch.float16), ray_directions tensor([-1.0000e+00, -5.5466e-03, -9.7752e-06], dtype=torch.float16)
multi_rays is empty, x tensor([0.9956, 0.3115, 0.0000], dtype=torch.float16), ray_directions tensor([-1.0000e+00, -1.8702e-03, -7.3314e-06], dtype=torch.float16)
multi_rays is empty, x tensor([1.2764, 0.0949, 0.0000], dtype=torch.float16), ray_directions tensor([-1.0000e+00, -3.3302e-03, -4.1127e-06], dtype=torch.float16)
multi_rays is empty, x tensor([1.2803, 0.1523, 0.0000], dtype=torch.float16), ray_directions tensor([-1.0000e+00, -4.8981e-03, -8.9407e-07], dtype=torch.float16)
multi_rays is empty, x tensor([0.8359, 0.0232, -0.0000], dtype=torch.float16), ray_directions tensor([-1.0000e+00, -6.0883e-03, -8.4639e-06], dtype=torch.float16)
multi_rays is empty, x tensor([4.2695, 0.0000, 1.6143], dtype=torch.float16), ray_directions tensor([-1.0000e+00, -9.8944e-06, -6.5498e-03], dtype=torch.float16)
multi_rays is empty, x tensor([8.3496e-01, 7.7724e-04, 0.0000e+00], dtype=torch.float16), ray_directions tensor([-1.0000e+00, -1.3752e-03, -3.1590e-06], dtype=torch.float16)
multi_rays is empty, x tensor([0.3452, 0.0000, 0.2773], dtype=torch.float16), ray_directions tensor([-1.0000e+00, -4.2915e-06, -4.3564e-03], dtype=torch.float16)
multi_rays is empty, x tensor([1.0791, 0.0000, 0.0110], dtype=torch.float16), ray_directions tensor([-1.0000e+00, -1.4901e-06, -9.2392e-03], dtype=torch.float16)
multi_rays is empty, x tensor([1.3271, 0.8408, 0.0000], dtype=torch.float16), ray_directions tensor([-1.0000e+00, -9.5444e-03, -3.3379e-06], dtype=torch.float16)
multi_rays is empty, x tensor([1.7715, 0.0000, 1.3721], dtype=torch.float16), ray_directions tensor([-1.0000e+00, -4.1723e-06, -4.9934e-03], dtype=torch.float16)
multi_rays is empty, x tensor([1.1992, 1.2539, 0.0000], dtype=torch.float16), ray_directions tensor([-1.0000e+00, -4.9210e-04, -5.0664e-06], dtype=torch.float16)
multi_rays is empty, x tensor([2.2676, 0.1895, 0.0000], dtype=torch.float16), ray_directions tensor([-1.0000e+00, -9.5901e-03, -6.9737e-06], dtype=torch.float16)
multi_rays is empty, x tensor([2.4414, 0.2622, 0.0000], dtype=torch.float16), ray_directions tensor([-1.0000e+00, -5.2643e-03, -3.0994e-06], dtype=torch.float16)
multi_rays is empty, x tensor([6.8242, 1.0576, 0.0000], dtype=torch.float16), ray_directions tensor([-1.0000e+00, -8.2016e-03, -6.9737e-06], dtype=torch.float16)
multi_rays is empty, x tensor([4.3633, 0.6685, 0.0000], dtype=torch.float16), ray_directions tensor([-1.0000e+00, -9.4986e-04, -1.4901e-06], dtype=torch.float16)
multi_rays is empty, x tensor([2.3496, 0.6387, 0.0000], dtype=torch.float16), ray_directions tensor([-1.0000e+00, -6.1989e-03, -4.9472e-06], dtype=torch.float16)
multi_rays is empty, x tensor([2.2578, 0.4292, 0.0000], dtype=torch.float16), ray_directions tensor([-1.0000e+00, -3.5725e-03, -7.0333e-06], dtype=torch.float16)
multi_rays is empty, x tensor([2.6953, 0.7915, 0.0000], dtype=torch.float16), ray_directions tensor([-1.0000e+00, -4.4441e-03, -5.4836e-06], dtype=torch.float16)
multi_rays is empty, x tensor([0.8809, 0.0000, 0.5679], dtype=torch.float16), ray_directions tensor([-1.0000e+00, -5.4836e-06, -1.7910e-03], dtype=torch.float16)
multi_rays is empty, x tensor([7.9766, 3.0195, 0.0000], dtype=torch.float16), ray_directions tensor([-1.0000e+00, -8.2636e-04, -3.6359e-06], dtype=torch.float16)
multi_rays is empty, x tensor([2.9258, 0.9302, 0.0000], dtype=torch.float16), ray_directions tensor([-1.0000e+00, -3.4103e-03, -9.5367e-07], dtype=torch.float16)
multi_rays is empty, x tensor([1.4141, 0.0637, 0.0000], dtype=torch.float16), ray_directions tensor([-1.0000e+00, -8.1329e-03, -4.7684e-06], dtype=torch.float16)
multi_rays is empty, x tensor([1.2344, 0.0000, 0.6577], dtype=torch.float16), ray_directions tensor([-1.0000e+00, -6.3777e-06, -6.3896e-03], dtype=torch.float16)
multi_rays is empty, x tensor([9.3125, 3.0547, 0.0000], dtype=torch.float16), ray_directions tensor([-1.0000e+00, -1.1816e-03, -6.4373e-06], dtype=torch.float16)
multi_rays is empty, x tensor([0.7266, 0.0000, 0.2012], dtype=torch.float16), ray_directions tensor([-1.0000e+00, -1.7285e-06, -7.1182e-03], dtype=torch.float16)
multi_rays is empty, x tensor([0.5063, 2.4746, 0.0000], dtype=torch.float16), ray_directions tensor([-1.0000e+00, -9.5291e-03, -6.5565e-06], dtype=torch.float16)
multi_rays is empty, x tensor([1.2412, 0.0000, 0.8325], dtype=torch.float16), ray_directions tensor([-1.0000e+00, -2.3842e-06, -6.4850e-03], dtype=torch.float16)
multi_rays is empty, x tensor([1.6104, 2.3027, 0.0000], dtype=torch.float16), ray_directions tensor([-1.0000e+00, -9.3842e-03, -3.0398e-06], dtype=torch.float16)
multi_rays is empty, x tensor([1.1084, 0.3887, 0.0000], dtype=torch.float16), ray_directions tensor([-1.0000e+00, -4.0245e-03, -3.6955e-06], dtype=torch.float16)
multi_rays is empty, x tensor([2.4180, 0.0000, 0.7002], dtype=torch.float16), ray_directions tensor([-1.0000e+00, -5.0068e-06, -8.4839e-03], dtype=torch.float16)
multi_rays is empty, x tensor([1.3193, 0.0000, 1.9014], dtype=torch.float16), ray_directions tensor([-1.0000e+00, -9.2983e-06, -2.9354e-03], dtype=torch.float16)
multi_rays is empty, x tensor([3.7402, 0.0000, 0.7871], dtype=torch.float16), ray_directions tensor([-1.0000e+00, -8.4043e-06, -3.2330e-03], dtype=torch.float16)
multi_rays is empty, x tensor([0.7939, 1.7139, 0.0000], dtype=torch.float16), ray_directions tensor([-1.0000e+00, -9.4757e-03, -2.5630e-06], dtype=torch.float16)
multi_rays is empty, x tensor([0.6704, 0.0000, 1.4541], dtype=torch.float16), ray_directions tensor([-1.0000e+00, -3.1590e-06, -3.1300e-03], dtype=torch.float16)
multi_rays is empty, x tensor([4.1367, 1.5215, 0.0000], dtype=torch.float16), ray_directions tensor([-1.0000e+00, -1.0264e-04, -9.1195e-06], dtype=torch.float16)
multi_rays is empty, x tensor([2.5605, 0.6021, 0.0000], dtype=torch.float16), ray_directions tensor([-1.0000e+00, -6.7177e-03, -6.3181e-06], dtype=torch.float16)
multi_rays is empty, x tensor([0.9189, 0.0000, 1.4219], dtype=torch.float16), ray_directions tensor([-1.0000e+00, -2.6226e-06, -6.1417e-03], dtype=torch.float16)
multi_rays is empty, x tensor([2.8809, 0.0000, 1.9219], dtype=torch.float16), ray_directions tensor([-1.0000e+00, -6.8545e-06, -1.0548e-03], dtype=torch.float16)
multi_rays is empty, x tensor([0.7563, 0.0000, 0.9443], dtype=torch.float16), ray_directions tensor([-1.0000e+00, -7.8678e-06, -9.7580e-03], dtype=torch.float16)
multi_rays is empty, x tensor([3.7715, 0.0000, 1.5977], dtype=torch.float16), ray_directions tensor([-1.0000e+00, -5.7220e-06, -2.6608e-03], dtype=torch.float16)
multi_rays is empty, x tensor([2.0391, 3.1270, 0.0000], dtype=torch.float16), ray_directions tensor([-1.0000e+00, -4.3488e-03, -9.5367e-06], dtype=torch.float16)
multi_rays is empty, x tensor([4.1797, 0.1016, 0.0000], dtype=torch.float16), ray_directions tensor([-1.0000e+00, -7.0839e-03, -9.4175e-06], dtype=torch.float16)
multi_rays is empty, x tensor([2.2168, 3.1211, 0.0000], dtype=torch.float16), ray_directions tensor([-1.0000e+00, -3.9177e-03, -2.0862e-06], dtype=torch.float16)
multi_rays is empty, x tensor([4.7617, 3.3574, 0.0000], dtype=torch.float16), ray_directions tensor([-1.0000e+00, -1.5855e-04, -5.3048e-06], dtype=torch.float16)
multi_rays is empty, x tensor([3.7656, 2.0195, 0.0000], dtype=torch.float16), ray_directions tensor([-1.0000e+00, -2.5387e-03, -1.6689e-06], dtype=torch.float16)
multi_rays is empty, x tensor([8.5703, 0.0000, 0.3962], dtype=torch.float16), ray_directions tensor([-1.0000e+00, -4.1723e-06, -3.9711e-03], dtype=torch.float16)
multi_rays is empty, x tensor([4.0469, 0.0000, 0.6992], dtype=torch.float16), ray_directions tensor([-1.0000e+00, -3.5167e-06, -5.2910e-03], dtype=torch.float16)
multi_rays is empty, x tensor([7.6133, 0.0000, 1.2178], dtype=torch.float16), ray_directions tensor([-1.0000e+00, -7.3910e-06, -4.5729e-04], dtype=torch.float16)
multi_rays is empty, x tensor([8.6328, 0.0306, 0.0000], dtype=torch.float16), ray_directions tensor([-1.0000e+00, -1.6003e-03, -5.1856e-06], dtype=torch.float16)
multi_rays is empty, x tensor([4.9102, 0.0000, 0.6450], dtype=torch.float16), ray_directions tensor([-1.0000e+00, -7.4506e-06, -1.6963e-04], dtype=torch.float16)
multi_rays is empty, x tensor([1.6992, 0.0000, 1.0117], dtype=torch.float16), ray_directions tensor([-1.0000e+00, -9.5963e-06, -6.5460e-03], dtype=torch.float16)
multi_rays is empty, x tensor([4.6094, 0.0000, 2.3672], dtype=torch.float16), ray_directions tensor([-1.0000e+00, -9.9540e-06, -7.9422e-03], dtype=torch.float16)
multi_rays is empty, x tensor([1.5615, 0.9736, 0.0000], dtype=torch.float16), ray_directions tensor([-1.0000e+00, -7.2136e-03, -3.0994e-06], dtype=torch.float16)
multi_rays is empty, x tensor([4.7930, 0.0000, 2.4082], dtype=torch.float16), ray_directions tensor([-1.0000e+00, -5.9605e-06, -7.0114e-03], dtype=torch.float16)
multi_rays is empty, x tensor([5.3789, 0.0000, 1.8018], dtype=torch.float16), ray_directions tensor([-1.0000e+00, -6.5565e-06, -7.8659e-03], dtype=torch.float16)
multi_rays is empty, x tensor([2.1816, 0.0000, 1.2070], dtype=torch.float16), ray_directions tensor([-1.0000e+00, -9.4175e-06, -9.1858e-03], dtype=torch.float16)
multi_rays is empty, x tensor([4.6094, 1.7588, 0.0000], dtype=torch.float16), ray_directions tensor([-1.0000e+00, -5.5351e-03, -9.8348e-06], dtype=torch.float16)
multi_rays is empty, x tensor([1.4990, 0.6348, 0.0000], dtype=torch.float16), ray_directions tensor([-1.0000e+00, -2.8000e-03, -5.8413e-06], dtype=torch.float16)
multi_rays is empty, x tensor([0.3296, 0.0000, 0.1263], dtype=torch.float16), ray_directions tensor([-1.0000e+00, -5.3644e-07, -3.9558e-03], dtype=torch.float16)
multi_rays is empty, x tensor([0.0080, 2.5410, 3.0059], dtype=torch.float16), ray_directions tensor([0.7075, 0.1150, 0.6973], dtype=torch.float16)
multi_rays is empty, x tensor([0.0070, 2.5391, 3.0039], dtype=torch.float16), ray_directions tensor([0.7075, 0.1150, 0.6973], dtype=torch.float16)
multi_rays is empty, x tensor([0.0060, 2.5391, 3.0039], dtype=torch.float16), ray_directions tensor([0.7075, 0.1150, 0.6973], dtype=torch.float16)
multi_rays is empty, x tensor([0.0050, 2.5371, 3.0020], dtype=torch.float16), ray_directions tensor([0.7075, 0.1150, 0.6973], dtype=torch.float16)
multi_rays is empty, x tensor([4.2852, 0.0000, 1.4404], dtype=torch.float16), ray_directions tensor([-1.0000e+00, -6.1393e-06, -2.4338e-03], dtype=torch.float16)
multi_rays is empty, x tensor([6.6055, 0.0000, 1.8008], dtype=torch.float16), ray_directions tensor([-1.0000e+00, -9.8348e-06, -9.7046e-03], dtype=torch.float16)
multi_rays is empty, x tensor([7.3516, 3.8281, 0.0000], dtype=torch.float16), ray_directions tensor([-1.0000e+00, -1.3075e-03, -1.0729e-06], dtype=torch.float16)
multi_rays is empty, x tensor([7.7305, 0.0000, 0.2062], dtype=torch.float16), ray_directions tensor([-1.0000e+00, -3.1590e-06, -3.5782e-03], dtype=torch.float16)
multi_rays is empty, x tensor([9.9453, 0.0000, 1.5596], dtype=torch.float16), ray_directions tensor([-1.0000e+00, -8.7023e-06, -4.5967e-03], dtype=torch.float16)
multi_rays is empty, x tensor([5.3125, 1.6123, 0.0000], dtype=torch.float16), ray_directions tensor([-1.0000e+00, -3.3054e-03, -1.6689e-06], dtype=torch.float16)
multi_rays is empty, x tensor([4.2656, 0.0000, 1.4453], dtype=torch.float16), ray_directions tensor([-1.0000e+00, -9.1791e-06, -4.5738e-03], dtype=torch.float16)
multi_rays is empty, x tensor([7.6797, 0.0000, 0.7095], dtype=torch.float16), ray_directions tensor([-1.0000e+00, -4.2319e-06, -3.1891e-03], dtype=torch.float16)
multi_rays is empty, x tensor([6.9766, 0.0000, 1.9111], dtype=torch.float16), ray_directions tensor([-1.0000e+00, -8.5831e-06, -3.7899e-03], dtype=torch.float16)
multi_rays is empty, x tensor([8.7578, 4.1914, 0.0000], dtype=torch.float16), ray_directions tensor([-1.0000e+00, -8.6136e-03, -3.0398e-06], dtype=torch.float16)
multi_rays is empty, x tensor([7.0977, 0.4583, 0.0000], dtype=torch.float16), ray_directions tensor([-1.0000e+00, -9.2773e-03, -9.8944e-06], dtype=torch.float16)
multi_rays is empty, x tensor([7.9570, 0.0000, 1.1748], dtype=torch.float16), ray_directions tensor([-1.0000e+00, -3.6955e-06, -1.7004e-03], dtype=torch.float16)
multi_rays is empty, x tensor([7.3320, 0.0000, 1.0527], dtype=torch.float16), ray_directions tensor([-1.0000e+00, -5.9009e-06, -1.2350e-03], dtype=torch.float16)
multi_rays is empty, x tensor([9.4766, 0.0000, 1.7627], dtype=torch.float16), ray_directions tensor([-1.0000e+00, -7.0333e-06, -1.7862e-03], dtype=torch.float16)
multi_rays is empty, x tensor([6.9688, 0.0000, 1.1035], dtype=torch.float16), ray_directions tensor([-1.0000e+00, -6.4373e-06, -8.3160e-03], dtype=torch.float16)
multi_rays is empty, x tensor([0.6196, 0.9712, 0.0000], dtype=torch.float16), ray_directions tensor([-1.0000e+00, -6.9847e-03, -3.0994e-06], dtype=torch.float16)
multi_rays is empty, x tensor([5.0273, 0.0000, 0.7681], dtype=torch.float16), ray_directions tensor([-1.0000e+00, -7.2122e-06, -7.0047e-04], dtype=torch.float16)
multi_rays is empty, x tensor([1.0488, 0.1700, 0.0000], dtype=torch.float16), ray_directions tensor([-1.0000e+00, -4.2801e-03, -2.5034e-06], dtype=torch.float16)
multi_rays is empty, x tensor([1.2617, 0.5850, 0.0000], dtype=torch.float16), ray_directions tensor([-1.0000e+00, -4.9782e-04, -3.5167e-06], dtype=torch.float16)
multi_rays is empty, x tensor([2.1621, 0.0000, 2.1680], dtype=torch.float16), ray_directions tensor([-1.0000e+00, -5.0664e-06, -9.4938e-04], dtype=torch.float16)
multi_rays is empty, x tensor([2.4648, 0.0000, 1.5127], dtype=torch.float16), ray_directions tensor([-1.0000e+00, -5.1856e-06, -9.5596e-03], dtype=torch.float16)
multi_rays is empty, x tensor([0.4568, 1.9678, 0.0000], dtype=torch.float16), ray_directions tensor([-1.0000e+00, -8.8120e-03, -9.0599e-06], dtype=torch.float16)
multi_rays is empty, x tensor([1.4268, -0.0000, 0.7310], dtype=torch.float16), ray_directions tensor([-1.0000e+00, -7.1526e-06, -7.1754e-03], dtype=torch.float16)
multi_rays is empty, x tensor([3.5059, 0.0000, 0.8315], dtype=torch.float16), ray_directions tensor([-1.0000e+00, -3.5167e-06, -6.2790e-03], dtype=torch.float16)
multi_rays is empty, x tensor([1.3594, 0.6265, 0.0000], dtype=torch.float16), ray_directions tensor([-1.0000e+00, -8.8882e-03, -8.2254e-06], dtype=torch.float16)
multi_rays is empty, x tensor([3.5430, 4.1992, 0.0000], dtype=torch.float16), ray_directions tensor([-1.0000e+00, -4.6997e-03, -3.2187e-06], dtype=torch.float16)
multi_rays is empty, x tensor([1.3408, 0.2186, 0.0000], dtype=torch.float16), ray_directions tensor([-1.0000e+00, -1.4076e-03, -3.6955e-06], dtype=torch.float16)
multi_rays is empty, x tensor([0.6675, 0.6021, 0.0000], dtype=torch.float16), ray_directions tensor([-1.0000e+00, -9.1553e-03, -6.4969e-06], dtype=torch.float16)
multi_rays is empty, x tensor([3.9727, 1.3945, 0.0000], dtype=torch.float16), ray_directions tensor([-1.0000e+00, -1.8787e-03, -8.7619e-06], dtype=torch.float16)
multi_rays is empty, x tensor([0.7437, 0.0490, 0.0000], dtype=torch.float16), ray_directions tensor([-1.0000e+00, -2.1458e-03, -4.1723e-06], dtype=torch.float16)
multi_rays is empty, x tensor([1.0557, 0.0000, 0.9951], dtype=torch.float16), ray_directions tensor([-1.0000e+00, -6.8545e-06, -5.9280e-03], dtype=torch.float16)
multi_rays is empty, x tensor([6.0195, 1.0879, 0.0000], dtype=torch.float16), ray_directions tensor([-1.0000e+00, -7.7209e-03, -6.4373e-06], dtype=torch.float16)
multi_rays is empty, x tensor([2.5312, 1.3652, 0.0000], dtype=torch.float16), ray_directions tensor([-1.0000e+00, -7.5455e-03, -7.0930e-06], dtype=torch.float16)
multi_rays is empty, x tensor([1.0391, 0.4146, 0.0000], dtype=torch.float16), ray_directions tensor([-1.0000e+00, -4.1885e-03, -1.6093e-06], dtype=torch.float16)
multi_rays is empty, x tensor([1.0918, 0.3247, 0.0000], dtype=torch.float16), ray_directions tensor([-1.0000e+00, -4.2648e-03, -4.7088e-06], dtype=torch.float16)
multi_rays is empty, x tensor([3.0059, 0.7266, 0.0000], dtype=torch.float16), ray_directions tensor([-1.0000e+00, -9.8190e-03, -7.2718e-06], dtype=torch.float16)
multi_rays is empty, x tensor([5.0391, 4.0391, 0.0000], dtype=torch.float16), ray_directions tensor([-1.0000e+00, -6.0768e-03, -5.7220e-06], dtype=torch.float16)
multi_rays is empty, x tensor([1.9775, 2.0625, 0.0000], dtype=torch.float16), ray_directions tensor([-1.0000e+00, -7.3509e-03, -6.6757e-06], dtype=torch.float16)
multi_rays is empty, x tensor([1.1211, 0.0000, 0.8716], dtype=torch.float16), ray_directions tensor([-1.0000e+00, -9.1791e-06, -5.8861e-03], dtype=torch.float16)
multi_rays is empty, x tensor([5.1602, 0.0000, 1.8945], dtype=torch.float16), ray_directions tensor([-1.0000e+00, -6.5565e-06, -6.9714e-04], dtype=torch.float16)
multi_rays is empty, x tensor([2.6270, 0.0000, 1.4111], dtype=torch.float16), ray_directions tensor([-1.0000e+00, -4.2915e-06, -4.5052e-03], dtype=torch.float16)
multi_rays is empty, x tensor([1.0557, 0.4768, -0.0000], dtype=torch.float16), ray_directions tensor([-1.0000e+00, -2.1954e-03, -2.8014e-06], dtype=torch.float16)
multi_rays is empty, x tensor([7.7500, 0.9800, 0.0000], dtype=torch.float16), ray_directions tensor([-1.0000e+00, -5.1956e-03, -9.5367e-06], dtype=torch.float16)
multi_rays is empty, x tensor([7.6719, 0.6030, 0.0000], dtype=torch.float16), ray_directions tensor([-1.0000e+00, -7.2289e-03, -9.7752e-06], dtype=torch.float16)
multi_rays is empty, x tensor([1.7129, 0.0000, 0.6616], dtype=torch.float16), ray_directions tensor([-1.0000e+00, -9.4771e-06, -4.3945e-03], dtype=torch.float16)
multi_rays is empty, x tensor([4.3906, 1.4844, 0.0000], dtype=torch.float16), ray_directions tensor([-1.0000e+00, -5.1079e-03, -8.3447e-06], dtype=torch.float16)
multi_rays is empty, x tensor([4.0430, 1.3242, 0.0000], dtype=torch.float16), ray_directions tensor([-1.0000e+00, -7.0724e-03, -6.2585e-06], dtype=torch.float16)
multi_rays is empty, x tensor([6.3320, 0.0000, 0.4744], dtype=torch.float16), ray_directions tensor([-1.0000e+00, -8.1062e-06, -1.4210e-03], dtype=torch.float16)
multi_rays is empty, x tensor([7.4180, 0.4026, 0.0000], dtype=torch.float16), ray_directions tensor([-1.0000e+00, -2.4967e-03, -5.0068e-06], dtype=torch.float16)
multi_rays is empty, x tensor([8.0391, 0.0000, 1.2129], dtype=torch.float16), ray_directions tensor([-1.0000e+00, -9.4771e-06, -1.5345e-03], dtype=torch.float16)
multi_rays is empty, x tensor([4.1367, 1.1123, 0.0000], dtype=torch.float16), ray_directions tensor([-1.0000e+00, -2.0199e-03, -8.0466e-06], dtype=torch.float16)
multi_rays is empty, x tensor([2.5371, 0.3020, 0.0000], dtype=torch.float16), ray_directions tensor([-1.0000e+00, -1.9684e-03, -7.1526e-07], dtype=torch.float16)
multi_rays is empty, x tensor([4.0312, 0.0000, 1.8877], dtype=torch.float16), ray_directions tensor([-1.0000e+00, -3.3975e-06, -2.3117e-03], dtype=torch.float16)
multi_rays is empty, x tensor([0.6846, 1.5967, 0.0000], dtype=torch.float16), ray_directions tensor([-1.0000e+00, -5.0430e-03, -3.8743e-06], dtype=torch.float16)
multi_rays is empty, x tensor([4.3828, 0.0000, 1.8311], dtype=torch.float16), ray_directions tensor([-1.0000e+00, -9.5963e-06, -1.0366e-03], dtype=torch.float16)
multi_rays is empty, x tensor([10.0078,  3.1074,  0.8545], dtype=torch.float16), ray_directions tensor([ 0.8691,  0.1448, -0.4722], dtype=torch.float16)
multi_rays is empty, x tensor([10.0078,  3.1074,  0.8535], dtype=torch.float16), ray_directions tensor([ 0.8691,  0.1448, -0.4722], dtype=torch.float16)
multi_rays is empty, x tensor([10.0078,  3.1055,  0.8525], dtype=torch.float16), ray_directions tensor([ 0.8691,  0.1448, -0.4722], dtype=torch.float16)
multi_rays is empty, x tensor([10.0078,  3.1074,  0.0403], dtype=torch.float16), ray_directions tensor([ 0.7861,  0.1310, -0.6045], dtype=torch.float16)
multi_rays is empty, x tensor([10.0078,  3.1074,  0.0393], dtype=torch.float16), ray_directions tensor([ 0.7861,  0.1310, -0.6045], dtype=torch.float16)
multi_rays is empty, x tensor([10.0078,  3.1055,  0.0383], dtype=torch.float16), ray_directions tensor([ 0.7861,  0.1310, -0.6045], dtype=torch.float16)
multi_rays is empty, x tensor([2.6992, 0.0000, 1.7471], dtype=torch.float16), ray_directions tensor([-1.0000e+00, -8.2254e-06, -9.9850e-04], dtype=torch.float16)
multi_rays is empty, x tensor([0.8086, 0.1030, 0.0000], dtype=torch.float16), ray_directions tensor([-1.0000e+00, -2.9774e-03, -5.1856e-06], dtype=torch.float16)
multi_rays is empty, x tensor([4.6328, 1.0547, 0.0000], dtype=torch.float16), ray_directions tensor([-1.0000e+00, -3.8071e-03, -4.8280e-06], dtype=torch.float16)
multi_rays is empty, x tensor([6.3398, 0.0000, 0.7017], dtype=torch.float16), ray_directions tensor([-1.0000e+00, -8.4639e-06, -7.3385e-04], dtype=torch.float16)
multi_rays is empty, x tensor([6.7461, 1.5693, 0.0000], dtype=torch.float16), ray_directions tensor([-1.0000e+00, -2.4757e-03, -6.4969e-06], dtype=torch.float16)
multi_rays is empty, x tensor([7.3789, 0.0000, 1.2881], dtype=torch.float16), ray_directions tensor([-1.0000e+00, -6.0797e-06, -7.9651e-03], dtype=torch.float16)
multi_rays is empty, x tensor([9.7500, 1.0576, 0.0000], dtype=torch.float16), ray_directions tensor([-1.0000e+00, -1.2469e-04, -7.3314e-06], dtype=torch.float16)
multi_rays is empty, x tensor([8.9141, 0.0000, 1.5303], dtype=torch.float16), ray_directions tensor([-1.0000e+00, -8.4043e-06, -9.0179e-03], dtype=torch.float16)
multi_rays is empty, x tensor([5.6484, 1.0332, 0.0000], dtype=torch.float16), ray_directions tensor([-1.0000e+00, -5.6381e-03, -1.7881e-06], dtype=torch.float16)
multi_rays is empty, x tensor([6.7266, 2.4785, 0.0000], dtype=torch.float16), ray_directions tensor([-1.0000e+00, -2.9469e-03, -6.1393e-06], dtype=torch.float16)
multi_rays is empty, x tensor([0.7749, 0.8076, 0.0000], dtype=torch.float16), ray_directions tensor([-1.0000e+00, -7.5645e-03, -5.4240e-06], dtype=torch.float16)
multi_rays is empty, x tensor([1.5859, 1.3486, 0.0000], dtype=torch.float16), ray_directions tensor([-1.0000e+00, -6.8359e-03, -6.3181e-06], dtype=torch.float16)
multi_rays is empty, x tensor([1.6240, 1.5254, -0.0000], dtype=torch.float16), ray_directions tensor([-1.0000e+00, -8.6260e-04, -9.6560e-06], dtype=torch.float16)
multi_rays is empty, x tensor([7.0938, 0.0000, 0.2629], dtype=torch.float16), ray_directions tensor([-1.0000e+00, -3.2783e-06, -1.3847e-03], dtype=torch.float16)
multi_rays is empty, x tensor([1.7061, 0.0620, -0.0000], dtype=torch.float16), ray_directions tensor([-1.0000e+00, -3.3035e-03, -8.2254e-06], dtype=torch.float16)
multi_rays is empty, x tensor([4.6953, 0.7749, 0.0000], dtype=torch.float16), ray_directions tensor([-1.0000e+00, -9.5673e-03, -3.6955e-06], dtype=torch.float16)
multi_rays is empty, x tensor([0.2915, 0.0000, 1.8301], dtype=torch.float16), ray_directions tensor([-1.0000e+00, -9.0599e-06, -2.3479e-03], dtype=torch.float16)
multi_rays is empty, x tensor([1.1006, 0.0000, 1.6738], dtype=torch.float16), ray_directions tensor([-1.0000e+00, -5.4240e-06, -3.2711e-03], dtype=torch.float16)
multi_rays is empty, x tensor([1.5703, 0.0000, 1.7949], dtype=torch.float16), ray_directions tensor([-1.0000e+00, -4.7684e-06, -8.0795e-03], dtype=torch.float16)
multi_rays is empty, x tensor([2.7930, 0.0000, 0.7544], dtype=torch.float16), ray_directions tensor([-1.0000e+00, -3.2783e-06, -7.9269e-03], dtype=torch.float16)
multi_rays is empty, x tensor([1.1934, 0.2581, 0.0000], dtype=torch.float16), ray_directions tensor([-1.0000e+00, -7.4425e-03, -7.2718e-06], dtype=torch.float16)
multi_rays is empty, x tensor([0.3633, 1.7070, 0.0000], dtype=torch.float16), ray_directions tensor([-1.0000e+00, -2.6436e-03, -9.0003e-06], dtype=torch.float16)
multi_rays is empty, x tensor([4.9609, 0.9800, 0.0000], dtype=torch.float16), ray_directions tensor([-1.0000e+00, -2.0657e-03, -9.9540e-06], dtype=torch.float16)
multi_rays is empty, x tensor([1.7402, 1.0332, 0.0000], dtype=torch.float16), ray_directions tensor([-1.0000e+00, -8.7023e-04, -7.7486e-06], dtype=torch.float16)
multi_rays is empty, x tensor([1.6924, 1.1582, 0.0000], dtype=torch.float16), ray_directions tensor([-1.0000e+00, -8.6288e-03, -3.6955e-06], dtype=torch.float16)
multi_rays is empty, x tensor([3.3633, 0.4670, 0.0000], dtype=torch.float16), ray_directions tensor([-1.0000e+00, -7.0190e-03, -9.5963e-06], dtype=torch.float16)
multi_rays is empty, x tensor([1.4570, 0.5264, 0.0000], dtype=torch.float16), ray_directions tensor([-1.0000e+00, -3.7231e-03, -1.7881e-06], dtype=torch.float16)
multi_rays is empty, x tensor([1.0654, 0.6357, 0.0000], dtype=torch.float16), ray_directions tensor([-1.0000e+00, -4.3144e-03, -6.4373e-06], dtype=torch.float16)
multi_rays is empty, x tensor([2.4766, 1.3691, 0.0000], dtype=torch.float16), ray_directions tensor([-1.0000e+00, -7.4654e-03, -3.1590e-06], dtype=torch.float16)
multi_rays is empty, x tensor([1.4180, 0.0000, 0.9360], dtype=torch.float16), ray_directions tensor([-1.0000e+00, -4.4703e-06, -8.4305e-03], dtype=torch.float16)
multi_rays is empty, x tensor([3.1543, 3.1309, 0.0000], dtype=torch.float16), ray_directions tensor([-1.0000e+00, -8.9798e-03, -8.1062e-06], dtype=torch.float16)
multi_rays is empty, x tensor([7.2930, 0.0000, 1.3633], dtype=torch.float16), ray_directions tensor([-1.0000e+00, -5.0068e-06, -1.4772e-03], dtype=torch.float16)
multi_rays is empty, x tensor([8.1406, 0.0000, 2.5039], dtype=torch.float16), ray_directions tensor([-1.0000e+00, -8.5831e-06, -4.5433e-03], dtype=torch.float16)
multi_rays is empty, x tensor([2.3184, 0.4822, 0.0000], dtype=torch.float16), ray_directions tensor([-1.0000e+00, -3.1948e-03, -7.8678e-06], dtype=torch.float16)
multi_rays is empty, x tensor([8.5000, 0.1968, 0.0000], dtype=torch.float16), ray_directions tensor([-1.0000e+00, -8.4305e-03, -6.6161e-06], dtype=torch.float16)
multi_rays is empty, x tensor([6.1250, 0.0000, 0.4641], dtype=torch.float16), ray_directions tensor([-1.0000e+00, -9.9540e-06, -8.9035e-03], dtype=torch.float16)
multi_rays is empty, x tensor([1.3779, 0.0000, 0.7329], dtype=torch.float16), ray_directions tensor([-1.0000e+00, -6.1989e-06, -2.2335e-03], dtype=torch.float16)
multi_rays is empty, x tensor([8.7891, 0.0000, 0.6890], dtype=torch.float16), ray_directions tensor([-1.0000e+00, -8.3447e-06, -9.2010e-03], dtype=torch.float16)
multi_rays is empty, x tensor([2.6328, 0.4678, 0.0000], dtype=torch.float16), ray_directions tensor([-1.0000e+00, -5.5962e-03, -8.7619e-06], dtype=torch.float16)
multi_rays is empty, x tensor([9.3203, 0.0000, 1.6748], dtype=torch.float16), ray_directions tensor([-1.0000e+00, -9.3579e-06, -2.4462e-04], dtype=torch.float16)
multi_rays is empty, x tensor([1.1260, 0.0000, 0.8511], dtype=torch.float16), ray_directions tensor([-1.0000e+00, -8.9407e-07, -1.5106e-03], dtype=torch.float16)
multi_rays is empty, x tensor([1.6279, 0.1846, 0.0000], dtype=torch.float16), ray_directions tensor([-1.0000e+00, -9.1248e-03, -5.6624e-06], dtype=torch.float16)
multi_rays is empty, x tensor([0.8296, 0.8589, 0.0000], dtype=torch.float16), ray_directions tensor([-1.0000e+00, -4.7836e-03, -9.8944e-06], dtype=torch.float16)
multi_rays is empty, x tensor([1.1875, 0.0000, 2.9102], dtype=torch.float16), ray_directions tensor([-1.0000e+00, -3.0994e-06, -9.1782e-03], dtype=torch.float16)
multi_rays is empty, x tensor([1.3350, 0.0000, 1.8799], dtype=torch.float16), ray_directions tensor([-1.0000e+00, -5.9605e-06, -9.7961e-03], dtype=torch.float16)
multi_rays is empty, x tensor([0.2136, 0.5371, 0.0000], dtype=torch.float16), ray_directions tensor([-1.0000e+00, -5.4359e-03, -6.7949e-06], dtype=torch.float16)
multi_rays is empty, x tensor([1.8428, 0.0000, 1.9385], dtype=torch.float16), ray_directions tensor([-1.0000e+00, -2.6822e-06, -1.9684e-03], dtype=torch.float16)
multi_rays is empty, x tensor([2.7578, 3.1465, 0.0000], dtype=torch.float16), ray_directions tensor([-1.0000e+00, -2.9354e-03, -2.8610e-06], dtype=torch.float16)
multi_rays is empty, x tensor([7.8203, 3.0508, 0.0000], dtype=torch.float16), ray_directions tensor([-1.0000e+00, -4.8027e-03, -9.1195e-06], dtype=torch.float16)
multi_rays is empty, x tensor([2.6348, 0.0000, 1.9014], dtype=torch.float16), ray_directions tensor([-1.0000e+00, -8.9407e-06, -5.3215e-03], dtype=torch.float16)
multi_rays is empty, x tensor([0.6016, 1.1650, 0.0000], dtype=torch.float16), ray_directions tensor([-1.0000e+00, -9.4147e-03, -8.3447e-06], dtype=torch.float16)
multi_rays is empty, x tensor([3.9824, 0.0000, 1.5703], dtype=torch.float16), ray_directions tensor([-1.0000e+00, -3.2783e-06, -7.5645e-03], dtype=torch.float16)
multi_rays is empty, x tensor([3.7773, 1.3564, 0.0000], dtype=torch.float16), ray_directions tensor([-1.0000e+00, -1.7185e-03, -7.3910e-06], dtype=torch.float16)
multi_rays is empty, x tensor([0.6177, 0.0000, 0.6484], dtype=torch.float16), ray_directions tensor([-1.0000e+00, -6.1393e-06, -2.2144e-03], dtype=torch.float16)
multi_rays is empty, x tensor([4.7148, 0.0000, 1.5264], dtype=torch.float16), ray_directions tensor([-1.0000e+00, -5.2452e-06, -2.9659e-03], dtype=torch.float16)
multi_rays is empty, x tensor([1.0469, 1.2080, 0.0000], dtype=torch.float16), ray_directions tensor([-1.0000e+00, -4.2305e-03, -7.1526e-06], dtype=torch.float16)
multi_rays is empty, x tensor([4.3398, 0.0000, 1.5830], dtype=torch.float16), ray_directions tensor([-1.0000e+00, -8.9407e-06, -6.8398e-03], dtype=torch.float16)
multi_rays is empty, x tensor([4.6602, 3.9375, 0.0000], dtype=torch.float16), ray_directions tensor([-1.0000e+00, -2.8973e-03, -4.4703e-06], dtype=torch.float16)
multi_rays is empty, x tensor([1.8135, 0.0000, 1.2539], dtype=torch.float16), ray_directions tensor([-1.0000e+00, -9.7156e-06, -9.3079e-03], dtype=torch.float16)
multi_rays is empty, x tensor([4.3125, 0.0000, 2.4180], dtype=torch.float16), ray_directions tensor([-1.0000e+00, -3.0398e-06, -7.8735e-03], dtype=torch.float16)
multi_rays is empty, x tensor([1.3857, 0.0000, 1.4561], dtype=torch.float16), ray_directions tensor([-1.0000e+00, -7.3910e-06, -8.6594e-03], dtype=torch.float16)
multi_rays is empty, x tensor([7.4102, 0.0000, 0.8486], dtype=torch.float16), ray_directions tensor([-1.0000e+00, -7.5102e-06, -2.2469e-03], dtype=torch.float16)
multi_rays is empty, x tensor([5.2070, 0.0000, 1.8682], dtype=torch.float16), ray_directions tensor([-1.0000e+00, -9.2387e-06, -5.6343e-03], dtype=torch.float16)
multi_rays is empty, x tensor([1.4922, 0.4758, 0.0000], dtype=torch.float16), ray_directions tensor([-1.0000e+00, -6.8283e-03, -4.7684e-07], dtype=torch.float16)
multi_rays is empty, x tensor([5.2188, 0.0000, 1.9463], dtype=torch.float16), ray_directions tensor([-1.0000e+00, -4.3511e-06, -8.6060e-03], dtype=torch.float16)
multi_rays is empty, x tensor([8.1875, 0.0000, 1.1719], dtype=torch.float16), ray_directions tensor([-1.0000e+00, -6.1989e-06, -5.9433e-03], dtype=torch.float16)
multi_rays is empty, x tensor([7.5703, 3.2617, 0.0000], dtype=torch.float16), ray_directions tensor([-1.0000e+00, -6.7520e-03, -9.4175e-06], dtype=torch.float16)
multi_rays is empty, x tensor([6.2070, 1.0762, 0.0000], dtype=torch.float16), ray_directions tensor([-1.0000e+00, -9.1476e-03, -6.1989e-06], dtype=torch.float16)
multi_rays is empty, x tensor([8.2266, -0.0000, 0.7495], dtype=torch.float16), ray_directions tensor([-1.0000e+00, -2.3246e-06, -3.5534e-03], dtype=torch.float16)
multi_rays is empty, x tensor([9.4609, 0.0000, 1.6445], dtype=torch.float16), ray_directions tensor([-1.0000e+00, -5.4836e-06, -8.1253e-04], dtype=torch.float16)
multi_rays is empty, x tensor([3.6562, 2.5039, 0.0000], dtype=torch.float16), ray_directions tensor([-1.0000e+00, -2.3460e-03, -1.3113e-06], dtype=torch.float16)
multi_rays is empty, x tensor([8.1641, 0.0000, 1.0605], dtype=torch.float16), ray_directions tensor([-1.0000e+00, -5.4836e-06, -8.2397e-03], dtype=torch.float16)
multi_rays is empty, x tensor([4.2695, 0.6768, -0.0000], dtype=torch.float16), ray_directions tensor([-1.0000e+00, -9.3536e-03, -7.8678e-06], dtype=torch.float16)
multi_rays is empty, x tensor([9.2500, 3.5508, 0.0000], dtype=torch.float16), ray_directions tensor([-1.0000e+00, -2.8973e-03, -3.9339e-06], dtype=torch.float16)
multi_rays is empty, x tensor([6.5742, 0.0000, 0.3811], dtype=torch.float16), ray_directions tensor([-1.0000e+00, -6.7353e-06, -3.2568e-04], dtype=torch.float16)
multi_rays is empty, x tensor([2.0078, 0.0000, 0.1934], dtype=torch.float16), ray_directions tensor([-1.0000e+00, -4.8876e-06, -7.6981e-03], dtype=torch.float16)
multi_rays is empty, x tensor([2.0859, 0.0000, 0.0643], dtype=torch.float16), ray_directions tensor([-1.0000e+00, -8.1062e-06, -3.5973e-03], dtype=torch.float16)
multi_rays is empty, x tensor([9.4531, 0.0000, 1.8975], dtype=torch.float16), ray_directions tensor([-1.0000e+00, -8.7023e-06, -7.9880e-03], dtype=torch.float16)
multi_rays is empty, x tensor([4.7227, 0.0000, 1.4297], dtype=torch.float16), ray_directions tensor([-1.0000e+00, -7.1526e-06, -4.2953e-03], dtype=torch.float16)
multi_rays is empty, x tensor([2.3770, 2.6465, 0.0000], dtype=torch.float16), ray_directions tensor([-1.0000e+00, -4.5319e-03, -9.4771e-06], dtype=torch.float16)
multi_rays is empty, x tensor([1.0791, 0.0000, 0.4739], dtype=torch.float16), ray_directions tensor([-1.0000e+00, -1.7881e-06, -2.5749e-03], dtype=torch.float16)
multi_rays is empty, x tensor([0.4233, 0.0000, 1.7510], dtype=torch.float16), ray_directions tensor([-1.0000e+00, -6.9141e-06, -1.6956e-03], dtype=torch.float16)
multi_rays is empty, x tensor([2.9707, 0.0000, 1.8242], dtype=torch.float16), ray_directions tensor([-1.0000e+00, -3.6955e-06, -8.3008e-03], dtype=torch.float16)
multi_rays is empty, x tensor([2.8359, 2.7227, 0.0000], dtype=torch.float16), ray_directions tensor([-1.0000e+00, -7.3776e-03, -9.0599e-06], dtype=torch.float16)
multi_rays is empty, x tensor([1.0049, 0.3179, 0.0000], dtype=torch.float16), ray_directions tensor([-1.0000e+00, -6.9084e-03, -2.0266e-06], dtype=torch.float16)
multi_rays is empty, x tensor([3.5117, 0.0000, 1.8975], dtype=torch.float16), ray_directions tensor([-1.0000e+00, -9.5367e-06, -9.7504e-03], dtype=torch.float16)
multi_rays is empty, x tensor([2.1719, 0.0000, 2.2207], dtype=torch.float16), ray_directions tensor([-1.0000e+00, -8.1658e-06, -5.1928e-04], dtype=torch.float16)
multi_rays is empty, x tensor([4.4102, 0.7866, 0.0000], dtype=torch.float16), ray_directions tensor([-1.0000e+00, -9.1629e-03, -6.7949e-06], dtype=torch.float16)
multi_rays is empty, x tensor([4.1445, 2.8926, 0.0000], dtype=torch.float16), ray_directions tensor([-1.0000e+00, -5.4054e-03, -2.9802e-06], dtype=torch.float16)
multi_rays is empty, x tensor([3.6621, 0.0000, 0.8994], dtype=torch.float16), ray_directions tensor([-1.0000e+00, -2.6822e-06, -3.4561e-03], dtype=torch.float16)
multi_rays is empty, x tensor([3.7305, 2.8594, 0.0000], dtype=torch.float16), ray_directions tensor([-1.0000e+00, -4.6692e-03, -2.7418e-06], dtype=torch.float16)
multi_rays is empty, x tensor([0.5518, 0.4456, 0.0000], dtype=torch.float16), ray_directions tensor([-1.0000e+00, -6.1989e-03, -3.5167e-06], dtype=torch.float16)
multi_rays is empty, x tensor([3.7695, 2.2012, 0.0000], dtype=torch.float16), ray_directions tensor([-1.0000e+00, -4.6921e-03, -7.9274e-06], dtype=torch.float16)
multi_rays is empty, x tensor([4.9375, 0.0000, 1.8145], dtype=torch.float16), ray_directions tensor([-1.0000e+00, -2.3842e-06, -7.4959e-03], dtype=torch.float16)
multi_rays is empty, x tensor([1.6592, 1.7695, 0.0000], dtype=torch.float16), ray_directions tensor([-1.0000e+00, -2.4629e-04, -2.1458e-06], dtype=torch.float16)
multi_rays is empty, x tensor([3.7500, 0.4895, 0.0000], dtype=torch.float16), ray_directions tensor([-1.0000e+00, -6.5517e-04, -6.0797e-06], dtype=torch.float16)
multi_rays is empty, x tensor([6.0898, 0.0000, 1.8291], dtype=torch.float16), ray_directions tensor([-1.0000e+00, -9.7752e-06, -5.8517e-03], dtype=torch.float16)
multi_rays is empty, x tensor([4.2227, 0.6689, 0.0000], dtype=torch.float16), ray_directions tensor([-1.0000e+00, -8.9340e-03, -1.9073e-06], dtype=torch.float16)
multi_rays is empty, x tensor([1.7617, 0.0000, 1.5049], dtype=torch.float16), ray_directions tensor([-1.0000e+00, -3.0398e-06, -5.3101e-03], dtype=torch.float16)
multi_rays is empty, x tensor([7.4688, 0.0000, 1.1504], dtype=torch.float16), ray_directions tensor([-1.0000e+00, -7.9870e-06, -5.9967e-03], dtype=torch.float16)
multi_rays is empty, x tensor([6.7773, 0.0000, 1.6338], dtype=torch.float16), ray_directions tensor([-1.0000e+00, -8.5235e-06, -4.6730e-03], dtype=torch.float16)
multi_rays is empty, x tensor([5.6602, 1.1094, 0.0000], dtype=torch.float16), ray_directions tensor([-1.0000e+00, -9.7122e-03, -9.1791e-06], dtype=torch.float16)
multi_rays is empty, x tensor([8.9609, 3.3164, 0.0000], dtype=torch.float16), ray_directions tensor([-1.0000e+00, -1.2350e-03, -7.3314e-06], dtype=torch.float16)
multi_rays is empty, x tensor([3.3262, 0.4536, 0.0000], dtype=torch.float16), ray_directions tensor([-1.0000e+00, -3.1700e-03, -5.8413e-06], dtype=torch.float16)
multi_rays is empty, x tensor([6.3008, 3.2949, 0.0000], dtype=torch.float16), ray_directions tensor([-1.0000e+00, -7.5865e-04, -2.5630e-06], dtype=torch.float16)
multi_rays is empty, x tensor([2.4453, 0.0000, 0.7051], dtype=torch.float16), ray_directions tensor([-1.0000e+00, -1.5497e-06, -4.8981e-03], dtype=torch.float16)
multi_rays is empty, x tensor([3.2812, 0.4509, 0.0000], dtype=torch.float16), ray_directions tensor([-1.0000e+00, -8.4991e-03, -6.4373e-06], dtype=torch.float16)
multi_rays is empty, x tensor([9.2891, 0.0000, 1.8809], dtype=torch.float16), ray_directions tensor([-1.0000e+00, -9.9540e-06, -2.6584e-04], dtype=torch.float16)
multi_rays is empty, x tensor([2.8379, 0.3818, 0.0000], dtype=torch.float16), ray_directions tensor([-1.0000e+00, -3.6216e-04, -6.5565e-06], dtype=torch.float16)
multi_rays is empty, x tensor([4.9570, 0.0000, 1.7422], dtype=torch.float16), ray_directions tensor([-1.0000e+00, -7.0333e-06, -1.2321e-03], dtype=torch.float16)
multi_rays is empty, x tensor([3.8398, 0.5117, 0.0000], dtype=torch.float16), ray_directions tensor([-1.0000e+00, -3.9291e-03, -2.8014e-06], dtype=torch.float16)
multi_rays is empty, x tensor([1.9609, 0.0000, 1.8613], dtype=torch.float16), ray_directions tensor([-1.0000e+00, -8.2254e-06, -6.6185e-03], dtype=torch.float16)
multi_rays is empty, x tensor([1.2637, 0.4346, 0.0000], dtype=torch.float16), ray_directions tensor([-1.0000e+00, -9.3689e-03, -7.1526e-06], dtype=torch.float16)
multi_rays is empty, x tensor([3.3281, 1.5791, 0.0000], dtype=torch.float16), ray_directions tensor([-1.0000e+00, -5.5408e-04, -2.9802e-06], dtype=torch.float16)
multi_rays is empty, x tensor([0.7017, 0.3337, -0.0000], dtype=torch.float16), ray_directions tensor([-1.0000e+00, -7.0534e-03, -2.3842e-06], dtype=torch.float16)
multi_rays is empty, x tensor([1.1689, 0.0000, 1.4189], dtype=torch.float16), ray_directions tensor([-1.0000e+00, -5.2452e-06, -5.7411e-03], dtype=torch.float16)
multi_rays is empty, x tensor([6.9219, 2.3926, 0.0000], dtype=torch.float16), ray_directions tensor([-1.0000e+00, -2.3842e-03, -7.1526e-06], dtype=torch.float16)
multi_rays is empty, x tensor([3.1074, 0.0000, 1.0166], dtype=torch.float16), ray_directions tensor([-1.0000e+00, -7.7486e-06, -6.2561e-03], dtype=torch.float16)
multi_rays is empty, x tensor([4.7148, 0.0000, 1.6025], dtype=torch.float16), ray_directions tensor([-1.0000e+00, -1.9073e-06, -3.7365e-03], dtype=torch.float16)
multi_rays is empty, x tensor([6.9609, 0.0000, 1.9170], dtype=torch.float16), ray_directions tensor([-1.0000e+00, -9.4771e-06, -1.2913e-03], dtype=torch.float16)
multi_rays is empty, x tensor([1.6846, 2.0273, 0.0000], dtype=torch.float16), ray_directions tensor([-1.0000e+00, -8.5602e-03, -1.2517e-06], dtype=torch.float16)
multi_rays is empty, x tensor([7.0742, 0.0000, 1.8223], dtype=torch.float16), ray_directions tensor([-1.0000e+00, -5.7220e-06, -9.9487e-03], dtype=torch.float16)
multi_rays is empty, x tensor([7.6406, 2.4199, 0.0000], dtype=torch.float16), ray_directions tensor([-1.0000e+00, -6.7616e-04, -8.1062e-06], dtype=torch.float16)
multi_rays is empty, x tensor([3.8984, 0.0000, 0.7944], dtype=torch.float16), ray_directions tensor([-1.0000e+00, -3.2187e-06, -3.0289e-03], dtype=torch.float16)
multi_rays is empty, x tensor([8.8750, 0.0000, 1.6758], dtype=torch.float16), ray_directions tensor([-1.0000e+00, -6.4373e-06, -2.3878e-04], dtype=torch.float16)
multi_rays is empty, x tensor([2.7422, 0.4062, 0.0000], dtype=torch.float16), ray_directions tensor([-1.0000e+00, -6.9580e-03, -3.2187e-06], dtype=torch.float16)
multi_rays is empty, x tensor([7.6797, 2.8047, 0.0000], dtype=torch.float16), ray_directions tensor([-1.0000e+00, -4.4327e-03, -9.7156e-06], dtype=torch.float16)
multi_rays is empty, x tensor([9.6328, 0.0000, 2.9668], dtype=torch.float16), ray_directions tensor([-1.0000e+00, -2.4438e-06, -3.3340e-03], dtype=torch.float16)
Finished concurrent execution of tasks.
Ending time: Thu May 30 12:45:21 CEST 2024
