Starting time: Wed May 29 16:25:08 CEST 2024
no change     /proj/gaia/RayDT/mamba_ray/condabin/conda
no change     /proj/gaia/RayDT/mamba_ray/bin/conda
no change     /proj/gaia/RayDT/mamba_ray/bin/conda-env
no change     /proj/gaia/RayDT/mamba_ray/bin/activate
no change     /proj/gaia/RayDT/mamba_ray/bin/deactivate
no change     /proj/gaia/RayDT/mamba_ray/etc/profile.d/conda.sh
no change     /proj/gaia/RayDT/mamba_ray/etc/fish/conf.d/conda.fish
no change     /proj/gaia/RayDT/mamba_ray/shell/condabin/Conda.psm1
no change     /proj/gaia/RayDT/mamba_ray/shell/condabin/conda-hook.ps1
no change     /proj/gaia/RayDT/mamba_ray/lib/python3.10/site-packages/xontrib/conda.xsh
no change     /proj/gaia/RayDT/mamba_ray/etc/profile.d/conda.csh
no change     /home/x_yifji/.bashrc
No action taken.
Activated conda environment
Conda environment:
/proj/gaia/RayDT/mamba_ray/bin/python
Python 3.10.14
Current working directory: /proj/gaia/RayDT/workspace/gfnrau/notebooks
Starting concurrent execution of tasks...
config =  {'obj': 2, 'Tx_id': 1, 'allTx': True, 'Rx_id': None, 'Rx1_id': None, 'Rx2_id': None, 'debug_path_flag': False, 'path_id': 6, 'add_noise': True, 'optim_load': False, 'small_batch': False, 'big_batch': False, 'debug': False, 'produce_fig': False, 'wandb': False, 'replot_baseline_only': False, 'test_seed': 42, 'eval_from': None, 'Ofunc': True, 'noise_sample': 5, 'path': None, 'data_prefix': 'allTx', 'data_postfix': '_noise', 'gen_func': <function gen_data_sample_across_rx at 0x14a9d8afb910>}
========== Training config ==========
gen_kwargs_list =  {'Rx_id': [None, None, None, None, None, None, None, None, None, None], 'rx_range': [None, None, None, None, None, None, None, None, None, None], 'debug_path': [False, False, False, False, False, False, False, False, False, False], 'path': [None, None, None, None, None, None, None, None, None, None], 'add_noise': [True, True, True, True, True, True, True, True, True, True], 'local_node': [True, True, True, True, True, True, True, True, True, True], 'append_receipt_loss': [True, True, True, True, True, True, True, True, True, True], 'do_assertion': [True, True, True, True, True, True, True, True, True, True], 'debug': [False, False, False, False, False, False, False, False, False, False], 'noise_sample': [5, 5, 5, 5, 5, 5, 5, 5, 5, 5], 'Tx_id': range(0, 10)}
multi_rays is empty, x tensor([1.5811, 0.9863, -0.0000], dtype=torch.float16), ray_directions tensor([-1.0000e+00, -5.9471e-03, -3.2187e-06], dtype=torch.float16)
multi_rays is empty, x tensor([1.1055, 3.1094, 0.0000], dtype=torch.float16), ray_directions tensor([-1.0000e+00, -4.1962e-03, -7.5698e-06], dtype=torch.float16)
multi_rays is empty, x tensor([3.0605, 4.2031, 0.0000], dtype=torch.float16), ray_directions tensor([-1.0000e+00, -4.7531e-03, -9.1195e-06], dtype=torch.float16)
multi_rays is empty, x tensor([7.0742, 4.7422, 0.0000], dtype=torch.float16), ray_directions tensor([-1.0000e+00, -4.4823e-03, -7.9870e-06], dtype=torch.float16)
multi_rays is empty, x tensor([1.0000, 2.1094, 0.0000], dtype=torch.float16), ray_directions tensor([-1.0000e+00, -6.9771e-03, -4.4703e-06], dtype=torch.float16)
multi_rays is empty, x tensor([2.2305, 0.0000, 2.0234], dtype=torch.float16), ray_directions tensor([-1.0000e+00, -6.5565e-06, -9.3222e-05], dtype=torch.float16)
multi_rays is empty, x tensor([1.9141, 0.0000, 0.7490], dtype=torch.float16), ray_directions tensor([-1.0000e+00, -6.3181e-06, -1.7452e-04], dtype=torch.float16)
multi_rays is empty, x tensor([3.4883, 0.2722, 0.0000], dtype=torch.float16), ray_directions tensor([-1.0000e+00, -7.1640e-03, -2.4438e-06], dtype=torch.float16)
multi_rays is empty, x tensor([5.7852, 0.0000, 1.2891], dtype=torch.float16), ray_directions tensor([-1.0000e+00, -7.2718e-06, -4.0245e-03], dtype=torch.float16)
multi_rays is empty, x tensor([8.8984, 0.4270, 0.0000], dtype=torch.float16), ray_directions tensor([-1.0000e+00, -9.5444e-03, -8.9407e-07], dtype=torch.float16)
multi_rays is empty, x tensor([2.1035, 0.0000, 0.2815], dtype=torch.float16), ray_directions tensor([-1.0000e+00, -5.9605e-07, -2.2335e-03], dtype=torch.float16)
multi_rays is empty, x tensor([0.0080, 0.2451, 3.0059], dtype=torch.float16), ray_directions tensor([0.7065, 0.1318, 0.6953], dtype=torch.float16)
multi_rays is empty, x tensor([0.0070, 0.2441, 3.0039], dtype=torch.float16), ray_directions tensor([0.7065, 0.1318, 0.6953], dtype=torch.float16)
multi_rays is empty, x tensor([0.0060, 0.2432, 3.0039], dtype=torch.float16), ray_directions tensor([0.7065, 0.1318, 0.6953], dtype=torch.float16)
multi_rays is empty, x tensor([0.0050, 0.2422, 3.0020], dtype=torch.float16), ray_directions tensor([0.7065, 0.1318, 0.6953], dtype=torch.float16)
multi_rays is empty, x tensor([6.9023, 0.8818, 0.0000], dtype=torch.float16), ray_directions tensor([-1.0000e+00, -5.8937e-03, -1.7881e-07], dtype=torch.float16)
multi_rays is empty, x tensor([7.7344, 0.3782, 0.0000], dtype=torch.float16), ray_directions tensor([-1.0000e+00, -5.9052e-03, -3.6955e-06], dtype=torch.float16)
multi_rays is empty, x tensor([4.0430, 0.0434, 0.0000], dtype=torch.float16), ray_directions tensor([-1.0000e+00, -4.4894e-04, -6.1989e-06], dtype=torch.float16)
multi_rays is empty, x tensor([2.6719, 0.0000, 0.2961], dtype=torch.float16), ray_directions tensor([-1.0000e+00, -4.5300e-06, -3.3779e-03], dtype=torch.float16)
multi_rays is empty, x tensor([6.9766, 0.1840, 0.0000], dtype=torch.float16), ray_directions tensor([-1.0000e+00, -1.9169e-03, -9.5367e-06], dtype=torch.float16)
multi_rays is empty, x tensor([4.1328, 0.0852, 0.0000], dtype=torch.float16), ray_directions tensor([-1.0000e+00, -3.8147e-04, -5.6624e-06], dtype=torch.float16)
multi_rays is empty, x tensor([4.4219, 0.0684, 0.0000], dtype=torch.float16), ray_directions tensor([-1.0000e+00, -6.8626e-03, -3.7551e-06], dtype=torch.float16)
multi_rays is empty, x tensor([6.5547, 1.6377, -0.0000], dtype=torch.float16), ray_directions tensor([-1.0000e+00, -7.5302e-03, -3.7551e-06], dtype=torch.float16)
multi_rays is empty, x tensor([5.2305, 0.6616, 0.0000], dtype=torch.float16), ray_directions tensor([-1.0000e+00, -1.9855e-03, -4.4107e-06], dtype=torch.float16)
multi_rays is empty, x tensor([7.4961, 0.0000, 2.3086], dtype=torch.float16), ray_directions tensor([-1.0000e+00, -8.4043e-06, -1.5373e-03], dtype=torch.float16)
multi_rays is empty, x tensor([7.9961, 0.0000, 1.0039], dtype=torch.float16), ray_directions tensor([-1.0000e+00, -3.2187e-06, -8.0338e-03], dtype=torch.float16)
multi_rays is empty, x tensor([4.1172, 0.0000, 0.7715], dtype=torch.float16), ray_directions tensor([-1.0000e+00, -5.5432e-06, -8.7280e-03], dtype=torch.float16)
multi_rays is empty, x tensor([3.4238, 1.5039, 0.0000], dtype=torch.float16), ray_directions tensor([-1.0000e+00, -1.5106e-03, -3.5763e-06], dtype=torch.float16)
multi_rays is empty, x tensor([3.3789, 1.5654, -0.0000], dtype=torch.float16), ray_directions tensor([-1.0000e+00, -3.9253e-03, -4.7684e-07], dtype=torch.float16)
multi_rays is empty, x tensor([3.2988, 2.3926, 0.0000], dtype=torch.float16), ray_directions tensor([-1.0000e+00, -3.5896e-03, -1.5497e-06], dtype=torch.float16)
multi_rays is empty, x tensor([8.8203, 2.3184, 0.0000], dtype=torch.float16), ray_directions tensor([-1.0000e+00, -2.8362e-03, -5.1260e-06], dtype=torch.float16)
multi_rays is empty, x tensor([2.3457, 0.0000, 1.8711], dtype=torch.float16), ray_directions tensor([-1.0000e+00, -7.9274e-06, -7.1564e-03], dtype=torch.float16)
multi_rays is empty, x tensor([0.3713, 1.4395, -0.0000], dtype=torch.float16), ray_directions tensor([-1.0000e+00, -8.3389e-03, -6.9737e-06], dtype=torch.float16)
multi_rays is empty, x tensor([1.8613, 1.2979, 0.0000], dtype=torch.float16), ray_directions tensor([-1.0000e+00, -5.2986e-03, -5.6028e-06], dtype=torch.float16)
multi_rays is empty, x tensor([3.1875, 0.0000, 1.5508], dtype=torch.float16), ray_directions tensor([-1.0000e+00, -5.9605e-06, -8.6517e-03], dtype=torch.float16)
multi_rays is empty, x tensor([1.7334, 1.4590, 0.0000], dtype=torch.float16), ray_directions tensor([-1.0000e+00, -1.7500e-03, -2.9206e-06], dtype=torch.float16)
multi_rays is empty, x tensor([3.6816, 0.0000, 1.7119], dtype=torch.float16), ray_directions tensor([-1.0000e+00, -9.7156e-06, -5.6610e-03], dtype=torch.float16)
multi_rays is empty, x tensor([2.1641, 0.0000, 0.9048], dtype=torch.float16), ray_directions tensor([-1.0000e+00, -1.9670e-06, -2.3212e-03], dtype=torch.float16)
multi_rays is empty, x tensor([1.0488, 0.1201, 0.0000], dtype=torch.float16), ray_directions tensor([-1.0000e+00, -7.1335e-03, -3.0994e-06], dtype=torch.float16)
multi_rays is empty, x tensor([3.6289, 0.0000, 1.5566], dtype=torch.float16), ray_directions tensor([-1.0000e+00, -7.2122e-06, -2.6011e-04], dtype=torch.float16)
multi_rays is empty, x tensor([0.9443, 2.3105, -0.0000], dtype=torch.float16), ray_directions tensor([-1.0000e+00, -2.9621e-03, -8.0466e-06], dtype=torch.float16)
multi_rays is empty, x tensor([1.2139, 1.1729, 0.0000], dtype=torch.float16), ray_directions tensor([-1.0000e+00, -3.4161e-03, -9.1195e-06], dtype=torch.float16)
multi_rays is empty, x tensor([3.5605, 4.1641, 0.0000], dtype=torch.float16), ray_directions tensor([-1.0000e+00, -7.9880e-03, -8.8215e-06], dtype=torch.float16)
multi_rays is empty, x tensor([3.7168, 0.0000, 2.3887], dtype=torch.float16), ray_directions tensor([-1.0000e+00, -2.0862e-06, -9.4604e-03], dtype=torch.float16)
multi_rays is empty, x tensor([10.0078,  1.1084,  0.3491], dtype=torch.float16), ray_directions tensor([ 0.8857,  0.1600, -0.4355], dtype=torch.float16)
multi_rays is empty, x tensor([10.0078,  1.1074,  0.3481], dtype=torch.float16), ray_directions tensor([ 0.8857,  0.1600, -0.4355], dtype=torch.float16)
multi_rays is empty, x tensor([10.0078,  1.1064,  0.3472], dtype=torch.float16), ray_directions tensor([ 0.8857,  0.1600, -0.4355], dtype=torch.float16)
multi_rays is empty, x tensor([10.0078,  1.1055,  0.3462], dtype=torch.float16), ray_directions tensor([ 0.8857,  0.1600, -0.4355], dtype=torch.float16)
multi_rays is empty, x tensor([6.6953, 0.0000, 1.6816], dtype=torch.float16), ray_directions tensor([-1.0000e+00, -8.9407e-06, -9.1457e-04], dtype=torch.float16)
multi_rays is empty, x tensor([9.0234, 3.7305, 0.0000], dtype=torch.float16), ray_directions tensor([-1.0000e+00, -5.5389e-03, -9.9540e-06], dtype=torch.float16)
multi_rays is empty, x tensor([1.3887, 0.0000, 1.4355], dtype=torch.float16), ray_directions tensor([-1.0000e+00, -2.6822e-06, -7.9575e-03], dtype=torch.float16)
multi_rays is empty, x tensor([2.3457, 0.0000, 0.9072], dtype=torch.float16), ray_directions tensor([-1.0000e+00, -4.2915e-06, -1.1702e-03], dtype=torch.float16)
multi_rays is empty, x tensor([6.6133, 0.0000, 0.3518], dtype=torch.float16), ray_directions tensor([-1.0000e+00, -9.3579e-06, -1.5697e-03], dtype=torch.float16)
multi_rays is empty, x tensor([7.2070, 0.0000, 0.8569], dtype=torch.float16), ray_directions tensor([-1.0000e+00, -6.0797e-06, -4.0855e-03], dtype=torch.float16)
multi_rays is empty, x tensor([4.2461, 2.2852, 0.0000], dtype=torch.float16), ray_directions tensor([-1.0000e+00, -6.5384e-03, -1.6093e-06], dtype=torch.float16)
multi_rays is empty, x tensor([2.9570, 1.5410, 0.0000], dtype=torch.float16), ray_directions tensor([-1.0000e+00, -9.8267e-03, -1.2517e-06], dtype=torch.float16)
multi_rays is empty, x tensor([2.7031, 0.0000, 0.8237], dtype=torch.float16), ray_directions tensor([-1.0000e+00, -5.9605e-07, -2.0933e-04], dtype=torch.float16)
multi_rays is empty, x tensor([8.3594, 0.7144, 0.0000], dtype=torch.float16), ray_directions tensor([-1.0000e+00, -2.8706e-03, -5.9009e-06], dtype=torch.float16)
multi_rays is empty, x tensor([4.0703, 1.9609, 0.0000], dtype=torch.float16), ray_directions tensor([-1.0000e+00, -7.1526e-03, -9.7156e-06], dtype=torch.float16)
multi_rays is empty, x tensor([4.2578, 0.0000, 0.7446], dtype=torch.float16), ray_directions tensor([-1.0000e+00, -8.4043e-06, -5.8365e-03], dtype=torch.float16)
multi_rays is empty, x tensor([4.2539, 0.0000, 0.6382], dtype=torch.float16), ray_directions tensor([-1.0000e+00, -9.4175e-06, -7.5302e-03], dtype=torch.float16)
multi_rays is empty, x tensor([8.1953, 0.3010, 0.0000], dtype=torch.float16), ray_directions tensor([-1.0000e+00, -4.1533e-04, -4.5896e-06], dtype=torch.float16)
multi_rays is empty, x tensor([1.1504, 0.0000, 1.7871], dtype=torch.float16), ray_directions tensor([-1.0000e+00, -6.9737e-06, -8.8196e-03], dtype=torch.float16)
multi_rays is empty, x tensor([1.6357, 0.0000, 0.1620], dtype=torch.float16), ray_directions tensor([-1.0000e+00, -7.6890e-06, -9.2239e-03], dtype=torch.float16)
multi_rays is empty, x tensor([5.8555, 0.1801, -0.0000], dtype=torch.float16), ray_directions tensor([-1.0000e+00, -9.6207e-03, -5.1856e-06], dtype=torch.float16)
multi_rays is empty, x tensor([1.7705, 0.0000, 1.6846], dtype=torch.float16), ray_directions tensor([-1.0000e+00, -4.5300e-06, -7.9956e-03], dtype=torch.float16)
multi_rays is empty, x tensor([1.2744, 0.0000, 0.8286], dtype=torch.float16), ray_directions tensor([-1.0000e+00, -2.5630e-06, -7.3318e-03], dtype=torch.float16)
multi_rays is empty, x tensor([0.9824, 0.0000, 1.4463], dtype=torch.float16), ray_directions tensor([-1.0000e+00, -4.8876e-06, -7.8125e-03], dtype=torch.float16)
multi_rays is empty, x tensor([0.1003, 0.0800, 0.0000], dtype=torch.float16), ray_directions tensor([-1.0000e+00, -9.6817e-03, -1.0133e-06], dtype=torch.float16)
multi_rays is empty, x tensor([2.1172, 0.0000, 0.3228], dtype=torch.float16), ray_directions tensor([-1.0000e+00, -8.8811e-06, -7.4196e-04], dtype=torch.float16)
multi_rays is empty, x tensor([1.6611, 0.2408, 0.0000], dtype=torch.float16), ray_directions tensor([-1.0000e+00, -2.6665e-03, -7.8678e-06], dtype=torch.float16)
multi_rays is empty, x tensor([6.0586, 0.0000, 1.8057], dtype=torch.float16), ray_directions tensor([-1.0000e+00, -9.0003e-06, -4.6277e-04], dtype=torch.float16)
multi_rays is empty, x tensor([5.9531, 0.0000, 2.9043], dtype=torch.float16), ray_directions tensor([-1.0000e+00, -8.6427e-06, -2.8000e-03], dtype=torch.float16)
multi_rays is empty, x tensor([2.2734, 4.7539, 0.0000], dtype=torch.float16), ray_directions tensor([-1.0000e+00, -9.9106e-03, -4.3511e-06], dtype=torch.float16)
multi_rays is empty, x tensor([4.4414, 1.0293, 0.0000], dtype=torch.float16), ray_directions tensor([-1.0000e+00, -9.3994e-03, -9.4771e-06], dtype=torch.float16)
multi_rays is empty, x tensor([2.9121, 4.6133, 0.0000], dtype=torch.float16), ray_directions tensor([-1.0000e+00, -5.9586e-03, -4.2915e-06], dtype=torch.float16)
multi_rays is empty, x tensor([7.7148, 0.0000, 1.7822], dtype=torch.float16), ray_directions tensor([-1.0000e+00, -8.4639e-06, -3.6068e-03], dtype=torch.float16)
multi_rays is empty, x tensor([5.2227, 1.0273, 0.0000], dtype=torch.float16), ray_directions tensor([-1.0000e+00, -9.4452e-03, -6.4969e-06], dtype=torch.float16)
multi_rays is empty, x tensor([2.8008, 2.1406, 0.0000], dtype=torch.float16), ray_directions tensor([-1.0000e+00, -9.9335e-03, -7.0333e-06], dtype=torch.float16)
multi_rays is empty, x tensor([8.2891, 0.0000, 1.3691], dtype=torch.float16), ray_directions tensor([-1.0000e+00, -9.6560e-06, -2.6283e-03], dtype=torch.float16)
multi_rays is empty, x tensor([5.9219, 0.0000, 0.8735], dtype=torch.float16), ray_directions tensor([-1.0000e+00, -9.8944e-06, -8.2254e-04], dtype=torch.float16)
multi_rays is empty, x tensor([3.8418, 0.3147, 0.0000], dtype=torch.float16), ray_directions tensor([-1.0000e+00, -9.3918e-03, -1.8477e-06], dtype=torch.float16)
multi_rays is empty, x tensor([3.0859, 2.0410, 0.0000], dtype=torch.float16), ray_directions tensor([-1.0000e+00, -5.5771e-03, -6.5565e-06], dtype=torch.float16)
multi_rays is empty, x tensor([10.0078,  1.1084,  1.3643], dtype=torch.float16), ray_directions tensor([ 0.1154,  0.5249, -0.8433], dtype=torch.float16)
multi_rays is empty, x tensor([10.0078,  1.1074,  1.3633], dtype=torch.float16), ray_directions tensor([ 0.1154,  0.5249, -0.8433], dtype=torch.float16)
multi_rays is empty, x tensor([10.0078,  1.1064,  1.3623], dtype=torch.float16), ray_directions tensor([ 0.1154,  0.5249, -0.8433], dtype=torch.float16)
multi_rays is empty, x tensor([4.0781, 2.8281, 0.0000], dtype=torch.float16), ray_directions tensor([-1.0000e+00, -6.0883e-03, -8.4639e-06], dtype=torch.float16)
multi_rays is empty, x tensor([10.0078,  1.1084,  2.4590], dtype=torch.float16), ray_directions tensor([ 0.1991,  0.9141, -0.3538], dtype=torch.float16)
multi_rays is empty, x tensor([10.0078,  1.1084,  0.7183], dtype=torch.float16), ray_directions tensor([ 0.0859,  0.3943, -0.9150], dtype=torch.float16)
multi_rays is empty, x tensor([0.1886, 0.0000, 0.1697], dtype=torch.float16), ray_directions tensor([-1.0000e+00, -5.9009e-06, -1.8835e-03], dtype=torch.float16)
multi_rays is empty, x tensor([3.0938, 1.4951, 0.0000], dtype=torch.float16), ray_directions tensor([-1.0000e+00, -3.5524e-04, -7.9870e-06], dtype=torch.float16)
multi_rays is empty, x tensor([4.1797, 2.7930, 0.0000], dtype=torch.float16), ray_directions tensor([-1.0000e+00, -7.4463e-03, -2.9206e-06], dtype=torch.float16)
multi_rays is empty, x tensor([1.3428, 0.0000, 1.9092], dtype=torch.float16), ray_directions tensor([-1.0000e+00, -5.9605e-06, -5.0087e-03], dtype=torch.float16)
multi_rays is empty, x tensor([4.4219, 3.6875, 0.0000], dtype=torch.float16), ray_directions tensor([-1.0000e+00, -7.2632e-03, -3.5763e-06], dtype=torch.float16)
multi_rays is empty, x tensor([0.5112, 2.3848, 0.0000], dtype=torch.float16), ray_directions tensor([-1.0000e+00, -6.8436e-03, -6.1393e-06], dtype=torch.float16)
multi_rays is empty, x tensor([3.2969, 3.1348, 0.0000], dtype=torch.float16), ray_directions tensor([-1.0000e+00, -6.5689e-03, -2.2650e-06], dtype=torch.float16)
multi_rays is empty, x tensor([1.0908, 0.0000, 0.6572], dtype=torch.float16), ray_directions tensor([-1.0000e+00, -7.5698e-06, -7.8506e-03], dtype=torch.float16)
multi_rays is empty, x tensor([1.7012, 3.5938, 0.0000], dtype=torch.float16), ray_directions tensor([-1.0000e+00, -4.9210e-04, -5.0664e-06], dtype=torch.float16)
multi_rays is empty, x tensor([4.3555, 4.3516, 0.0000], dtype=torch.float16), ray_directions tensor([-1.0000e+00, -6.8932e-03, -8.6427e-06], dtype=torch.float16)
multi_rays is empty, x tensor([1.8223, 0.0200, 0.0000], dtype=torch.float16), ray_directions tensor([-1.0000e+00, -4.4212e-03, -1.3709e-06], dtype=torch.float16)
multi_rays is empty, x tensor([0.9487, 0.0000, 0.7373], dtype=torch.float16), ray_directions tensor([-1.0000e+00, -7.0930e-06, -1.1234e-03], dtype=torch.float16)
multi_rays is empty, x tensor([1.4854, 2.3789, 0.0000], dtype=torch.float16), ray_directions tensor([-1.0000e+00, -9.1858e-03, -4.3511e-06], dtype=torch.float16)
multi_rays is empty, x tensor([8.0781, 3.3516, 0.0000], dtype=torch.float16), ray_directions tensor([-1.0000e+00, -6.4621e-03, -4.2319e-06], dtype=torch.float16)
multi_rays is empty, x tensor([1.4316, 2.7188, 0.0000], dtype=torch.float16), ray_directions tensor([-1.0000e+00, -6.2370e-03, -5.7220e-06], dtype=torch.float16)
multi_rays is empty, x tensor([0.7280, 0.0000, 0.4653], dtype=torch.float16), ray_directions tensor([-1.0000e+00, -2.2650e-06, -5.0011e-03], dtype=torch.float16)
multi_rays is empty, x tensor([2.3945, 1.4590, 0.0000], dtype=torch.float16), ray_directions tensor([-1.0000e+00, -7.7248e-03, -6.3777e-06], dtype=torch.float16)
multi_rays is empty, x tensor([3.7344, 0.0000, 1.7607], dtype=torch.float16), ray_directions tensor([-1.0000e+00, -4.0531e-06, -5.7297e-03], dtype=torch.float16)
multi_rays is empty, x tensor([0.2559, 0.0000, 0.3391], dtype=torch.float16), ray_directions tensor([-1.0000e+00, -3.5763e-06, -9.9869e-03], dtype=torch.float16)
multi_rays is empty, x tensor([1.6436, 2.0742, 0.0000], dtype=torch.float16), ray_directions tensor([-1.0000e+00, -4.5547e-03, -8.4639e-06], dtype=torch.float16)
multi_rays is empty, x tensor([8.1094, 1.7695, 0.0000], dtype=torch.float16), ray_directions tensor([-1.0000e+00, -1.1516e-04, -7.9870e-06], dtype=torch.float16)
multi_rays is empty, x tensor([6.7070, 0.0000, 1.4580], dtype=torch.float16), ray_directions tensor([-1.0000e+00, -5.0068e-06, -1.5421e-03], dtype=torch.float16)
multi_rays is empty, x tensor([7.0469, 3.6738, 0.0000], dtype=torch.float16), ray_directions tensor([-1.0000e+00, -1.5421e-03, -4.6492e-06], dtype=torch.float16)
multi_rays is empty, x tensor([2.2656, 0.0000, 0.4675], dtype=torch.float16), ray_directions tensor([-1.0000e+00, -9.0599e-06, -4.0054e-03], dtype=torch.float16)
multi_rays is empty, x tensor([4.0078, 2.4824, 0.0000], dtype=torch.float16), ray_directions tensor([-1.0000e+00, -5.7068e-03, -5.5432e-06], dtype=torch.float16)
multi_rays is empty, x tensor([3.6543, 0.0000, 1.3125], dtype=torch.float16), ray_directions tensor([-1.0000e+00, -2.6226e-06, -6.1417e-03], dtype=torch.float16)
multi_rays is empty, x tensor([5.3906, 1.6689, 0.0000], dtype=torch.float16), ray_directions tensor([-1.0000e+00, -5.8823e-03, -6.3181e-06], dtype=torch.float16)
multi_rays is empty, x tensor([3.6523, 1.8457, 0.0000], dtype=torch.float16), ray_directions tensor([-1.0000e+00, -5.5580e-03, -9.1791e-06], dtype=torch.float16)
multi_rays is empty, x tensor([4.9922, 0.1420, 0.0000], dtype=torch.float16), ray_directions tensor([-1.0000e+00, -7.4348e-03, -1.9073e-06], dtype=torch.float16)
multi_rays is empty, x tensor([4.5469, 0.1769, 0.0000], dtype=torch.float16), ray_directions tensor([-1.0000e+00, -7.0381e-03, -8.2254e-06], dtype=torch.float16)
multi_rays is empty, x tensor([4.9141, 0.3291, 0.0000], dtype=torch.float16), ray_directions tensor([-1.0000e+00, -7.7782e-03, -6.1989e-06], dtype=torch.float16)
multi_rays is empty, x tensor([3.7285, 0.0820, 0.0000], dtype=torch.float16), ray_directions tensor([-1.0000e+00, -8.4763e-03, -7.1526e-07], dtype=torch.float16)
multi_rays is empty, x tensor([3.8320, 2.6191, -0.0000], dtype=torch.float16), ray_directions tensor([-1.0000e+00, -5.2872e-03, -5.3644e-06], dtype=torch.float16)
multi_rays is empty, x tensor([2.2617, 0.0000, 1.8350], dtype=torch.float16), ray_directions tensor([-1.0000e+00, -6.3181e-06, -2.0466e-03], dtype=torch.float16)
multi_rays is empty, x tensor([0.2073, 0.0000, 0.4575], dtype=torch.float16), ray_directions tensor([-1.0000e+00, -5.0068e-06, -1.5056e-04], dtype=torch.float16)
multi_rays is empty, x tensor([3.5859, 1.6670, 0.0000], dtype=torch.float16), ray_directions tensor([-1.0000e+00, -8.0566e-03, -5.3644e-07], dtype=torch.float16)
multi_rays is empty, x tensor([1.4785, 0.5400, 0.0000], dtype=torch.float16), ray_directions tensor([-1.0000e+00, -9.4843e-04, -2.5034e-06], dtype=torch.float16)
multi_rays is empty, x tensor([0.2089, 1.3691, 0.0000], dtype=torch.float16), ray_directions tensor([-1.0000e+00, -2.1534e-03, -9.2387e-06], dtype=torch.float16)
multi_rays is empty, x tensor([1.0020, 0.0000, 1.1875], dtype=torch.float16), ray_directions tensor([-1.0000e+00, -2.6822e-06, -2.7523e-03], dtype=torch.float16)
multi_rays is empty, x tensor([1.7090, 0.0000, 0.7354], dtype=torch.float16), ray_directions tensor([-1.0000e+00, -8.5831e-06, -3.7899e-03], dtype=torch.float16)
multi_rays is empty, x tensor([1.3564, 0.0000, 0.7676], dtype=torch.float16), ray_directions tensor([-1.0000e+00, -9.7156e-06, -6.7024e-03], dtype=torch.float16)
multi_rays is empty, x tensor([1.8975, 1.4629, 0.0000], dtype=torch.float16), ray_directions tensor([-1.0000e+00, -9.2773e-03, -9.8944e-06], dtype=torch.float16)
multi_rays is empty, x tensor([2.1973, 0.0000, 0.8164], dtype=torch.float16), ray_directions tensor([-1.0000e+00, -6.0797e-06, -9.8133e-04], dtype=torch.float16)
multi_rays is empty, x tensor([3.5449, 4.0039, 0.0000], dtype=torch.float16), ray_directions tensor([-1.0000e+00, -9.7427e-03, -3.9339e-06], dtype=torch.float16)
multi_rays is empty, x tensor([3.7637, 1.1934, 0.0000], dtype=torch.float16), ray_directions tensor([-1.0000e+00, -9.7504e-03, -5.5432e-06], dtype=torch.float16)
multi_rays is empty, x tensor([2.3438, 0.2180, 0.0000], dtype=torch.float16), ray_directions tensor([-1.0000e+00, -8.8348e-03, -3.6359e-06], dtype=torch.float16)
multi_rays is empty, x tensor([1.9238, 0.0000, 0.8506], dtype=torch.float16), ray_directions tensor([-1.0000e+00, -9.8944e-06, -9.8515e-04], dtype=torch.float16)
multi_rays is empty, x tensor([1.7500, 0.0000, 0.5669], dtype=torch.float16), ray_directions tensor([-1.0000e+00, -6.6757e-06, -7.9803e-03], dtype=torch.float16)
multi_rays is empty, x tensor([1.6064, 2.7871, 0.0000], dtype=torch.float16), ray_directions tensor([-1.0000e+00, -4.7493e-03, -1.8477e-06], dtype=torch.float16)
multi_rays is empty, x tensor([3.3262, 0.0000, 0.7485], dtype=torch.float16), ray_directions tensor([-1.0000e+00, -9.7752e-06, -7.7591e-03], dtype=torch.float16)
multi_rays is empty, x tensor([4.3828, 3.4062, 0.0000], dtype=torch.float16), ray_directions tensor([-1.0000e+00, -2.5883e-03, -5.2452e-06], dtype=torch.float16)
multi_rays is empty, x tensor([1.5420, 0.0000, 0.4414], dtype=torch.float16), ray_directions tensor([-1.0000e+00, -5.0068e-06, -8.7967e-03], dtype=torch.float16)
multi_rays is empty, x tensor([0.8599, 1.6270, 0.0000], dtype=torch.float16), ray_directions tensor([-1.0000e+00, -2.9392e-03, -8.5235e-06], dtype=torch.float16)
multi_rays is empty, x tensor([1.0098, 0.0000, 0.0490], dtype=torch.float16), ray_directions tensor([-1.0000e+00, -1.7881e-07, -6.4049e-03], dtype=torch.float16)
multi_rays is empty, x tensor([5.4492, 0.0000, 1.6289], dtype=torch.float16), ray_directions tensor([-1.0000e+00, -7.6890e-06, -6.7253e-03], dtype=torch.float16)
multi_rays is empty, x tensor([5.1133, 0.0000, 1.8984], dtype=torch.float16), ray_directions tensor([-1.0000e+00, -9.7156e-06, -8.0566e-03], dtype=torch.float16)
multi_rays is empty, x tensor([7.7539, 3.5527, 0.0000], dtype=torch.float16), ray_directions tensor([-1.0000e+00, -7.2937e-03, -4.8876e-06], dtype=torch.float16)
multi_rays is empty, x tensor([6.0430, 1.8096, 0.0000], dtype=torch.float16), ray_directions tensor([-1.0000e+00, -7.3090e-03, -8.6427e-06], dtype=torch.float16)
multi_rays is empty, x tensor([9.7891, 3.7812, 0.0000], dtype=torch.float16), ray_directions tensor([-1.0000e+00, -2.4624e-03, -9.6560e-06], dtype=torch.float16)
multi_rays is empty, x tensor([9.2891, 1.6221, 0.0000], dtype=torch.float16), ray_directions tensor([-1.0000e+00, -8.0795e-03, -6.9141e-06], dtype=torch.float16)
multi_rays is empty, x tensor([1.1982, 0.0000, 0.2847], dtype=torch.float16), ray_directions tensor([-1.0000e+00, -6.1393e-06, -1.6527e-03], dtype=torch.float16)
multi_rays is empty, x tensor([7.4961, 2.8184, 0.0000], dtype=torch.float16), ray_directions tensor([-1.0000e+00, -2.3689e-03, -9.7156e-06], dtype=torch.float16)
multi_rays is empty, x tensor([4.1484, 0.0000, 1.0459], dtype=torch.float16), ray_directions tensor([-1.0000e+00, -8.7023e-06, -4.2725e-03], dtype=torch.float16)
multi_rays is empty, x tensor([8.6953, 0.0000, 1.8711], dtype=torch.float16), ray_directions tensor([-1.0000e+00, -6.9141e-06, -3.6526e-03], dtype=torch.float16)
multi_rays is empty, x tensor([3.2285, 0.0000, 0.6675], dtype=torch.float16), ray_directions tensor([-1.0000e+00, -3.5763e-06, -3.7785e-03], dtype=torch.float16)
multi_rays is empty, x tensor([3.0254, 0.0000, 0.3936], dtype=torch.float16), ray_directions tensor([-1.0000e+00, -7.6890e-06, -2.9678e-03], dtype=torch.float16)
multi_rays is empty, x tensor([2.0898, 1.6533, 0.0000], dtype=torch.float16), ray_directions tensor([-1.0000e+00, -1.1053e-03, -6.0797e-06], dtype=torch.float16)
multi_rays is empty, x tensor([1.4707, 1.8428, 0.0000], dtype=torch.float16), ray_directions tensor([-1.0000e+00, -6.9504e-03, -9.6560e-06], dtype=torch.float16)
multi_rays is empty, x tensor([0.3296, 0.0000, 0.4126], dtype=torch.float16), ray_directions tensor([-1.0000e+00, -7.8678e-06, -4.0169e-03], dtype=torch.float16)
multi_rays is empty, x tensor([3.9531, 1.3174, 0.0000], dtype=torch.float16), ray_directions tensor([-1.0000e+00, -3.1471e-05, -9.1791e-06], dtype=torch.float16)
multi_rays is empty, x tensor([3.0156, 2.0195, 0.0000], dtype=torch.float16), ray_directions tensor([-1.0000e+00, -6.6414e-03, -1.6093e-06], dtype=torch.float16)
multi_rays is empty, x tensor([0.3843, 0.0000, 0.3118], dtype=torch.float16), ray_directions tensor([-1.0000e+00, -9.7156e-06, -9.3002e-03], dtype=torch.float16)
multi_rays is empty, x tensor([0.9326, 2.9961, 0.0000], dtype=torch.float16), ray_directions tensor([-1.0000e+00, -7.8278e-03, -5.3644e-06], dtype=torch.float16)
multi_rays is empty, x tensor([1.3623, 1.5742, 0.0000], dtype=torch.float16), ray_directions tensor([-1.0000e+00, -1.4744e-03, -7.9870e-06], dtype=torch.float16)
multi_rays is empty, x tensor([2.3340, 1.1406, 0.0000], dtype=torch.float16), ray_directions tensor([-1.0000e+00, -6.1340e-03, -9.8944e-06], dtype=torch.float16)
multi_rays is empty, x tensor([3.0430, 0.0000, 1.6309], dtype=torch.float16), ray_directions tensor([-1.0000e+00, -5.9009e-06, -1.7290e-03], dtype=torch.float16)
multi_rays is empty, x tensor([1.1904, 0.0000, 1.7285], dtype=torch.float16), ray_directions tensor([-1.0000e+00, -1.6689e-06, -8.8654e-03], dtype=torch.float16)
multi_rays is empty, x tensor([0.4851, 1.7441, 0.0000], dtype=torch.float16), ray_directions tensor([-1.0000e+00, -8.0719e-03, -9.2387e-06], dtype=torch.float16)
multi_rays is empty, x tensor([0.7690, 1.5342, -0.0000], dtype=torch.float16), ray_directions tensor([-1.0000e+00, -6.5689e-03, -7.9274e-06], dtype=torch.float16)
multi_rays is empty, x tensor([7.4258, 1.2676, 0.0000], dtype=torch.float16), ray_directions tensor([-1.0000e+00, -2.1915e-03, -7.4506e-06], dtype=torch.float16)
multi_rays is empty, x tensor([0.8223, 3.9648, 0.0000], dtype=torch.float16), ray_directions tensor([-1.0000e+00, -1.0538e-03, -9.8944e-06], dtype=torch.float16)
multi_rays is empty, x tensor([2.6504, 0.0000, 0.7202], dtype=torch.float16), ray_directions tensor([-1.0000e+00, -6.3181e-06, -7.2021e-03], dtype=torch.float16)
multi_rays is empty, x tensor([1.5801, 1.6133, 0.0000], dtype=torch.float16), ray_directions tensor([-1.0000e+00, -9.5825e-03, -1.0133e-06], dtype=torch.float16)
multi_rays is empty, x tensor([3.3594, 4.7812, 0.0000], dtype=torch.float16), ray_directions tensor([-1.0000e+00, -8.1406e-03, -2.9802e-06], dtype=torch.float16)
multi_rays is empty, x tensor([3.0703, 0.0000, 1.9932], dtype=torch.float16), ray_directions tensor([-1.0000e+00, -4.1723e-06, -6.8512e-03], dtype=torch.float16)
multi_rays is empty, x tensor([6.6680, 0.3943, 0.0000], dtype=torch.float16), ray_directions tensor([-1.0000e+00, -8.8196e-03, -2.8014e-06], dtype=torch.float16)
multi_rays is empty, x tensor([7.3516, 4.1016, 0.0000], dtype=torch.float16), ray_directions tensor([-1.0000e+00, -9.9087e-04, -6.1393e-06], dtype=torch.float16)
multi_rays is empty, x tensor([5.3242, 0.0000, 1.7607], dtype=torch.float16), ray_directions tensor([-1.0000e+00, -7.5698e-06, -3.0479e-03], dtype=torch.float16)
multi_rays is empty, x tensor([3.1211, 0.0000, 0.7734], dtype=torch.float16), ray_directions tensor([-1.0000e+00, -8.7619e-06, -7.1144e-03], dtype=torch.float16)
multi_rays is empty, x tensor([5.9766, 1.0850, -0.0000], dtype=torch.float16), ray_directions tensor([-1.0000e+00, -8.4763e-03, -7.2122e-06], dtype=torch.float16)
multi_rays is empty, x tensor([5.5156, 3.0742, 0.0000], dtype=torch.float16), ray_directions tensor([-1.0000e+00, -2.2602e-03, -9.2983e-06], dtype=torch.float16)
multi_rays is empty, x tensor([6.5703, 0.3767, 0.0000], dtype=torch.float16), ray_directions tensor([-1.0000e+00, -3.8242e-03, -1.2517e-06], dtype=torch.float16)
multi_rays is empty, x tensor([0.4736, 1.4414, -0.0000], dtype=torch.float16), ray_directions tensor([-1.0000e+00, -7.1411e-03, -3.2187e-06], dtype=torch.float16)
multi_rays is empty, x tensor([7.3867, 0.0000, 0.6074], dtype=torch.float16), ray_directions tensor([-1.0000e+00, -3.8147e-06, -5.5923e-03], dtype=torch.float16)
multi_rays is empty, x tensor([7.8984, 0.0000, 1.8281], dtype=torch.float16), ray_directions tensor([-1.0000e+00, -9.2983e-06, -3.8471e-03], dtype=torch.float16)
multi_rays is empty, x tensor([7.1914, 0.4016, 0.0000], dtype=torch.float16), ray_directions tensor([-1.0000e+00, -3.3989e-03, -5.7817e-06], dtype=torch.float16)
multi_rays is empty, x tensor([7.9961, 3.5293, 0.0000], dtype=torch.float16), ray_directions tensor([-1.0000e+00, -1.7524e-04, -8.0466e-06], dtype=torch.float16)
multi_rays is empty, x tensor([7.3906, 3.9980, 0.0000], dtype=torch.float16), ray_directions tensor([-1.0000e+00, -6.2180e-04, -6.1393e-06], dtype=torch.float16)
multi_rays is empty, x tensor([1.9971, 0.0000, 0.9482], dtype=torch.float16), ray_directions tensor([-1.0000e+00, -7.8082e-06, -7.2250e-03], dtype=torch.float16)
multi_rays is empty, x tensor([7.6133, 4.0234, 0.0000], dtype=torch.float16), ray_directions tensor([-1.0000e+00, -8.0032e-03, -7.2718e-06], dtype=torch.float16)
multi_rays is empty, x tensor([8.6094, 0.0000, 1.9023], dtype=torch.float16), ray_directions tensor([-1.0000e+00, -3.4571e-06, -4.8637e-03], dtype=torch.float16)
multi_rays is empty, x tensor([3.1660, 0.0000, 0.4243], dtype=torch.float16), ray_directions tensor([-1.0000e+00, -4.0531e-06, -1.4257e-04], dtype=torch.float16)
multi_rays is empty, x tensor([8.8672, 0.0000, 1.8438], dtype=torch.float16), ray_directions tensor([-1.0000e+00, -3.3975e-06, -1.6203e-03], dtype=torch.float16)
multi_rays is empty, x tensor([6.6016, 0.0000, 0.6328], dtype=torch.float16), ray_directions tensor([-1.0000e+00, -9.5963e-06, -1.0366e-03], dtype=torch.float16)
multi_rays is empty, x tensor([6.5195, 0.0000, 1.5605], dtype=torch.float16), ray_directions tensor([-1.0000e+00, -3.4571e-06, -8.3084e-03], dtype=torch.float16)
multi_rays is empty, x tensor([5.1523, 2.2773, 0.0000], dtype=torch.float16), ray_directions tensor([-1.0000e+00, -7.2784e-03, -9.6560e-06], dtype=torch.float16)
multi_rays is empty, x tensor([4.8672, 2.1035, 0.0000], dtype=torch.float16), ray_directions tensor([-1.0000e+00, -8.2626e-03, -8.8811e-06], dtype=torch.float16)
multi_rays is empty, x tensor([0.8013, 1.9805, 0.0000], dtype=torch.float16), ray_directions tensor([-1.0000e+00, -2.9736e-03, -5.4240e-06], dtype=torch.float16)
multi_rays is empty, x tensor([1.8174, 0.0000, 0.4443], dtype=torch.float16), ray_directions tensor([-1.0000e+00, -9.1791e-06, -5.5122e-03], dtype=torch.float16)
multi_rays is empty, x tensor([7.4961, 2.9258, 0.0000], dtype=torch.float16), ray_directions tensor([-1.0000e+00, -2.0838e-04, -6.4373e-06], dtype=torch.float16)
multi_rays is empty, x tensor([3.9902, 0.0000, 0.1155], dtype=torch.float16), ray_directions tensor([-1.0000e+00, -4.7088e-06, -6.4774e-03], dtype=torch.float16)
multi_rays is empty, x tensor([2.0039, 0.0000, 0.7441], dtype=torch.float16), ray_directions tensor([-1.0000e+00, -5.9009e-06, -6.2294e-03], dtype=torch.float16)
multi_rays is empty, x tensor([2.2559, 0.0000, 0.4807], dtype=torch.float16), ray_directions tensor([-1.0000e+00, -6.9737e-06, -2.4910e-03], dtype=torch.float16)
multi_rays is empty, x tensor([2.4980, 0.0000, 0.7852], dtype=torch.float16), ray_directions tensor([-1.0000e+00, -4.7088e-06, -5.1537e-03], dtype=torch.float16)
multi_rays is empty, x tensor([6.4375, 0.0000, 0.0820], dtype=torch.float16), ray_directions tensor([-1.0000e+00, -7.2122e-06, -8.0261e-03], dtype=torch.float16)
multi_rays is empty, x tensor([5.2617, 0.0000, 1.6396], dtype=torch.float16), ray_directions tensor([-1.0000e+00, -9.7752e-06, -2.3365e-03], dtype=torch.float16)
multi_rays is empty, x tensor([1.4453, 1.5352, 0.0000], dtype=torch.float16), ray_directions tensor([-1.0000e+00, -5.2185e-03, -6.7949e-06], dtype=torch.float16)
multi_rays is empty, x tensor([3.5156, 1.5898, 0.0000], dtype=torch.float16), ray_directions tensor([-1.0000e+00, -2.0466e-03, -7.5102e-06], dtype=torch.float16)
multi_rays is empty, x tensor([7.0195, 4.3984, 0.0000], dtype=torch.float16), ray_directions tensor([-1.0000e+00, -4.3793e-03, -5.0068e-06], dtype=torch.float16)
multi_rays is empty, x tensor([3.3652, 0.0000, 0.3330], dtype=torch.float16), ray_directions tensor([-1.0000e+00, -5.0664e-06, -6.5918e-03], dtype=torch.float16)
multi_rays is empty, x tensor([4.2422, 0.0000, 0.7114], dtype=torch.float16), ray_directions tensor([-1.0000e+00, -5.4240e-06, -3.2711e-03], dtype=torch.float16)
multi_rays is empty, x tensor([6.6758, 0.5352, 0.0000], dtype=torch.float16), ray_directions tensor([-1.0000e+00, -1.4663e-04, -9.1791e-06], dtype=torch.float16)
multi_rays is empty, x tensor([4.1211, 0.0511, 0.0000], dtype=torch.float16), ray_directions tensor([-1.0000e+00, -2.4357e-03, -5.9605e-08], dtype=torch.float16)
multi_rays is empty, x tensor([2.3828, 1.4814, 0.0000], dtype=torch.float16), ray_directions tensor([-1.0000e+00, -8.6060e-03, -2.9802e-06], dtype=torch.float16)
multi_rays is empty, x tensor([2.6172, 1.6201, 0.0000], dtype=torch.float16), ray_directions tensor([-1.0000e+00, -3.7556e-03, -2.0266e-06], dtype=torch.float16)
multi_rays is empty, x tensor([6.4102, 2.2109, 0.0000], dtype=torch.float16), ray_directions tensor([-1.0000e+00, -6.5002e-03, -8.6427e-06], dtype=torch.float16)
multi_rays is empty, x tensor([7.9297, 4.8711, 0.0000], dtype=torch.float16), ray_directions tensor([-1.0000e+00, -5.4657e-05, -5.4836e-06], dtype=torch.float16)
multi_rays is empty, x tensor([9.1719, 0.0000, 1.4395], dtype=torch.float16), ray_directions tensor([-1.0000e+00, -8.7619e-06, -6.9199e-03], dtype=torch.float16)
multi_rays is empty, x tensor([3.7324, 0.0000, 1.3545], dtype=torch.float16), ray_directions tensor([-1.0000e+00, -3.0994e-06, -4.4365e-03], dtype=torch.float16)
multi_rays is empty, x tensor([3.7637, 2.0215, 0.0000], dtype=torch.float16), ray_directions tensor([-1.0000e+00, -1.4334e-03, -6.5565e-06], dtype=torch.float16)
multi_rays is empty, x tensor([1.3828, 1.9219, 0.0000], dtype=torch.float16), ray_directions tensor([-1.0000e+00, -4.1313e-03, -9.7752e-06], dtype=torch.float16)
multi_rays is empty, x tensor([0.7412, 0.0000, 0.2549], dtype=torch.float16), ray_directions tensor([-1.0000e+00, -8.8811e-06, -5.8413e-04], dtype=torch.float16)
multi_rays is empty, x tensor([0.5288, 0.0000, 0.4297], dtype=torch.float16), ray_directions tensor([-1.0000e+00, -2.9206e-06, -1.6756e-03], dtype=torch.float16)
multi_rays is empty, x tensor([0.9448, 0.0000, 1.9092], dtype=torch.float16), ray_directions tensor([-1.0000e+00, -4.2319e-06, -2.7418e-06], dtype=torch.float16)
multi_rays is empty, x tensor([2.0430, 1.5859, 0.0000], dtype=torch.float16), ray_directions tensor([-1.0000e+00, -3.4199e-03, -9.7156e-06], dtype=torch.float16)
multi_rays is empty, x tensor([0.7153, 0.0000, 0.6406], dtype=torch.float16), ray_directions tensor([-1.0000e+00, -8.2254e-06, -2.8687e-03], dtype=torch.float16)
multi_rays is empty, x tensor([0.3696, 0.0000, 1.1816], dtype=torch.float16), ray_directions tensor([-1.0000e+00, -5.9009e-06, -8.9569e-03], dtype=torch.float16)
multi_rays is empty, x tensor([1.4951, 0.0000, 2.4199], dtype=torch.float16), ray_directions tensor([-1.0000e+00, -6.0201e-06, -7.4615e-03], dtype=torch.float16)
multi_rays is empty, x tensor([1.5859, 0.0000, 1.8535], dtype=torch.float16), ray_directions tensor([-1.0000e+00, -2.2054e-06, -5.2605e-03], dtype=torch.float16)
multi_rays is empty, x tensor([0.8052, 0.0000, 1.1582], dtype=torch.float16), ray_directions tensor([-1.0000e+00, -3.5167e-06, -6.3782e-03], dtype=torch.float16)
multi_rays is empty, x tensor([6.9648, 0.9131, 0.0000], dtype=torch.float16), ray_directions tensor([-1.0000e+00, -3.8452e-03, -2.5630e-06], dtype=torch.float16)
multi_rays is empty, x tensor([3.4941, 0.0000, 0.2566], dtype=torch.float16), ray_directions tensor([-1.0000e+00, -7.9870e-06, -8.8043e-03], dtype=torch.float16)
multi_rays is empty, x tensor([0.4858, 1.9199, -0.0000], dtype=torch.float16), ray_directions tensor([-1.0000e+00, -5.8441e-03, -9.4771e-06], dtype=torch.float16)
multi_rays is empty, x tensor([2.5039, 0.0000, 1.9258], dtype=torch.float16), ray_directions tensor([-1.0000e+00, -3.1590e-06, -1.6251e-03], dtype=torch.float16)
multi_rays is empty, x tensor([1.9736, 3.2266, 0.0000], dtype=torch.float16), ray_directions tensor([-1.0000e+00, -4.3869e-03, -5.0664e-06], dtype=torch.float16)
multi_rays is empty, x tensor([3.2012, 2.2227, 0.0000], dtype=torch.float16), ray_directions tensor([-1.0000e+00, -8.2474e-03, -1.7881e-06], dtype=torch.float16)
multi_rays is empty, x tensor([2.8750, 1.5850, 0.0000], dtype=torch.float16), ray_directions tensor([-1.0000e+00, -3.7611e-05, -2.9206e-06], dtype=torch.float16)
multi_rays is empty, x tensor([2.9941, 2.0117, 0.0000], dtype=torch.float16), ray_directions tensor([-1.0000e+00, -9.7046e-03, -9.3579e-06], dtype=torch.float16)
multi_rays is empty, x tensor([4.0273, 1.9277, 0.0000], dtype=torch.float16), ray_directions tensor([-1.0000e+00, -5.8212e-03, -5.9009e-06], dtype=torch.float16)
multi_rays is empty, x tensor([3.5078, 0.0000, 1.9121], dtype=torch.float16), ray_directions tensor([-1.0000e+00, -8.7023e-06, -7.3624e-03], dtype=torch.float16)
multi_rays is empty, x tensor([4.2344, 1.7373, 0.0000], dtype=torch.float16), ray_directions tensor([-1.0000e+00, -6.7139e-03, -4.8876e-06], dtype=torch.float16)
multi_rays is empty, x tensor([5.1094, 0.0268, 0.0000], dtype=torch.float16), ray_directions tensor([-1.0000e+00, -4.3030e-03, -3.9339e-06], dtype=torch.float16)
multi_rays is empty, x tensor([1.9609, 1.6260, 0.0000], dtype=torch.float16), ray_directions tensor([-1.0000e+00, -8.4305e-03, -6.6161e-06], dtype=torch.float16)
multi_rays is empty, x tensor([1.9395, 1.7236, 0.0000], dtype=torch.float16), ray_directions tensor([-1.0000e+00, -6.6605e-03, -3.5167e-06], dtype=torch.float16)
multi_rays is empty, x tensor([1.4268, 0.0000, 0.4482], dtype=torch.float16), ray_directions tensor([-1.0000e+00, -2.8014e-06, -7.7400e-03], dtype=torch.float16)
multi_rays is empty, x tensor([5.2891, 4.1484, 0.0000], dtype=torch.float16), ray_directions tensor([-1.0000e+00, -7.3853e-03, -9.5367e-06], dtype=torch.float16)
multi_rays is empty, x tensor([1.5684, 2.1113, 0.0000], dtype=torch.float16), ray_directions tensor([-1.0000e+00, -7.2174e-03, -6.4373e-06], dtype=torch.float16)
multi_rays is empty, x tensor([1.6807, 1.2549, 0.0000], dtype=torch.float16), ray_directions tensor([-1.0000e+00, -5.0697e-03, -6.1393e-06], dtype=torch.float16)
multi_rays is empty, x tensor([1.9570, 0.0000, 0.1190], dtype=torch.float16), ray_directions tensor([-1.0000e+00, -9.6560e-06, -3.4466e-03], dtype=torch.float16)
multi_rays is empty, x tensor([1.3672, 0.0000, 0.4614], dtype=torch.float16), ray_directions tensor([-1.0000e+00, -9.3579e-06, -2.4462e-04], dtype=torch.float16)
multi_rays is empty, x tensor([1.2227, 1.3379, 0.0000], dtype=torch.float16), ray_directions tensor([-1.0000e+00, -8.1863e-03, -5.9605e-06], dtype=torch.float16)
multi_rays is empty, x tensor([2.5801, 0.9419, -0.0000], dtype=torch.float16), ray_directions tensor([-1.0000e+00, -8.2626e-03, -8.0466e-06], dtype=torch.float16)
multi_rays is empty, x tensor([5.9531, 0.0000, 0.5054], dtype=torch.float16), ray_directions tensor([-1.0000e+00, -4.2915e-06, -4.1695e-03], dtype=torch.float16)
multi_rays is empty, x tensor([6.6719, 1.0088, 0.0000], dtype=torch.float16), ray_directions tensor([-1.0000e+00, -3.2501e-03, -7.2122e-06], dtype=torch.float16)
multi_rays is empty, x tensor([6.5586, 3.4355, 0.0000], dtype=torch.float16), ray_directions tensor([-1.0000e+00, -8.0719e-03, -7.8678e-06], dtype=torch.float16)
multi_rays is empty, x tensor([8.9297, 0.0000, 1.7480], dtype=torch.float16), ray_directions tensor([-1.0000e+00, -8.9407e-06, -5.3215e-03], dtype=torch.float16)
multi_rays is empty, x tensor([5.6484, 0.4407, 0.0000], dtype=torch.float16), ray_directions tensor([-1.0000e+00, -7.1869e-03, -6.2585e-06], dtype=torch.float16)
multi_rays is empty, x tensor([8.8438, 0.0000, 1.7793], dtype=torch.float16), ray_directions tensor([-1.0000e+00, -4.8280e-06, -9.3918e-03], dtype=torch.float16)
multi_rays is empty, x tensor([8.5625, 0.0000, 1.8457], dtype=torch.float16), ray_directions tensor([-1.0000e+00, -5.2452e-06, -2.9659e-03], dtype=torch.float16)
multi_rays is empty, x tensor([9.3906, 0.0000, 1.8613], dtype=torch.float16), ray_directions tensor([-1.0000e+00, -6.5565e-06, -6.3629e-03], dtype=torch.float16)
multi_rays is empty, x tensor([9.1484, 0.0000, 1.8701], dtype=torch.float16), ray_directions tensor([-1.0000e+00, -7.8082e-06, -4.3945e-03], dtype=torch.float16)
multi_rays is empty, x tensor([9.2344, 0.0000, 2.2969], dtype=torch.float16), ray_directions tensor([-1.0000e+00, -3.0398e-06, -7.8735e-03], dtype=torch.float16)
multi_rays is empty, x tensor([9.4766, 0.0000, 1.7402], dtype=torch.float16), ray_directions tensor([-1.0000e+00, -3.5167e-06, -7.4100e-04], dtype=torch.float16)
multi_rays is empty, x tensor([6.4023, 0.0000, 0.7310], dtype=torch.float16), ray_directions tensor([-1.0000e+00, -5.4240e-06, -5.4169e-03], dtype=torch.float16)
multi_rays is empty, x tensor([1.4951, 0.0000, 1.2861], dtype=torch.float16), ray_directions tensor([-1.0000e+00, -4.8876e-06, -7.6981e-03], dtype=torch.float16)
multi_rays is empty, x tensor([1.5039, 0.0000, 0.9878], dtype=torch.float16), ray_directions tensor([-1.0000e+00, -7.4506e-06, -6.4850e-03], dtype=torch.float16)
multi_rays is empty, x tensor([1.4482, 0.0000, 1.1055], dtype=torch.float16), ray_directions tensor([-1.0000e+00, -3.1590e-06, -5.5847e-03], dtype=torch.float16)
multi_rays is empty, x tensor([4.5078, 5.0039, 0.5854], dtype=torch.float16), ray_directions tensor([-0.2190,  0.0867, -0.9717], dtype=torch.float16)
multi_rays is empty, x tensor([4.5078, 5.0039, 0.5845], dtype=torch.float16), ray_directions tensor([-0.2190,  0.0867, -0.9717], dtype=torch.float16)
multi_rays is empty, x tensor([4.5078, 5.0039, 0.5835], dtype=torch.float16), ray_directions tensor([-0.2190,  0.0867, -0.9717], dtype=torch.float16)
multi_rays is empty, x tensor([4.5039, 5.0039, 0.5825], dtype=torch.float16), ray_directions tensor([-0.2190,  0.0867, -0.9717], dtype=torch.float16)
multi_rays is empty, x tensor([0.5264, 2.9668, 0.0000], dtype=torch.float16), ray_directions tensor([-1.0000e+00, -3.7174e-03, -6.4969e-06], dtype=torch.float16)
multi_rays is empty, x tensor([3.6406, 0.0000, 1.8867], dtype=torch.float16), ray_directions tensor([-1.0000e+00, -5.6028e-06, -6.5708e-04], dtype=torch.float16)
multi_rays is empty, x tensor([1.8838, 0.0000, 0.5425], dtype=torch.float16), ray_directions tensor([-1.0000e+00, -1.5497e-06, -3.6297e-03], dtype=torch.float16)
multi_rays is empty, x tensor([2.2695, 0.0000, 0.7314], dtype=torch.float16), ray_directions tensor([-1.0000e+00, -3.9339e-06, -3.8891e-03], dtype=torch.float16)
multi_rays is empty, x tensor([1.1387, 1.6865, 0.0000], dtype=torch.float16), ray_directions tensor([-1.0000e+00, -9.1476e-03, -6.6161e-06], dtype=torch.float16)
multi_rays is empty, x tensor([2.4375, 1.8848, 0.0000], dtype=torch.float16), ray_directions tensor([-1.0000e+00, -2.9469e-03, -3.2187e-06], dtype=torch.float16)
multi_rays is empty, x tensor([3.5449, 0.1877, -0.0000], dtype=torch.float16), ray_directions tensor([-1.0000e+00, -7.1869e-03, -9.8944e-06], dtype=torch.float16)
multi_rays is empty, x tensor([4.0312, 0.0138, 0.0000], dtype=torch.float16), ray_directions tensor([-1.0000e+00, -4.6577e-03, -4.2915e-06], dtype=torch.float16)
multi_rays is empty, x tensor([5.7383, 4.1289, 0.0000], dtype=torch.float16), ray_directions tensor([-1.0000e+00, -5.1346e-03, -5.3048e-06], dtype=torch.float16)
multi_rays is empty, x tensor([7.1406, 0.0000, 1.5488], dtype=torch.float16), ray_directions tensor([-1.0000e+00, -7.8678e-06, -1.5326e-03], dtype=torch.float16)
multi_rays is empty, x tensor([4.2891, 0.3452, 0.0000], dtype=torch.float16), ray_directions tensor([-1.0000e+00, -2.3632e-03, -1.9670e-06], dtype=torch.float16)
multi_rays is empty, x tensor([2.6387, 0.0000, 0.4238], dtype=torch.float16), ray_directions tensor([-1.0000e+00, -4.8280e-06, -5.1842e-03], dtype=torch.float16)
multi_rays is empty, x tensor([9.1875, 0.9707, 0.0000], dtype=torch.float16), ray_directions tensor([-1.0000e+00, -2.1725e-03, -8.2850e-06], dtype=torch.float16)
multi_rays is empty, x tensor([2.1660, 0.0000, 0.4993], dtype=torch.float16), ray_directions tensor([-1.0000e+00, -9.5367e-06, -2.7065e-03], dtype=torch.float16)
multi_rays is empty, x tensor([3.6055, 0.0000, 0.5034], dtype=torch.float16), ray_directions tensor([-1.0000e+00, -5.1856e-06, -3.6373e-03], dtype=torch.float16)
multi_rays is empty, x tensor([4.1797, 0.0000, 1.6523], dtype=torch.float16), ray_directions tensor([-1.0000e+00, -7.3314e-06, -2.2163e-03], dtype=torch.float16)
multi_rays is empty, x tensor([5.7070, 0.0000, 0.6655], dtype=torch.float16), ray_directions tensor([-1.0000e+00, -9.8348e-06, -9.0637e-03], dtype=torch.float16)
multi_rays is empty, x tensor([7.8086, 0.0000, 1.9141], dtype=torch.float16), ray_directions tensor([-1.0000e+00, -5.3048e-06, -2.0542e-03], dtype=torch.float16)
multi_rays is empty, x tensor([7.0469, 0.0000, 0.5747], dtype=torch.float16), ray_directions tensor([-1.0000e+00, -9.5367e-06, -4.4899e-03], dtype=torch.float16)
multi_rays is empty, x tensor([5.6211, 0.6069, 0.0000], dtype=torch.float16), ray_directions tensor([-1.0000e+00, -4.0245e-03, -2.5630e-06], dtype=torch.float16)
multi_rays is empty, x tensor([6.5898, 0.0000, 0.3228], dtype=torch.float16), ray_directions tensor([-1.0000e+00, -4.1723e-06, -8.0414e-03], dtype=torch.float16)
multi_rays is empty, x tensor([2.8242, 0.2185, 0.0000], dtype=torch.float16), ray_directions tensor([-1.0000e+00, -7.1859e-04, -1.1325e-06], dtype=torch.float16)
multi_rays is empty, x tensor([6.6133, 0.0000, 0.4011], dtype=torch.float16), ray_directions tensor([-1.0000e+00, -7.9870e-06, -9.6359e-03], dtype=torch.float16)
multi_rays is empty, x tensor([3.9961, -0.0000, 1.3848], dtype=torch.float16), ray_directions tensor([-1.0000e+00, -2.9802e-06, -3.3665e-03], dtype=torch.float16)
multi_rays is empty, x tensor([3.6406, 0.0000, 0.3662], dtype=torch.float16), ray_directions tensor([-1.0000e+00, -6.4373e-06, -8.7357e-03], dtype=torch.float16)
multi_rays is empty, x tensor([9.2656, 0.0000, 1.7031], dtype=torch.float16), ray_directions tensor([-1.0000e+00, -7.7486e-06, -5.7983e-03], dtype=torch.float16)
multi_rays is empty, x tensor([9.4297, 0.0000, 1.6504], dtype=torch.float16), ray_directions tensor([-1.0000e+00, -8.4639e-06, -2.6655e-04], dtype=torch.float16)
multi_rays is empty, x tensor([4.2422, 0.0144, 0.0000], dtype=torch.float16), ray_directions tensor([-1.0000e+00, -9.1696e-04, -6.9737e-06], dtype=torch.float16)
multi_rays is empty, x tensor([4.6641, 2.3730, 0.0000], dtype=torch.float16), ray_directions tensor([-1.0000e+00, -9.7198e-03, -8.3447e-06], dtype=torch.float16)
multi_rays is empty, x tensor([5.3945, 0.0000, 1.2422], dtype=torch.float16), ray_directions tensor([-1.0000e+00, -7.3910e-06, -4.9829e-04], dtype=torch.float16)
multi_rays is empty, x tensor([3.9727, 2.2305, 0.0000], dtype=torch.float16), ray_directions tensor([-1.0000e+00, -8.7891e-03, -1.6093e-06], dtype=torch.float16)
multi_rays is empty, x tensor([1.1963, 2.5664, 0.0000], dtype=torch.float16), ray_directions tensor([-1.0000e+00, -6.5517e-04, -6.0797e-06], dtype=torch.float16)
multi_rays is empty, x tensor([1.8594, 0.0000, 0.4382], dtype=torch.float16), ray_directions tensor([-1.0000e+00, -3.6359e-06, -8.1024e-03], dtype=torch.float16)
multi_rays is empty, x tensor([7.2148, 3.1738, 0.0000], dtype=torch.float16), ray_directions tensor([-1.0000e+00, -9.3536e-03, -9.2387e-06], dtype=torch.float16)
multi_rays is empty, x tensor([6.6484, 0.0000, 0.9116], dtype=torch.float16), ray_directions tensor([-1.0000e+00, -3.0398e-06, -5.3101e-03], dtype=torch.float16)
multi_rays is empty, x tensor([1.3320, 0.0000, 1.9238], dtype=torch.float16), ray_directions tensor([-1.0000e+00, -9.9540e-06, -9.5701e-04], dtype=torch.float16)
multi_rays is empty, x tensor([0.6260, 0.0000, 0.5723], dtype=torch.float16), ray_directions tensor([-1.0000e+00, -4.4703e-06, -2.6393e-04], dtype=torch.float16)
multi_rays is empty, x tensor([0.8457, 0.0000, 1.7295], dtype=torch.float16), ray_directions tensor([-1.0000e+00, -7.1526e-06, -1.4286e-03], dtype=torch.float16)
multi_rays is empty, x tensor([0.7432, 0.0000, 1.4082], dtype=torch.float16), ray_directions tensor([-1.0000e+00, -3.3379e-06, -5.1422e-03], dtype=torch.float16)
multi_rays is empty, x tensor([1.5625, 0.0000, 0.3860], dtype=torch.float16), ray_directions tensor([-1.0000e+00, -4.5300e-06, -2.6054e-03], dtype=torch.float16)
multi_rays is empty, x tensor([1.4092, 1.5117, 0.0000], dtype=torch.float16), ray_directions tensor([-1.0000e+00, -6.8207e-03, -6.1393e-06], dtype=torch.float16)
multi_rays is empty, x tensor([7.6641, 2.3359, 0.0000], dtype=torch.float16), ray_directions tensor([-1.0000e+00, -7.8278e-03, -4.4703e-06], dtype=torch.float16)
multi_rays is empty, x tensor([1.9355, 0.0000, 0.4895], dtype=torch.float16), ray_directions tensor([-1.0000e+00, -8.7619e-06, -1.6985e-03], dtype=torch.float16)
multi_rays is empty, x tensor([2.4668, 0.0000, 0.5146], dtype=torch.float16), ray_directions tensor([-1.0000e+00, -8.3447e-07, -5.5923e-03], dtype=torch.float16)
multi_rays is empty, x tensor([5.6016, 0.0000, 2.3594], dtype=torch.float16), ray_directions tensor([-1.0000e+00, -7.4506e-06, -2.1496e-03], dtype=torch.float16)
multi_rays is empty, x tensor([6.3359, 1.1475, 0.0000], dtype=torch.float16), ray_directions tensor([-1.0000e+00, -5.0187e-05, -6.7353e-06], dtype=torch.float16)
multi_rays is empty, x tensor([1.9277, 2.3145, 0.0000], dtype=torch.float16), ray_directions tensor([-1.0000e+00, -3.9940e-03, -3.2187e-06], dtype=torch.float16)
multi_rays is empty, x tensor([6.0703, 0.0000, 1.7217], dtype=torch.float16), ray_directions tensor([-1.0000e+00, -9.1791e-06, -8.2016e-03], dtype=torch.float16)
multi_rays is empty, x tensor([2.0879, 1.7148, 0.0000], dtype=torch.float16), ray_directions tensor([-1.0000e+00, -4.2267e-03, -8.5235e-06], dtype=torch.float16)
multi_rays is empty, x tensor([2.9141, 1.1572, 0.0000], dtype=torch.float16), ray_directions tensor([-1.0000e+00, -8.8043e-03, -4.3511e-06], dtype=torch.float16)
multi_rays is empty, x tensor([6.5039, 0.0000, 1.6406], dtype=torch.float16), ray_directions tensor([-1.0000e+00, -3.2783e-06, -4.2381e-03], dtype=torch.float16)
multi_rays is empty, x tensor([2.2461, 2.2227, 0.0000], dtype=torch.float16), ray_directions tensor([-1.0000e+00, -9.1171e-03, -6.3181e-06], dtype=torch.float16)
multi_rays is empty, x tensor([2.7598, 2.0742, 0.0000], dtype=torch.float16), ray_directions tensor([-1.0000e+00, -3.6163e-03, -8.3447e-06], dtype=torch.float16)
multi_rays is empty, x tensor([4.7227, 2.1797, 0.0000], dtype=torch.float16), ray_directions tensor([-1.0000e+00, -3.9482e-03, -4.1127e-06], dtype=torch.float16)
multi_rays is empty, x tensor([6.0977, 0.0000, 1.0361], dtype=torch.float16), ray_directions tensor([-1.0000e+00, -6.7353e-06, -7.4196e-03], dtype=torch.float16)
multi_rays is empty, x tensor([6.2500, 0.0000, 0.8521], dtype=torch.float16), ray_directions tensor([-1.0000e+00, -3.9339e-06, -1.1845e-03], dtype=torch.float16)
multi_rays is empty, x tensor([3.3457, 2.5273, 0.0000], dtype=torch.float16), ray_directions tensor([-1.0000e+00, -3.3741e-03, -7.9274e-06], dtype=torch.float16)
multi_rays is empty, x tensor([9.4062, 0.0000, 1.8506], dtype=torch.float16), ray_directions tensor([-1.0000e+00, -5.0068e-06, -7.1602e-03], dtype=torch.float16)
multi_rays is empty, x tensor([6.1719, 0.0000, 0.2886], dtype=torch.float16), ray_directions tensor([-1.0000e+00, -9.4771e-06, -1.2913e-03], dtype=torch.float16)
multi_rays is empty, x tensor([7.0586, 0.0000, 0.2524], dtype=torch.float16), ray_directions tensor([-1.0000e+00, -5.7220e-06, -9.9487e-03], dtype=torch.float16)
Finished concurrent execution of tasks.
Ending time: Thu May 30 13:30:21 CEST 2024
