Starting time: Wed May 29 16:25:07 CEST 2024
no change     /proj/gaia/RayDT/mamba_ray/condabin/conda
no change     /proj/gaia/RayDT/mamba_ray/bin/conda
no change     /proj/gaia/RayDT/mamba_ray/bin/conda-env
no change     /proj/gaia/RayDT/mamba_ray/bin/activate
no change     /proj/gaia/RayDT/mamba_ray/bin/deactivate
no change     /proj/gaia/RayDT/mamba_ray/etc/profile.d/conda.sh
no change     /proj/gaia/RayDT/mamba_ray/etc/fish/conf.d/conda.fish
no change     /proj/gaia/RayDT/mamba_ray/shell/condabin/Conda.psm1
no change     /proj/gaia/RayDT/mamba_ray/shell/condabin/conda-hook.ps1
no change     /proj/gaia/RayDT/mamba_ray/lib/python3.10/site-packages/xontrib/conda.xsh
no change     /proj/gaia/RayDT/mamba_ray/etc/profile.d/conda.csh
no change     /home/x_yifji/.bashrc
No action taken.
Activated conda environment
Conda environment:
/proj/gaia/RayDT/mamba_ray/bin/python
Python 3.10.14
Current working directory: /proj/gaia/RayDT/workspace/gfnrau/notebooks
Starting concurrent execution of tasks...
config =  {'obj': 1, 'Tx_id': 1, 'allTx': True, 'Rx_id': None, 'Rx1_id': None, 'Rx2_id': None, 'debug_path_flag': False, 'path_id': 6, 'add_noise': True, 'optim_load': False, 'small_batch': False, 'big_batch': False, 'debug': False, 'produce_fig': False, 'wandb': False, 'replot_baseline_only': False, 'test_seed': 42, 'eval_from': None, 'Ofunc': True, 'noise_sample': 5, 'path': None, 'data_prefix': 'allTx', 'data_postfix': '_noise', 'gen_func': <function gen_data_sample_across_rx at 0x14acd7e7b910>}
========== Training config ==========
gen_kwargs_list =  {'Rx_id': [None, None, None, None, None, None, None, None, None, None], 'rx_range': [None, None, None, None, None, None, None, None, None, None], 'debug_path': [False, False, False, False, False, False, False, False, False, False], 'path': [None, None, None, None, None, None, None, None, None, None], 'add_noise': [True, True, True, True, True, True, True, True, True, True], 'local_node': [True, True, True, True, True, True, True, True, True, True], 'append_receipt_loss': [True, True, True, True, True, True, True, True, True, True], 'do_assertion': [True, True, True, True, True, True, True, True, True, True], 'debug': [False, False, False, False, False, False, False, False, False, False], 'noise_sample': [5, 5, 5, 5, 5, 5, 5, 5, 5, 5], 'Tx_id': range(0, 10)}
multi_rays is empty, x tensor([3.1660, 1.9229, 0.0000], dtype=torch.float16), ray_directions tensor([-1.0000e+00, -9.2316e-03, -1.1325e-06], dtype=torch.float16)
multi_rays is empty, x tensor([1.3555, 4.0781, 0.0000], dtype=torch.float16), ray_directions tensor([-1.0000e+00, -9.1553e-03, -4.4107e-06], dtype=torch.float16)
multi_rays is empty, x tensor([0.7173, 0.0000, 1.5361], dtype=torch.float16), ray_directions tensor([-1.0000e+00, -2.6822e-06, -1.5230e-03], dtype=torch.float16)
multi_rays is empty, x tensor([0.8359, 0.0000, 1.6445], dtype=torch.float16), ray_directions tensor([-1.0000e+00, -2.5630e-06, -5.6610e-03], dtype=torch.float16)
multi_rays is empty, x tensor([1.1104, 2.8828, 0.0000], dtype=torch.float16), ray_directions tensor([-1.0000e+00, -8.9722e-03, -9.2387e-06], dtype=torch.float16)
multi_rays is empty, x tensor([6.8242, 1.9707, 0.0000], dtype=torch.float16), ray_directions tensor([-1.0000e+00, -7.4310e-03, -8.4639e-06], dtype=torch.float16)
multi_rays is empty, x tensor([1.7246, 4.0977, 0.0000], dtype=torch.float16), ray_directions tensor([-1.0000e+00, -8.8501e-03, -5.5432e-06], dtype=torch.float16)
multi_rays is empty, x tensor([0.1953, -0.0000, 0.8242], dtype=torch.float16), ray_directions tensor([-1.0000e+00, -5.9009e-06, -8.8835e-04], dtype=torch.float16)
multi_rays is empty, x tensor([3.6328, 0.0000, 1.2891], dtype=torch.float16), ray_directions tensor([-1.0000e+00, -5.9009e-06, -3.5439e-03], dtype=torch.float16)
multi_rays is empty, x tensor([5.4766, 1.1738, 0.0000], dtype=torch.float16), ray_directions tensor([-1.0000e+00, -9.8801e-03, -7.9274e-06], dtype=torch.float16)
multi_rays is empty, x tensor([2.9824, 1.0762, 0.0000], dtype=torch.float16), ray_directions tensor([-1.0000e+00, -6.9771e-03, -4.4703e-06], dtype=torch.float16)
multi_rays is empty, x tensor([1.2275, 0.0000, 1.5469], dtype=torch.float16), ray_directions tensor([-1.0000e+00, -1.7881e-06, -6.4659e-03], dtype=torch.float16)
multi_rays is empty, x tensor([3.1543, 0.2732, 0.0000], dtype=torch.float16), ray_directions tensor([-1.0000e+00, -3.0708e-03, -7.4506e-06], dtype=torch.float16)
multi_rays is empty, x tensor([6.5977, 2.4082, 0.0000], dtype=torch.float16), ray_directions tensor([-1.0000e+00, -7.5760e-03, -4.3511e-06], dtype=torch.float16)
multi_rays is empty, x tensor([3.0586, 0.0000, 1.8613], dtype=torch.float16), ray_directions tensor([-1.0000e+00, -2.6822e-06, -3.7346e-03], dtype=torch.float16)
multi_rays is empty, x tensor([0.6104, 1.5723, 0.0000], dtype=torch.float16), ray_directions tensor([-1.0000e+00, -2.6524e-05, -8.4639e-06], dtype=torch.float16)
multi_rays is empty, x tensor([1.4814, 0.0000, 1.5479], dtype=torch.float16), ray_directions tensor([-1.0000e+00, -6.4969e-06, -9.5749e-03], dtype=torch.float16)
multi_rays is empty, x tensor([1.2637, 2.3477, 0.0000], dtype=torch.float16), ray_directions tensor([-1.0000e+00, -9.6970e-03, -3.3379e-06], dtype=torch.float16)
multi_rays is empty, x tensor([0.0959, 0.5776, 0.0000], dtype=torch.float16), ray_directions tensor([-1.0000e+00, -9.4452e-03, -9.0599e-06], dtype=torch.float16)
multi_rays is empty, x tensor([1.9473, 0.0000, 1.5566], dtype=torch.float16), ray_directions tensor([-1.0000e+00, -1.4901e-06, -6.5994e-03], dtype=torch.float16)
multi_rays is empty, x tensor([4.2109, 3.8887, 0.0000], dtype=torch.float16), ray_directions tensor([-1.0000e+00, -7.8735e-03, -8.3447e-06], dtype=torch.float16)
multi_rays is empty, x tensor([8.8516, 2.2344, 0.0000], dtype=torch.float16), ray_directions tensor([-1.0000e+00, -7.7171e-03, -5.3644e-06], dtype=torch.float16)
multi_rays is empty, x tensor([0.8008, 1.3584, 0.0000], dtype=torch.float16), ray_directions tensor([-1.0000e+00, -9.1095e-03, -5.3644e-06], dtype=torch.float16)
multi_rays is empty, x tensor([0.9473, -0.0000, 0.4509], dtype=torch.float16), ray_directions tensor([-1.0000e+00, -5.1260e-06, -1.2360e-03], dtype=torch.float16)
multi_rays is empty, x tensor([1.2314, 0.1307, 0.0000], dtype=torch.float16), ray_directions tensor([-1.0000e+00, -4.9820e-03, -5.4240e-06], dtype=torch.float16)
multi_rays is empty, x tensor([0.3013, 0.3506, 0.0000], dtype=torch.float16), ray_directions tensor([-1.0000e+00, -7.5836e-03, -8.8215e-06], dtype=torch.float16)
multi_rays is empty, x tensor([0.2443, 0.3142, 0.0000], dtype=torch.float16), ray_directions tensor([-1.0000e+00, -3.8128e-03, -7.9274e-06], dtype=torch.float16)
multi_rays is empty, x tensor([5.4492, 1.0850, 0.0000], dtype=torch.float16), ray_directions tensor([-1.0000e+00, -8.3389e-03, -2.5630e-06], dtype=torch.float16)
multi_rays is empty, x tensor([6.5312, 2.3809, 0.0000], dtype=torch.float16), ray_directions tensor([-1.0000e+00, -3.2978e-03, -7.6890e-06], dtype=torch.float16)
multi_rays is empty, x tensor([9.1797, 2.7305, 0.0000], dtype=torch.float16), ray_directions tensor([-1.0000e+00, -6.9771e-03, -5.2452e-06], dtype=torch.float16)
multi_rays is empty, x tensor([8.7266, 2.0527, 0.0000], dtype=torch.float16), ray_directions tensor([-1.0000e+00, -9.0408e-03, -5.9009e-06], dtype=torch.float16)
multi_rays is empty, x tensor([1.2168, 0.0000, 0.6250], dtype=torch.float16), ray_directions tensor([-1.0000e+00, -3.0994e-06, -5.8031e-04], dtype=torch.float16)
multi_rays is empty, x tensor([5.2188, 0.0000, 1.9746], dtype=torch.float16), ray_directions tensor([-1.0000e+00, -8.4043e-06, -9.5596e-03], dtype=torch.float16)
multi_rays is empty, x tensor([6.6562, 2.0957, 0.0000], dtype=torch.float16), ray_directions tensor([-1.0000e+00, -6.8741e-03, -9.2983e-06], dtype=torch.float16)
multi_rays is empty, x tensor([7.3984, 3.6602, 0.0000], dtype=torch.float16), ray_directions tensor([-1.0000e+00, -5.9052e-03, -3.6955e-06], dtype=torch.float16)
multi_rays is empty, x tensor([5.4492, 3.2871, 0.0000], dtype=torch.float16), ray_directions tensor([-1.0000e+00, -4.6349e-03, -6.2585e-06], dtype=torch.float16)
multi_rays is empty, x tensor([1.2998, 0.0000, 0.5742], dtype=torch.float16), ray_directions tensor([-1.0000e+00, -2.3842e-06, -3.6716e-03], dtype=torch.float16)
multi_rays is empty, x tensor([7.3008, 0.4390, 0.0000], dtype=torch.float16), ray_directions tensor([-1.0000e+00, -4.4894e-04, -6.1989e-06], dtype=torch.float16)
multi_rays is empty, x tensor([1.5801, 0.0000, 0.6260], dtype=torch.float16), ray_directions tensor([-1.0000e+00, -5.9605e-06, -6.0501e-03], dtype=torch.float16)
multi_rays is empty, x tensor([1.5029, 0.0000, 0.5869], dtype=torch.float16), ray_directions tensor([-1.0000e+00, -1.7285e-06, -8.2703e-03], dtype=torch.float16)
multi_rays is empty, x tensor([5.4961, 1.0264, 0.0000], dtype=torch.float16), ray_directions tensor([-1.0000e+00, -8.2703e-03, -5.9605e-07], dtype=torch.float16)
multi_rays is empty, x tensor([1.8877, -0.0000, 0.4480], dtype=torch.float16), ray_directions tensor([-1.0000e+00, -5.8413e-06, -7.2021e-03], dtype=torch.float16)
multi_rays is empty, x tensor([2.4199, 0.0000, 1.0850], dtype=torch.float16), ray_directions tensor([-1.0000e+00, -4.1723e-06, -7.8125e-03], dtype=torch.float16)
multi_rays is empty, x tensor([2.1719, 0.4353, 0.0000], dtype=torch.float16), ray_directions tensor([-1.0000e+00, -2.2876e-04, -6.1989e-06], dtype=torch.float16)
multi_rays is empty, x tensor([2.8516, 0.4282, 0.0000], dtype=torch.float16), ray_directions tensor([-1.0000e+00, -9.8877e-03, -8.5831e-06], dtype=torch.float16)
multi_rays is empty, x tensor([9.8281, 1.4893, 0.0000], dtype=torch.float16), ray_directions tensor([-1.0000e+00, -5.3749e-03, -7.9274e-06], dtype=torch.float16)
multi_rays is empty, x tensor([0.2482, 1.3838, 0.0000], dtype=torch.float16), ray_directions tensor([-1.0000e+00, -3.5286e-03, -6.6161e-06], dtype=torch.float16)
multi_rays is empty, x tensor([0.5938, 1.5713, 0.0000], dtype=torch.float16), ray_directions tensor([-1.0000e+00, -5.7030e-03, -7.2718e-06], dtype=torch.float16)
multi_rays is empty, x tensor([0.6465, 0.0000, 1.7100], dtype=torch.float16), ray_directions tensor([-1.0000e+00, -6.1393e-06, -3.6144e-03], dtype=torch.float16)
multi_rays is empty, x tensor([0.3459, 0.0000, 1.4688], dtype=torch.float16), ray_directions tensor([-1.0000e+00, -6.7353e-06, -7.6714e-03], dtype=torch.float16)
multi_rays is empty, x tensor([2.2207, 2.1836, 0.0000], dtype=torch.float16), ray_directions tensor([-1.0000e+00, -1.2569e-03, -5.6624e-06], dtype=torch.float16)
multi_rays is empty, x tensor([1.6973, 0.0000, 1.3027], dtype=torch.float16), ray_directions tensor([-1.0000e+00, -7.1526e-06, -7.5912e-03], dtype=torch.float16)
multi_rays is empty, x tensor([1.9482, 0.0000, 1.2969], dtype=torch.float16), ray_directions tensor([-1.0000e+00, -6.7353e-06, -8.7433e-03], dtype=torch.float16)
multi_rays is empty, x tensor([0.7070, 3.2070, 0.0000], dtype=torch.float16), ray_directions tensor([-1.0000e+00, -1.5993e-03, -5.1856e-06], dtype=torch.float16)
multi_rays is empty, x tensor([1.1738, 3.0527, 0.0000], dtype=torch.float16), ray_directions tensor([-1.0000e+00, -2.7370e-03, -7.3314e-06], dtype=torch.float16)
multi_rays is empty, x tensor([1.7744, -0.0000, 1.5732], dtype=torch.float16), ray_directions tensor([-1.0000e+00, -2.1458e-06, -8.3694e-03], dtype=torch.float16)
multi_rays is empty, x tensor([0.3655, 0.0000, 0.2245], dtype=torch.float16), ray_directions tensor([-1.0000e+00, -1.9073e-06, -2.5139e-03], dtype=torch.float16)
multi_rays is empty, x tensor([5.6289, 0.7383, 0.0000], dtype=torch.float16), ray_directions tensor([-1.0000e+00, -2.4586e-03, -7.7486e-06], dtype=torch.float16)
multi_rays is empty, x tensor([0.3647, 0.5366, -0.0000], dtype=torch.float16), ray_directions tensor([-1.0000e+00, -4.3144e-03, -2.0862e-06], dtype=torch.float16)
multi_rays is empty, x tensor([6.0430, 1.1494, 0.0000], dtype=torch.float16), ray_directions tensor([-1.0000e+00, -1.7500e-03, -5.9605e-07], dtype=torch.float16)
multi_rays is empty, x tensor([0.4348, 0.7773, 0.0000], dtype=torch.float16), ray_directions tensor([-1.0000e+00, -1.2159e-03, -5.9605e-06], dtype=torch.float16)
multi_rays is empty, x tensor([0.3064, 0.7056, 0.0000], dtype=torch.float16), ray_directions tensor([-1.0000e+00, -2.8667e-03, -4.2319e-06], dtype=torch.float16)
multi_rays is empty, x tensor([6.5664, 2.2891, 0.0000], dtype=torch.float16), ray_directions tensor([-1.0000e+00, -7.8297e-04, -8.7023e-06], dtype=torch.float16)
multi_rays is empty, x tensor([0.3101, 1.0742, -0.0000], dtype=torch.float16), ray_directions tensor([-1.0000e+00, -5.7297e-03, -8.8215e-06], dtype=torch.float16)
multi_rays is empty, x tensor([2.3164, 0.0000, 1.0830], dtype=torch.float16), ray_directions tensor([-1.0000e+00, -2.3246e-06, -2.7714e-03], dtype=torch.float16)
multi_rays is empty, x tensor([2.6074, 0.0000, 0.0204], dtype=torch.float16), ray_directions tensor([-1.0000e+00, -3.2783e-06, -7.7400e-03], dtype=torch.float16)
multi_rays is empty, x tensor([1.9678, 0.2764, 0.0000], dtype=torch.float16), ray_directions tensor([-1.0000e+00, -9.5825e-03, -3.6359e-06], dtype=torch.float16)
multi_rays is empty, x tensor([0.3984, -0.0000, 1.1191], dtype=torch.float16), ray_directions tensor([-1.0000e+00, -8.3447e-06, -1.3885e-03], dtype=torch.float16)
multi_rays is empty, x tensor([4.2578, 1.4502, 0.0000], dtype=torch.float16), ray_directions tensor([-1.0000e+00, -2.0390e-03, -2.8014e-06], dtype=torch.float16)
multi_rays is empty, x tensor([2.0137, 0.5737, 0.0000], dtype=torch.float16), ray_directions tensor([-1.0000e+00, -9.9716e-03, -9.0599e-06], dtype=torch.float16)
multi_rays is empty, x tensor([1.2832, 0.0000, 0.6289], dtype=torch.float16), ray_directions tensor([-1.0000e+00, -8.8215e-06, -9.0790e-03], dtype=torch.float16)
multi_rays is empty, x tensor([8.2188, 0.4692, 0.0000], dtype=torch.float16), ray_directions tensor([-1.0000e+00, -4.5929e-03, -8.4043e-06], dtype=torch.float16)
multi_rays is empty, x tensor([6.7773, 1.0127, 0.0000], dtype=torch.float16), ray_directions tensor([-1.0000e+00, -4.9438e-03, -9.1195e-06], dtype=torch.float16)
multi_rays is empty, x tensor([5.6562, 0.9858, 0.0000], dtype=torch.float16), ray_directions tensor([-1.0000e+00, -1.5182e-03, -1.4305e-06], dtype=torch.float16)
multi_rays is empty, x tensor([2.8301, 0.8125, 0.0000], dtype=torch.float16), ray_directions tensor([-1.0000e+00, -3.3531e-03, -9.1791e-06], dtype=torch.float16)
multi_rays is empty, x tensor([8.7969, 0.0000, 1.7646], dtype=torch.float16), ray_directions tensor([-1.0000e+00, -4.7684e-06, -9.2392e-03], dtype=torch.float16)
multi_rays is empty, x tensor([4.7852, 1.5410, 0.0000], dtype=torch.float16), ray_directions tensor([-1.0000e+00, -7.0610e-03, -9.5367e-06], dtype=torch.float16)
multi_rays is empty, x tensor([1.1611, 0.0000, 0.0885], dtype=torch.float16), ray_directions tensor([-1.0000e+00, -6.7949e-06, -5.1804e-03], dtype=torch.float16)
multi_rays is empty, x tensor([9.9219, 0.0000, 1.6299], dtype=torch.float16), ray_directions tensor([-1.0000e+00, -6.9141e-06, -3.2997e-03], dtype=torch.float16)
multi_rays is empty, x tensor([2.3359, 0.4072, 0.0000], dtype=torch.float16), ray_directions tensor([-1.0000e+00, -5.6000e-03, -6.3181e-06], dtype=torch.float16)
multi_rays is empty, x tensor([9.7031, 0.0000, 2.4531], dtype=torch.float16), ray_directions tensor([-1.0000e+00, -7.0333e-06, -1.9610e-04], dtype=torch.float16)
multi_rays is empty, x tensor([2.2109, -0.0000, 0.8696], dtype=torch.float16), ray_directions tensor([-1.0000e+00, -9.2387e-06, -1.1082e-03], dtype=torch.float16)
multi_rays is empty, x tensor([1.5322, 0.0000, 0.2771], dtype=torch.float16), ray_directions tensor([-1.0000e+00, -7.0930e-06, -7.4959e-03], dtype=torch.float16)
multi_rays is empty, x tensor([1.2090, 1.4629, 0.0000], dtype=torch.float16), ray_directions tensor([-1.0000e+00, -7.5836e-03, -9.2983e-06], dtype=torch.float16)
multi_rays is empty, x tensor([1.3320, 0.0000, 0.1780], dtype=torch.float16), ray_directions tensor([-1.0000e+00, -6.7949e-06, -3.5439e-03], dtype=torch.float16)
multi_rays is empty, x tensor([1.0352, 0.3889, 0.0000], dtype=torch.float16), ray_directions tensor([-1.0000e+00, -9.3613e-03, -2.2650e-06], dtype=torch.float16)
multi_rays is empty, x tensor([2.2148, 2.0547, 0.0000], dtype=torch.float16), ray_directions tensor([-1.0000e+00, -5.7640e-03, -2.2054e-06], dtype=torch.float16)
multi_rays is empty, x tensor([0.9399, 0.6460, 0.0000], dtype=torch.float16), ray_directions tensor([-1.0000e+00, -9.4452e-03, -6.4969e-06], dtype=torch.float16)
multi_rays is empty, x tensor([2.3633, 0.0000, 0.8779], dtype=torch.float16), ray_directions tensor([-1.0000e+00, -4.1723e-06, -8.3084e-03], dtype=torch.float16)
multi_rays is empty, x tensor([0.7876, 0.1868, 0.0000], dtype=torch.float16), ray_directions tensor([-1.0000e+00, -9.7733e-03, -6.6757e-06], dtype=torch.float16)
multi_rays is empty, x tensor([4.9883, 0.0000, 1.8564], dtype=torch.float16), ray_directions tensor([-1.0000e+00, -7.6890e-06, -9.9030e-03], dtype=torch.float16)
multi_rays is empty, x tensor([1.0771, 0.0000, 1.2520], dtype=torch.float16), ray_directions tensor([-1.0000e+00, -3.5167e-06, -6.6566e-03], dtype=torch.float16)
multi_rays is empty, x tensor([0.5518, 1.1855, 0.0000], dtype=torch.float16), ray_directions tensor([-1.0000e+00, -4.1237e-03, -2.3246e-06], dtype=torch.float16)
multi_rays is empty, x tensor([0.5957, 1.3496, -0.0000], dtype=torch.float16), ray_directions tensor([-1.0000e+00, -3.5324e-03, -7.8082e-06], dtype=torch.float16)
multi_rays is empty, x tensor([6.2031, 0.0000, 1.8027], dtype=torch.float16), ray_directions tensor([-1.0000e+00, -9.1791e-06, -9.8114e-03], dtype=torch.float16)
multi_rays is empty, x tensor([0.7324, 2.3184, 0.0000], dtype=torch.float16), ray_directions tensor([-1.0000e+00, -9.9945e-03, -7.8678e-06], dtype=torch.float16)
multi_rays is empty, x tensor([1.6943, 0.3918, 0.0000], dtype=torch.float16), ray_directions tensor([-1.0000e+00, -8.5449e-03, -9.5367e-06], dtype=torch.float16)
multi_rays is empty, x tensor([6.5977, 0.2529, 0.0000], dtype=torch.float16), ray_directions tensor([-1.0000e+00, -5.9967e-03, -6.0201e-06], dtype=torch.float16)
multi_rays is empty, x tensor([3.2109, 2.1836, 0.0000], dtype=torch.float16), ray_directions tensor([-1.0000e+00, -7.6637e-03, -6.7353e-06], dtype=torch.float16)
multi_rays is empty, x tensor([2.6895, 1.9268, 0.0000], dtype=torch.float16), ray_directions tensor([-1.0000e+00, -3.2578e-03, -7.0930e-06], dtype=torch.float16)
multi_rays is empty, x tensor([1.4844, 1.2783, 0.0000], dtype=torch.float16), ray_directions tensor([-1.0000e+00, -2.3518e-03, -8.8811e-06], dtype=torch.float16)
multi_rays is empty, x tensor([2.1094, 0.2115, 0.0000], dtype=torch.float16), ray_directions tensor([-1.0000e+00, -1.2674e-03, -3.7551e-06], dtype=torch.float16)
multi_rays is empty, x tensor([2.2305, 0.4626, 0.0000], dtype=torch.float16), ray_directions tensor([-1.0000e+00, -6.4621e-03, -4.2319e-06], dtype=torch.float16)
multi_rays is empty, x tensor([2.2207, 0.0610, 0.0000], dtype=torch.float16), ray_directions tensor([-1.0000e+00, -4.4975e-03, -6.5565e-06], dtype=torch.float16)
multi_rays is empty, x tensor([6.1016, 0.0000, 2.3828], dtype=torch.float16), ray_directions tensor([-1.0000e+00, -9.8944e-06, -2.4681e-03], dtype=torch.float16)
multi_rays is empty, x tensor([5.8594, 1.7666, 0.0000], dtype=torch.float16), ray_directions tensor([-1.0000e+00, -9.3231e-03, -5.3644e-07], dtype=torch.float16)
multi_rays is empty, x tensor([7.0898, 1.9756, 0.0000], dtype=torch.float16), ray_directions tensor([-1.0000e+00, -9.7885e-03, -8.5831e-06], dtype=torch.float16)
multi_rays is empty, x tensor([7.8008, 0.0000, 0.8101], dtype=torch.float16), ray_directions tensor([-1.0000e+00, -8.7619e-06, -5.0774e-03], dtype=torch.float16)
multi_rays is empty, x tensor([7.9609, 0.7422, 0.0000], dtype=torch.float16), ray_directions tensor([-1.0000e+00, -1.5802e-03, -2.0862e-06], dtype=torch.float16)
multi_rays is empty, x tensor([2.7012, 0.5303, 0.0000], dtype=torch.float16), ray_directions tensor([-1.0000e+00, -4.4441e-03, -5.4836e-06], dtype=torch.float16)
multi_rays is empty, x tensor([0.9551, 0.0000, 0.1017], dtype=torch.float16), ray_directions tensor([-1.0000e+00, -7.6294e-06, -2.4414e-03], dtype=torch.float16)
multi_rays is empty, x tensor([0.6460, -0.0000, 0.3811], dtype=torch.float16), ray_directions tensor([-1.0000e+00, -2.5630e-06, -2.3537e-03], dtype=torch.float16)
multi_rays is empty, x tensor([0.6089, 0.0000, 1.3936], dtype=torch.float16), ray_directions tensor([-1.0000e+00, -5.7817e-06, -9.6054e-03], dtype=torch.float16)
multi_rays is empty, x tensor([1.6025, 2.3008, 0.0000], dtype=torch.float16), ray_directions tensor([-1.0000e+00, -1.1516e-04, -7.9870e-06], dtype=torch.float16)
multi_rays is empty, x tensor([1.0391, 0.0000, 2.9199], dtype=torch.float16), ray_directions tensor([-1.0000e+00, -5.0068e-06, -1.5421e-03], dtype=torch.float16)
multi_rays is empty, x tensor([2.0977, 4.7578, 0.0000], dtype=torch.float16), ray_directions tensor([-1.0000e+00, -6.1111e-03, -9.2983e-06], dtype=torch.float16)
multi_rays is empty, x tensor([1.3018, 2.8008, 0.0000], dtype=torch.float16), ray_directions tensor([-1.0000e+00, -1.7929e-03, -2.2650e-06], dtype=torch.float16)
multi_rays is empty, x tensor([2.5332, 4.8945, 0.0000], dtype=torch.float16), ray_directions tensor([-1.0000e+00, -4.3297e-03, -7.5698e-06], dtype=torch.float16)
multi_rays is empty, x tensor([2.8789, 0.0000, 0.7144], dtype=torch.float16), ray_directions tensor([-1.0000e+00, -6.8545e-06, -5.5695e-03], dtype=torch.float16)
multi_rays is empty, x tensor([1.2900, 3.8320, 0.0000], dtype=torch.float16), ray_directions tensor([-1.0000e+00, -4.0245e-03, -3.6955e-06], dtype=torch.float16)
multi_rays is empty, x tensor([0.3367, 2.5059, 0.0000], dtype=torch.float16), ray_directions tensor([-1.0000e+00, -5.5075e-04, -8.8215e-06], dtype=torch.float16)
multi_rays is empty, x tensor([0.2111, 0.0000, 1.0166], dtype=torch.float16), ray_directions tensor([-1.0000e+00, -9.8348e-06, -2.8744e-03], dtype=torch.float16)
multi_rays is empty, x tensor([0.2238, 0.0000, 1.0039], dtype=torch.float16), ray_directions tensor([-1.0000e+00, -8.8215e-06, -4.4465e-04], dtype=torch.float16)
multi_rays is empty, x tensor([1.0840, 0.0000, 1.9326], dtype=torch.float16), ray_directions tensor([-1.0000e+00, -2.5034e-06, -9.7809e-03], dtype=torch.float16)
multi_rays is empty, x tensor([2.2031, 0.0000, 2.9551], dtype=torch.float16), ray_directions tensor([-1.0000e+00, -8.4043e-06, -3.2330e-03], dtype=torch.float16)
multi_rays is empty, x tensor([1.3350, -0.0000, 2.0684], dtype=torch.float16), ray_directions tensor([-1.0000e+00, -7.8082e-06, -4.6616e-03], dtype=torch.float16)
multi_rays is empty, x tensor([3.9277, 0.0000, 1.1562], dtype=torch.float16), ray_directions tensor([-1.0000e+00, -4.0531e-06, -3.0136e-04], dtype=torch.float16)
multi_rays is empty, x tensor([3.1914, 4.3828, 0.0000], dtype=torch.float16), ray_directions tensor([-1.0000e+00, -1.1168e-03, -9.1195e-06], dtype=torch.float16)
multi_rays is empty, x tensor([0.6040, 0.0000, 1.1035], dtype=torch.float16), ray_directions tensor([-1.0000e+00, -6.0201e-06, -6.0005e-03], dtype=torch.float16)
multi_rays is empty, x tensor([1.0342, 2.0430, 0.0000], dtype=torch.float16), ray_directions tensor([-1.0000e+00, -3.9043e-03, -6.6161e-06], dtype=torch.float16)
multi_rays is empty, x tensor([3.3242, 0.0000, 1.6348], dtype=torch.float16), ray_directions tensor([-1.0000e+00, -2.6226e-06, -6.1417e-03], dtype=torch.float16)
multi_rays is empty, x tensor([5.0820, 0.0000, 1.2002], dtype=torch.float16), ray_directions tensor([-1.0000e+00, -8.5831e-06, -9.7942e-04], dtype=torch.float16)
multi_rays is empty, x tensor([3.5781, 4.2148, 0.0000], dtype=torch.float16), ray_directions tensor([-1.0000e+00, -3.3550e-03, -7.5698e-06], dtype=torch.float16)
multi_rays is empty, x tensor([7.5117, 0.6704, 0.0000], dtype=torch.float16), ray_directions tensor([-1.0000e+00, -7.7286e-03, -4.4107e-06], dtype=torch.float16)
multi_rays is empty, x tensor([3.8418, 0.0000, 2.9746], dtype=torch.float16), ray_directions tensor([-1.0000e+00, -7.8678e-06, -9.7580e-03], dtype=torch.float16)
multi_rays is empty, x tensor([8.9688, 0.3567, 0.0000], dtype=torch.float16), ray_directions tensor([-1.0000e+00, -1.8330e-03, -4.4107e-06], dtype=torch.float16)
multi_rays is empty, x tensor([0.2268, 0.2534, 0.0000], dtype=torch.float16), ray_directions tensor([-1.0000e+00, -6.1684e-03, -7.5698e-06], dtype=torch.float16)
multi_rays is empty, x tensor([1.0791, 0.1101, 0.0000], dtype=torch.float16), ray_directions tensor([-1.0000e+00, -7.9193e-03, -6.3181e-06], dtype=torch.float16)
multi_rays is empty, x tensor([0.6475, 0.3630, 0.0000], dtype=torch.float16), ray_directions tensor([-1.0000e+00, -2.0580e-03, -1.8477e-06], dtype=torch.float16)
multi_rays is empty, x tensor([0.9077, 0.3423, 0.0000], dtype=torch.float16), ray_directions tensor([-1.0000e+00, -7.7782e-03, -6.1989e-06], dtype=torch.float16)
multi_rays is empty, x tensor([0.9170, 0.9326, 0.0000], dtype=torch.float16), ray_directions tensor([-1.0000e+00, -1.9760e-03, -8.8811e-06], dtype=torch.float16)
multi_rays is empty, x tensor([7.5078, 0.0000, 1.0986], dtype=torch.float16), ray_directions tensor([-1.0000e+00, -7.4506e-06, -1.6963e-04], dtype=torch.float16)
multi_rays is empty, x tensor([6.0742, 0.0000, 1.7305], dtype=torch.float16), ray_directions tensor([-1.0000e+00, -9.9540e-06, -7.9422e-03], dtype=torch.float16)
multi_rays is empty, x tensor([6.0977, 0.8198, 0.0000], dtype=torch.float16), ray_directions tensor([-1.0000e+00, -4.7913e-03, -6.4373e-06], dtype=torch.float16)
multi_rays is empty, x tensor([5.4062, 3.7891, 0.0000], dtype=torch.float16), ray_directions tensor([-1.0000e+00, -5.5351e-03, -9.8348e-06], dtype=torch.float16)
multi_rays is empty, x tensor([2.5801, 0.0000, 1.0088], dtype=torch.float16), ray_directions tensor([-1.0000e+00, -7.8678e-06, -4.3602e-03], dtype=torch.float16)
multi_rays is empty, x tensor([6.7891, 0.9526, 0.0000], dtype=torch.float16), ray_directions tensor([-1.0000e+00, -5.0087e-03, -5.9605e-07], dtype=torch.float16)
multi_rays is empty, x tensor([1.5381, 0.0000, 0.7354], dtype=torch.float16), ray_directions tensor([-1.0000e+00, -4.4703e-06, -1.2074e-03], dtype=torch.float16)
multi_rays is empty, x tensor([6.2773, 0.0748, 0.0000], dtype=torch.float16), ray_directions tensor([-1.0000e+00, -1.7509e-03, -2.5034e-06], dtype=torch.float16)
multi_rays is empty, x tensor([5.3633, 1.3682, 0.0000], dtype=torch.float16), ray_directions tensor([-1.0000e+00, -6.1531e-03, -3.2783e-06], dtype=torch.float16)
multi_rays is empty, x tensor([9.1406, 0.0000, 1.7598], dtype=torch.float16), ray_directions tensor([-1.0000e+00, -6.5565e-06, -4.4289e-03], dtype=torch.float16)
multi_rays is empty, x tensor([4.6836, 1.4551, 0.0000], dtype=torch.float16), ray_directions tensor([-1.0000e+00, -8.4782e-04, -6.1989e-06], dtype=torch.float16)
multi_rays is empty, x tensor([5.8281, 0.0000, 0.3323], dtype=torch.float16), ray_directions tensor([-1.0000e+00, -5.1856e-06, -2.8954e-03], dtype=torch.float16)
multi_rays is empty, x tensor([9.7188, 0.0000, 2.7578], dtype=torch.float16), ray_directions tensor([-1.0000e+00, -3.9935e-06, -6.9284e-04], dtype=torch.float16)
multi_rays is empty, x tensor([8.6953, 0.0000, 1.5479], dtype=torch.float16), ray_directions tensor([-1.0000e+00, -6.9141e-06, -5.8594e-03], dtype=torch.float16)
multi_rays is empty, x tensor([6.4102, 0.0000, 0.8872], dtype=torch.float16), ray_directions tensor([-1.0000e+00, -8.2254e-06, -4.7851e-04], dtype=torch.float16)
multi_rays is empty, x tensor([0.8809, 0.0000, 2.7344], dtype=torch.float16), ray_directions tensor([-1.0000e+00, -9.8348e-06, -3.7365e-03], dtype=torch.float16)
multi_rays is empty, x tensor([2.8086, 0.0000, 1.3320], dtype=torch.float16), ray_directions tensor([-1.0000e+00, -8.1658e-06, -8.8272e-03], dtype=torch.float16)
multi_rays is empty, x tensor([3.7715, 0.0000, 1.1074], dtype=torch.float16), ray_directions tensor([-1.0000e+00, -4.5300e-06, -3.1376e-03], dtype=torch.float16)
multi_rays is empty, x tensor([2.0840, 0.0000, 1.8398], dtype=torch.float16), ray_directions tensor([-1.0000e+00, -8.8215e-06, -8.8959e-03], dtype=torch.float16)
multi_rays is empty, x tensor([0.3572, 0.0000, 1.4570], dtype=torch.float16), ray_directions tensor([-1.0000e+00, -8.8215e-06, -3.2196e-03], dtype=torch.float16)
multi_rays is empty, x tensor([9.1641, 0.0000, 0.0749], dtype=torch.float16), ray_directions tensor([-1.0000e+00, -8.1658e-06, -1.9159e-03], dtype=torch.float16)
multi_rays is empty, x tensor([0.5273, 0.0000, 0.9697], dtype=torch.float16), ray_directions tensor([-1.0000e+00, -9.7156e-06, -3.9940e-03], dtype=torch.float16)
multi_rays is empty, x tensor([1.6113, 0.0000, 1.7441], dtype=torch.float16), ray_directions tensor([-1.0000e+00, -9.6560e-06, -7.0877e-03], dtype=torch.float16)
multi_rays is empty, x tensor([1.6143, 0.0000, 2.8535], dtype=torch.float16), ray_directions tensor([-1.0000e+00, -4.4703e-06, -8.9188e-03], dtype=torch.float16)
multi_rays is empty, x tensor([1.4600, 3.7949, 0.0000], dtype=torch.float16), ray_directions tensor([-1.0000e+00, -8.1711e-03, -7.4506e-06], dtype=torch.float16)
multi_rays is empty, x tensor([2.0820, 0.0000, 2.6309], dtype=torch.float16), ray_directions tensor([-1.0000e+00, -7.2122e-06, -7.0047e-04], dtype=torch.float16)
multi_rays is empty, x tensor([2.5078, 0.0000, 1.9502], dtype=torch.float16), ray_directions tensor([-1.0000e+00, -6.6161e-06, -8.1558e-03], dtype=torch.float16)
multi_rays is empty, x tensor([1.5420, 0.0000, 0.8276], dtype=torch.float16), ray_directions tensor([-1.0000e+00, -4.1127e-06, -6.8932e-03], dtype=torch.float16)
multi_rays is empty, x tensor([1.3408, 0.0000, 1.9883], dtype=torch.float16), ray_directions tensor([-1.0000e+00, -4.6492e-06, -2.1248e-03], dtype=torch.float16)
multi_rays is empty, x tensor([2.5234, 0.0000, 1.7275], dtype=torch.float16), ray_directions tensor([-1.0000e+00, -5.3048e-06, -6.1035e-04], dtype=torch.float16)
multi_rays is empty, x tensor([1.1582, 2.7070, 0.0000], dtype=torch.float16), ray_directions tensor([-1.0000e+00, -3.8395e-03, -8.2850e-06], dtype=torch.float16)
multi_rays is empty, x tensor([2.7285, 1.8086, 0.0000], dtype=torch.float16), ray_directions tensor([-1.0000e+00, -7.4234e-03, -8.2850e-06], dtype=torch.float16)
multi_rays is empty, x tensor([2.6211, 0.0000, 2.7285], dtype=torch.float16), ray_directions tensor([-1.0000e+00, -7.2122e-06, -9.4070e-03], dtype=torch.float16)
multi_rays is empty, x tensor([2.9258, 3.1914, 0.0000], dtype=torch.float16), ray_directions tensor([-1.0000e+00, -2.3689e-03, -9.7156e-06], dtype=torch.float16)
multi_rays is empty, x tensor([1.6172, 3.5645, -0.0000], dtype=torch.float16), ray_directions tensor([-1.0000e+00, -2.6054e-03, -8.8215e-06], dtype=torch.float16)
multi_rays is empty, x tensor([3.1348, 1.8018, 0.0000], dtype=torch.float16), ray_directions tensor([-1.0000e+00, -8.0338e-03, -1.4305e-06], dtype=torch.float16)
multi_rays is empty, x tensor([3.0918, 0.0000, 0.5752], dtype=torch.float16), ray_directions tensor([-1.0000e+00, -9.1195e-06, -6.4125e-03], dtype=torch.float16)
multi_rays is empty, x tensor([0.4739, 0.0000, 0.9585], dtype=torch.float16), ray_directions tensor([-1.0000e+00, -5.6624e-06, -4.6043e-03], dtype=torch.float16)
multi_rays is empty, x tensor([3.7617, 0.0000, 1.6318], dtype=torch.float16), ray_directions tensor([-1.0000e+00, -2.6822e-06, -2.0409e-04], dtype=torch.float16)
multi_rays is empty, x tensor([3.8711, 0.0000, 1.8633], dtype=torch.float16), ray_directions tensor([-1.0000e+00, -8.7023e-06, -4.2725e-03], dtype=torch.float16)
multi_rays is empty, x tensor([2.3926, 0.0000, 1.9336], dtype=torch.float16), ray_directions tensor([-1.0000e+00, -8.2850e-06, -3.5629e-03], dtype=torch.float16)
multi_rays is empty, x tensor([5.1875, 0.2795, 0.0000], dtype=torch.float16), ray_directions tensor([-1.0000e+00, -6.7902e-03, -9.7752e-06], dtype=torch.float16)
multi_rays is empty, x tensor([1.6846, 2.7637, 0.0000], dtype=torch.float16), ray_directions tensor([-1.0000e+00, -5.3825e-03, -1.8477e-06], dtype=torch.float16)
multi_rays is empty, x tensor([0.8813, 1.5869, 0.0000], dtype=torch.float16), ray_directions tensor([-1.0000e+00, -1.1091e-03, -8.4043e-06], dtype=torch.float16)
multi_rays is empty, x tensor([1.9814, 0.5874, 0.0000], dtype=torch.float16), ray_directions tensor([-1.0000e+00, -7.1831e-03, -1.3113e-06], dtype=torch.float16)
multi_rays is empty, x tensor([4.1875, 0.0000, 2.2656], dtype=torch.float16), ray_directions tensor([-1.0000e+00, -9.4175e-06, -6.1111e-03], dtype=torch.float16)
multi_rays is empty, x tensor([1.0811, 0.0000, 1.0977], dtype=torch.float16), ray_directions tensor([-1.0000e+00, -2.7418e-06, -8.2779e-03], dtype=torch.float16)
multi_rays is empty, x tensor([1.0703, 0.3311, 0.0000], dtype=torch.float16), ray_directions tensor([-1.0000e+00, -1.8787e-03, -8.7619e-06], dtype=torch.float16)
multi_rays is empty, x tensor([0.6743, 0.3870, 0.0000], dtype=torch.float16), ray_directions tensor([-1.0000e+00, -2.4567e-03, -5.2452e-06], dtype=torch.float16)
multi_rays is empty, x tensor([8.0938, 1.7080, 0.0000], dtype=torch.float16), ray_directions tensor([-1.0000e+00, -1.3390e-03, -6.1989e-06], dtype=torch.float16)
multi_rays is empty, x tensor([7.2305, 0.2017, 0.0000], dtype=torch.float16), ray_directions tensor([-1.0000e+00, -4.2648e-03, -4.7088e-06], dtype=torch.float16)
multi_rays is empty, x tensor([7.1289, 0.9058, 0.0000], dtype=torch.float16), ray_directions tensor([-1.0000e+00, -6.0768e-03, -5.7220e-06], dtype=torch.float16)
multi_rays is empty, x tensor([0.3525, 0.0000, 0.2878], dtype=torch.float16), ray_directions tensor([-1.0000e+00, -1.3113e-06, -9.3536e-03], dtype=torch.float16)
multi_rays is empty, x tensor([1.5342, 0.0000, 0.6123], dtype=torch.float16), ray_directions tensor([-1.0000e+00, -8.7619e-06, -3.6836e-04], dtype=torch.float16)
multi_rays is empty, x tensor([8.3125, 3.2637, 0.0000], dtype=torch.float16), ray_directions tensor([-1.0000e+00, -2.1954e-03, -2.8014e-06], dtype=torch.float16)
multi_rays is empty, x tensor([7.2773, 0.0000, 0.6626], dtype=torch.float16), ray_directions tensor([-1.0000e+00, -5.2452e-06, -6.8569e-04], dtype=torch.float16)
multi_rays is empty, x tensor([5.4102, 0.3530, 0.0000], dtype=torch.float16), ray_directions tensor([-1.0000e+00, -9.7885e-03, -5.0068e-06], dtype=torch.float16)
multi_rays is empty, x tensor([6.7148, 0.6216, 0.0000], dtype=torch.float16), ray_directions tensor([-1.0000e+00, -3.1471e-05, -9.1791e-06], dtype=torch.float16)
multi_rays is empty, x tensor([5.4688, 0.0000, 1.4883], dtype=torch.float16), ray_directions tensor([-1.0000e+00, -5.7220e-06, -4.4937e-03], dtype=torch.float16)
multi_rays is empty, x tensor([9.3594, 0.0000, 1.4014], dtype=torch.float16), ray_directions tensor([-1.0000e+00, -7.9274e-06, -9.1553e-03], dtype=torch.float16)
multi_rays is empty, x tensor([9.9766, -0.0000, 2.5801], dtype=torch.float16), ray_directions tensor([-1.0000e+00, -8.8811e-06, -5.5161e-03], dtype=torch.float16)
multi_rays is empty, x tensor([1.3340, 0.1542, 0.0000], dtype=torch.float16), ray_directions tensor([-1.0000e+00, -3.6545e-03, -8.7023e-06], dtype=torch.float16)
multi_rays is empty, x tensor([0.8613, 0.0000, 2.9082], dtype=torch.float16), ray_directions tensor([-1.0000e+00, -6.5565e-06, -9.0332e-03], dtype=torch.float16)
multi_rays is empty, x tensor([1.2480, 1.5078, 0.0000], dtype=torch.float16), ray_directions tensor([-1.0000e+00, -2.0046e-03, -1.7881e-06], dtype=torch.float16)
multi_rays is empty, x tensor([1.1846, 0.0000, 0.8965], dtype=torch.float16), ray_directions tensor([-1.0000e+00, -9.7752e-06, -2.7409e-03], dtype=torch.float16)
multi_rays is empty, x tensor([1.9434, 0.0000, 1.4580], dtype=torch.float16), ray_directions tensor([-1.0000e+00, -6.2585e-06, -4.9095e-03], dtype=torch.float16)
multi_rays is empty, x tensor([4.3711, 1.4375, 0.0000], dtype=torch.float16), ray_directions tensor([-1.0000e+00, -1.5135e-03, -3.6359e-06], dtype=torch.float16)
multi_rays is empty, x tensor([8.8438, 2.4219, 0.0000], dtype=torch.float16), ray_directions tensor([-1.0000e+00, -5.0011e-03, -7.0333e-06], dtype=torch.float16)
multi_rays is empty, x tensor([9.7812, 2.9785, 0.0000], dtype=torch.float16), ray_directions tensor([-1.0000e+00, -5.0430e-03, -3.8743e-06], dtype=torch.float16)
multi_rays is empty, x tensor([1.0518, 0.0000, 0.9453], dtype=torch.float16), ray_directions tensor([-1.0000e+00, -8.4043e-06, -7.9956e-03], dtype=torch.float16)
multi_rays is empty, x tensor([5.7422, 0.0000, 1.1973], dtype=torch.float16), ray_directions tensor([-1.0000e+00, -6.5565e-06, -9.5673e-03], dtype=torch.float16)
multi_rays is empty, x tensor([6.1094, 0.0000, 1.3496], dtype=torch.float16), ray_directions tensor([-1.0000e+00, -5.6028e-06, -7.9346e-03], dtype=torch.float16)
multi_rays is empty, x tensor([0.4668, 0.8193, 0.0000], dtype=torch.float16), ray_directions tensor([-1.0000e+00, -1.0490e-03, -7.5698e-06], dtype=torch.float16)
multi_rays is empty, x tensor([7.4648, 1.0205, 0.0000], dtype=torch.float16), ray_directions tensor([-1.0000e+00, -3.3512e-03, -2.0862e-06], dtype=torch.float16)
multi_rays is empty, x tensor([6.5586, 1.4258, 0.0000], dtype=torch.float16), ray_directions tensor([-1.0000e+00, -6.5346e-03, -7.7486e-07], dtype=torch.float16)
multi_rays is empty, x tensor([3.3965, 0.7881, 0.0000], dtype=torch.float16), ray_directions tensor([-1.0000e+00, -4.7264e-03, -1.3709e-06], dtype=torch.float16)
multi_rays is empty, x tensor([0.6157, 0.4888, 0.0000], dtype=torch.float16), ray_directions tensor([-1.0000e+00, -2.4757e-03, -6.4969e-06], dtype=torch.float16)
multi_rays is empty, x tensor([2.9902, 0.2778, 0.0000], dtype=torch.float16), ray_directions tensor([-1.0000e+00, -1.2369e-03, -6.5565e-07], dtype=torch.float16)
multi_rays is empty, x tensor([8.5625, 0.3811, 0.0000], dtype=torch.float16), ray_directions tensor([-1.0000e+00, -6.1302e-03, -5.1260e-06], dtype=torch.float16)
multi_rays is empty, x tensor([2.7363, 0.2781, -0.0000], dtype=torch.float16), ray_directions tensor([-1.0000e+00, -4.9710e-05, -4.2915e-06], dtype=torch.float16)
multi_rays is empty, x tensor([8.1094, 0.0000, 2.3555], dtype=torch.float16), ray_directions tensor([-1.0000e+00, -5.1260e-06, -5.8479e-03], dtype=torch.float16)
multi_rays is empty, x tensor([2.0293, 0.3896, 0.0000], dtype=torch.float16), ray_directions tensor([-1.0000e+00, -3.5644e-05, -8.7023e-06], dtype=torch.float16)
multi_rays is empty, x tensor([5.7852, 0.0000, 0.4209], dtype=torch.float16), ray_directions tensor([-1.0000e+00, -5.8413e-06, -2.8191e-03], dtype=torch.float16)
multi_rays is empty, x tensor([1.8721, 1.1846, -0.0000], dtype=torch.float16), ray_directions tensor([-1.0000e+00, -2.8400e-03, -9.4175e-06], dtype=torch.float16)
multi_rays is empty, x tensor([2.9062, 0.7788, 0.0000], dtype=torch.float16), ray_directions tensor([-1.0000e+00, -7.1983e-03, -6.1989e-06], dtype=torch.float16)
multi_rays is empty, x tensor([2.2031, 0.3708, 0.0000], dtype=torch.float16), ray_directions tensor([-1.0000e+00, -1.1425e-03, -1.4305e-06], dtype=torch.float16)
multi_rays is empty, x tensor([1.9668, 0.0000, 1.3027], dtype=torch.float16), ray_directions tensor([-1.0000e+00, -2.5630e-06, -5.5122e-03], dtype=torch.float16)
multi_rays is empty, x tensor([2.0215, -0.0000, 1.9385], dtype=torch.float16), ray_directions tensor([-1.0000e+00, -8.7023e-06, -2.5864e-03], dtype=torch.float16)
multi_rays is empty, x tensor([3.5801, 0.0000, 2.7598], dtype=torch.float16), ray_directions tensor([-1.0000e+00, -7.7486e-06, -2.7599e-03], dtype=torch.float16)
multi_rays is empty, x tensor([1.4404, 0.0000, 1.6670], dtype=torch.float16), ray_directions tensor([-1.0000e+00, -3.6955e-06, -3.3283e-03], dtype=torch.float16)
multi_rays is empty, x tensor([2.7500, 0.0000, 1.7285], dtype=torch.float16), ray_directions tensor([-1.0000e+00, -6.7949e-06, -4.9744e-03], dtype=torch.float16)
multi_rays is empty, x tensor([2.5469, 0.0000, 0.9248], dtype=torch.float16), ray_directions tensor([-1.0000e+00, -5.8413e-06, -8.7585e-03], dtype=torch.float16)
multi_rays is empty, x tensor([0.8345, 0.0953, -0.0000], dtype=torch.float16), ray_directions tensor([-1.0000e+00, -6.3667e-03, -3.9339e-06], dtype=torch.float16)
multi_rays is empty, x tensor([0.7871, 0.2433, 0.0000], dtype=torch.float16), ray_directions tensor([-1.0000e+00, -2.9774e-03, -6.1989e-06], dtype=torch.float16)
multi_rays is empty, x tensor([5.2031, 0.0000, 1.8691], dtype=torch.float16), ray_directions tensor([-1.0000e+00, -8.3447e-06, -3.3741e-03], dtype=torch.float16)
multi_rays is empty, x tensor([0.7866, 1.2080, 0.0000], dtype=torch.float16), ray_directions tensor([-1.0000e+00, -1.4663e-04, -9.1791e-06], dtype=torch.float16)
multi_rays is empty, x tensor([0.8242, 1.4482, 0.0000], dtype=torch.float16), ray_directions tensor([-1.0000e+00, -9.1553e-03, -9.2983e-06], dtype=torch.float16)
multi_rays is empty, x tensor([1.7061, 0.0000, 0.6934], dtype=torch.float16), ray_directions tensor([-1.0000e+00, -6.2585e-06, -7.9269e-03], dtype=torch.float16)
multi_rays is empty, x tensor([0.8257, 0.6260, 0.0000], dtype=torch.float16), ray_directions tensor([-1.0000e+00, -8.9111e-03, -6.1393e-06], dtype=torch.float16)
multi_rays is empty, x tensor([0.5615, 0.3030, 0.0000], dtype=torch.float16), ray_directions tensor([-1.0000e+00, -2.7390e-03, -9.4771e-06], dtype=torch.float16)
multi_rays is empty, x tensor([0.5430, 0.0000, 0.0137], dtype=torch.float16), ray_directions tensor([-1.0000e+00, -1.1325e-06, -7.1564e-03], dtype=torch.float16)
multi_rays is empty, x tensor([0.5176, 0.1570, 0.0000], dtype=torch.float16), ray_directions tensor([-1.0000e+00, -2.9411e-03, -3.3975e-06], dtype=torch.float16)
multi_rays is empty, x tensor([0.5308, 1.6289, 0.0000], dtype=torch.float16), ray_directions tensor([-1.0000e+00, -6.5002e-03, -8.6427e-06], dtype=torch.float16)
multi_rays is empty, x tensor([0.5532, 0.3542, 0.0000], dtype=torch.float16), ray_directions tensor([-1.0000e+00, -5.4657e-05, -5.4836e-06], dtype=torch.float16)
multi_rays is empty, x tensor([1.3936, 0.0000, 1.3174], dtype=torch.float16), ray_directions tensor([-1.0000e+00, -9.6560e-06, -8.4381e-03], dtype=torch.float16)
multi_rays is empty, x tensor([4.9297, 0.0000, 1.6875], dtype=torch.float16), ray_directions tensor([-1.0000e+00, -8.7023e-06, -6.8626e-03], dtype=torch.float16)
multi_rays is empty, x tensor([1.7109, 0.0000, 1.3848], dtype=torch.float16), ray_directions tensor([-1.0000e+00, -8.6427e-06, -9.7198e-03], dtype=torch.float16)
multi_rays is empty, x tensor([5.8398, 0.0000, 1.7295], dtype=torch.float16), ray_directions tensor([-1.0000e+00, -3.2783e-06, -7.7286e-03], dtype=torch.float16)
multi_rays is empty, x tensor([0.6328, 0.7026, 0.0000], dtype=torch.float16), ray_directions tensor([-1.0000e+00, -3.9787e-03, -2.4438e-06], dtype=torch.float16)
multi_rays is empty, x tensor([1.6758, 0.7588, 0.0000], dtype=torch.float16), ray_directions tensor([-1.0000e+00, -2.6436e-03, -9.0003e-06], dtype=torch.float16)
multi_rays is empty, x tensor([6.4062, 0.5659, 0.0000], dtype=torch.float16), ray_directions tensor([-1.0000e+00, -7.7057e-03, -8.9407e-06], dtype=torch.float16)
multi_rays is empty, x tensor([7.0742, 0.0000, 0.7612], dtype=torch.float16), ray_directions tensor([-1.0000e+00, -9.2387e-06, -5.1165e-04], dtype=torch.float16)
multi_rays is empty, x tensor([5.8438, 0.0000, 1.4033], dtype=torch.float16), ray_directions tensor([-1.0000e+00, -8.4639e-06, -3.7270e-03], dtype=torch.float16)
multi_rays is empty, x tensor([0.8701, 0.0000, 0.8247], dtype=torch.float16), ray_directions tensor([-1.0000e+00, -9.4175e-06, -4.7188e-03], dtype=torch.float16)
multi_rays is empty, x tensor([4.1562, 1.2305, 0.0000], dtype=torch.float16), ray_directions tensor([-1.0000e+00, -7.0381e-03, -3.5167e-06], dtype=torch.float16)
multi_rays is empty, x tensor([2.1172, 0.5107, 0.0000], dtype=torch.float16), ray_directions tensor([-1.0000e+00, -4.6997e-03, -5.9605e-06], dtype=torch.float16)
multi_rays is empty, x tensor([5.6445, 0.0000, 0.3540], dtype=torch.float16), ray_directions tensor([-1.0000e+00, -6.2585e-06, -1.3266e-03], dtype=torch.float16)
multi_rays is empty, x tensor([1.4570, 0.3025, 0.0000], dtype=torch.float16), ray_directions tensor([-1.0000e+00, -2.0866e-03, -6.9141e-06], dtype=torch.float16)
multi_rays is empty, x tensor([6.7305, 0.2394, 0.0000], dtype=torch.float16), ray_directions tensor([-1.0000e+00, -1.3781e-03, -4.1723e-06], dtype=torch.float16)
multi_rays is empty, x tensor([8.5000, 0.5991, 0.0000], dtype=torch.float16), ray_directions tensor([-1.0000e+00, -4.5967e-03, -5.4240e-06], dtype=torch.float16)
multi_rays is empty, x tensor([1.4111, 0.2607, 0.0000], dtype=torch.float16), ray_directions tensor([-1.0000e+00, -4.9095e-03, -1.4901e-06], dtype=torch.float16)
multi_rays is empty, x tensor([2.9395, 0.9077, 0.0000], dtype=torch.float16), ray_directions tensor([-1.0000e+00, -6.5308e-03, -9.7752e-06], dtype=torch.float16)
multi_rays is empty, x tensor([2.9609, 0.2537, 0.0000], dtype=torch.float16), ray_directions tensor([-1.0000e+00, -9.7046e-03, -9.3579e-06], dtype=torch.float16)
multi_rays is empty, x tensor([9.6719, 0.0000, 1.8320], dtype=torch.float16), ray_directions tensor([-1.0000e+00, -4.7088e-06, -8.0261e-03], dtype=torch.float16)
multi_rays is empty, x tensor([1.7090, 0.0000, 0.7407], dtype=torch.float16), ray_directions tensor([-1.0000e+00, -6.6161e-06, -7.2937e-03], dtype=torch.float16)
multi_rays is empty, x tensor([0.7349, 0.0000, 1.1680], dtype=torch.float16), ray_directions tensor([-1.0000e+00, -3.6359e-06, -8.3008e-03], dtype=torch.float16)
multi_rays is empty, x tensor([0.7793, 0.0000, 2.2520], dtype=torch.float16), ray_directions tensor([-1.0000e+00, -3.5167e-06, -5.3215e-03], dtype=torch.float16)
multi_rays is empty, x tensor([1.1201, 0.0000, 1.9404], dtype=torch.float16), ray_directions tensor([-1.0000e+00, -3.8147e-06, -1.0929e-03], dtype=torch.float16)
multi_rays is empty, x tensor([3.2578, 0.0000, 0.5679], dtype=torch.float16), ray_directions tensor([-1.0000e+00, -1.7881e-06, -4.2305e-03], dtype=torch.float16)
multi_rays is empty, x tensor([1.7578, 0.0000, 1.7266], dtype=torch.float16), ray_directions tensor([-1.0000e+00, -2.5034e-06, -6.7635e-03], dtype=torch.float16)
multi_rays is empty, x tensor([1.1318, 3.8184, 0.0000], dtype=torch.float16), ray_directions tensor([-1.0000e+00, -5.4598e-04, -7.0930e-06], dtype=torch.float16)
multi_rays is empty, x tensor([0.8872, -0.0000, 1.4678], dtype=torch.float16), ray_directions tensor([-1.0000e+00, -5.9605e-06, -9.7961e-03], dtype=torch.float16)
multi_rays is empty, x tensor([0.5640, 2.6055, 0.0000], dtype=torch.float16), ray_directions tensor([-1.0000e+00, -8.0795e-03, -6.5565e-06], dtype=torch.float16)
multi_rays is empty, x tensor([2.1445, 0.0000, 2.7070], dtype=torch.float16), ray_directions tensor([-1.0000e+00, -4.8876e-06, -2.5082e-03], dtype=torch.float16)
multi_rays is empty, x tensor([1.3027, 3.5078, 0.0000], dtype=torch.float16), ray_directions tensor([-1.0000e+00, -2.9907e-03, -3.1590e-06], dtype=torch.float16)
multi_rays is empty, x tensor([4.1055, 0.0000, 0.6323], dtype=torch.float16), ray_directions tensor([-1.0000e+00, -5.3048e-06, -1.2379e-03], dtype=torch.float16)
multi_rays is empty, x tensor([3.1504, 4.6523, 0.0000], dtype=torch.float16), ray_directions tensor([-1.0000e+00, -5.4359e-03, -6.7949e-06], dtype=torch.float16)
multi_rays is empty, x tensor([5.4922, 0.5918, 0.0000], dtype=torch.float16), ray_directions tensor([-1.0000e+00, -4.8943e-03, -5.2452e-06], dtype=torch.float16)
multi_rays is empty, x tensor([1.4590, 0.0000, 1.7803], dtype=torch.float16), ray_directions tensor([-1.0000e+00, -4.5896e-06, -2.9736e-03], dtype=torch.float16)
multi_rays is empty, x tensor([1.7637, 3.6387, -0.0000], dtype=torch.float16), ray_directions tensor([-1.0000e+00, -9.2697e-03, -2.8014e-06], dtype=torch.float16)
multi_rays is empty, x tensor([3.0488, 0.0000, 1.8887], dtype=torch.float16), ray_directions tensor([-1.0000e+00, -9.9540e-06, -5.4932e-03], dtype=torch.float16)
multi_rays is empty, x tensor([1.2363, 0.0000, 1.2900], dtype=torch.float16), ray_directions tensor([-1.0000e+00, -7.9274e-06, -3.4065e-03], dtype=torch.float16)
multi_rays is empty, x tensor([3.5918, 4.1406, 0.0000], dtype=torch.float16), ray_directions tensor([-1.0000e+00, -7.5645e-03, -5.7220e-06], dtype=torch.float16)
multi_rays is empty, x tensor([0.9375, 0.0000, 0.8887], dtype=torch.float16), ray_directions tensor([-1.0000e+00, -1.6093e-06, -1.8942e-04], dtype=torch.float16)
multi_rays is empty, x tensor([5.4023, 0.0000, 1.4854], dtype=torch.float16), ray_directions tensor([-1.0000e+00, -4.2915e-06, -9.7656e-04], dtype=torch.float16)
multi_rays is empty, x tensor([1.4170, 0.0000, 0.9106], dtype=torch.float16), ray_directions tensor([-1.0000e+00, -3.0398e-06, -4.1580e-03], dtype=torch.float16)
multi_rays is empty, x tensor([1.1914, 0.2135, 0.0000], dtype=torch.float16), ray_directions tensor([-1.0000e+00, -4.4556e-03, -1.1325e-06], dtype=torch.float16)
multi_rays is empty, x tensor([0.4441, 0.0000, 0.0498], dtype=torch.float16), ray_directions tensor([-1.0000e+00, -7.1526e-07, -4.7035e-03], dtype=torch.float16)
multi_rays is empty, x tensor([1.0820, 0.2072, 0.0000], dtype=torch.float16), ray_directions tensor([-1.0000e+00, -6.5002e-03, -9.1195e-06], dtype=torch.float16)
multi_rays is empty, x tensor([5.5898, 0.0000, 1.7295], dtype=torch.float16), ray_directions tensor([-1.0000e+00, -5.4240e-06, -6.4125e-03], dtype=torch.float16)
multi_rays is empty, x tensor([0.7676, 0.2494, 0.0000], dtype=torch.float16), ray_directions tensor([-1.0000e+00, -3.3054e-03, -7.3910e-06], dtype=torch.float16)
multi_rays is empty, x tensor([0.9268, 0.8877, 0.0000], dtype=torch.float16), ray_directions tensor([-1.0000e+00, -6.9199e-03, -5.8413e-06], dtype=torch.float16)
multi_rays is empty, x tensor([1.9180, 0.0000, 0.9946], dtype=torch.float16), ray_directions tensor([-1.0000e+00, -3.0398e-06, -7.8735e-03], dtype=torch.float16)
multi_rays is empty, x tensor([5.0586, 0.0000, 1.9082], dtype=torch.float16), ray_directions tensor([-1.0000e+00, -7.5102e-06, -2.2469e-03], dtype=torch.float16)
multi_rays is empty, x tensor([8.9219, 0.0000, 0.4929], dtype=torch.float16), ray_directions tensor([-1.0000e+00, -6.4373e-06, -3.2272e-03], dtype=torch.float16)
multi_rays is empty, x tensor([5.4531, -0.0000, 2.1836], dtype=torch.float16), ray_directions tensor([-1.0000e+00, -9.3579e-06, -1.1845e-03], dtype=torch.float16)
multi_rays is empty, x tensor([8.2344, 0.0000, 0.3828], dtype=torch.float16), ray_directions tensor([-1.0000e+00, -9.7156e-06, -6.9141e-04], dtype=torch.float16)
multi_rays is empty, x tensor([5.3398, 2.2754, 0.0000], dtype=torch.float16), ray_directions tensor([-1.0000e+00, -7.7782e-03, -6.0201e-06], dtype=torch.float16)
multi_rays is empty, x tensor([8.7969, 0.0000, 1.6768], dtype=torch.float16), ray_directions tensor([-1.0000e+00, -7.1526e-06, -6.2332e-03], dtype=torch.float16)
multi_rays is empty, x tensor([4.5859, 1.7441, 0.0000], dtype=torch.float16), ray_directions tensor([-1.0000e+00, -9.4986e-03, -9.2387e-06], dtype=torch.float16)
multi_rays is empty, x tensor([8.4297, 0.0000, 1.8311], dtype=torch.float16), ray_directions tensor([-1.0000e+00, -5.4836e-06, -8.1253e-04], dtype=torch.float16)
multi_rays is empty, x tensor([6.6562, 0.0000, 0.6270], dtype=torch.float16), ray_directions tensor([-1.0000e+00, -5.0068e-06, -5.6381e-03], dtype=torch.float16)
multi_rays is empty, x tensor([8.9219, 0.0000, 1.8818], dtype=torch.float16), ray_directions tensor([-1.0000e+00, -7.2718e-06, -3.8776e-03], dtype=torch.float16)
multi_rays is empty, x tensor([9.2969, 0.0000, 1.8408], dtype=torch.float16), ray_directions tensor([-1.0000e+00, -7.5102e-06, -3.7460e-03], dtype=torch.float16)
multi_rays is empty, x tensor([4.0273, 0.9834, 0.0000], dtype=torch.float16), ray_directions tensor([-1.0000e+00, -2.8667e-03, -3.5763e-06], dtype=torch.float16)
multi_rays is empty, x tensor([9.8125, 0.0000, 1.9189], dtype=torch.float16), ray_directions tensor([-1.0000e+00, -7.4506e-06, -6.4850e-03], dtype=torch.float16)
multi_rays is empty, x tensor([4.3086, 5.0078, 1.9199], dtype=torch.float16), ray_directions tensor([-0.6099,  0.1725, -0.7734], dtype=torch.float16)
multi_rays is empty, x tensor([4.3086, 5.0039, 1.9189], dtype=torch.float16), ray_directions tensor([-0.6099,  0.1725, -0.7734], dtype=torch.float16)
multi_rays is empty, x tensor([4.3047, 5.0039, 1.9180], dtype=torch.float16), ray_directions tensor([-0.6099,  0.1725, -0.7734], dtype=torch.float16)
multi_rays is empty, x tensor([4.3047, 5.0039, 1.9170], dtype=torch.float16), ray_directions tensor([-0.6099,  0.1725, -0.7734], dtype=torch.float16)
multi_rays is empty, x tensor([4.3047, 5.0039, 1.9160], dtype=torch.float16), ray_directions tensor([-0.6099,  0.1725, -0.7734], dtype=torch.float16)
multi_rays is empty, x tensor([4.3086, 5.0078, 1.5498], dtype=torch.float16), ray_directions tensor([-0.4817,  0.1362, -0.8657], dtype=torch.float16)
multi_rays is empty, x tensor([4.3086, 5.0039, 1.5488], dtype=torch.float16), ray_directions tensor([-0.4817,  0.1362, -0.8657], dtype=torch.float16)
multi_rays is empty, x tensor([4.3047, 5.0039, 1.5479], dtype=torch.float16), ray_directions tensor([-0.4817,  0.1362, -0.8657], dtype=torch.float16)
multi_rays is empty, x tensor([4.3047, 5.0039, 1.5469], dtype=torch.float16), ray_directions tensor([-0.4817,  0.1362, -0.8657], dtype=torch.float16)
multi_rays is empty, x tensor([4.3047, 5.0039, 1.5459], dtype=torch.float16), ray_directions tensor([-0.4817,  0.1362, -0.8657], dtype=torch.float16)
multi_rays is empty, x tensor([1.6729, 0.0000, 1.7695], dtype=torch.float16), ray_directions tensor([-1.0000e+00, -5.8413e-06, -8.5983e-03], dtype=torch.float16)
multi_rays is empty, x tensor([0.9839, 0.0000, 1.5283], dtype=torch.float16), ray_directions tensor([-1.0000e+00, -4.4107e-06, -5.1727e-03], dtype=torch.float16)
multi_rays is empty, x tensor([2.3164, 0.0000, 1.3330], dtype=torch.float16), ray_directions tensor([-1.0000e+00, -1.4305e-06, -5.7640e-03], dtype=torch.float16)
multi_rays is empty, x tensor([1.3936, 3.8398, 0.0000], dtype=torch.float16), ray_directions tensor([-1.0000e+00, -5.2414e-03, -7.2718e-06], dtype=torch.float16)
multi_rays is empty, x tensor([2.2148, 0.0000, 0.9331], dtype=torch.float16), ray_directions tensor([-1.0000e+00, -7.0930e-06, -3.7861e-04], dtype=torch.float16)
multi_rays is empty, x tensor([2.3730, 0.0000, 0.3950], dtype=torch.float16), ray_directions tensor([-1.0000e+00, -3.4571e-06, -4.3221e-03], dtype=torch.float16)
multi_rays is empty, x tensor([2.3398, 2.1504, 0.0000], dtype=torch.float16), ray_directions tensor([-1.0000e+00, -5.4703e-03, -8.3447e-06], dtype=torch.float16)
multi_rays is empty, x tensor([0.7954, 0.6245, 0.0000], dtype=torch.float16), ray_directions tensor([-1.0000e+00, -1.8682e-03, -4.6492e-06], dtype=torch.float16)
multi_rays is empty, x tensor([7.5898, 3.5664, 0.0000], dtype=torch.float16), ray_directions tensor([-1.0000e+00, -5.3749e-03, -2.2650e-06], dtype=torch.float16)
multi_rays is empty, x tensor([0.1497, 0.4382, 0.0000], dtype=torch.float16), ray_directions tensor([-1.0000e+00, -9.1629e-03, -6.7949e-06], dtype=torch.float16)
multi_rays is empty, x tensor([0.4504, 0.6206, 0.0000], dtype=torch.float16), ray_directions tensor([-1.0000e+00, -3.5896e-03, -4.4703e-06], dtype=torch.float16)
multi_rays is empty, x tensor([0.4182, 0.8394, 0.0000], dtype=torch.float16), ray_directions tensor([-1.0000e+00, -5.2376e-03, -4.5300e-06], dtype=torch.float16)
multi_rays is empty, x tensor([6.0273, 0.0000, 1.6758], dtype=torch.float16), ray_directions tensor([-1.0000e+00, -5.7220e-06, -6.0272e-03], dtype=torch.float16)
multi_rays is empty, x tensor([0.0737, 0.3298, -0.0000], dtype=torch.float16), ray_directions tensor([-1.0000e+00, -6.0234e-03, -8.1062e-06], dtype=torch.float16)
multi_rays is empty, x tensor([4.7617, 1.2783, 0.0000], dtype=torch.float16), ray_directions tensor([-1.0000e+00, -3.2024e-03, -6.3181e-06], dtype=torch.float16)
multi_rays is empty, x tensor([1.9434, 0.4902, -0.0000], dtype=torch.float16), ray_directions tensor([-1.0000e+00, -5.5313e-03, -2.5034e-06], dtype=torch.float16)
multi_rays is empty, x tensor([1.7529, 0.4265, 0.0000], dtype=torch.float16), ray_directions tensor([-1.0000e+00, -5.9204e-03, -2.6822e-06], dtype=torch.float16)
multi_rays is empty, x tensor([7.8672, 0.0000, 1.8750], dtype=torch.float16), ray_directions tensor([-1.0000e+00, -5.1260e-06, -3.5584e-05], dtype=torch.float16)
multi_rays is empty, x tensor([4.4062, 1.7949, 0.0000], dtype=torch.float16), ray_directions tensor([-1.0000e+00, -1.7290e-03, -2.2054e-06], dtype=torch.float16)
multi_rays is empty, x tensor([8.2266, 3.7441, 0.0000], dtype=torch.float16), ray_directions tensor([-1.0000e+00, -1.7881e-03, -9.7752e-06], dtype=torch.float16)
multi_rays is empty, x tensor([8.9922, 0.0000, 1.6826], dtype=torch.float16), ray_directions tensor([-1.0000e+00, -3.3379e-06, -1.8911e-03], dtype=torch.float16)
multi_rays is empty, x tensor([8.3750, 0.0000, 0.7573], dtype=torch.float16), ray_directions tensor([-1.0000e+00, -3.4571e-06, -8.3313e-03], dtype=torch.float16)
multi_rays is empty, x tensor([0.3127, 1.4697, 0.0000], dtype=torch.float16), ray_directions tensor([-1.0000e+00, -5.8022e-03, -4.7088e-06], dtype=torch.float16)
multi_rays is empty, x tensor([5.2969, 0.0000, 1.7139], dtype=torch.float16), ray_directions tensor([-1.0000e+00, -6.4969e-06, -5.3444e-03], dtype=torch.float16)
multi_rays is empty, x tensor([0.7627, 0.0000, 0.3171], dtype=torch.float16), ray_directions tensor([-1.0000e+00, -1.5497e-06, -4.8981e-03], dtype=torch.float16)
multi_rays is empty, x tensor([4.1719, 0.9087, 0.0000], dtype=torch.float16), ray_directions tensor([-1.0000e+00, -7.6675e-03, -7.9870e-06], dtype=torch.float16)
multi_rays is empty, x tensor([3.0312, 0.7407, 0.0000], dtype=torch.float16), ray_directions tensor([-1.0000e+00, -1.4629e-03, -7.0930e-06], dtype=torch.float16)
multi_rays is empty, x tensor([3.3633, 0.5024, 0.0000], dtype=torch.float16), ray_directions tensor([-1.0000e+00, -1.0557e-03, -9.9540e-06], dtype=torch.float16)
multi_rays is empty, x tensor([5.6484, 0.0000, 0.5903], dtype=torch.float16), ray_directions tensor([-1.0000e+00, -3.8743e-06, -8.2672e-05], dtype=torch.float16)
multi_rays is empty, x tensor([1.4277, 3.1035, 0.0000], dtype=torch.float16), ray_directions tensor([-1.0000e+00, -4.1580e-03, -3.9935e-06], dtype=torch.float16)
multi_rays is empty, x tensor([0.8945, 0.0000, 1.9111], dtype=torch.float16), ray_directions tensor([-1.0000e+00, -4.4107e-06, -9.7198e-03], dtype=torch.float16)
multi_rays is empty, x tensor([9.3281, 0.0000, 1.0098], dtype=torch.float16), ray_directions tensor([-1.0000e+00, -7.6890e-06, -1.1539e-03], dtype=torch.float16)
multi_rays is empty, x tensor([0.9106, 0.7300, 0.0000], dtype=torch.float16), ray_directions tensor([-1.0000e+00, -4.1504e-03, -8.8811e-06], dtype=torch.float16)
multi_rays is empty, x tensor([3.9023, 0.0000, 1.7529], dtype=torch.float16), ray_directions tensor([-1.0000e+00, -7.1526e-06, -2.8858e-03], dtype=torch.float16)
multi_rays is empty, x tensor([0.0273, 0.0000, 0.1813], dtype=torch.float16), ray_directions tensor([-1.0000e+00, -8.2850e-06, -1.2398e-03], dtype=torch.float16)
multi_rays is empty, x tensor([1.7695, -0.0000, 1.4492], dtype=torch.float16), ray_directions tensor([-1.0000e+00, -4.1723e-06, -7.9269e-03], dtype=torch.float16)
multi_rays is empty, x tensor([1.1201, 1.2725, 0.0000], dtype=torch.float16), ray_directions tensor([-1.0000e+00, -2.5158e-03, -8.1062e-06], dtype=torch.float16)
multi_rays is empty, x tensor([1.2295, 1.8271, 0.0000], dtype=torch.float16), ray_directions tensor([-1.0000e+00, -2.8181e-04, -2.0862e-06], dtype=torch.float16)
multi_rays is empty, x tensor([5.0703, 0.0000, 1.6006], dtype=torch.float16), ray_directions tensor([-1.0000e+00, -9.1195e-06, -1.3895e-03], dtype=torch.float16)
multi_rays is empty, x tensor([5.9414, 0.0000, 1.7402], dtype=torch.float16), ray_directions tensor([-1.0000e+00, -7.2718e-06, -6.2141e-03], dtype=torch.float16)
multi_rays is empty, x tensor([6.2383, 0.0000, 1.5938], dtype=torch.float16), ray_directions tensor([-1.0000e+00, -8.5831e-06, -4.4022e-03], dtype=torch.float16)
multi_rays is empty, x tensor([6.0820, 0.0000, 2.6621], dtype=torch.float16), ray_directions tensor([-1.0000e+00, -6.4969e-06, -6.5498e-03], dtype=torch.float16)
multi_rays is empty, x tensor([5.6953, 0.0000, 1.4160], dtype=torch.float16), ray_directions tensor([-1.0000e+00, -8.3447e-06, -2.9335e-03], dtype=torch.float16)
multi_rays is empty, x tensor([8.0625, 2.8066, 0.0000], dtype=torch.float16), ray_directions tensor([-1.0000e+00, -5.2261e-03, -4.6492e-06], dtype=torch.float16)
multi_rays is empty, x tensor([8.2578, 0.0000, 1.8516], dtype=torch.float16), ray_directions tensor([-1.0000e+00, -9.6560e-06, -3.6049e-03], dtype=torch.float16)
multi_rays is empty, x tensor([4.6758, 1.6211, 0.0000], dtype=torch.float16), ray_directions tensor([-1.0000e+00, -2.4872e-03, -4.7088e-06], dtype=torch.float16)
multi_rays is empty, x tensor([2.6699, 0.5166, 0.0000], dtype=torch.float16), ray_directions tensor([-1.0000e+00, -6.8626e-03, -6.5565e-06], dtype=torch.float16)
multi_rays is empty, x tensor([8.9766, 0.0000, 1.5840], dtype=torch.float16), ray_directions tensor([-1.0000e+00, -7.0930e-06, -9.7885e-03], dtype=torch.float16)
multi_rays is empty, x tensor([9.0156, 3.0273, 0.0000], dtype=torch.float16), ray_directions tensor([-1.0000e+00, -9.1324e-03, -9.5367e-06], dtype=torch.float16)
multi_rays is empty, x tensor([2.6465, 0.4014, 0.0000], dtype=torch.float16), ray_directions tensor([-1.0000e+00, -4.3154e-05, -9.1195e-06], dtype=torch.float16)
multi_rays is empty, x tensor([8.7578, -0.0000, 1.5137], dtype=torch.float16), ray_directions tensor([-1.0000e+00, -6.4373e-06, -2.3878e-04], dtype=torch.float16)
multi_rays is empty, x tensor([9.5625, 0.0000, 2.8477], dtype=torch.float16), ray_directions tensor([-1.0000e+00, -3.6955e-06, -5.4474e-03], dtype=torch.float16)
multi_rays is empty, x tensor([9.2812, 0.0000, 1.5703], dtype=torch.float16), ray_directions tensor([-1.0000e+00, -3.5763e-06, -8.6288e-03], dtype=torch.float16)
multi_rays is empty, x tensor([9.4453, 0.0000, 1.3721], dtype=torch.float16), ray_directions tensor([-1.0000e+00, -8.3447e-06, -6.2704e-04], dtype=torch.float16)
multi_rays is empty, x tensor([9.7734, 0.0000, 1.8682], dtype=torch.float16), ray_directions tensor([-1.0000e+00, -4.8876e-06, -4.4560e-04], dtype=torch.float16)
Finished concurrent execution of tasks.
Ending time: Thu May 30 12:49:03 CEST 2024
